FUSE library version: 2.9.9
nullpath_ok: 0
nopath: 0
utime_omit_ok: 0
unique: 2, opcode: INIT (26), nodeid: 0, insize: 56, pid: 0
INIT: 7.34
flags=0x33fffffb
max_readahead=0x00020000
   INIT: 7.19
   flags=0x00000011
   max_readahead=0x00020000
   max_write=0x00001000
   max_background=0
   congestion_threshold=0
   unique: 2, success, outsize: 40
unique: 4, opcode: GETATTR (3), nodeid: 1, insize: 56, pid: 53673
getattr /
   unique: 4, success, outsize: 120
unique: 6, opcode: ACCESS (34), nodeid: 1, insize: 48, pid: 53228
   unique: 6, error: -38 (Function not implemented), outsize: 16
unique: 8, opcode: LOOKUP (1), nodeid: 1, insize: 55, pid: 53675
LOOKUP /shake-long.txt
getattr /shake-long.txt
   NODEID: 2
   unique: 8, success, outsize: 144
unique: 10, opcode: OPEN (14), nodeid: 2, insize: 48, pid: 53675
   unique: 10, success, outsize: 32
unique: 12, opcode: IOCTL (39), nodeid: 2, insize: 72, pid: 53675
   unique: 12, success, outsize: 32
unique: 14, opcode: IOCTL (39), nodeid: 2, insize: 72, pid: 53675
   unique: 14, success, outsize: 32
unique: 16, opcode: READ (15), nodeid: 2, insize: 80, pid: 53675
read[0] 4096 bytes from 20480 flags: 0x8000
   unique: 16, error: -38 (Function not implemented), outsize: 16
unique: 18, opcode: READ (15), nodeid: 2, insize: 80, pid: 53675
read[0] 4096 bytes from 24576 flags: 0x8000
   unique: 18, error: -38 (Function not implemented), outsize: 16
unique: 20, opcode: READ (15), nodeid: 2, insize: 80, pid: 53675
read[0] 4096 bytes from 28672 flags: 0x8000
   unique: 20, error: -38 (Function not implemented), outsize: 16
unique: 22, opcode: READ (15), nodeid: 2, insize: 80, pid: 53675
read[0] 4096 bytes from 20480 flags: 0x8000
   unique: 22, error: -38 (Function not implemented), outsize: 16
unique: 24, opcode: FLUSH (25), nodeid: 2, insize: 64, pid: 53675
   unique: 24, error: -38 (Function not implemented), outsize: 16
unique: 26, opcode: RELEASE (18), nodeid: 2, insize: 64, pid: 0
   unique: 26, success, outsize: 16
FUSE library version: 2.9.9
nullpath_ok: 0
nopath: 0
utime_omit_ok: 0
unique: 2, opcode: INIT (26), nodeid: 0, insize: 56, pid: 0
INIT: 7.34
flags=0x33fffffb
max_readahead=0x00020000
   INIT: 7.19
   flags=0x00000011
   max_readahead=0x00020000
   max_write=0x00001000
   max_background=0
   congestion_threshold=0
   unique: 2, success, outsize: 40
unique: 4, opcode: GETATTR (3), nodeid: 1, insize: 56, pid: 43030
getattr /
   unique: 4, success, outsize: 120
unique: 6, opcode: ACCESS (34), nodeid: 1, insize: 48, pid: 42762
   unique: 6, error: -38 (Function not implemented), outsize: 16
unique: 8, opcode: LOOKUP (1), nodeid: 1, insize: 55, pid: 43032
LOOKUP /shake-long.txt
getattr /shake-long.txt
   NODEID: 2
   unique: 8, success, outsize: 144
unique: 10, opcode: OPEN (14), nodeid: 2, insize: 48, pid: 43032
   unique: 10, success, outsize: 32
unique: 12, opcode: IOCTL (39), nodeid: 2, insize: 72, pid: 43032
   unique: 12, success, outsize: 32
unique: 14, opcode: IOCTL (39), nodeid: 2, insize: 72, pid: 43032
   unique: 14, success, outsize: 32
unique: 16, opcode: READ (15), nodeid: 2, insize: 80, pid: 43032
read[0] 4096 bytes from 20480 flags: 0x8000
   unique: 16, error: -38 (Function not implemented), outsize: 16
unique: 18, opcode: READ (15), nodeid: 2, insize: 80, pid: 43032
read[0] 4096 bytes from 24576 flags: 0x8000
   unique: 18, error: -38 (Function not implemented), outsize: 16
unique: 20, opcode: READ (15), nodeid: 2, insize: 80, pid: 43032
read[0] 4096 bytes from 28672 flags: 0x8000
   unique: 20, error: -38 (Function not implemented), outsize: 16
unique: 22, opcode: READ (15), nodeid: 2, insize: 80, pid: 43032
read[0] 4096 bytes from 20480 flags: 0x8000
   unique: 22, error: -38 (Function not implemented), outsize: 16
unique: 24, opcode: FLUSH (25), nodeid: 2, insize: 64, pid: 43032
   unique: 24, error: -38 (Function not implemented), outsize: 16
unique: 26, opcode: RELEASE (18), nodeid: 2, insize: 64, pid: 0
   unique: 26, success, outsize: 16
FUSE library version: 2.9.9
nullpath_ok: 0
nopath: 0
utime_omit_ok: 0
unique: 2, opcode: INIT (26), nodeid: 0, insize: 56, pid: 0
INIT: 7.34
flags=0x33fffffb
max_readahead=0x00020000
   INIT: 7.19
   flags=0x00000011
   max_readahead=0x00020000
   max_write=0x00001000
   max_background=0
   congestion_threshold=0
   unique: 2, success, outsize: 40
unique: 4, opcode: GETATTR (3), nodeid: 1, insize: 56, pid: 6102
getattr /
   unique: 4, success, outsize: 120
unique: 6, opcode: ACCESS (34), nodeid: 1, insize: 48, pid: 5601
   unique: 6, error: -38 (Function not implemented), outsize: 16
unique: 8, opcode: LOOKUP (1), nodeid: 1, insize: 55, pid: 6104
LOOKUP /shake-long.txt
getattr /shake-long.txt
   NODEID: 2
   unique: 8, success, outsize: 144
unique: 10, opcode: OPEN (14), nodeid: 2, insize: 48, pid: 6104
   unique: 10, success, outsize: 32
unique: 12, opcode: IOCTL (39), nodeid: 2, insize: 72, pid: 6104
   unique: 12, success, outsize: 32
unique: 14, opcode: IOCTL (39), nodeid: 2, insize: 72, pid: 6104
   unique: 14, success, outsize: 32
unique: 16, opcode: READ (15), nodeid: 2, insize: 80, pid: 6104
read[0] 4096 bytes from 20480 flags: 0x8000
   unique: 16, error: -38 (Function not implemented), outsize: 16
unique: 18, opcode: READ (15), nodeid: 2, insize: 80, pid: 6104
read[0] 4096 bytes from 24576 flags: 0x8000
   unique: 18, error: -38 (Function not implemented), outsize: 16
unique: 20, opcode: READ (15), nodeid: 2, insize: 80, pid: 6104
read[0] 4096 bytes from 28672 flags: 0x8000
   unique: 20, error: -38 (Function not implemented), outsize: 16
unique: 22, opcode: READ (15), nodeid: 2, insize: 80, pid: 6104
read[0] 4096 bytes from 20480 flags: 0x8000
   unique: 22, error: -38 (Function not implemented), outsize: 16
unique: 24, opcode: FLUSH (25), nodeid: 2, insize: 64, pid: 6104
   unique: 24, error: -38 (Function not implemented), outsize: 16
unique: 26, opcode: RELEASE (18), nodeid: 2, insize: 64, pid: 0
   unique: 26, success, outsize: 16
FUSE library version: 2.9.9
nullpath_ok: 0
nopath: 0
utime_omit_ok: 0
unique: 2, opcode: INIT (26), nodeid: 0, insize: 56, pid: 0
INIT: 7.34
flags=0x33fffffb
max_readahead=0x00020000
   INIT: 7.19
   flags=0x00000011
   max_readahead=0x00020000
   max_write=0x00001000
   max_background=0
   congestion_threshold=0
   unique: 2, success, outsize: 40
unique: 4, opcode: GETATTR (3), nodeid: 1, insize: 56, pid: 33997
getattr /
   unique: 4, success, outsize: 120
unique: 6, opcode: ACCESS (34), nodeid: 1, insize: 48, pid: 33556
   unique: 6, error: -38 (Function not implemented), outsize: 16
unique: 8, opcode: LOOKUP (1), nodeid: 1, insize: 55, pid: 33999
LOOKUP /shake-long.txt
getattr /shake-long.txt
   NODEID: 2
   unique: 8, success, outsize: 144
unique: 10, opcode: OPEN (14), nodeid: 2, insize: 48, pid: 33999
   unique: 10, success, outsize: 32
unique: 12, opcode: IOCTL (39), nodeid: 2, insize: 72, pid: 33999
   unique: 12, success, outsize: 32
unique: 14, opcode: IOCTL (39), nodeid: 2, insize: 72, pid: 33999
   unique: 14, success, outsize: 32
unique: 16, opcode: READ (15), nodeid: 2, insize: 80, pid: 33999
read[0] 4096 bytes from 20480 flags: 0x8000
   unique: 16, error: -38 (Function not implemented), outsize: 16
unique: 18, opcode: READ (15), nodeid: 2, insize: 80, pid: 33999
read[0] 4096 bytes from 24576 flags: 0x8000
   unique: 18, error: -38 (Function not implemented), outsize: 16
unique: 20, opcode: READ (15), nodeid: 2, insize: 80, pid: 33999
read[0] 4096 bytes from 28672 flags: 0x8000
   unique: 20, error: -38 (Function not implemented), outsize: 16
unique: 22, opcode: READ (15), nodeid: 2, insize: 80, pid: 33999
read[0] 4096 bytes from 20480 flags: 0x8000
   unique: 22, error: -38 (Function not implemented), outsize: 16
unique: 24, opcode: FLUSH (25), nodeid: 2, insize: 64, pid: 33999
   unique: 24, error: -38 (Function not implemented), outsize: 16
unique: 26, opcode: RELEASE (18), nodeid: 2, insize: 64, pid: 0
   unique: 26, success, outsize: 16
FUSE library version: 2.9.9
nullpath_ok: 0
nopath: 0
utime_omit_ok: 0
unique: 2, opcode: INIT (26), nodeid: 0, insize: 56, pid: 0
INIT: 7.34
flags=0x33fffffb
max_readahead=0x00020000
   INIT: 7.19
   flags=0x00000011
   max_readahead=0x00020000
   max_write=0x00001000
   max_background=0
   congestion_threshold=0
   unique: 2, success, outsize: 40
unique: 4, opcode: GETATTR (3), nodeid: 1, insize: 56, pid: 25857
getattr /
   unique: 4, success, outsize: 120
unique: 6, opcode: ACCESS (34), nodeid: 1, insize: 48, pid: 25620
   unique: 6, error: -38 (Function not implemented), outsize: 16
unique: 8, opcode: LOOKUP (1), nodeid: 1, insize: 55, pid: 25859
LOOKUP /shake-long.txt
getattr /shake-long.txt
   NODEID: 2
   unique: 8, success, outsize: 144
unique: 10, opcode: OPEN (14), nodeid: 2, insize: 48, pid: 25859
   unique: 10, success, outsize: 32
unique: 12, opcode: IOCTL (39), nodeid: 2, insize: 72, pid: 25859
   unique: 12, success, outsize: 32
unique: 14, opcode: IOCTL (39), nodeid: 2, insize: 72, pid: 25859
   unique: 14, success, outsize: 32
unique: 16, opcode: READ (15), nodeid: 2, insize: 80, pid: 25859
read[0] 4096 bytes from 20480 flags: 0x8000
   read[0] 4096 bytes from 20480
   unique: 16, success, outsize: 4112
unique: 18, opcode: READ (15), nodeid: 2, insize: 80, pid: 25859
read[0] 4096 bytes from 24576 flags: 0x8000
   read[0] 4096 bytes from 24576
   unique: 18, success, outsize: 4112
unique: 20, opcode: READ (15), nodeid: 2, insize: 80, pid: 25859
read[0] 4096 bytes from 28672 flags: 0x8000
   read[0] 4096 bytes from 28672
   unique: 20, success, outsize: 4112
unique: 22, opcode: FLUSH (25), nodeid: 2, insize: 64, pid: 25859
   unique: 22, error: -38 (Function not implemented), outsize: 16
unique: 24, opcode: RELEASE (18), nodeid: 2, insize: 64, pid: 0
   unique: 24, success, outsize: 16
FUSE library version: 2.9.9
nullpath_ok: 0
nopath: 0
utime_omit_ok: 0
unique: 2, opcode: INIT (26), nodeid: 0, insize: 56, pid: 0
INIT: 7.34
flags=0x33fffffb
max_readahead=0x00020000
   INIT: 7.19
   flags=0x00000011
   max_readahead=0x00020000
   max_write=0x00001000
   max_background=0
   congestion_threshold=0
   unique: 2, success, outsize: 40
unique: 4, opcode: GETATTR (3), nodeid: 1, insize: 56, pid: 2162
getattr /
   unique: 4, success, outsize: 120
unique: 6, opcode: ACCESS (34), nodeid: 1, insize: 48, pid: 1726
   unique: 6, error: -38 (Function not implemented), outsize: 16
unique: 8, opcode: LOOKUP (1), nodeid: 1, insize: 55, pid: 2164
LOOKUP /shake-long.txt
getattr /shake-long.txt
   NODEID: 2
   unique: 8, success, outsize: 144
unique: 10, opcode: OPEN (14), nodeid: 2, insize: 48, pid: 2164
   unique: 10, success, outsize: 32
unique: 12, opcode: IOCTL (39), nodeid: 2, insize: 72, pid: 2164
   unique: 12, success, outsize: 32
unique: 14, opcode: IOCTL (39), nodeid: 2, insize: 72, pid: 2164
   unique: 14, success, outsize: 32
unique: 16, opcode: READ (15), nodeid: 2, insize: 80, pid: 2164
read[0] 4096 bytes from 20480 flags: 0x8000
   read[0] 4096 bytes from 20480
   unique: 16, success, outsize: 4112
unique: 18, opcode: READ (15), nodeid: 2, insize: 80, pid: 2164
read[0] 4096 bytes from 24576 flags: 0x8000
   read[0] 4096 bytes from 24576
   unique: 18, success, outsize: 4112
unique: 20, opcode: READ (15), nodeid: 2, insize: 80, pid: 2164
read[0] 4096 bytes from 28672 flags: 0x8000
   read[0] 4096 bytes from 28672
   unique: 20, success, outsize: 4112
unique: 22, opcode: FLUSH (25), nodeid: 2, insize: 64, pid: 2164
   unique: 22, error: -38 (Function not implemented), outsize: 16
unique: 24, opcode: RELEASE (18), nodeid: 2, insize: 64, pid: 0
   unique: 24, success, outsize: 16
FUSE library version: 2.9.9
nullpath_ok: 0
nopath: 0
utime_omit_ok: 0
unique: 2, opcode: INIT (26), nodeid: 0, insize: 56, pid: 0
INIT: 7.34
flags=0x33fffffb
max_readahead=0x00020000
   INIT: 7.19
   flags=0x00000011
   max_readahead=0x00020000
   max_write=0x00001000
   max_background=0
   congestion_threshold=0
   unique: 2, success, outsize: 40
unique: 4, opcode: GETATTR (3), nodeid: 1, insize: 56, pid: 24640
getattr /
   unique: 4, success, outsize: 120
unique: 6, opcode: ACCESS (34), nodeid: 1, insize: 48, pid: 24199
   unique: 6, error: -38 (Function not implemented), outsize: 16
unique: 8, opcode: LOOKUP (1), nodeid: 1, insize: 55, pid: 24642
LOOKUP /shake-long.txt
getattr /shake-long.txt
   NODEID: 2
   unique: 8, success, outsize: 144
unique: 10, opcode: OPEN (14), nodeid: 2, insize: 48, pid: 24642
   unique: 10, success, outsize: 32
unique: 12, opcode: IOCTL (39), nodeid: 2, insize: 72, pid: 24642
   unique: 12, success, outsize: 32
unique: 14, opcode: IOCTL (39), nodeid: 2, insize: 72, pid: 24642
   unique: 14, success, outsize: 32
unique: 16, opcode: READ (15), nodeid: 2, insize: 80, pid: 24642
read[0] 4096 bytes from 20480 flags: 0x8000
   read[0] 4096 bytes from 20480
   unique: 16, success, outsize: 4112
unique: 18, opcode: READ (15), nodeid: 2, insize: 80, pid: 24642
read[0] 4096 bytes from 24576 flags: 0x8000
   read[0] 4096 bytes from 24576
   unique: 18, success, outsize: 4112
unique: 20, opcode: READ (15), nodeid: 2, insize: 80, pid: 24642
read[0] 4096 bytes from 28672 flags: 0x8000
   read[0] 4096 bytes from 28672
   unique: 20, success, outsize: 4112
unique: 22, opcode: FLUSH (25), nodeid: 2, insize: 64, pid: 24642
   unique: 22, error: -38 (Function not implemented), outsize: 16
unique: 24, opcode: RELEASE (18), nodeid: 2, insize: 64, pid: 0
   unique: 24, success, outsize: 16
FUSE library version: 2.9.9
nullpath_ok: 0
nopath: 0
utime_omit_ok: 0
unique: 2, opcode: INIT (26), nodeid: 0, insize: 56, pid: 0
INIT: 7.34
flags=0x33fffffb
max_readahead=0x00020000
   INIT: 7.19
   flags=0x00000011
   max_readahead=0x00020000
   max_write=0x00001000
   max_background=0
   congestion_threshold=0
   unique: 2, success, outsize: 40
unique: 4, opcode: GETATTR (3), nodeid: 1, insize: 56, pid: 35829
getattr /
   unique: 4, success, outsize: 120
unique: 6, opcode: ACCESS (34), nodeid: 1, insize: 48, pid: 35529
   unique: 6, error: -38 (Function not implemented), outsize: 16
unique: 8, opcode: LOOKUP (1), nodeid: 1, insize: 55, pid: 35831
LOOKUP /shake-long.txt
getattr /shake-long.txt
   NODEID: 2
   unique: 8, success, outsize: 144
unique: 10, opcode: OPEN (14), nodeid: 2, insize: 48, pid: 35831
   unique: 10, success, outsize: 32
unique: 12, opcode: IOCTL (39), nodeid: 2, insize: 72, pid: 35831
   unique: 12, success, outsize: 32
unique: 14, opcode: IOCTL (39), nodeid: 2, insize: 72, pid: 35831
   unique: 14, success, outsize: 32
unique: 16, opcode: READ (15), nodeid: 2, insize: 80, pid: 35831
read[0] 4096 bytes from 20480 flags: 0x8000
   read[0] 4096 bytes from 20480
   unique: 16, success, outsize: 4112
unique: 18, opcode: READ (15), nodeid: 2, insize: 80, pid: 35831
read[0] 4096 bytes from 24576 flags: 0x8000
   read[0] 4096 bytes from 24576
   unique: 18, success, outsize: 4112
unique: 20, opcode: READ (15), nodeid: 2, insize: 80, pid: 35831
read[0] 4096 bytes from 28672 flags: 0x8000
   read[0] 4096 bytes from 28672
   unique: 20, success, outsize: 4112
unique: 22, opcode: FLUSH (25), nodeid: 2, insize: 64, pid: 35831
   unique: 22, error: -38 (Function not implemented), outsize: 16
unique: 24, opcode: RELEASE (18), nodeid: 2, insize: 64, pid: 0
   unique: 24, success, outsize: 16
FUSE library version: 2.9.9
nullpath_ok: 0
nopath: 0
utime_omit_ok: 0
unique: 2, opcode: INIT (26), nodeid: 0, insize: 56, pid: 0
INIT: 7.34
flags=0x33fffffb
max_readahead=0x00020000
   INIT: 7.19
   flags=0x00000011
   max_readahead=0x00020000
   max_write=0x00001000
   max_background=0
   congestion_threshold=0
   unique: 2, success, outsize: 40
unique: 4, opcode: GETATTR (3), nodeid: 1, insize: 56, pid: 41155
getattr /
   unique: 4, success, outsize: 120
unique: 6, opcode: ACCESS (34), nodeid: 1, insize: 48, pid: 40899
   unique: 6, error: -38 (Function not implemented), outsize: 16
unique: 8, opcode: LOOKUP (1), nodeid: 1, insize: 55, pid: 41157
LOOKUP /shake-long.txt
getattr /shake-long.txt
   NODEID: 2
   unique: 8, success, outsize: 144
unique: 10, opcode: OPEN (14), nodeid: 2, insize: 48, pid: 41157
   unique: 10, success, outsize: 32
unique: 12, opcode: IOCTL (39), nodeid: 2, insize: 72, pid: 41157
   unique: 12, success, outsize: 32
unique: 14, opcode: IOCTL (39), nodeid: 2, insize: 72, pid: 41157
   unique: 14, success, outsize: 32
unique: 16, opcode: READ (15), nodeid: 2, insize: 80, pid: 41157
read[0] 4096 bytes from 20480 flags: 0x8000
   read[0] 4096 bytes from 20480
   unique: 16, success, outsize: 4112
unique: 18, opcode: READ (15), nodeid: 2, insize: 80, pid: 41157
read[0] 4096 bytes from 24576 flags: 0x8000
   read[0] 4096 bytes from 24576
   unique: 18, success, outsize: 4112
unique: 20, opcode: READ (15), nodeid: 2, insize: 80, pid: 41157
read[0] 4096 bytes from 28672 flags: 0x8000
   read[0] 4096 bytes from 28672
   unique: 20, success, outsize: 4112
unique: 22, opcode: FLUSH (25), nodeid: 2, insize: 64, pid: 41157
   unique: 22, error: -38 (Function not implemented), outsize: 16
unique: 24, opcode: RELEASE (18), nodeid: 2, insize: 64, pid: 0
   unique: 24, success, outsize: 16
