FUSE library version: 2.9.9
nullpath_ok: 0
nopath: 0
utime_omit_ok: 0
unique: 2, opcode: INIT (26), nodeid: 0, insize: 56, pid: 0
INIT: 7.34
flags=0x33fffffb
max_readahead=0x00020000
   INIT: 7.19
   flags=0x00000011
   max_readahead=0x00020000
   max_write=0x00001000
   max_background=0
   congestion_threshold=0
   unique: 2, success, outsize: 40
unique: 4, opcode: GETATTR (3), nodeid: 1, insize: 56, pid: 53389
getattr /
   unique: 4, success, outsize: 120
unique: 6, opcode: LOOKUP (1), nodeid: 1, insize: 56, pid: 53228
LOOKUP /smallfile.00.00
getattr /smallfile.00.00
   NODEID: 2
   unique: 6, success, outsize: 144
unique: 8, opcode: LOOKUP (1), nodeid: 1, insize: 56, pid: 53228
LOOKUP /smallfile.00.09
getattr /smallfile.00.09
   NODEID: 3
   unique: 8, success, outsize: 144
unique: 10, opcode: LOOKUP (1), nodeid: 1, insize: 56, pid: 53228
LOOKUP /smallfile.03.04
getattr /smallfile.03.04
   unique: 10, error: -2 (No such file or directory), outsize: 16
unique: 12, opcode: LOOKUP (1), nodeid: 1, insize: 56, pid: 53228
LOOKUP /smallfile.05.00
getattr /smallfile.05.00
   unique: 12, error: -2 (No such file or directory), outsize: 16
unique: 14, opcode: LOOKUP (1), nodeid: 1, insize: 56, pid: 53228
LOOKUP /smallfile.07.15
getattr /smallfile.07.15
   unique: 14, error: -2 (No such file or directory), outsize: 16
unique: 16, opcode: LOOKUP (1), nodeid: 1, insize: 60, pid: 53228
LOOKUP /file_does_not_exist
getattr /file_does_not_exist
   unique: 16, error: -2 (No such file or directory), outsize: 16
FUSE library version: 2.9.9
nullpath_ok: 0
nopath: 0
utime_omit_ok: 0
unique: 2, opcode: INIT (26), nodeid: 0, insize: 56, pid: 0
INIT: 7.34
flags=0x33fffffb
max_readahead=0x00020000
   INIT: 7.19
   flags=0x00000011
   max_readahead=0x00020000
   max_write=0x00001000
   max_background=0
   congestion_threshold=0
   unique: 2, success, outsize: 40
unique: 4, opcode: GETATTR (3), nodeid: 1, insize: 56, pid: 42857
getattr /
   unique: 4, success, outsize: 120
unique: 6, opcode: LOOKUP (1), nodeid: 1, insize: 56, pid: 42762
LOOKUP /smallfile.00.00
getattr /smallfile.00.00
   NODEID: 2
   unique: 6, success, outsize: 144
unique: 8, opcode: LOOKUP (1), nodeid: 1, insize: 56, pid: 42762
LOOKUP /smallfile.00.09
getattr /smallfile.00.09
   NODEID: 3
   unique: 8, success, outsize: 144
unique: 10, opcode: LOOKUP (1), nodeid: 1, insize: 56, pid: 42762
LOOKUP /smallfile.03.04
getattr /smallfile.03.04
   unique: 10, error: -2 (No such file or directory), outsize: 16
unique: 12, opcode: LOOKUP (1), nodeid: 1, insize: 56, pid: 42762
LOOKUP /smallfile.05.00
getattr /smallfile.05.00
   unique: 12, error: -2 (No such file or directory), outsize: 16
unique: 14, opcode: LOOKUP (1), nodeid: 1, insize: 56, pid: 42762
LOOKUP /smallfile.07.15
getattr /smallfile.07.15
   unique: 14, error: -2 (No such file or directory), outsize: 16
unique: 16, opcode: LOOKUP (1), nodeid: 1, insize: 60, pid: 42762
LOOKUP /file_does_not_exist
getattr /file_does_not_exist
   unique: 16, error: -2 (No such file or directory), outsize: 16
FUSE library version: 2.9.9
nullpath_ok: 0
nopath: 0
utime_omit_ok: 0
unique: 2, opcode: INIT (26), nodeid: 0, insize: 56, pid: 0
INIT: 7.34
flags=0x33fffffb
max_readahead=0x00020000
   INIT: 7.19
   flags=0x00000011
   max_readahead=0x00020000
   max_write=0x00001000
   max_background=0
   congestion_threshold=0
   unique: 2, success, outsize: 40
unique: 4, opcode: GETATTR (3), nodeid: 1, insize: 56, pid: 5774
getattr /
   unique: 4, success, outsize: 120
unique: 6, opcode: LOOKUP (1), nodeid: 1, insize: 56, pid: 5601
LOOKUP /smallfile.00.00
getattr /smallfile.00.00
   NODEID: 2
   unique: 6, success, outsize: 144
unique: 8, opcode: LOOKUP (1), nodeid: 1, insize: 56, pid: 5601
LOOKUP /smallfile.00.09
getattr /smallfile.00.09
   NODEID: 3
   unique: 8, success, outsize: 144
unique: 10, opcode: LOOKUP (1), nodeid: 1, insize: 56, pid: 5601
LOOKUP /smallfile.03.04
getattr /smallfile.03.04
   unique: 10, error: -2 (No such file or directory), outsize: 16
unique: 12, opcode: LOOKUP (1), nodeid: 1, insize: 56, pid: 5601
LOOKUP /smallfile.05.00
getattr /smallfile.05.00
   unique: 12, error: -2 (No such file or directory), outsize: 16
unique: 14, opcode: LOOKUP (1), nodeid: 1, insize: 56, pid: 5601
LOOKUP /smallfile.07.15
getattr /smallfile.07.15
   unique: 14, error: -2 (No such file or directory), outsize: 16
unique: 16, opcode: LOOKUP (1), nodeid: 1, insize: 60, pid: 5601
LOOKUP /file_does_not_exist
getattr /file_does_not_exist
   unique: 16, error: -2 (No such file or directory), outsize: 16
FUSE library version: 2.9.9
nullpath_ok: 0
nopath: 0
utime_omit_ok: 0
unique: 2, opcode: INIT (26), nodeid: 0, insize: 56, pid: 0
INIT: 7.34
flags=0x33fffffb
max_readahead=0x00020000
   INIT: 7.19
   flags=0x00000011
   max_readahead=0x00020000
   max_write=0x00001000
   max_background=0
   congestion_threshold=0
   unique: 2, success, outsize: 40
unique: 4, opcode: GETATTR (3), nodeid: 1, insize: 56, pid: 33685
getattr /
   unique: 4, success, outsize: 120
unique: 6, opcode: LOOKUP (1), nodeid: 1, insize: 56, pid: 33556
LOOKUP /smallfile.00.00
getattr /smallfile.00.00
   NODEID: 2
   unique: 6, success, outsize: 144
unique: 8, opcode: LOOKUP (1), nodeid: 1, insize: 56, pid: 33556
LOOKUP /smallfile.00.09
getattr /smallfile.00.09
   NODEID: 3
   unique: 8, success, outsize: 144
unique: 10, opcode: LOOKUP (1), nodeid: 1, insize: 56, pid: 33556
LOOKUP /smallfile.03.04
getattr /smallfile.03.04
   unique: 10, error: -2 (No such file or directory), outsize: 16
unique: 12, opcode: LOOKUP (1), nodeid: 1, insize: 56, pid: 33556
LOOKUP /smallfile.05.00
getattr /smallfile.05.00
   unique: 12, error: -2 (No such file or directory), outsize: 16
unique: 14, opcode: LOOKUP (1), nodeid: 1, insize: 56, pid: 33556
LOOKUP /smallfile.07.15
getattr /smallfile.07.15
   unique: 14, error: -2 (No such file or directory), outsize: 16
unique: 16, opcode: LOOKUP (1), nodeid: 1, insize: 60, pid: 33556
LOOKUP /file_does_not_exist
getattr /file_does_not_exist
   unique: 16, error: -2 (No such file or directory), outsize: 16
FUSE library version: 2.9.9
nullpath_ok: 0
nopath: 0
utime_omit_ok: 0
unique: 2, opcode: INIT (26), nodeid: 0, insize: 56, pid: 0
INIT: 7.34
flags=0x33fffffb
max_readahead=0x00020000
   INIT: 7.19
   flags=0x00000011
   max_readahead=0x00020000
   max_write=0x00001000
   max_background=0
   congestion_threshold=0
   unique: 2, success, outsize: 40
unique: 4, opcode: GETATTR (3), nodeid: 1, insize: 56, pid: 25709
getattr /
   unique: 4, success, outsize: 120
unique: 6, opcode: LOOKUP (1), nodeid: 1, insize: 56, pid: 25620
LOOKUP /smallfile.00.00
getattr /smallfile.00.00
   NODEID: 2
   unique: 6, success, outsize: 144
unique: 8, opcode: LOOKUP (1), nodeid: 1, insize: 56, pid: 25620
LOOKUP /smallfile.00.09
getattr /smallfile.00.09
   NODEID: 3
   unique: 8, success, outsize: 144
unique: 10, opcode: LOOKUP (1), nodeid: 1, insize: 56, pid: 25620
LOOKUP /smallfile.03.04
getattr /smallfile.03.04
   unique: 10, error: -2 (No such file or directory), outsize: 16
unique: 12, opcode: LOOKUP (1), nodeid: 1, insize: 56, pid: 25620
LOOKUP /smallfile.05.00
getattr /smallfile.05.00
   unique: 12, error: -2 (No such file or directory), outsize: 16
unique: 14, opcode: LOOKUP (1), nodeid: 1, insize: 56, pid: 25620
LOOKUP /smallfile.07.15
getattr /smallfile.07.15
   unique: 14, error: -2 (No such file or directory), outsize: 16
unique: 16, opcode: LOOKUP (1), nodeid: 1, insize: 60, pid: 25620
LOOKUP /file_does_not_exist
getattr /file_does_not_exist
   unique: 16, error: -2 (No such file or directory), outsize: 16
FUSE library version: 2.9.9
nullpath_ok: 0
nopath: 0
utime_omit_ok: 0
unique: 2, opcode: INIT (26), nodeid: 0, insize: 56, pid: 0
INIT: 7.34
flags=0x33fffffb
max_readahead=0x00020000
   INIT: 7.19
   flags=0x00000011
   max_readahead=0x00020000
   max_write=0x00001000
   max_background=0
   congestion_threshold=0
   unique: 2, success, outsize: 40
unique: 4, opcode: GETATTR (3), nodeid: 1, insize: 56, pid: 1900
getattr /
   unique: 4, success, outsize: 120
unique: 6, opcode: LOOKUP (1), nodeid: 1, insize: 56, pid: 1726
LOOKUP /smallfile.00.00
getattr /smallfile.00.00
   NODEID: 2
   unique: 6, success, outsize: 144
unique: 8, opcode: LOOKUP (1), nodeid: 1, insize: 56, pid: 1726
LOOKUP /smallfile.00.09
getattr /smallfile.00.09
   NODEID: 3
   unique: 8, success, outsize: 144
unique: 10, opcode: LOOKUP (1), nodeid: 1, insize: 56, pid: 1726
LOOKUP /smallfile.03.04
getattr /smallfile.03.04
   unique: 10, error: -2 (No such file or directory), outsize: 16
unique: 12, opcode: LOOKUP (1), nodeid: 1, insize: 56, pid: 1726
LOOKUP /smallfile.05.00
getattr /smallfile.05.00
   unique: 12, error: -2 (No such file or directory), outsize: 16
unique: 14, opcode: LOOKUP (1), nodeid: 1, insize: 56, pid: 1726
LOOKUP /smallfile.07.15
getattr /smallfile.07.15
   unique: 14, error: -2 (No such file or directory), outsize: 16
unique: 16, opcode: LOOKUP (1), nodeid: 1, insize: 60, pid: 1726
LOOKUP /file_does_not_exist
getattr /file_does_not_exist
   unique: 16, error: -2 (No such file or directory), outsize: 16
FUSE library version: 2.9.9
nullpath_ok: 0
nopath: 0
utime_omit_ok: 0
unique: 2, opcode: INIT (26), nodeid: 0, insize: 56, pid: 0
INIT: 7.34
flags=0x33fffffb
max_readahead=0x00020000
   INIT: 7.19
   flags=0x00000011
   max_readahead=0x00020000
   max_write=0x00001000
   max_background=0
   congestion_threshold=0
   unique: 2, success, outsize: 40
unique: 4, opcode: GETATTR (3), nodeid: 1, insize: 56, pid: 24326
getattr /
   unique: 4, success, outsize: 120
unique: 6, opcode: LOOKUP (1), nodeid: 1, insize: 56, pid: 24199
LOOKUP /smallfile.00.00
getattr /smallfile.00.00
   NODEID: 2
   unique: 6, success, outsize: 144
unique: 8, opcode: LOOKUP (1), nodeid: 1, insize: 56, pid: 24199
LOOKUP /smallfile.00.09
getattr /smallfile.00.09
   NODEID: 3
   unique: 8, success, outsize: 144
unique: 10, opcode: LOOKUP (1), nodeid: 1, insize: 56, pid: 24199
LOOKUP /smallfile.03.04
getattr /smallfile.03.04
   unique: 10, error: -2 (No such file or directory), outsize: 16
unique: 12, opcode: LOOKUP (1), nodeid: 1, insize: 56, pid: 24199
LOOKUP /smallfile.05.00
getattr /smallfile.05.00
   unique: 12, error: -2 (No such file or directory), outsize: 16
unique: 14, opcode: LOOKUP (1), nodeid: 1, insize: 56, pid: 24199
LOOKUP /smallfile.07.15
getattr /smallfile.07.15
   unique: 14, error: -2 (No such file or directory), outsize: 16
unique: 16, opcode: LOOKUP (1), nodeid: 1, insize: 60, pid: 24199
LOOKUP /file_does_not_exist
getattr /file_does_not_exist
   unique: 16, error: -2 (No such file or directory), outsize: 16
FUSE library version: 2.9.9
nullpath_ok: 0
nopath: 0
utime_omit_ok: 0
unique: 2, opcode: INIT (26), nodeid: 0, insize: 56, pid: 0
INIT: 7.34
flags=0x33fffffb
max_readahead=0x00020000
   INIT: 7.19
   flags=0x00000011
   max_readahead=0x00020000
   max_write=0x00001000
   max_background=0
   congestion_threshold=0
   unique: 2, success, outsize: 40
unique: 4, opcode: GETATTR (3), nodeid: 1, insize: 56, pid: 35602
getattr /
   unique: 4, success, outsize: 120
unique: 6, opcode: LOOKUP (1), nodeid: 1, insize: 56, pid: 35529
LOOKUP /smallfile.00.00
getattr /smallfile.00.00
   NODEID: 2
   unique: 6, success, outsize: 144
unique: 8, opcode: LOOKUP (1), nodeid: 1, insize: 56, pid: 35529
LOOKUP /smallfile.00.09
getattr /smallfile.00.09
   NODEID: 3
   unique: 8, success, outsize: 144
unique: 10, opcode: LOOKUP (1), nodeid: 1, insize: 56, pid: 35529
LOOKUP /smallfile.03.04
getattr /smallfile.03.04
   NODEID: 4
   unique: 10, success, outsize: 144
unique: 12, opcode: LOOKUP (1), nodeid: 1, insize: 56, pid: 35529
LOOKUP /smallfile.05.00
getattr /smallfile.05.00
   unique: 12, error: -2 (No such file or directory), outsize: 16
unique: 14, opcode: LOOKUP (1), nodeid: 1, insize: 56, pid: 35529
LOOKUP /smallfile.07.15
getattr /smallfile.07.15
   unique: 14, error: -2 (No such file or directory), outsize: 16
unique: 16, opcode: LOOKUP (1), nodeid: 1, insize: 60, pid: 35529
LOOKUP /file_does_not_exist
getattr /file_does_not_exist
   unique: 16, error: -2 (No such file or directory), outsize: 16
FUSE library version: 2.9.9
nullpath_ok: 0
nopath: 0
utime_omit_ok: 0
unique: 2, opcode: INIT (26), nodeid: 0, insize: 56, pid: 0
INIT: 7.34
flags=0x33fffffb
max_readahead=0x00020000
   INIT: 7.19
   flags=0x00000011
   max_readahead=0x00020000
   max_write=0x00001000
   max_background=0
   congestion_threshold=0
   unique: 2, success, outsize: 40
unique: 4, opcode: GETATTR (3), nodeid: 1, insize: 56, pid: 40994
getattr /
   unique: 4, success, outsize: 120
unique: 6, opcode: LOOKUP (1), nodeid: 1, insize: 56, pid: 40899
LOOKUP /smallfile.00.00
getattr /smallfile.00.00
   NODEID: 2
   unique: 6, success, outsize: 144
unique: 8, opcode: LOOKUP (1), nodeid: 1, insize: 56, pid: 40899
LOOKUP /smallfile.00.09
getattr /smallfile.00.09
   NODEID: 3
   unique: 8, success, outsize: 144
unique: 10, opcode: LOOKUP (1), nodeid: 1, insize: 56, pid: 40899
LOOKUP /smallfile.03.04
getattr /smallfile.03.04
   NODEID: 4
   unique: 10, success, outsize: 144
unique: 12, opcode: LOOKUP (1), nodeid: 1, insize: 56, pid: 40899
LOOKUP /smallfile.05.00
getattr /smallfile.05.00
   unique: 12, error: -2 (No such file or directory), outsize: 16
unique: 14, opcode: LOOKUP (1), nodeid: 1, insize: 56, pid: 40899
LOOKUP /smallfile.07.15
getattr /smallfile.07.15
   unique: 14, error: -2 (No such file or directory), outsize: 16
unique: 16, opcode: LOOKUP (1), nodeid: 1, insize: 60, pid: 40899
LOOKUP /file_does_not_exist
getattr /file_does_not_exist
   unique: 16, error: -2 (No such file or directory), outsize: 16
FUSE library version: 2.9.9
nullpath_ok: 0
nopath: 0
utime_omit_ok: 0
unique: 2, opcode: INIT (26), nodeid: 0, insize: 56, pid: 0
INIT: 7.34
flags=0x33fffffb
max_readahead=0x00020000
   INIT: 7.19
   flags=0x00000011
   max_readahead=0x00020000
   max_write=0x00001000
   max_background=0
   congestion_threshold=0
   unique: 2, success, outsize: 40
unique: 4, opcode: GETATTR (3), nodeid: 1, insize: 56, pid: 49866
getattr /
   unique: 4, success, outsize: 120
unique: 6, opcode: LOOKUP (1), nodeid: 1, insize: 56, pid: 49785
LOOKUP /smallfile.00.00
getattr /smallfile.00.00
   NODEID: 2
   unique: 6, success, outsize: 144
unique: 8, opcode: LOOKUP (1), nodeid: 1, insize: 56, pid: 49785
LOOKUP /smallfile.00.09
getattr /smallfile.00.09
   NODEID: 3
   unique: 8, success, outsize: 144
unique: 10, opcode: LOOKUP (1), nodeid: 1, insize: 56, pid: 49785
LOOKUP /smallfile.03.04
getattr /smallfile.03.04
   NODEID: 4
   unique: 10, success, outsize: 144
unique: 12, opcode: LOOKUP (1), nodeid: 1, insize: 56, pid: 49785
LOOKUP /smallfile.05.00
getattr /smallfile.05.00
   unique: 12, error: -2 (No such file or directory), outsize: 16
unique: 14, opcode: LOOKUP (1), nodeid: 1, insize: 56, pid: 49785
LOOKUP /smallfile.07.15
getattr /smallfile.07.15
   unique: 14, error: -2 (No such file or directory), outsize: 16
unique: 16, opcode: LOOKUP (1), nodeid: 1, insize: 60, pid: 49785
LOOKUP /file_does_not_exist
getattr /file_does_not_exist
   unique: 16, error: -2 (No such file or directory), outsize: 16
FUSE library version: 2.9.9
nullpath_ok: 0
nopath: 0
utime_omit_ok: 0
unique: 2, opcode: INIT (26), nodeid: 0, insize: 56, pid: 0
INIT: 7.34
flags=0x33fffffb
max_readahead=0x00020000
   INIT: 7.19
   flags=0x00000011
   max_readahead=0x00020000
   max_write=0x00001000
   max_background=0
   congestion_threshold=0
   unique: 2, success, outsize: 40
unique: 4, opcode: GETATTR (3), nodeid: 1, insize: 56, pid: 53609
getattr /
   unique: 4, success, outsize: 120
unique: 6, opcode: LOOKUP (1), nodeid: 1, insize: 56, pid: 53528
LOOKUP /smallfile.00.00
getattr /smallfile.00.00
   NODEID: 2
   unique: 6, success, outsize: 144
unique: 8, opcode: LOOKUP (1), nodeid: 1, insize: 56, pid: 53528
LOOKUP /smallfile.00.09
getattr /smallfile.00.09
   NODEID: 3
   unique: 8, success, outsize: 144
unique: 10, opcode: LOOKUP (1), nodeid: 1, insize: 56, pid: 53528
LOOKUP /smallfile.03.04
getattr /smallfile.03.04
   NODEID: 4
   unique: 10, success, outsize: 144
unique: 12, opcode: LOOKUP (1), nodeid: 1, insize: 56, pid: 53528
LOOKUP /smallfile.05.00
getattr /smallfile.05.00
   unique: 12, error: -2 (No such file or directory), outsize: 16
unique: 14, opcode: LOOKUP (1), nodeid: 1, insize: 56, pid: 53528
LOOKUP /smallfile.07.15
getattr /smallfile.07.15
   unique: 14, error: -2 (No such file or directory), outsize: 16
unique: 16, opcode: LOOKUP (1), nodeid: 1, insize: 60, pid: 53528
LOOKUP /file_does_not_exist
getattr /file_does_not_exist
   unique: 16, error: -2 (No such file or directory), outsize: 16
FUSE library version: 2.9.9
nullpath_ok: 0
nopath: 0
utime_omit_ok: 0
unique: 2, opcode: INIT (26), nodeid: 0, insize: 56, pid: 0
INIT: 7.34
flags=0x33fffffb
max_readahead=0x00020000
   INIT: 7.19
   flags=0x00000011
   max_readahead=0x00020000
   max_write=0x00001000
   max_background=0
   congestion_threshold=0
   unique: 2, success, outsize: 40
unique: 4, opcode: GETATTR (3), nodeid: 1, insize: 56, pid: 63659
getattr /
   unique: 4, success, outsize: 120
unique: 6, opcode: LOOKUP (1), nodeid: 1, insize: 56, pid: 63576
LOOKUP /smallfile.00.00
getattr /smallfile.00.00
   NODEID: 2
   unique: 6, success, outsize: 144
unique: 8, opcode: LOOKUP (1), nodeid: 1, insize: 56, pid: 63576
LOOKUP /smallfile.00.09
getattr /smallfile.00.09
   NODEID: 3
   unique: 8, success, outsize: 144
unique: 10, opcode: LOOKUP (1), nodeid: 1, insize: 56, pid: 63576
LOOKUP /smallfile.03.04
getattr /smallfile.03.04
   NODEID: 4
   unique: 10, success, outsize: 144
unique: 12, opcode: LOOKUP (1), nodeid: 1, insize: 56, pid: 63576
LOOKUP /smallfile.05.00
getattr /smallfile.05.00
   unique: 12, error: -2 (No such file or directory), outsize: 16
unique: 14, opcode: LOOKUP (1), nodeid: 1, insize: 56, pid: 63576
LOOKUP /smallfile.07.15
getattr /smallfile.07.15
   unique: 14, error: -2 (No such file or directory), outsize: 16
unique: 16, opcode: LOOKUP (1), nodeid: 1, insize: 60, pid: 63576
LOOKUP /file_does_not_exist
getattr /file_does_not_exist
   unique: 16, error: -2 (No such file or directory), outsize: 16
FUSE library version: 2.9.9
nullpath_ok: 0
nopath: 0
utime_omit_ok: 0
unique: 2, opcode: INIT (26), nodeid: 0, insize: 56, pid: 0
INIT: 7.34
flags=0x33fffffb
max_readahead=0x00020000
   INIT: 7.19
   flags=0x00000011
   max_readahead=0x00020000
   max_write=0x00001000
   max_background=0
   congestion_threshold=0
   unique: 2, success, outsize: 40
unique: 4, opcode: GETATTR (3), nodeid: 1, insize: 56, pid: 32042
getattr /
   unique: 4, success, outsize: 120
unique: 6, opcode: LOOKUP (1), nodeid: 1, insize: 56, pid: 31951
LOOKUP /smallfile.00.00
getattr /smallfile.00.00
   NODEID: 2
   unique: 6, success, outsize: 144
unique: 8, opcode: LOOKUP (1), nodeid: 1, insize: 56, pid: 31951
LOOKUP /smallfile.00.09
getattr /smallfile.00.09
   NODEID: 3
   unique: 8, success, outsize: 144
unique: 10, opcode: LOOKUP (1), nodeid: 1, insize: 56, pid: 31951
LOOKUP /smallfile.03.04
getattr /smallfile.03.04
   NODEID: 4
   unique: 10, success, outsize: 144
unique: 12, opcode: LOOKUP (1), nodeid: 1, insize: 56, pid: 31951
LOOKUP /smallfile.05.00
getattr /smallfile.05.00
   unique: 12, error: -2 (No such file or directory), outsize: 16
unique: 14, opcode: LOOKUP (1), nodeid: 1, insize: 56, pid: 31951
LOOKUP /smallfile.07.15
getattr /smallfile.07.15
   unique: 14, error: -2 (No such file or directory), outsize: 16
unique: 16, opcode: LOOKUP (1), nodeid: 1, insize: 60, pid: 31951
LOOKUP /file_does_not_exist
getattr /file_does_not_exist
   unique: 16, error: -2 (No such file or directory), outsize: 16
FUSE library version: 2.9.9
nullpath_ok: 0
nopath: 0
utime_omit_ok: 0
unique: 2, opcode: INIT (26), nodeid: 0, insize: 56, pid: 0
INIT: 7.34
flags=0x33fffffb
max_readahead=0x00020000
   INIT: 7.19
   flags=0x00000011
   max_readahead=0x00020000
   max_write=0x00001000
   max_background=0
   congestion_threshold=0
   unique: 2, success, outsize: 40
unique: 4, opcode: GETATTR (3), nodeid: 1, insize: 56, pid: 31429
getattr /
   unique: 4, success, outsize: 120
unique: 6, opcode: LOOKUP (1), nodeid: 1, insize: 56, pid: 31357
LOOKUP /smallfile.00.00
getattr /smallfile.00.00
   NODEID: 2
   unique: 6, success, outsize: 144
unique: 8, opcode: LOOKUP (1), nodeid: 1, insize: 56, pid: 31357
LOOKUP /smallfile.00.09
getattr /smallfile.00.09
   NODEID: 3
   unique: 8, success, outsize: 144
unique: 10, opcode: LOOKUP (1), nodeid: 1, insize: 56, pid: 31357
LOOKUP /smallfile.03.04
getattr /smallfile.03.04
   NODEID: 4
   unique: 10, success, outsize: 144
unique: 12, opcode: LOOKUP (1), nodeid: 1, insize: 56, pid: 31357
LOOKUP /smallfile.05.00
getattr /smallfile.05.00
   unique: 12, error: -2 (No such file or directory), outsize: 16
unique: 14, opcode: LOOKUP (1), nodeid: 1, insize: 56, pid: 31357
LOOKUP /smallfile.07.15
getattr /smallfile.07.15
   unique: 14, error: -2 (No such file or directory), outsize: 16
unique: 16, opcode: LOOKUP (1), nodeid: 1, insize: 60, pid: 31357
LOOKUP /file_does_not_exist
getattr /file_does_not_exist
   unique: 16, error: -2 (No such file or directory), outsize: 16
FUSE library version: 2.9.9
nullpath_ok: 0
nopath: 0
utime_omit_ok: 0
unique: 2, opcode: INIT (26), nodeid: 0, insize: 56, pid: 0
INIT: 7.34
flags=0x33fffffb
max_readahead=0x00020000
   INIT: 7.19
   flags=0x00000011
   max_readahead=0x00020000
   max_write=0x00001000
   max_background=0
   congestion_threshold=0
   unique: 2, success, outsize: 40
unique: 4, opcode: GETATTR (3), nodeid: 1, insize: 56, pid: 30347
getattr /
   unique: 4, success, outsize: 120
unique: 6, opcode: LOOKUP (1), nodeid: 1, insize: 56, pid: 30261
LOOKUP /smallfile.00.00
getattr /smallfile.00.00
   NODEID: 2
   unique: 6, success, outsize: 144
unique: 8, opcode: LOOKUP (1), nodeid: 1, insize: 56, pid: 30261
LOOKUP /smallfile.00.09
getattr /smallfile.00.09
   NODEID: 3
   unique: 8, success, outsize: 144
unique: 10, opcode: LOOKUP (1), nodeid: 1, insize: 56, pid: 30261
LOOKUP /smallfile.03.04
getattr /smallfile.03.04
   NODEID: 4
   unique: 10, success, outsize: 144
unique: 12, opcode: LOOKUP (1), nodeid: 1, insize: 56, pid: 30261
LOOKUP /smallfile.05.00
getattr /smallfile.05.00
   unique: 12, error: -2 (No such file or directory), outsize: 16
unique: 14, opcode: LOOKUP (1), nodeid: 1, insize: 56, pid: 30261
LOOKUP /smallfile.07.15
getattr /smallfile.07.15
   unique: 14, error: -2 (No such file or directory), outsize: 16
unique: 16, opcode: LOOKUP (1), nodeid: 1, insize: 60, pid: 30261
LOOKUP /file_does_not_exist
getattr /file_does_not_exist
   unique: 16, error: -2 (No such file or directory), outsize: 16
FUSE library version: 2.9.9
nullpath_ok: 0
nopath: 0
utime_omit_ok: 0
unique: 2, opcode: INIT (26), nodeid: 0, insize: 56, pid: 0
INIT: 7.34
flags=0x33fffffb
max_readahead=0x00020000
   INIT: 7.19
   flags=0x00000011
   max_readahead=0x00020000
   max_write=0x00001000
   max_background=0
   congestion_threshold=0
   unique: 2, success, outsize: 40
unique: 4, opcode: GETATTR (3), nodeid: 1, insize: 56, pid: 59484
getattr /
   unique: 4, success, outsize: 120
unique: 6, opcode: LOOKUP (1), nodeid: 1, insize: 56, pid: 59312
LOOKUP /smallfile.00.00
getattr /smallfile.00.00
   NODEID: 2
   unique: 6, success, outsize: 144
unique: 8, opcode: LOOKUP (1), nodeid: 1, insize: 56, pid: 59312
LOOKUP /smallfile.00.09
getattr /smallfile.00.09
   NODEID: 3
   unique: 8, success, outsize: 144
unique: 10, opcode: LOOKUP (1), nodeid: 1, insize: 56, pid: 59312
LOOKUP /smallfile.03.04
getattr /smallfile.03.04
   NODEID: 4
   unique: 10, success, outsize: 144
unique: 12, opcode: LOOKUP (1), nodeid: 1, insize: 56, pid: 59312
LOOKUP /smallfile.05.00
getattr /smallfile.05.00
   unique: 12, error: -2 (No such file or directory), outsize: 16
unique: 14, opcode: LOOKUP (1), nodeid: 1, insize: 56, pid: 59312
LOOKUP /smallfile.07.15
getattr /smallfile.07.15
   unique: 14, error: -2 (No such file or directory), outsize: 16
unique: 16, opcode: LOOKUP (1), nodeid: 1, insize: 60, pid: 59312
LOOKUP /file_does_not_exist
getattr /file_does_not_exist
   unique: 16, error: -2 (No such file or directory), outsize: 16
FUSE library version: 2.9.9
nullpath_ok: 0
nopath: 0
utime_omit_ok: 0
unique: 2, opcode: INIT (26), nodeid: 0, insize: 56, pid: 0
INIT: 7.34
flags=0x33fffffb
max_readahead=0x00020000
   INIT: 7.19
   flags=0x00000011
   max_readahead=0x00020000
   max_write=0x00001000
   max_background=0
   congestion_threshold=0
   unique: 2, success, outsize: 40
unique: 4, opcode: GETATTR (3), nodeid: 1, insize: 56, pid: 21229
getattr /
   unique: 4, success, outsize: 120
unique: 6, opcode: LOOKUP (1), nodeid: 1, insize: 56, pid: 20962
LOOKUP /smallfile.00.00
getattr /smallfile.00.00
   NODEID: 2
   unique: 6, success, outsize: 144
unique: 8, opcode: LOOKUP (1), nodeid: 1, insize: 56, pid: 20962
LOOKUP /smallfile.00.09
getattr /smallfile.00.09
   NODEID: 3
   unique: 8, success, outsize: 144
unique: 10, opcode: LOOKUP (1), nodeid: 1, insize: 56, pid: 20962
LOOKUP /smallfile.03.04
getattr /smallfile.03.04
   NODEID: 4
   unique: 10, success, outsize: 144
unique: 12, opcode: LOOKUP (1), nodeid: 1, insize: 56, pid: 20962
LOOKUP /smallfile.05.00
getattr /smallfile.05.00
   unique: 12, error: -2 (No such file or directory), outsize: 16
unique: 14, opcode: LOOKUP (1), nodeid: 1, insize: 56, pid: 20962
LOOKUP /smallfile.07.15
getattr /smallfile.07.15
   unique: 14, error: -2 (No such file or directory), outsize: 16
unique: 16, opcode: LOOKUP (1), nodeid: 1, insize: 60, pid: 20962
LOOKUP /file_does_not_exist
getattr /file_does_not_exist
   unique: 16, error: -2 (No such file or directory), outsize: 16
FUSE library version: 2.9.9
nullpath_ok: 0
nopath: 0
utime_omit_ok: 0
unique: 2, opcode: INIT (26), nodeid: 0, insize: 56, pid: 0
INIT: 7.34
flags=0x33fffffb
max_readahead=0x00020000
   INIT: 7.19
   flags=0x00000011
   max_readahead=0x00020000
   max_write=0x00001000
   max_background=0
   congestion_threshold=0
   unique: 2, success, outsize: 40
unique: 4, opcode: GETATTR (3), nodeid: 1, insize: 56, pid: 30873
getattr /
   unique: 4, success, outsize: 120
unique: 6, opcode: LOOKUP (1), nodeid: 1, insize: 56, pid: 30711
LOOKUP /smallfile.00.00
getattr /smallfile.00.00
   NODEID: 2
   unique: 6, success, outsize: 144
unique: 8, opcode: LOOKUP (1), nodeid: 1, insize: 56, pid: 30711
LOOKUP /smallfile.00.09
getattr /smallfile.00.09
   NODEID: 3
   unique: 8, success, outsize: 144
unique: 10, opcode: LOOKUP (1), nodeid: 1, insize: 56, pid: 30711
LOOKUP /smallfile.03.04
getattr /smallfile.03.04
   NODEID: 4
   unique: 10, success, outsize: 144
unique: 12, opcode: LOOKUP (1), nodeid: 1, insize: 56, pid: 30711
LOOKUP /smallfile.05.00
getattr /smallfile.05.00
   unique: 12, error: -2 (No such file or directory), outsize: 16
unique: 14, opcode: LOOKUP (1), nodeid: 1, insize: 56, pid: 30711
LOOKUP /smallfile.07.15
getattr /smallfile.07.15
   unique: 14, error: -2 (No such file or directory), outsize: 16
unique: 16, opcode: LOOKUP (1), nodeid: 1, insize: 60, pid: 30711
LOOKUP /file_does_not_exist
getattr /file_does_not_exist
   unique: 16, error: -2 (No such file or directory), outsize: 16
FUSE library version: 2.9.9
nullpath_ok: 0
nopath: 0
utime_omit_ok: 0
unique: 2, opcode: INIT (26), nodeid: 0, insize: 56, pid: 0
INIT: 7.34
flags=0x33fffffb
max_readahead=0x00020000
   INIT: 7.19
   flags=0x00000011
   max_readahead=0x00020000
   max_write=0x00001000
   max_background=0
   congestion_threshold=0
   unique: 2, success, outsize: 40
unique: 4, opcode: GETATTR (3), nodeid: 1, insize: 56, pid: 33575
getattr /
   unique: 4, success, outsize: 120
unique: 6, opcode: LOOKUP (1), nodeid: 1, insize: 56, pid: 33447
LOOKUP /smallfile.00.00
getattr /smallfile.00.00
   NODEID: 2
   unique: 6, success, outsize: 144
unique: 8, opcode: LOOKUP (1), nodeid: 1, insize: 56, pid: 33447
LOOKUP /smallfile.00.09
getattr /smallfile.00.09
   NODEID: 3
   unique: 8, success, outsize: 144
unique: 10, opcode: LOOKUP (1), nodeid: 1, insize: 56, pid: 33447
LOOKUP /smallfile.03.04
getattr /smallfile.03.04
   NODEID: 4
   unique: 10, success, outsize: 144
unique: 12, opcode: LOOKUP (1), nodeid: 1, insize: 56, pid: 33447
LOOKUP /smallfile.05.00
getattr /smallfile.05.00
   unique: 12, error: -2 (No such file or directory), outsize: 16
unique: 14, opcode: LOOKUP (1), nodeid: 1, insize: 56, pid: 33447
LOOKUP /smallfile.07.15
getattr /smallfile.07.15
   unique: 14, error: -2 (No such file or directory), outsize: 16
unique: 16, opcode: LOOKUP (1), nodeid: 1, insize: 60, pid: 33447
LOOKUP /file_does_not_exist
getattr /file_does_not_exist
   unique: 16, error: -2 (No such file or directory), outsize: 16
FUSE library version: 2.9.9
nullpath_ok: 0
nopath: 0
utime_omit_ok: 0
unique: 2, opcode: INIT (26), nodeid: 0, insize: 56, pid: 0
INIT: 7.34
flags=0x33fffffb
max_readahead=0x00020000
   INIT: 7.19
   flags=0x00000011
   max_readahead=0x00020000
   max_write=0x00001000
   max_background=0
   congestion_threshold=0
   unique: 2, success, outsize: 40
unique: 4, opcode: GETATTR (3), nodeid: 1, insize: 56, pid: 12258
getattr /
   unique: 4, success, outsize: 120
unique: 6, opcode: LOOKUP (1), nodeid: 1, insize: 56, pid: 12081
LOOKUP /smallfile.00.00
getattr /smallfile.00.00
   NODEID: 2
   unique: 6, success, outsize: 144
unique: 8, opcode: LOOKUP (1), nodeid: 1, insize: 56, pid: 12081
LOOKUP /smallfile.00.09
getattr /smallfile.00.09
   NODEID: 3
   unique: 8, success, outsize: 144
unique: 10, opcode: LOOKUP (1), nodeid: 1, insize: 56, pid: 12081
LOOKUP /smallfile.03.04
getattr /smallfile.03.04
   NODEID: 4
   unique: 10, success, outsize: 144
unique: 12, opcode: LOOKUP (1), nodeid: 1, insize: 56, pid: 12081
LOOKUP /smallfile.05.00
getattr /smallfile.05.00
   unique: 12, error: -2 (No such file or directory), outsize: 16
unique: 14, opcode: LOOKUP (1), nodeid: 1, insize: 56, pid: 12081
LOOKUP /smallfile.07.15
getattr /smallfile.07.15
   unique: 14, error: -2 (No such file or directory), outsize: 16
unique: 16, opcode: LOOKUP (1), nodeid: 1, insize: 60, pid: 12081
LOOKUP /file_does_not_exist
getattr /file_does_not_exist
   unique: 16, error: -2 (No such file or directory), outsize: 16
FUSE library version: 2.9.9
nullpath_ok: 0
nopath: 0
utime_omit_ok: 0
unique: 2, opcode: INIT (26), nodeid: 0, insize: 56, pid: 0
INIT: 7.34
flags=0x33fffffb
max_readahead=0x00020000
   INIT: 7.19
   flags=0x00000011
   max_readahead=0x00020000
   max_write=0x00001000
   max_background=0
   congestion_threshold=0
   unique: 2, success, outsize: 40
unique: 4, opcode: GETATTR (3), nodeid: 1, insize: 56, pid: 11963
getattr /
   unique: 4, success, outsize: 120
unique: 6, opcode: LOOKUP (1), nodeid: 1, insize: 56, pid: 11887
LOOKUP /smallfile.00.00
getattr /smallfile.00.00
   NODEID: 2
   unique: 6, success, outsize: 144
unique: 8, opcode: LOOKUP (1), nodeid: 1, insize: 56, pid: 11887
LOOKUP /smallfile.00.09
getattr /smallfile.00.09
   NODEID: 3
   unique: 8, success, outsize: 144
unique: 10, opcode: LOOKUP (1), nodeid: 1, insize: 56, pid: 11887
LOOKUP /smallfile.03.04
getattr /smallfile.03.04
   NODEID: 4
   unique: 10, success, outsize: 144
unique: 12, opcode: LOOKUP (1), nodeid: 1, insize: 56, pid: 11887
LOOKUP /smallfile.05.00
getattr /smallfile.05.00
   NODEID: 5
   unique: 12, success, outsize: 144
unique: 14, opcode: LOOKUP (1), nodeid: 1, insize: 56, pid: 11887
LOOKUP /smallfile.07.15
getattr /smallfile.07.15
   NODEID: 6
   unique: 14, success, outsize: 144
unique: 16, opcode: LOOKUP (1), nodeid: 1, insize: 60, pid: 11887
LOOKUP /file_does_not_exist
getattr /file_does_not_exist
   unique: 16, error: -2 (No such file or directory), outsize: 16
FUSE library version: 2.9.9
nullpath_ok: 0
nopath: 0
utime_omit_ok: 0
unique: 2, opcode: INIT (26), nodeid: 0, insize: 56, pid: 0
INIT: 7.34
flags=0x33fffffb
max_readahead=0x00020000
   INIT: 7.19
   flags=0x00000011
   max_readahead=0x00020000
   max_write=0x00001000
   max_background=0
   congestion_threshold=0
   unique: 2, success, outsize: 40
unique: 4, opcode: GETATTR (3), nodeid: 1, insize: 56, pid: 37425
getattr /
   unique: 4, success, outsize: 120
unique: 6, opcode: LOOKUP (1), nodeid: 1, insize: 56, pid: 37326
LOOKUP /smallfile.00.00
getattr /smallfile.00.00
   NODEID: 2
   unique: 6, success, outsize: 144
unique: 8, opcode: LOOKUP (1), nodeid: 1, insize: 56, pid: 37326
LOOKUP /smallfile.00.09
getattr /smallfile.00.09
   NODEID: 3
   unique: 8, success, outsize: 144
unique: 10, opcode: LOOKUP (1), nodeid: 1, insize: 56, pid: 37326
LOOKUP /smallfile.03.04
getattr /smallfile.03.04
   NODEID: 4
   unique: 10, success, outsize: 144
unique: 12, opcode: LOOKUP (1), nodeid: 1, insize: 56, pid: 37326
LOOKUP /smallfile.05.00
getattr /smallfile.05.00
   NODEID: 5
   unique: 12, success, outsize: 144
unique: 14, opcode: LOOKUP (1), nodeid: 1, insize: 56, pid: 37326
LOOKUP /smallfile.07.15
getattr /smallfile.07.15
   NODEID: 6
   unique: 14, success, outsize: 144
unique: 16, opcode: LOOKUP (1), nodeid: 1, insize: 60, pid: 37326
LOOKUP /file_does_not_exist
getattr /file_does_not_exist
   unique: 16, error: -2 (No such file or directory), outsize: 16
FUSE library version: 2.9.9
nullpath_ok: 0
nopath: 0
utime_omit_ok: 0
unique: 2, opcode: INIT (26), nodeid: 0, insize: 56, pid: 0
INIT: 7.34
flags=0x33fffffb
max_readahead=0x00020000
   INIT: 7.19
   flags=0x00000011
   max_readahead=0x00020000
   max_write=0x00001000
   max_background=0
   congestion_threshold=0
   unique: 2, success, outsize: 40
unique: 4, opcode: GETATTR (3), nodeid: 1, insize: 56, pid: 40936
getattr /
   unique: 4, success, outsize: 120
unique: 6, opcode: LOOKUP (1), nodeid: 1, insize: 56, pid: 40782
LOOKUP /smallfile.00.00
getattr /smallfile.00.00
   NODEID: 2
   unique: 6, success, outsize: 144
unique: 8, opcode: LOOKUP (1), nodeid: 1, insize: 56, pid: 40782
LOOKUP /smallfile.00.09
getattr /smallfile.00.09
   NODEID: 3
   unique: 8, success, outsize: 144
unique: 10, opcode: LOOKUP (1), nodeid: 1, insize: 56, pid: 40782
LOOKUP /smallfile.03.04
getattr /smallfile.03.04
   NODEID: 4
   unique: 10, success, outsize: 144
unique: 12, opcode: LOOKUP (1), nodeid: 1, insize: 56, pid: 40782
LOOKUP /smallfile.05.00
getattr /smallfile.05.00
   NODEID: 5
   unique: 12, success, outsize: 144
unique: 14, opcode: LOOKUP (1), nodeid: 1, insize: 56, pid: 40782
LOOKUP /smallfile.07.15
getattr /smallfile.07.15
   NODEID: 6
   unique: 14, success, outsize: 144
unique: 16, opcode: LOOKUP (1), nodeid: 1, insize: 60, pid: 40782
LOOKUP /file_does_not_exist
getattr /file_does_not_exist
   unique: 16, error: -2 (No such file or directory), outsize: 16
FUSE library version: 2.9.9
nullpath_ok: 0
nopath: 0
utime_omit_ok: 0
unique: 2, opcode: INIT (26), nodeid: 0, insize: 56, pid: 0
INIT: 7.34
flags=0x33fffffb
max_readahead=0x00020000
   INIT: 7.19
   flags=0x00000011
   max_readahead=0x00020000
   max_write=0x00001000
   max_background=0
   congestion_threshold=0
   unique: 2, success, outsize: 40
unique: 4, opcode: GETATTR (3), nodeid: 1, insize: 56, pid: 5430
getattr /
   unique: 4, success, outsize: 120
unique: 6, opcode: LOOKUP (1), nodeid: 1, insize: 56, pid: 5358
LOOKUP /smallfile.00.00
getattr /smallfile.00.00
   NODEID: 2
   unique: 6, success, outsize: 144
unique: 8, opcode: LOOKUP (1), nodeid: 1, insize: 56, pid: 5358
LOOKUP /smallfile.00.09
getattr /smallfile.00.09
   NODEID: 3
   unique: 8, success, outsize: 144
unique: 10, opcode: LOOKUP (1), nodeid: 1, insize: 56, pid: 5358
LOOKUP /smallfile.03.04
getattr /smallfile.03.04
   NODEID: 4
   unique: 10, success, outsize: 144
unique: 12, opcode: LOOKUP (1), nodeid: 1, insize: 56, pid: 5358
LOOKUP /smallfile.05.00
getattr /smallfile.05.00
   NODEID: 5
   unique: 12, success, outsize: 144
unique: 14, opcode: LOOKUP (1), nodeid: 1, insize: 56, pid: 5358
LOOKUP /smallfile.07.15
getattr /smallfile.07.15
   NODEID: 6
   unique: 14, success, outsize: 144
unique: 16, opcode: LOOKUP (1), nodeid: 1, insize: 60, pid: 5358
LOOKUP /file_does_not_exist
getattr /file_does_not_exist
   unique: 16, error: -2 (No such file or directory), outsize: 16
FUSE library version: 2.9.9
nullpath_ok: 0
nopath: 0
utime_omit_ok: 0
unique: 2, opcode: INIT (26), nodeid: 0, insize: 56, pid: 0
INIT: 7.34
flags=0x33fffffb
max_readahead=0x00020000
   INIT: 7.19
   flags=0x00000011
   max_readahead=0x00020000
   max_write=0x00001000
   max_background=0
   congestion_threshold=0
   unique: 2, success, outsize: 40
unique: 4, opcode: GETATTR (3), nodeid: 1, insize: 56, pid: 6922
getattr /
   unique: 4, success, outsize: 120
unique: 6, opcode: LOOKUP (1), nodeid: 1, insize: 56, pid: 6841
LOOKUP /smallfile.00.00
getattr /smallfile.00.00
   NODEID: 2
   unique: 6, success, outsize: 144
unique: 8, opcode: LOOKUP (1), nodeid: 1, insize: 56, pid: 6841
LOOKUP /smallfile.00.09
getattr /smallfile.00.09
   NODEID: 3
   unique: 8, success, outsize: 144
unique: 10, opcode: LOOKUP (1), nodeid: 1, insize: 56, pid: 6841
LOOKUP /smallfile.03.04
getattr /smallfile.03.04
   NODEID: 4
   unique: 10, success, outsize: 144
unique: 12, opcode: LOOKUP (1), nodeid: 1, insize: 56, pid: 6841
LOOKUP /smallfile.05.00
getattr /smallfile.05.00
   NODEID: 5
   unique: 12, success, outsize: 144
unique: 14, opcode: LOOKUP (1), nodeid: 1, insize: 56, pid: 6841
LOOKUP /smallfile.07.15
getattr /smallfile.07.15
   NODEID: 6
   unique: 14, success, outsize: 144
unique: 16, opcode: LOOKUP (1), nodeid: 1, insize: 60, pid: 6841
LOOKUP /file_does_not_exist
getattr /file_does_not_exist
   unique: 16, error: -2 (No such file or directory), outsize: 16
FUSE library version: 2.9.9
nullpath_ok: 0
nopath: 0
utime_omit_ok: 0
unique: 2, opcode: INIT (26), nodeid: 0, insize: 56, pid: 0
INIT: 7.34
flags=0x33fffffb
max_readahead=0x00020000
   INIT: 7.19
   flags=0x00000011
   max_readahead=0x00020000
   max_write=0x00001000
   max_background=0
   congestion_threshold=0
   unique: 2, success, outsize: 40
unique: 4, opcode: GETATTR (3), nodeid: 1, insize: 56, pid: 31638
getattr /
   unique: 4, success, outsize: 120
unique: 6, opcode: LOOKUP (1), nodeid: 1, insize: 56, pid: 31566
LOOKUP /smallfile.00.00
getattr /smallfile.00.00
   NODEID: 2
   unique: 6, success, outsize: 144
unique: 8, opcode: LOOKUP (1), nodeid: 1, insize: 56, pid: 31566
LOOKUP /smallfile.00.09
getattr /smallfile.00.09
   NODEID: 3
   unique: 8, success, outsize: 144
unique: 10, opcode: LOOKUP (1), nodeid: 1, insize: 56, pid: 31566
LOOKUP /smallfile.03.04
getattr /smallfile.03.04
   NODEID: 4
   unique: 10, success, outsize: 144
unique: 12, opcode: LOOKUP (1), nodeid: 1, insize: 56, pid: 31566
LOOKUP /smallfile.05.00
getattr /smallfile.05.00
   NODEID: 5
   unique: 12, success, outsize: 144
unique: 14, opcode: LOOKUP (1), nodeid: 1, insize: 56, pid: 31566
LOOKUP /smallfile.07.15
getattr /smallfile.07.15
   NODEID: 6
   unique: 14, success, outsize: 144
unique: 16, opcode: LOOKUP (1), nodeid: 1, insize: 60, pid: 31566
LOOKUP /file_does_not_exist
getattr /file_does_not_exist
   unique: 16, error: -2 (No such file or directory), outsize: 16
FUSE library version: 2.9.9
nullpath_ok: 0
nopath: 0
utime_omit_ok: 0
unique: 2, opcode: INIT (26), nodeid: 0, insize: 56, pid: 0
INIT: 7.34
flags=0x33fffffb
max_readahead=0x00020000
   INIT: 7.19
   flags=0x00000011
   max_readahead=0x00020000
   max_write=0x00001000
   max_background=0
   congestion_threshold=0
   unique: 2, success, outsize: 40
unique: 4, opcode: GETATTR (3), nodeid: 1, insize: 56, pid: 27285
getattr /
   unique: 4, success, outsize: 120
unique: 6, opcode: LOOKUP (1), nodeid: 1, insize: 56, pid: 27151
LOOKUP /smallfile.00.00
getattr /smallfile.00.00
   NODEID: 2
   unique: 6, success, outsize: 144
unique: 8, opcode: LOOKUP (1), nodeid: 1, insize: 56, pid: 27151
LOOKUP /smallfile.00.09
getattr /smallfile.00.09
   NODEID: 3
   unique: 8, success, outsize: 144
unique: 10, opcode: LOOKUP (1), nodeid: 1, insize: 56, pid: 27151
LOOKUP /smallfile.03.04
getattr /smallfile.03.04
   NODEID: 4
   unique: 10, success, outsize: 144
unique: 12, opcode: LOOKUP (1), nodeid: 1, insize: 56, pid: 27151
LOOKUP /smallfile.05.00
getattr /smallfile.05.00
   NODEID: 5
   unique: 12, success, outsize: 144
unique: 14, opcode: LOOKUP (1), nodeid: 1, insize: 56, pid: 27151
LOOKUP /smallfile.07.15
getattr /smallfile.07.15
   NODEID: 6
   unique: 14, success, outsize: 144
unique: 16, opcode: LOOKUP (1), nodeid: 1, insize: 60, pid: 27151
LOOKUP /file_does_not_exist
getattr /file_does_not_exist
   unique: 16, error: -2 (No such file or directory), outsize: 16
FUSE library version: 2.9.9
nullpath_ok: 0
nopath: 0
utime_omit_ok: 0
unique: 2, opcode: INIT (26), nodeid: 0, insize: 56, pid: 0
INIT: 7.34
flags=0x33fffffb
max_readahead=0x00020000
   INIT: 7.19
   flags=0x00000011
   max_readahead=0x00020000
   max_write=0x00001000
   max_background=0
   congestion_threshold=0
   unique: 2, success, outsize: 40
unique: 4, opcode: GETATTR (3), nodeid: 1, insize: 56, pid: 33213
getattr /
   unique: 4, success, outsize: 120
unique: 6, opcode: LOOKUP (1), nodeid: 1, insize: 56, pid: 33049
LOOKUP /smallfile.00.00
getattr /smallfile.00.00
   NODEID: 2
   unique: 6, success, outsize: 144
unique: 8, opcode: LOOKUP (1), nodeid: 1, insize: 56, pid: 33049
LOOKUP /smallfile.00.09
getattr /smallfile.00.09
   NODEID: 3
   unique: 8, success, outsize: 144
unique: 10, opcode: LOOKUP (1), nodeid: 1, insize: 56, pid: 33049
LOOKUP /smallfile.03.04
getattr /smallfile.03.04
   NODEID: 4
   unique: 10, success, outsize: 144
unique: 12, opcode: LOOKUP (1), nodeid: 1, insize: 56, pid: 33049
LOOKUP /smallfile.05.00
getattr /smallfile.05.00
   NODEID: 5
   unique: 12, success, outsize: 144
unique: 14, opcode: LOOKUP (1), nodeid: 1, insize: 56, pid: 33049
LOOKUP /smallfile.07.15
getattr /smallfile.07.15
   NODEID: 6
   unique: 14, success, outsize: 144
unique: 16, opcode: LOOKUP (1), nodeid: 1, insize: 60, pid: 33049
LOOKUP /file_does_not_exist
getattr /file_does_not_exist
   unique: 16, error: -2 (No such file or directory), outsize: 16
FUSE library version: 2.9.9
nullpath_ok: 0
nopath: 0
utime_omit_ok: 0
unique: 2, opcode: INIT (26), nodeid: 0, insize: 56, pid: 0
INIT: 7.34
flags=0x33fffffb
max_readahead=0x00020000
   INIT: 7.19
   flags=0x00000011
   max_readahead=0x00020000
   max_write=0x00001000
   max_background=0
   congestion_threshold=0
   unique: 2, success, outsize: 40
unique: 4, opcode: GETATTR (3), nodeid: 1, insize: 56, pid: 35274
getattr /
   unique: 4, success, outsize: 120
unique: 6, opcode: LOOKUP (1), nodeid: 1, insize: 56, pid: 35202
LOOKUP /smallfile.00.00
getattr /smallfile.00.00
   NODEID: 2
   unique: 6, success, outsize: 144
unique: 8, opcode: LOOKUP (1), nodeid: 1, insize: 56, pid: 35202
LOOKUP /smallfile.00.09
getattr /smallfile.00.09
   NODEID: 3
   unique: 8, success, outsize: 144
unique: 10, opcode: LOOKUP (1), nodeid: 1, insize: 56, pid: 35202
LOOKUP /smallfile.03.04
getattr /smallfile.03.04
   NODEID: 4
   unique: 10, success, outsize: 144
unique: 12, opcode: LOOKUP (1), nodeid: 1, insize: 56, pid: 35202
LOOKUP /smallfile.05.00
getattr /smallfile.05.00
   NODEID: 5
   unique: 12, success, outsize: 144
unique: 14, opcode: LOOKUP (1), nodeid: 1, insize: 56, pid: 35202
LOOKUP /smallfile.07.15
getattr /smallfile.07.15
   NODEID: 6
   unique: 14, success, outsize: 144
unique: 16, opcode: LOOKUP (1), nodeid: 1, insize: 60, pid: 35202
LOOKUP /file_does_not_exist
getattr /file_does_not_exist
   unique: 16, error: -2 (No such file or directory), outsize: 16
FUSE library version: 2.9.9
nullpath_ok: 0
nopath: 0
utime_omit_ok: 0
unique: 2, opcode: INIT (26), nodeid: 0, insize: 56, pid: 0
INIT: 7.34
flags=0x33fffffb
max_readahead=0x00020000
   INIT: 7.19
   flags=0x00000011
   max_readahead=0x00020000
   max_write=0x00001000
   max_background=0
   congestion_threshold=0
   unique: 2, success, outsize: 40
unique: 4, opcode: GETATTR (3), nodeid: 1, insize: 56, pid: 53327
getattr /
   unique: 4, success, outsize: 120
unique: 6, opcode: LOOKUP (1), nodeid: 1, insize: 56, pid: 53252
LOOKUP /smallfile.00.00
getattr /smallfile.00.00
   NODEID: 2
   unique: 6, success, outsize: 144
unique: 8, opcode: LOOKUP (1), nodeid: 1, insize: 56, pid: 53252
LOOKUP /smallfile.00.09
getattr /smallfile.00.09
   NODEID: 3
   unique: 8, success, outsize: 144
unique: 10, opcode: LOOKUP (1), nodeid: 1, insize: 56, pid: 53252
LOOKUP /smallfile.03.04
getattr /smallfile.03.04
   NODEID: 4
   unique: 10, success, outsize: 144
unique: 12, opcode: LOOKUP (1), nodeid: 1, insize: 56, pid: 53252
LOOKUP /smallfile.05.00
getattr /smallfile.05.00
   NODEID: 5
   unique: 12, success, outsize: 144
unique: 14, opcode: LOOKUP (1), nodeid: 1, insize: 56, pid: 53252
LOOKUP /smallfile.07.15
getattr /smallfile.07.15
   NODEID: 6
   unique: 14, success, outsize: 144
unique: 16, opcode: LOOKUP (1), nodeid: 1, insize: 60, pid: 53252
LOOKUP /file_does_not_exist
getattr /file_does_not_exist
   unique: 16, error: -2 (No such file or directory), outsize: 16
FUSE library version: 2.9.9
nullpath_ok: 0
nopath: 0
utime_omit_ok: 0
unique: 2, opcode: INIT (26), nodeid: 0, insize: 56, pid: 0
INIT: 7.34
flags=0x33fffffb
max_readahead=0x00020000
   INIT: 7.19
   flags=0x00000011
   max_readahead=0x00020000
   max_write=0x00001000
   max_background=0
   congestion_threshold=0
   unique: 2, success, outsize: 40
unique: 4, opcode: GETATTR (3), nodeid: 1, insize: 56, pid: 62053
getattr /
   unique: 4, success, outsize: 120
unique: 6, opcode: LOOKUP (1), nodeid: 1, insize: 56, pid: 61884
LOOKUP /smallfile.00.00
getattr /smallfile.00.00
   NODEID: 2
   unique: 6, success, outsize: 144
unique: 8, opcode: LOOKUP (1), nodeid: 1, insize: 56, pid: 61884
LOOKUP /smallfile.00.09
getattr /smallfile.00.09
   NODEID: 3
   unique: 8, success, outsize: 144
unique: 10, opcode: LOOKUP (1), nodeid: 1, insize: 56, pid: 61884
LOOKUP /smallfile.03.04
getattr /smallfile.03.04
   NODEID: 4
   unique: 10, success, outsize: 144
unique: 12, opcode: LOOKUP (1), nodeid: 1, insize: 56, pid: 61884
LOOKUP /smallfile.05.00
getattr /smallfile.05.00
   NODEID: 5
   unique: 12, success, outsize: 144
unique: 14, opcode: LOOKUP (1), nodeid: 1, insize: 56, pid: 61884
LOOKUP /smallfile.07.15
getattr /smallfile.07.15
   NODEID: 6
   unique: 14, success, outsize: 144
unique: 16, opcode: LOOKUP (1), nodeid: 1, insize: 60, pid: 61884
LOOKUP /file_does_not_exist
getattr /file_does_not_exist
   unique: 16, error: -2 (No such file or directory), outsize: 16
FUSE library version: 2.9.9
nullpath_ok: 0
nopath: 0
utime_omit_ok: 0
unique: 2, opcode: INIT (26), nodeid: 0, insize: 56, pid: 0
INIT: 7.34
flags=0x33fffffb
max_readahead=0x00020000
   INIT: 7.19
   flags=0x00000011
   max_readahead=0x00020000
   max_write=0x00001000
   max_background=0
   congestion_threshold=0
   unique: 2, success, outsize: 40
unique: 4, opcode: GETATTR (3), nodeid: 1, insize: 56, pid: 5056
getattr /
   unique: 4, success, outsize: 120
unique: 6, opcode: LOOKUP (1), nodeid: 1, insize: 56, pid: 4901
LOOKUP /smallfile.00.00
getattr /smallfile.00.00
   NODEID: 2
   unique: 6, success, outsize: 144
unique: 8, opcode: LOOKUP (1), nodeid: 1, insize: 56, pid: 4901
LOOKUP /smallfile.00.09
getattr /smallfile.00.09
   NODEID: 3
   unique: 8, success, outsize: 144
unique: 10, opcode: LOOKUP (1), nodeid: 1, insize: 56, pid: 4901
LOOKUP /smallfile.03.04
getattr /smallfile.03.04
   NODEID: 4
   unique: 10, success, outsize: 144
unique: 12, opcode: LOOKUP (1), nodeid: 1, insize: 56, pid: 4901
LOOKUP /smallfile.05.00
getattr /smallfile.05.00
   NODEID: 5
   unique: 12, success, outsize: 144
unique: 14, opcode: LOOKUP (1), nodeid: 1, insize: 56, pid: 4901
LOOKUP /smallfile.07.15
getattr /smallfile.07.15
   NODEID: 6
   unique: 14, success, outsize: 144
unique: 16, opcode: LOOKUP (1), nodeid: 1, insize: 60, pid: 4901
LOOKUP /file_does_not_exist
getattr /file_does_not_exist
   unique: 16, error: -2 (No such file or directory), outsize: 16
FUSE library version: 2.9.9
nullpath_ok: 0
nopath: 0
utime_omit_ok: 0
unique: 2, opcode: INIT (26), nodeid: 0, insize: 56, pid: 0
INIT: 7.34
flags=0x33fffffb
max_readahead=0x00020000
   INIT: 7.19
   flags=0x00000011
   max_readahead=0x00020000
   max_write=0x00001000
   max_background=0
   congestion_threshold=0
   unique: 2, success, outsize: 40
unique: 4, opcode: GETATTR (3), nodeid: 1, insize: 56, pid: 8110
getattr /
   unique: 4, success, outsize: 120
unique: 6, opcode: LOOKUP (1), nodeid: 1, insize: 56, pid: 8005
LOOKUP /smallfile.00.00
getattr /smallfile.00.00
   NODEID: 2
   unique: 6, success, outsize: 144
unique: 8, opcode: LOOKUP (1), nodeid: 1, insize: 56, pid: 8005
LOOKUP /smallfile.00.09
getattr /smallfile.00.09
   NODEID: 3
   unique: 8, success, outsize: 144
unique: 10, opcode: LOOKUP (1), nodeid: 1, insize: 56, pid: 8005
LOOKUP /smallfile.03.04
getattr /smallfile.03.04
   NODEID: 4
   unique: 10, success, outsize: 144
unique: 12, opcode: LOOKUP (1), nodeid: 1, insize: 56, pid: 8005
LOOKUP /smallfile.05.00
getattr /smallfile.05.00
   NODEID: 5
   unique: 12, success, outsize: 144
unique: 14, opcode: LOOKUP (1), nodeid: 1, insize: 56, pid: 8005
LOOKUP /smallfile.07.15
getattr /smallfile.07.15
   NODEID: 6
   unique: 14, success, outsize: 144
unique: 16, opcode: LOOKUP (1), nodeid: 1, insize: 60, pid: 8005
LOOKUP /file_does_not_exist
getattr /file_does_not_exist
   unique: 16, error: -2 (No such file or directory), outsize: 16
FUSE library version: 2.9.9
nullpath_ok: 0
nopath: 0
utime_omit_ok: 0
unique: 2, opcode: INIT (26), nodeid: 0, insize: 56, pid: 0
INIT: 7.34
flags=0x33fffffb
max_readahead=0x00020000
   INIT: 7.19
   flags=0x00000011
   max_readahead=0x00020000
   max_write=0x00001000
   max_background=0
   congestion_threshold=0
   unique: 2, success, outsize: 40
unique: 4, opcode: GETATTR (3), nodeid: 1, insize: 56, pid: 39710
getattr /
   unique: 4, success, outsize: 120
unique: 6, opcode: LOOKUP (1), nodeid: 1, insize: 56, pid: 39638
LOOKUP /smallfile.00.00
getattr /smallfile.00.00
   NODEID: 2
   unique: 6, success, outsize: 144
unique: 8, opcode: LOOKUP (1), nodeid: 1, insize: 56, pid: 39638
LOOKUP /smallfile.00.09
getattr /smallfile.00.09
   NODEID: 3
   unique: 8, success, outsize: 144
unique: 10, opcode: LOOKUP (1), nodeid: 1, insize: 56, pid: 39638
LOOKUP /smallfile.03.04
getattr /smallfile.03.04
   NODEID: 4
   unique: 10, success, outsize: 144
unique: 12, opcode: LOOKUP (1), nodeid: 1, insize: 56, pid: 39638
LOOKUP /smallfile.05.00
getattr /smallfile.05.00
   NODEID: 5
   unique: 12, success, outsize: 144
unique: 14, opcode: LOOKUP (1), nodeid: 1, insize: 56, pid: 39638
LOOKUP /smallfile.07.15
getattr /smallfile.07.15
   NODEID: 6
   unique: 14, success, outsize: 144
unique: 16, opcode: LOOKUP (1), nodeid: 1, insize: 60, pid: 39638
LOOKUP /file_does_not_exist
getattr /file_does_not_exist
   unique: 16, error: -2 (No such file or directory), outsize: 16
FUSE library version: 2.9.9
nullpath_ok: 0
nopath: 0
utime_omit_ok: 0
unique: 2, opcode: INIT (26), nodeid: 0, insize: 56, pid: 0
INIT: 7.34
flags=0x33fffffb
max_readahead=0x00020000
   INIT: 7.19
   flags=0x00000011
   max_readahead=0x00020000
   max_write=0x00001000
   max_background=0
   congestion_threshold=0
   unique: 2, success, outsize: 40
unique: 4, opcode: GETATTR (3), nodeid: 1, insize: 56, pid: 4780
getattr /
   unique: 4, success, outsize: 120
unique: 6, opcode: LOOKUP (1), nodeid: 1, insize: 56, pid: 4690
LOOKUP /smallfile.00.00
getattr /smallfile.00.00
   NODEID: 2
   unique: 6, success, outsize: 144
unique: 8, opcode: LOOKUP (1), nodeid: 1, insize: 56, pid: 4690
LOOKUP /smallfile.00.09
getattr /smallfile.00.09
   NODEID: 3
   unique: 8, success, outsize: 144
unique: 10, opcode: LOOKUP (1), nodeid: 1, insize: 56, pid: 4690
LOOKUP /smallfile.03.04
getattr /smallfile.03.04
   NODEID: 4
   unique: 10, success, outsize: 144
unique: 12, opcode: LOOKUP (1), nodeid: 1, insize: 56, pid: 4690
LOOKUP /smallfile.05.00
getattr /smallfile.05.00
   NODEID: 5
   unique: 12, success, outsize: 144
unique: 14, opcode: LOOKUP (1), nodeid: 1, insize: 56, pid: 4690
LOOKUP /smallfile.07.15
getattr /smallfile.07.15
   NODEID: 6
   unique: 14, success, outsize: 144
unique: 16, opcode: LOOKUP (1), nodeid: 1, insize: 60, pid: 4690
LOOKUP /file_does_not_exist
getattr /file_does_not_exist
   unique: 16, error: -2 (No such file or directory), outsize: 16
