FUSE library version: 2.9.9
nullpath_ok: 0
nopath: 0
utime_omit_ok: 0
unique: 2, opcode: INIT (26), nodeid: 0, insize: 56, pid: 0
INIT: 7.34
flags=0x33fffffb
max_readahead=0x00020000
   INIT: 7.19
   flags=0x00000011
   max_readahead=0x00020000
   max_write=0x00001000
   max_background=0
   congestion_threshold=0
   unique: 2, success, outsize: 40
unique: 4, opcode: GETATTR (3), nodeid: 1, insize: 56, pid: 53647
getattr /
   unique: 4, success, outsize: 120
unique: 6, opcode: ACCESS (34), nodeid: 1, insize: 48, pid: 53228
   unique: 6, error: -38 (Function not implemented), outsize: 16
unique: 8, opcode: LOOKUP (1), nodeid: 1, insize: 56, pid: 53649
LOOKUP /shake-short.txt
getattr /shake-short.txt
   NODEID: 2
   unique: 8, success, outsize: 144
unique: 10, opcode: OPEN (14), nodeid: 2, insize: 48, pid: 53649
   unique: 10, success, outsize: 32
unique: 12, opcode: IOCTL (39), nodeid: 2, insize: 72, pid: 53649
   unique: 12, success, outsize: 32
unique: 14, opcode: IOCTL (39), nodeid: 2, insize: 72, pid: 53649
   unique: 14, success, outsize: 32
unique: 16, opcode: READ (15), nodeid: 2, insize: 80, pid: 53649
read[0] 4096 bytes from 0 flags: 0x8000
   unique: 16, error: -38 (Function not implemented), outsize: 16
unique: 18, opcode: READ (15), nodeid: 2, insize: 80, pid: 53649
read[0] 4096 bytes from 4096 flags: 0x8000
   unique: 18, error: -38 (Function not implemented), outsize: 16
unique: 20, opcode: READ (15), nodeid: 2, insize: 80, pid: 53649
read[0] 4096 bytes from 8192 flags: 0x8000
   unique: 20, error: -38 (Function not implemented), outsize: 16
unique: 22, opcode: READ (15), nodeid: 2, insize: 80, pid: 53649
read[0] 4096 bytes from 12288 flags: 0x8000
   unique: 22, error: -38 (Function not implemented), outsize: 16
unique: 24, opcode: READ (15), nodeid: 2, insize: 80, pid: 53649
read[0] 4096 bytes from 0 flags: 0x8000
   unique: 24, error: -38 (Function not implemented), outsize: 16
unique: 26, opcode: FLUSH (25), nodeid: 2, insize: 64, pid: 53649
   unique: 26, error: -38 (Function not implemented), outsize: 16
unique: 28, opcode: RELEASE (18), nodeid: 2, insize: 64, pid: 0
   unique: 28, success, outsize: 16
FUSE library version: 2.9.9
nullpath_ok: 0
nopath: 0
utime_omit_ok: 0
unique: 2, opcode: INIT (26), nodeid: 0, insize: 56, pid: 0
INIT: 7.34
flags=0x33fffffb
max_readahead=0x00020000
   INIT: 7.19
   flags=0x00000011
   max_readahead=0x00020000
   max_write=0x00001000
   max_background=0
   congestion_threshold=0
   unique: 2, success, outsize: 40
unique: 4, opcode: GETATTR (3), nodeid: 1, insize: 56, pid: 43019
getattr /
   unique: 4, success, outsize: 120
unique: 6, opcode: ACCESS (34), nodeid: 1, insize: 48, pid: 42762
   unique: 6, error: -38 (Function not implemented), outsize: 16
unique: 8, opcode: LOOKUP (1), nodeid: 1, insize: 56, pid: 43021
LOOKUP /shake-short.txt
getattr /shake-short.txt
   NODEID: 2
   unique: 8, success, outsize: 144
unique: 10, opcode: OPEN (14), nodeid: 2, insize: 48, pid: 43021
   unique: 10, success, outsize: 32
unique: 12, opcode: IOCTL (39), nodeid: 2, insize: 72, pid: 43021
   unique: 12, success, outsize: 32
unique: 14, opcode: IOCTL (39), nodeid: 2, insize: 72, pid: 43021
   unique: 14, success, outsize: 32
unique: 16, opcode: READ (15), nodeid: 2, insize: 80, pid: 43021
read[0] 4096 bytes from 0 flags: 0x8000
   unique: 16, error: -38 (Function not implemented), outsize: 16
unique: 18, opcode: READ (15), nodeid: 2, insize: 80, pid: 43021
read[0] 4096 bytes from 4096 flags: 0x8000
   unique: 18, error: -38 (Function not implemented), outsize: 16
unique: 20, opcode: READ (15), nodeid: 2, insize: 80, pid: 43021
read[0] 4096 bytes from 8192 flags: 0x8000
   unique: 20, error: -38 (Function not implemented), outsize: 16
unique: 22, opcode: READ (15), nodeid: 2, insize: 80, pid: 43021
read[0] 4096 bytes from 12288 flags: 0x8000
   unique: 22, error: -38 (Function not implemented), outsize: 16
unique: 24, opcode: READ (15), nodeid: 2, insize: 80, pid: 43021
read[0] 4096 bytes from 0 flags: 0x8000
   unique: 24, error: -38 (Function not implemented), outsize: 16
unique: 26, opcode: FLUSH (25), nodeid: 2, insize: 64, pid: 43021
   unique: 26, error: -38 (Function not implemented), outsize: 16
unique: 28, opcode: RELEASE (18), nodeid: 2, insize: 64, pid: 0
   unique: 28, success, outsize: 16
FUSE library version: 2.9.9
nullpath_ok: 0
nopath: 0
utime_omit_ok: 0
unique: 2, opcode: INIT (26), nodeid: 0, insize: 56, pid: 0
INIT: 7.34
flags=0x33fffffb
max_readahead=0x00020000
   INIT: 7.19
   flags=0x00000011
   max_readahead=0x00020000
   max_write=0x00001000
   max_background=0
   congestion_threshold=0
   unique: 2, success, outsize: 40
unique: 4, opcode: GETATTR (3), nodeid: 1, insize: 56, pid: 6079
getattr /
   unique: 4, success, outsize: 120
unique: 6, opcode: ACCESS (34), nodeid: 1, insize: 48, pid: 5601
   unique: 6, error: -38 (Function not implemented), outsize: 16
unique: 8, opcode: LOOKUP (1), nodeid: 1, insize: 56, pid: 6082
LOOKUP /shake-short.txt
getattr /shake-short.txt
   NODEID: 2
   unique: 8, success, outsize: 144
unique: 10, opcode: OPEN (14), nodeid: 2, insize: 48, pid: 6082
   unique: 10, success, outsize: 32
unique: 12, opcode: IOCTL (39), nodeid: 2, insize: 72, pid: 6082
   unique: 12, success, outsize: 32
unique: 14, opcode: IOCTL (39), nodeid: 2, insize: 72, pid: 6082
   unique: 14, success, outsize: 32
unique: 16, opcode: READ (15), nodeid: 2, insize: 80, pid: 6082
read[0] 4096 bytes from 0 flags: 0x8000
   unique: 16, error: -38 (Function not implemented), outsize: 16
unique: 18, opcode: READ (15), nodeid: 2, insize: 80, pid: 6082
read[0] 4096 bytes from 4096 flags: 0x8000
   unique: 18, error: -38 (Function not implemented), outsize: 16
unique: 20, opcode: READ (15), nodeid: 2, insize: 80, pid: 6082
read[0] 4096 bytes from 8192 flags: 0x8000
   unique: 20, error: -38 (Function not implemented), outsize: 16
unique: 22, opcode: READ (15), nodeid: 2, insize: 80, pid: 6082
read[0] 4096 bytes from 12288 flags: 0x8000
   unique: 22, error: -38 (Function not implemented), outsize: 16
unique: 24, opcode: READ (15), nodeid: 2, insize: 80, pid: 6082
read[0] 4096 bytes from 0 flags: 0x8000
   unique: 24, error: -38 (Function not implemented), outsize: 16
unique: 26, opcode: FLUSH (25), nodeid: 2, insize: 64, pid: 6082
   unique: 26, error: -38 (Function not implemented), outsize: 16
unique: 28, opcode: RELEASE (18), nodeid: 2, insize: 64, pid: 0
   unique: 28, success, outsize: 16
FUSE library version: 2.9.9
nullpath_ok: 0
nopath: 0
utime_omit_ok: 0
unique: 2, opcode: INIT (26), nodeid: 0, insize: 56, pid: 0
INIT: 7.34
flags=0x33fffffb
max_readahead=0x00020000
   INIT: 7.19
   flags=0x00000011
   max_readahead=0x00020000
   max_write=0x00001000
   max_background=0
   congestion_threshold=0
   unique: 2, success, outsize: 40
unique: 4, opcode: GETATTR (3), nodeid: 1, insize: 56, pid: 33961
getattr /
   unique: 4, success, outsize: 120
unique: 6, opcode: ACCESS (34), nodeid: 1, insize: 48, pid: 33556
   unique: 6, error: -38 (Function not implemented), outsize: 16
unique: 8, opcode: LOOKUP (1), nodeid: 1, insize: 56, pid: 33963
LOOKUP /shake-short.txt
getattr /shake-short.txt
   NODEID: 2
   unique: 8, success, outsize: 144
unique: 10, opcode: OPEN (14), nodeid: 2, insize: 48, pid: 33963
   unique: 10, success, outsize: 32
unique: 12, opcode: IOCTL (39), nodeid: 2, insize: 72, pid: 33963
   unique: 12, success, outsize: 32
unique: 14, opcode: IOCTL (39), nodeid: 2, insize: 72, pid: 33963
   unique: 14, success, outsize: 32
unique: 16, opcode: READ (15), nodeid: 2, insize: 80, pid: 33963
read[0] 4096 bytes from 0 flags: 0x8000
   unique: 16, error: -38 (Function not implemented), outsize: 16
unique: 18, opcode: READ (15), nodeid: 2, insize: 80, pid: 33963
read[0] 4096 bytes from 4096 flags: 0x8000
   unique: 18, error: -38 (Function not implemented), outsize: 16
unique: 20, opcode: READ (15), nodeid: 2, insize: 80, pid: 33963
read[0] 4096 bytes from 8192 flags: 0x8000
   unique: 20, error: -38 (Function not implemented), outsize: 16
unique: 22, opcode: READ (15), nodeid: 2, insize: 80, pid: 33963
read[0] 4096 bytes from 12288 flags: 0x8000
   unique: 22, error: -38 (Function not implemented), outsize: 16
unique: 24, opcode: READ (15), nodeid: 2, insize: 80, pid: 33963
read[0] 4096 bytes from 0 flags: 0x8000
   unique: 24, error: -38 (Function not implemented), outsize: 16
unique: 26, opcode: FLUSH (25), nodeid: 2, insize: 64, pid: 33963
   unique: 26, error: -38 (Function not implemented), outsize: 16
unique: 28, opcode: RELEASE (18), nodeid: 2, insize: 64, pid: 0
   unique: 28, success, outsize: 16
FUSE library version: 2.9.9
nullpath_ok: 0
nopath: 0
utime_omit_ok: 0
unique: 2, opcode: INIT (26), nodeid: 0, insize: 56, pid: 0
INIT: 7.34
flags=0x33fffffb
max_readahead=0x00020000
   INIT: 7.19
   flags=0x00000011
   max_readahead=0x00020000
   max_write=0x00001000
   max_background=0
   congestion_threshold=0
   unique: 2, success, outsize: 40
unique: 4, opcode: GETATTR (3), nodeid: 1, insize: 56, pid: 25844
getattr /
   unique: 4, success, outsize: 120
unique: 6, opcode: ACCESS (34), nodeid: 1, insize: 48, pid: 25620
   unique: 6, error: -38 (Function not implemented), outsize: 16
unique: 8, opcode: LOOKUP (1), nodeid: 1, insize: 56, pid: 25846
LOOKUP /shake-short.txt
getattr /shake-short.txt
   NODEID: 2
   unique: 8, success, outsize: 144
unique: 10, opcode: OPEN (14), nodeid: 2, insize: 48, pid: 25846
   unique: 10, success, outsize: 32
unique: 12, opcode: IOCTL (39), nodeid: 2, insize: 72, pid: 25846
   unique: 12, success, outsize: 32
unique: 14, opcode: IOCTL (39), nodeid: 2, insize: 72, pid: 25846
   unique: 14, success, outsize: 32
unique: 16, opcode: READ (15), nodeid: 2, insize: 80, pid: 25846
read[0] 4096 bytes from 0 flags: 0x8000
   read[0] 4096 bytes from 0
   unique: 16, success, outsize: 4112
unique: 18, opcode: READ (15), nodeid: 2, insize: 80, pid: 25846
read[0] 4096 bytes from 4096 flags: 0x8000
   read[0] 4096 bytes from 4096
   unique: 18, success, outsize: 4112
unique: 20, opcode: READ (15), nodeid: 2, insize: 80, pid: 25846
read[0] 4096 bytes from 8192 flags: 0x8000
   read[0] 4096 bytes from 8192
   unique: 20, success, outsize: 4112
unique: 22, opcode: READ (15), nodeid: 2, insize: 80, pid: 25846
read[0] 4096 bytes from 12288 flags: 0x8000
   read[0] 4096 bytes from 12288
   unique: 22, success, outsize: 4112
unique: 24, opcode: READ (15), nodeid: 2, insize: 80, pid: 25846
read[0] 4096 bytes from 16384 flags: 0x8000
   read[0] 4096 bytes from 16384
   unique: 24, success, outsize: 4112
unique: 26, opcode: READ (15), nodeid: 2, insize: 80, pid: 25846
read[0] 4096 bytes from 20480 flags: 0x8000
   read[0] 0 bytes from 20480
   unique: 26, success, outsize: 16
unique: 28, opcode: FLUSH (25), nodeid: 2, insize: 64, pid: 25846
   unique: 28, error: -38 (Function not implemented), outsize: 16
unique: 30, opcode: RELEASE (18), nodeid: 2, insize: 64, pid: 0
   unique: 30, success, outsize: 16
unique: 32, opcode: OPEN (14), nodeid: 2, insize: 48, pid: 25848
   unique: 32, success, outsize: 32
unique: 34, opcode: GETATTR (3), nodeid: 2, insize: 56, pid: 25848
getattr /shake-short.txt
   unique: 34, success, outsize: 120
unique: 36, opcode: IOCTL (39), nodeid: 2, insize: 72, pid: 25848
   unique: 36, success, outsize: 32
unique: 38, opcode: IOCTL (39), nodeid: 2, insize: 72, pid: 25848
   unique: 38, success, outsize: 32
unique: 40, opcode: READ (15), nodeid: 2, insize: 80, pid: 25848
read[0] 4096 bytes from 8192 flags: 0x8000
   read[0] 4096 bytes from 8192
   unique: 40, success, outsize: 4112
unique: 42, opcode: READ (15), nodeid: 2, insize: 80, pid: 25848
read[0] 4096 bytes from 12288 flags: 0x8000
   read[0] 4096 bytes from 12288
   unique: 42, success, outsize: 4112
unique: 44, opcode: READ (15), nodeid: 2, insize: 80, pid: 25848
read[0] 4096 bytes from 16384 flags: 0x8000
   read[0] 4096 bytes from 16384
   unique: 44, success, outsize: 4112
unique: 46, opcode: RELEASE (18), nodeid: 2, insize: 64, pid: 0
   unique: 46, success, outsize: 16
FUSE library version: 2.9.9
nullpath_ok: 0
nopath: 0
utime_omit_ok: 0
unique: 2, opcode: INIT (26), nodeid: 0, insize: 56, pid: 0
INIT: 7.34
flags=0x33fffffb
max_readahead=0x00020000
   INIT: 7.19
   flags=0x00000011
   max_readahead=0x00020000
   max_write=0x00001000
   max_background=0
   congestion_threshold=0
   unique: 2, success, outsize: 40
unique: 4, opcode: GETATTR (3), nodeid: 1, insize: 56, pid: 2128
getattr /
   unique: 4, success, outsize: 120
unique: 6, opcode: ACCESS (34), nodeid: 1, insize: 48, pid: 1726
   unique: 6, error: -38 (Function not implemented), outsize: 16
unique: 8, opcode: LOOKUP (1), nodeid: 1, insize: 56, pid: 2130
LOOKUP /shake-short.txt
getattr /shake-short.txt
   NODEID: 2
   unique: 8, success, outsize: 144
unique: 10, opcode: OPEN (14), nodeid: 2, insize: 48, pid: 2130
   unique: 10, success, outsize: 32
unique: 12, opcode: IOCTL (39), nodeid: 2, insize: 72, pid: 2130
   unique: 12, success, outsize: 32
unique: 14, opcode: IOCTL (39), nodeid: 2, insize: 72, pid: 2130
   unique: 14, success, outsize: 32
unique: 16, opcode: READ (15), nodeid: 2, insize: 80, pid: 2130
read[0] 4096 bytes from 0 flags: 0x8000
   read[0] 4096 bytes from 0
   unique: 16, success, outsize: 4112
unique: 18, opcode: READ (15), nodeid: 2, insize: 80, pid: 2130
read[0] 4096 bytes from 4096 flags: 0x8000
   read[0] 4096 bytes from 4096
   unique: 18, success, outsize: 4112
unique: 20, opcode: READ (15), nodeid: 2, insize: 80, pid: 2130
read[0] 4096 bytes from 8192 flags: 0x8000
   read[0] 4096 bytes from 8192
   unique: 20, success, outsize: 4112
unique: 22, opcode: READ (15), nodeid: 2, insize: 80, pid: 2130
read[0] 4096 bytes from 12288 flags: 0x8000
   read[0] 4096 bytes from 12288
   unique: 22, success, outsize: 4112
unique: 24, opcode: READ (15), nodeid: 2, insize: 80, pid: 2130
read[0] 4096 bytes from 16384 flags: 0x8000
   read[0] 4096 bytes from 16384
   unique: 24, success, outsize: 4112
unique: 26, opcode: READ (15), nodeid: 2, insize: 80, pid: 2130
read[0] 4096 bytes from 20480 flags: 0x8000
   read[0] 0 bytes from 20480
   unique: 26, success, outsize: 16
unique: 28, opcode: FLUSH (25), nodeid: 2, insize: 64, pid: 2130
   unique: 28, error: -38 (Function not implemented), outsize: 16
unique: 30, opcode: RELEASE (18), nodeid: 2, insize: 64, pid: 0
   unique: 30, success, outsize: 16
unique: 32, opcode: OPEN (14), nodeid: 2, insize: 48, pid: 2133
   unique: 32, success, outsize: 32
unique: 34, opcode: GETATTR (3), nodeid: 2, insize: 56, pid: 2133
getattr /shake-short.txt
   unique: 34, success, outsize: 120
unique: 36, opcode: IOCTL (39), nodeid: 2, insize: 72, pid: 2133
   unique: 36, success, outsize: 32
unique: 38, opcode: IOCTL (39), nodeid: 2, insize: 72, pid: 2133
   unique: 38, success, outsize: 32
unique: 40, opcode: READ (15), nodeid: 2, insize: 80, pid: 2133
read[0] 4096 bytes from 8192 flags: 0x8000
   read[0] 4096 bytes from 8192
   unique: 40, success, outsize: 4112
unique: 42, opcode: READ (15), nodeid: 2, insize: 80, pid: 2133
read[0] 4096 bytes from 12288 flags: 0x8000
   read[0] 4096 bytes from 12288
   unique: 42, success, outsize: 4112
unique: 44, opcode: READ (15), nodeid: 2, insize: 80, pid: 2133
read[0] 4096 bytes from 16384 flags: 0x8000
   read[0] 4096 bytes from 16384
   unique: 44, success, outsize: 4112
unique: 46, opcode: RELEASE (18), nodeid: 2, insize: 64, pid: 0
   unique: 46, success, outsize: 16
FUSE library version: 2.9.9
nullpath_ok: 0
nopath: 0
utime_omit_ok: 0
unique: 2, opcode: INIT (26), nodeid: 0, insize: 56, pid: 0
INIT: 7.34
flags=0x33fffffb
max_readahead=0x00020000
   INIT: 7.19
   flags=0x00000011
   max_readahead=0x00020000
   max_write=0x00001000
   max_background=0
   congestion_threshold=0
   unique: 2, success, outsize: 40
unique: 4, opcode: GETATTR (3), nodeid: 1, insize: 56, pid: 24610
getattr /
   unique: 4, success, outsize: 120
unique: 6, opcode: ACCESS (34), nodeid: 1, insize: 48, pid: 24199
   unique: 6, error: -38 (Function not implemented), outsize: 16
unique: 8, opcode: LOOKUP (1), nodeid: 1, insize: 56, pid: 24612
LOOKUP /shake-short.txt
getattr /shake-short.txt
   NODEID: 2
   unique: 8, success, outsize: 144
unique: 10, opcode: OPEN (14), nodeid: 2, insize: 48, pid: 24612
   unique: 10, success, outsize: 32
unique: 12, opcode: IOCTL (39), nodeid: 2, insize: 72, pid: 24612
   unique: 12, success, outsize: 32
unique: 14, opcode: IOCTL (39), nodeid: 2, insize: 72, pid: 24612
   unique: 14, success, outsize: 32
unique: 16, opcode: READ (15), nodeid: 2, insize: 80, pid: 24612
read[0] 4096 bytes from 0 flags: 0x8000
   read[0] 4096 bytes from 0
   unique: 16, success, outsize: 4112
unique: 18, opcode: READ (15), nodeid: 2, insize: 80, pid: 24612
read[0] 4096 bytes from 4096 flags: 0x8000
   read[0] 4096 bytes from 4096
   unique: 18, success, outsize: 4112
unique: 20, opcode: READ (15), nodeid: 2, insize: 80, pid: 24612
read[0] 4096 bytes from 8192 flags: 0x8000
   read[0] 4096 bytes from 8192
   unique: 20, success, outsize: 4112
unique: 22, opcode: READ (15), nodeid: 2, insize: 80, pid: 24612
read[0] 4096 bytes from 12288 flags: 0x8000
   read[0] 4096 bytes from 12288
   unique: 22, success, outsize: 4112
unique: 24, opcode: READ (15), nodeid: 2, insize: 80, pid: 24612
read[0] 4096 bytes from 16384 flags: 0x8000
   read[0] 4096 bytes from 16384
   unique: 24, success, outsize: 4112
unique: 26, opcode: READ (15), nodeid: 2, insize: 80, pid: 24612
read[0] 4096 bytes from 20480 flags: 0x8000
   read[0] 0 bytes from 20480
   unique: 26, success, outsize: 16
unique: 28, opcode: FLUSH (25), nodeid: 2, insize: 64, pid: 24612
   unique: 28, error: -38 (Function not implemented), outsize: 16
unique: 30, opcode: RELEASE (18), nodeid: 2, insize: 64, pid: 0
   unique: 30, success, outsize: 16
unique: 32, opcode: OPEN (14), nodeid: 2, insize: 48, pid: 24614
   unique: 32, success, outsize: 32
unique: 34, opcode: GETATTR (3), nodeid: 2, insize: 56, pid: 24614
getattr /shake-short.txt
   unique: 34, success, outsize: 120
unique: 36, opcode: IOCTL (39), nodeid: 2, insize: 72, pid: 24614
   unique: 36, success, outsize: 32
unique: 38, opcode: IOCTL (39), nodeid: 2, insize: 72, pid: 24614
   unique: 38, success, outsize: 32
unique: 40, opcode: READ (15), nodeid: 2, insize: 80, pid: 24614
read[0] 4096 bytes from 8192 flags: 0x8000
   read[0] 4096 bytes from 8192
   unique: 40, success, outsize: 4112
unique: 42, opcode: READ (15), nodeid: 2, insize: 80, pid: 24614
read[0] 4096 bytes from 12288 flags: 0x8000
   read[0] 4096 bytes from 12288
   unique: 42, success, outsize: 4112
unique: 44, opcode: READ (15), nodeid: 2, insize: 80, pid: 24614
read[0] 4096 bytes from 16384 flags: 0x8000
   read[0] 4096 bytes from 16384
   unique: 44, success, outsize: 4112
unique: 46, opcode: RELEASE (18), nodeid: 2, insize: 64, pid: 0
   unique: 46, success, outsize: 16
FUSE library version: 2.9.9
nullpath_ok: 0
nopath: 0
utime_omit_ok: 0
unique: 2, opcode: INIT (26), nodeid: 0, insize: 56, pid: 0
INIT: 7.34
flags=0x33fffffb
max_readahead=0x00020000
   INIT: 7.19
   flags=0x00000011
   max_readahead=0x00020000
   max_write=0x00001000
   max_background=0
   congestion_threshold=0
   unique: 2, success, outsize: 40
unique: 4, opcode: GETATTR (3), nodeid: 1, insize: 56, pid: 35816
getattr /
   unique: 4, success, outsize: 120
unique: 6, opcode: ACCESS (34), nodeid: 1, insize: 48, pid: 35529
   unique: 6, error: -38 (Function not implemented), outsize: 16
unique: 8, opcode: LOOKUP (1), nodeid: 1, insize: 56, pid: 35818
LOOKUP /shake-short.txt
getattr /shake-short.txt
   NODEID: 2
   unique: 8, success, outsize: 144
unique: 10, opcode: OPEN (14), nodeid: 2, insize: 48, pid: 35818
   unique: 10, success, outsize: 32
unique: 12, opcode: IOCTL (39), nodeid: 2, insize: 72, pid: 35818
   unique: 12, success, outsize: 32
unique: 14, opcode: IOCTL (39), nodeid: 2, insize: 72, pid: 35818
   unique: 14, success, outsize: 32
unique: 16, opcode: READ (15), nodeid: 2, insize: 80, pid: 35818
read[0] 4096 bytes from 0 flags: 0x8000
   read[0] 4096 bytes from 0
   unique: 16, success, outsize: 4112
unique: 18, opcode: READ (15), nodeid: 2, insize: 80, pid: 35818
read[0] 4096 bytes from 4096 flags: 0x8000
   read[0] 4096 bytes from 4096
   unique: 18, success, outsize: 4112
unique: 20, opcode: READ (15), nodeid: 2, insize: 80, pid: 35818
read[0] 4096 bytes from 8192 flags: 0x8000
   read[0] 4096 bytes from 8192
   unique: 20, success, outsize: 4112
unique: 22, opcode: READ (15), nodeid: 2, insize: 80, pid: 35818
read[0] 4096 bytes from 12288 flags: 0x8000
   read[0] 4096 bytes from 12288
   unique: 22, success, outsize: 4112
unique: 24, opcode: READ (15), nodeid: 2, insize: 80, pid: 35818
read[0] 4096 bytes from 16384 flags: 0x8000
   read[0] 4096 bytes from 16384
   unique: 24, success, outsize: 4112
unique: 26, opcode: READ (15), nodeid: 2, insize: 80, pid: 35818
read[0] 4096 bytes from 20480 flags: 0x8000
   read[0] 0 bytes from 20480
   unique: 26, success, outsize: 16
unique: 28, opcode: FLUSH (25), nodeid: 2, insize: 64, pid: 35818
   unique: 28, error: -38 (Function not implemented), outsize: 16
unique: 30, opcode: RELEASE (18), nodeid: 2, insize: 64, pid: 0
   unique: 30, success, outsize: 16
unique: 32, opcode: OPEN (14), nodeid: 2, insize: 48, pid: 35820
   unique: 32, success, outsize: 32
unique: 34, opcode: GETATTR (3), nodeid: 2, insize: 56, pid: 35820
getattr /shake-short.txt
   unique: 34, success, outsize: 120
unique: 36, opcode: IOCTL (39), nodeid: 2, insize: 72, pid: 35820
   unique: 36, success, outsize: 32
unique: 38, opcode: IOCTL (39), nodeid: 2, insize: 72, pid: 35820
   unique: 38, success, outsize: 32
unique: 40, opcode: READ (15), nodeid: 2, insize: 80, pid: 35820
read[0] 4096 bytes from 8192 flags: 0x8000
   read[0] 4096 bytes from 8192
   unique: 40, success, outsize: 4112
unique: 42, opcode: READ (15), nodeid: 2, insize: 80, pid: 35820
read[0] 4096 bytes from 12288 flags: 0x8000
   read[0] 4096 bytes from 12288
   unique: 42, success, outsize: 4112
unique: 44, opcode: READ (15), nodeid: 2, insize: 80, pid: 35820
read[0] 4096 bytes from 16384 flags: 0x8000
   read[0] 4096 bytes from 16384
   unique: 44, success, outsize: 4112
unique: 46, opcode: RELEASE (18), nodeid: 2, insize: 64, pid: 0
   unique: 46, success, outsize: 16
FUSE library version: 2.9.9
nullpath_ok: 0
nopath: 0
utime_omit_ok: 0
unique: 2, opcode: INIT (26), nodeid: 0, insize: 56, pid: 0
INIT: 7.34
flags=0x33fffffb
max_readahead=0x00020000
   INIT: 7.19
   flags=0x00000011
   max_readahead=0x00020000
   max_write=0x00001000
   max_background=0
   congestion_threshold=0
   unique: 2, success, outsize: 40
unique: 4, opcode: GETATTR (3), nodeid: 1, insize: 56, pid: 41142
getattr /
   unique: 4, success, outsize: 120
unique: 6, opcode: ACCESS (34), nodeid: 1, insize: 48, pid: 40899
   unique: 6, error: -38 (Function not implemented), outsize: 16
unique: 8, opcode: LOOKUP (1), nodeid: 1, insize: 56, pid: 41144
LOOKUP /shake-short.txt
getattr /shake-short.txt
   NODEID: 2
   unique: 8, success, outsize: 144
unique: 10, opcode: OPEN (14), nodeid: 2, insize: 48, pid: 41144
   unique: 10, success, outsize: 32
unique: 12, opcode: IOCTL (39), nodeid: 2, insize: 72, pid: 41144
   unique: 12, success, outsize: 32
unique: 14, opcode: IOCTL (39), nodeid: 2, insize: 72, pid: 41144
   unique: 14, success, outsize: 32
unique: 16, opcode: READ (15), nodeid: 2, insize: 80, pid: 41144
read[0] 4096 bytes from 0 flags: 0x8000
   read[0] 4096 bytes from 0
   unique: 16, success, outsize: 4112
unique: 18, opcode: READ (15), nodeid: 2, insize: 80, pid: 41144
read[0] 4096 bytes from 4096 flags: 0x8000
   read[0] 4096 bytes from 4096
   unique: 18, success, outsize: 4112
unique: 20, opcode: READ (15), nodeid: 2, insize: 80, pid: 41144
read[0] 4096 bytes from 8192 flags: 0x8000
   read[0] 4096 bytes from 8192
   unique: 20, success, outsize: 4112
unique: 22, opcode: READ (15), nodeid: 2, insize: 80, pid: 41144
read[0] 4096 bytes from 12288 flags: 0x8000
   read[0] 4096 bytes from 12288
   unique: 22, success, outsize: 4112
unique: 24, opcode: READ (15), nodeid: 2, insize: 80, pid: 41144
read[0] 4096 bytes from 16384 flags: 0x8000
   read[0] 4096 bytes from 16384
   unique: 24, success, outsize: 4112
unique: 26, opcode: READ (15), nodeid: 2, insize: 80, pid: 41144
read[0] 4096 bytes from 20480 flags: 0x8000
   read[0] 0 bytes from 20480
   unique: 26, success, outsize: 16
unique: 28, opcode: FLUSH (25), nodeid: 2, insize: 64, pid: 41144
   unique: 28, error: -38 (Function not implemented), outsize: 16
unique: 30, opcode: RELEASE (18), nodeid: 2, insize: 64, pid: 0
   unique: 30, success, outsize: 16
unique: 32, opcode: OPEN (14), nodeid: 2, insize: 48, pid: 41146
   unique: 32, success, outsize: 32
unique: 34, opcode: GETATTR (3), nodeid: 2, insize: 56, pid: 41146
getattr /shake-short.txt
   unique: 34, success, outsize: 120
unique: 36, opcode: IOCTL (39), nodeid: 2, insize: 72, pid: 41146
   unique: 36, success, outsize: 32
unique: 38, opcode: IOCTL (39), nodeid: 2, insize: 72, pid: 41146
   unique: 38, success, outsize: 32
unique: 40, opcode: READ (15), nodeid: 2, insize: 80, pid: 41146
read[0] 4096 bytes from 8192 flags: 0x8000
   read[0] 4096 bytes from 8192
   unique: 40, success, outsize: 4112
unique: 42, opcode: READ (15), nodeid: 2, insize: 80, pid: 41146
read[0] 4096 bytes from 12288 flags: 0x8000
   read[0] 4096 bytes from 12288
   unique: 42, success, outsize: 4112
unique: 44, opcode: READ (15), nodeid: 2, insize: 80, pid: 41146
read[0] 4096 bytes from 16384 flags: 0x8000
   read[0] 4096 bytes from 16384
   unique: 44, success, outsize: 4112
unique: 46, opcode: RELEASE (18), nodeid: 2, insize: 64, pid: 0
   unique: 46, success, outsize: 16
FUSE library version: 2.9.9
nullpath_ok: 0
nopath: 0
utime_omit_ok: 0
unique: 2, opcode: INIT (26), nodeid: 0, insize: 56, pid: 0
INIT: 7.34
flags=0x33fffffb
max_readahead=0x00020000
   INIT: 7.19
   flags=0x00000011
   max_readahead=0x00020000
   max_write=0x00001000
   max_background=0
   congestion_threshold=0
   unique: 2, success, outsize: 40
unique: 4, opcode: GETATTR (3), nodeid: 1, insize: 56, pid: 50023
getattr /
   unique: 4, success, outsize: 120
unique: 6, opcode: ACCESS (34), nodeid: 1, insize: 48, pid: 49785
   unique: 6, error: -38 (Function not implemented), outsize: 16
unique: 8, opcode: LOOKUP (1), nodeid: 1, insize: 56, pid: 50025
LOOKUP /shake-short.txt
getattr /shake-short.txt
   NODEID: 2
   unique: 8, success, outsize: 144
unique: 10, opcode: OPEN (14), nodeid: 2, insize: 48, pid: 50025
   unique: 10, success, outsize: 32
unique: 12, opcode: IOCTL (39), nodeid: 2, insize: 72, pid: 50025
   unique: 12, success, outsize: 32
unique: 14, opcode: IOCTL (39), nodeid: 2, insize: 72, pid: 50025
   unique: 14, success, outsize: 32
unique: 16, opcode: READ (15), nodeid: 2, insize: 80, pid: 50025
read[0] 4096 bytes from 0 flags: 0x8000
   read[0] 4096 bytes from 0
   unique: 16, success, outsize: 4112
unique: 18, opcode: READ (15), nodeid: 2, insize: 80, pid: 50025
read[0] 4096 bytes from 4096 flags: 0x8000
   read[0] 4096 bytes from 4096
   unique: 18, success, outsize: 4112
unique: 20, opcode: READ (15), nodeid: 2, insize: 80, pid: 50025
read[0] 4096 bytes from 8192 flags: 0x8000
   read[0] 4096 bytes from 8192
   unique: 20, success, outsize: 4112
unique: 22, opcode: READ (15), nodeid: 2, insize: 80, pid: 50025
read[0] 4096 bytes from 12288 flags: 0x8000
   read[0] 4096 bytes from 12288
   unique: 22, success, outsize: 4112
unique: 24, opcode: READ (15), nodeid: 2, insize: 80, pid: 50025
read[0] 4096 bytes from 16384 flags: 0x8000
   read[0] 4096 bytes from 16384
   unique: 24, success, outsize: 4112
unique: 26, opcode: READ (15), nodeid: 2, insize: 80, pid: 50025
read[0] 4096 bytes from 20480 flags: 0x8000
   read[0] 0 bytes from 20480
   unique: 26, success, outsize: 16
unique: 28, opcode: FLUSH (25), nodeid: 2, insize: 64, pid: 50025
   unique: 28, error: -38 (Function not implemented), outsize: 16
unique: 30, opcode: RELEASE (18), nodeid: 2, insize: 64, pid: 0
   unique: 30, success, outsize: 16
unique: 32, opcode: OPEN (14), nodeid: 2, insize: 48, pid: 50027
   unique: 32, success, outsize: 32
unique: 34, opcode: GETATTR (3), nodeid: 2, insize: 56, pid: 50027
getattr /shake-short.txt
   unique: 34, success, outsize: 120
unique: 36, opcode: IOCTL (39), nodeid: 2, insize: 72, pid: 50027
   unique: 36, success, outsize: 32
unique: 38, opcode: IOCTL (39), nodeid: 2, insize: 72, pid: 50027
   unique: 38, success, outsize: 32
unique: 40, opcode: READ (15), nodeid: 2, insize: 80, pid: 50027
read[0] 4096 bytes from 8192 flags: 0x8000
   read[0] 4096 bytes from 8192
   unique: 40, success, outsize: 4112
unique: 42, opcode: READ (15), nodeid: 2, insize: 80, pid: 50027
read[0] 4096 bytes from 12288 flags: 0x8000
   read[0] 4096 bytes from 12288
   unique: 42, success, outsize: 4112
unique: 44, opcode: READ (15), nodeid: 2, insize: 80, pid: 50027
read[0] 4096 bytes from 16384 flags: 0x8000
   read[0] 4096 bytes from 16384
   unique: 44, success, outsize: 4112
unique: 46, opcode: RELEASE (18), nodeid: 2, insize: 64, pid: 0
   unique: 46, success, outsize: 16
FUSE library version: 2.9.9
nullpath_ok: 0
nopath: 0
utime_omit_ok: 0
unique: 2, opcode: INIT (26), nodeid: 0, insize: 56, pid: 0
INIT: 7.34
flags=0x33fffffb
max_readahead=0x00020000
   INIT: 7.19
   flags=0x00000011
   max_readahead=0x00020000
   max_write=0x00001000
   max_background=0
   congestion_threshold=0
   unique: 2, success, outsize: 40
unique: 4, opcode: GETATTR (3), nodeid: 1, insize: 56, pid: 53753
getattr /
   unique: 4, success, outsize: 120
unique: 6, opcode: ACCESS (34), nodeid: 1, insize: 48, pid: 53528
   unique: 6, error: -38 (Function not implemented), outsize: 16
unique: 8, opcode: LOOKUP (1), nodeid: 1, insize: 56, pid: 53755
LOOKUP /shake-short.txt
getattr /shake-short.txt
   NODEID: 2
   unique: 8, success, outsize: 144
unique: 10, opcode: OPEN (14), nodeid: 2, insize: 48, pid: 53755
   unique: 10, success, outsize: 32
unique: 12, opcode: IOCTL (39), nodeid: 2, insize: 72, pid: 53755
   unique: 12, success, outsize: 32
unique: 14, opcode: IOCTL (39), nodeid: 2, insize: 72, pid: 53755
   unique: 14, success, outsize: 32
unique: 16, opcode: READ (15), nodeid: 2, insize: 80, pid: 53755
read[0] 4096 bytes from 0 flags: 0x8000
   read[0] 4096 bytes from 0
   unique: 16, success, outsize: 4112
unique: 18, opcode: READ (15), nodeid: 2, insize: 80, pid: 53755
read[0] 4096 bytes from 4096 flags: 0x8000
   read[0] 4096 bytes from 4096
   unique: 18, success, outsize: 4112
unique: 20, opcode: READ (15), nodeid: 2, insize: 80, pid: 53755
read[0] 4096 bytes from 8192 flags: 0x8000
   read[0] 4096 bytes from 8192
   unique: 20, success, outsize: 4112
unique: 22, opcode: READ (15), nodeid: 2, insize: 80, pid: 53755
read[0] 4096 bytes from 12288 flags: 0x8000
   read[0] 4096 bytes from 12288
   unique: 22, success, outsize: 4112
unique: 24, opcode: READ (15), nodeid: 2, insize: 80, pid: 53755
read[0] 4096 bytes from 16384 flags: 0x8000
   read[0] 4096 bytes from 16384
   unique: 24, success, outsize: 4112
unique: 26, opcode: READ (15), nodeid: 2, insize: 80, pid: 53755
read[0] 4096 bytes from 20480 flags: 0x8000
   read[0] 0 bytes from 20480
   unique: 26, success, outsize: 16
unique: 28, opcode: FLUSH (25), nodeid: 2, insize: 64, pid: 53755
   unique: 28, error: -38 (Function not implemented), outsize: 16
unique: 30, opcode: RELEASE (18), nodeid: 2, insize: 64, pid: 0
   unique: 30, success, outsize: 16
unique: 32, opcode: OPEN (14), nodeid: 2, insize: 48, pid: 53757
   unique: 32, success, outsize: 32
unique: 34, opcode: GETATTR (3), nodeid: 2, insize: 56, pid: 53757
getattr /shake-short.txt
   unique: 34, success, outsize: 120
unique: 36, opcode: IOCTL (39), nodeid: 2, insize: 72, pid: 53757
   unique: 36, success, outsize: 32
unique: 38, opcode: IOCTL (39), nodeid: 2, insize: 72, pid: 53757
   unique: 38, success, outsize: 32
unique: 40, opcode: READ (15), nodeid: 2, insize: 80, pid: 53757
read[0] 4096 bytes from 8192 flags: 0x8000
   read[0] 4096 bytes from 8192
   unique: 40, success, outsize: 4112
unique: 42, opcode: READ (15), nodeid: 2, insize: 80, pid: 53757
read[0] 4096 bytes from 12288 flags: 0x8000
   read[0] 4096 bytes from 12288
   unique: 42, success, outsize: 4112
unique: 44, opcode: READ (15), nodeid: 2, insize: 80, pid: 53757
read[0] 4096 bytes from 16384 flags: 0x8000
   read[0] 4096 bytes from 16384
   unique: 44, success, outsize: 4112
unique: 46, opcode: RELEASE (18), nodeid: 2, insize: 64, pid: 0
   unique: 46, success, outsize: 16
FUSE library version: 2.9.9
nullpath_ok: 0
nopath: 0
utime_omit_ok: 0
unique: 2, opcode: INIT (26), nodeid: 0, insize: 56, pid: 0
INIT: 7.34
flags=0x33fffffb
max_readahead=0x00020000
   INIT: 7.19
   flags=0x00000011
   max_readahead=0x00020000
   max_write=0x00001000
   max_background=0
   congestion_threshold=0
   unique: 2, success, outsize: 40
unique: 4, opcode: GETATTR (3), nodeid: 1, insize: 56, pid: 63794
getattr /
   unique: 4, success, outsize: 120
unique: 6, opcode: ACCESS (34), nodeid: 1, insize: 48, pid: 63576
   unique: 6, error: -38 (Function not implemented), outsize: 16
unique: 8, opcode: LOOKUP (1), nodeid: 1, insize: 56, pid: 63796
LOOKUP /shake-short.txt
getattr /shake-short.txt
   NODEID: 2
   unique: 8, success, outsize: 144
unique: 10, opcode: OPEN (14), nodeid: 2, insize: 48, pid: 63796
   unique: 10, success, outsize: 32
unique: 12, opcode: IOCTL (39), nodeid: 2, insize: 72, pid: 63796
   unique: 12, success, outsize: 32
unique: 14, opcode: IOCTL (39), nodeid: 2, insize: 72, pid: 63796
   unique: 14, success, outsize: 32
unique: 16, opcode: READ (15), nodeid: 2, insize: 80, pid: 63796
read[0] 4096 bytes from 0 flags: 0x8000
   read[0] 4096 bytes from 0
   unique: 16, success, outsize: 4112
unique: 18, opcode: READ (15), nodeid: 2, insize: 80, pid: 63796
read[0] 4096 bytes from 4096 flags: 0x8000
   read[0] 4096 bytes from 4096
   unique: 18, success, outsize: 4112
unique: 20, opcode: READ (15), nodeid: 2, insize: 80, pid: 63796
read[0] 4096 bytes from 8192 flags: 0x8000
   read[0] 4096 bytes from 8192
   unique: 20, success, outsize: 4112
unique: 22, opcode: READ (15), nodeid: 2, insize: 80, pid: 63796
read[0] 4096 bytes from 12288 flags: 0x8000
   read[0] 4096 bytes from 12288
   unique: 22, success, outsize: 4112
unique: 24, opcode: READ (15), nodeid: 2, insize: 80, pid: 63796
read[0] 4096 bytes from 16384 flags: 0x8000
   read[0] 4096 bytes from 16384
   unique: 24, success, outsize: 4112
unique: 26, opcode: READ (15), nodeid: 2, insize: 80, pid: 63796
read[0] 4096 bytes from 20480 flags: 0x8000
   read[0] 0 bytes from 20480
   unique: 26, success, outsize: 16
unique: 28, opcode: FLUSH (25), nodeid: 2, insize: 64, pid: 63796
   unique: 28, error: -38 (Function not implemented), outsize: 16
unique: 30, opcode: RELEASE (18), nodeid: 2, insize: 64, pid: 0
   unique: 30, success, outsize: 16
unique: 32, opcode: OPEN (14), nodeid: 2, insize: 48, pid: 63798
   unique: 32, success, outsize: 32
unique: 34, opcode: GETATTR (3), nodeid: 2, insize: 56, pid: 63798
getattr /shake-short.txt
   unique: 34, success, outsize: 120
unique: 36, opcode: IOCTL (39), nodeid: 2, insize: 72, pid: 63798
   unique: 36, success, outsize: 32
unique: 38, opcode: IOCTL (39), nodeid: 2, insize: 72, pid: 63798
   unique: 38, success, outsize: 32
unique: 40, opcode: READ (15), nodeid: 2, insize: 80, pid: 63798
read[0] 4096 bytes from 8192 flags: 0x8000
   read[0] 4096 bytes from 8192
   unique: 40, success, outsize: 4112
unique: 42, opcode: READ (15), nodeid: 2, insize: 80, pid: 63798
read[0] 4096 bytes from 12288 flags: 0x8000
   read[0] 4096 bytes from 12288
   unique: 42, success, outsize: 4112
unique: 44, opcode: READ (15), nodeid: 2, insize: 80, pid: 63798
read[0] 4096 bytes from 16384 flags: 0x8000
   read[0] 4096 bytes from 16384
   unique: 44, success, outsize: 4112
unique: 46, opcode: RELEASE (18), nodeid: 2, insize: 64, pid: 0
   unique: 46, success, outsize: 16
FUSE library version: 2.9.9
nullpath_ok: 0
nopath: 0
utime_omit_ok: 0
unique: 2, opcode: INIT (26), nodeid: 0, insize: 56, pid: 0
INIT: 7.34
flags=0x33fffffb
max_readahead=0x00020000
   INIT: 7.19
   flags=0x00000011
   max_readahead=0x00020000
   max_write=0x00001000
   max_background=0
   congestion_threshold=0
   unique: 2, success, outsize: 40
unique: 4, opcode: GETATTR (3), nodeid: 1, insize: 56, pid: 32254
getattr /
   unique: 4, success, outsize: 120
unique: 6, opcode: ACCESS (34), nodeid: 1, insize: 48, pid: 31951
   unique: 6, error: -38 (Function not implemented), outsize: 16
unique: 8, opcode: LOOKUP (1), nodeid: 1, insize: 56, pid: 32256
LOOKUP /shake-short.txt
getattr /shake-short.txt
   NODEID: 2
   unique: 8, success, outsize: 144
unique: 10, opcode: OPEN (14), nodeid: 2, insize: 48, pid: 32256
   unique: 10, success, outsize: 32
unique: 12, opcode: IOCTL (39), nodeid: 2, insize: 72, pid: 32256
   unique: 12, success, outsize: 32
unique: 14, opcode: IOCTL (39), nodeid: 2, insize: 72, pid: 32256
   unique: 14, success, outsize: 32
unique: 16, opcode: READ (15), nodeid: 2, insize: 80, pid: 32256
read[0] 4096 bytes from 0 flags: 0x8000
   read[0] 4096 bytes from 0
   unique: 16, success, outsize: 4112
unique: 18, opcode: READ (15), nodeid: 2, insize: 80, pid: 32256
read[0] 4096 bytes from 4096 flags: 0x8000
   read[0] 4096 bytes from 4096
   unique: 18, success, outsize: 4112
unique: 20, opcode: READ (15), nodeid: 2, insize: 80, pid: 32256
read[0] 4096 bytes from 8192 flags: 0x8000
   read[0] 4096 bytes from 8192
   unique: 20, success, outsize: 4112
unique: 22, opcode: READ (15), nodeid: 2, insize: 80, pid: 32256
read[0] 4096 bytes from 12288 flags: 0x8000
   read[0] 4096 bytes from 12288
   unique: 22, success, outsize: 4112
unique: 24, opcode: READ (15), nodeid: 2, insize: 80, pid: 32256
read[0] 4096 bytes from 16384 flags: 0x8000
   read[0] 4096 bytes from 16384
   unique: 24, success, outsize: 4112
unique: 26, opcode: READ (15), nodeid: 2, insize: 80, pid: 32256
read[0] 4096 bytes from 20480 flags: 0x8000
   read[0] 0 bytes from 20480
   unique: 26, success, outsize: 16
unique: 28, opcode: FLUSH (25), nodeid: 2, insize: 64, pid: 32256
   unique: 28, error: -38 (Function not implemented), outsize: 16
unique: 30, opcode: RELEASE (18), nodeid: 2, insize: 64, pid: 0
   unique: 30, success, outsize: 16
unique: 32, opcode: OPEN (14), nodeid: 2, insize: 48, pid: 32258
   unique: 32, success, outsize: 32
unique: 34, opcode: GETATTR (3), nodeid: 2, insize: 56, pid: 32258
getattr /shake-short.txt
   unique: 34, success, outsize: 120
unique: 36, opcode: IOCTL (39), nodeid: 2, insize: 72, pid: 32258
   unique: 36, success, outsize: 32
unique: 38, opcode: IOCTL (39), nodeid: 2, insize: 72, pid: 32258
   unique: 38, success, outsize: 32
unique: 40, opcode: READ (15), nodeid: 2, insize: 80, pid: 32258
read[0] 4096 bytes from 8192 flags: 0x8000
   read[0] 4096 bytes from 8192
   unique: 40, success, outsize: 4112
unique: 42, opcode: READ (15), nodeid: 2, insize: 80, pid: 32258
read[0] 4096 bytes from 12288 flags: 0x8000
   read[0] 4096 bytes from 12288
   unique: 42, success, outsize: 4112
unique: 44, opcode: READ (15), nodeid: 2, insize: 80, pid: 32258
read[0] 4096 bytes from 16384 flags: 0x8000
   read[0] 4096 bytes from 16384
   unique: 44, success, outsize: 4112
unique: 46, opcode: RELEASE (18), nodeid: 2, insize: 64, pid: 0
   unique: 46, success, outsize: 16
FUSE library version: 2.9.9
nullpath_ok: 0
nopath: 0
utime_omit_ok: 0
unique: 2, opcode: INIT (26), nodeid: 0, insize: 56, pid: 0
INIT: 7.34
flags=0x33fffffb
max_readahead=0x00020000
   INIT: 7.19
   flags=0x00000011
   max_readahead=0x00020000
   max_write=0x00001000
   max_background=0
   congestion_threshold=0
   unique: 2, success, outsize: 40
unique: 4, opcode: GETATTR (3), nodeid: 1, insize: 56, pid: 31579
getattr /
   unique: 4, success, outsize: 120
unique: 6, opcode: ACCESS (34), nodeid: 1, insize: 48, pid: 31357
   unique: 6, error: -38 (Function not implemented), outsize: 16
unique: 8, opcode: LOOKUP (1), nodeid: 1, insize: 56, pid: 31581
LOOKUP /shake-short.txt
getattr /shake-short.txt
   NODEID: 2
   unique: 8, success, outsize: 144
unique: 10, opcode: OPEN (14), nodeid: 2, insize: 48, pid: 31581
   unique: 10, success, outsize: 32
unique: 12, opcode: IOCTL (39), nodeid: 2, insize: 72, pid: 31581
   unique: 12, success, outsize: 32
unique: 14, opcode: IOCTL (39), nodeid: 2, insize: 72, pid: 31581
   unique: 14, success, outsize: 32
unique: 16, opcode: READ (15), nodeid: 2, insize: 80, pid: 31581
read[0] 4096 bytes from 0 flags: 0x8000
   read[0] 4096 bytes from 0
   unique: 16, success, outsize: 4112
unique: 18, opcode: READ (15), nodeid: 2, insize: 80, pid: 31581
read[0] 4096 bytes from 4096 flags: 0x8000
   read[0] 4096 bytes from 4096
   unique: 18, success, outsize: 4112
unique: 20, opcode: READ (15), nodeid: 2, insize: 80, pid: 31581
read[0] 4096 bytes from 8192 flags: 0x8000
   read[0] 4096 bytes from 8192
   unique: 20, success, outsize: 4112
unique: 22, opcode: READ (15), nodeid: 2, insize: 80, pid: 31581
read[0] 4096 bytes from 12288 flags: 0x8000
   read[0] 4096 bytes from 12288
   unique: 22, success, outsize: 4112
unique: 24, opcode: READ (15), nodeid: 2, insize: 80, pid: 31581
read[0] 4096 bytes from 16384 flags: 0x8000
   read[0] 4096 bytes from 16384
   unique: 24, success, outsize: 4112
unique: 26, opcode: READ (15), nodeid: 2, insize: 80, pid: 31581
read[0] 4096 bytes from 20480 flags: 0x8000
   read[0] 0 bytes from 20480
   unique: 26, success, outsize: 16
unique: 28, opcode: FLUSH (25), nodeid: 2, insize: 64, pid: 31581
   unique: 28, error: -38 (Function not implemented), outsize: 16
unique: 30, opcode: RELEASE (18), nodeid: 2, insize: 64, pid: 0
   unique: 30, success, outsize: 16
unique: 32, opcode: OPEN (14), nodeid: 2, insize: 48, pid: 31583
   unique: 32, success, outsize: 32
unique: 34, opcode: GETATTR (3), nodeid: 2, insize: 56, pid: 31583
getattr /shake-short.txt
   unique: 34, success, outsize: 120
unique: 36, opcode: IOCTL (39), nodeid: 2, insize: 72, pid: 31583
   unique: 36, success, outsize: 32
unique: 38, opcode: IOCTL (39), nodeid: 2, insize: 72, pid: 31583
   unique: 38, success, outsize: 32
unique: 40, opcode: READ (15), nodeid: 2, insize: 80, pid: 31583
read[0] 4096 bytes from 8192 flags: 0x8000
   read[0] 4096 bytes from 8192
   unique: 40, success, outsize: 4112
unique: 42, opcode: READ (15), nodeid: 2, insize: 80, pid: 31583
read[0] 4096 bytes from 12288 flags: 0x8000
   read[0] 4096 bytes from 12288
   unique: 42, success, outsize: 4112
unique: 44, opcode: READ (15), nodeid: 2, insize: 80, pid: 31583
read[0] 4096 bytes from 16384 flags: 0x8000
   read[0] 4096 bytes from 16384
   unique: 44, success, outsize: 4112
unique: 46, opcode: RELEASE (18), nodeid: 2, insize: 64, pid: 0
   unique: 46, success, outsize: 16
FUSE library version: 2.9.9
nullpath_ok: 0
nopath: 0
utime_omit_ok: 0
unique: 2, opcode: INIT (26), nodeid: 0, insize: 56, pid: 0
INIT: 7.34
flags=0x33fffffb
max_readahead=0x00020000
   INIT: 7.19
   flags=0x00000011
   max_readahead=0x00020000
   max_write=0x00001000
   max_background=0
   congestion_threshold=0
   unique: 2, success, outsize: 40
unique: 4, opcode: GETATTR (3), nodeid: 1, insize: 56, pid: 30483
getattr /
   unique: 4, success, outsize: 120
unique: 6, opcode: ACCESS (34), nodeid: 1, insize: 48, pid: 30261
   unique: 6, error: -38 (Function not implemented), outsize: 16
unique: 8, opcode: LOOKUP (1), nodeid: 1, insize: 56, pid: 30485
LOOKUP /shake-short.txt
getattr /shake-short.txt
   NODEID: 2
   unique: 8, success, outsize: 144
unique: 10, opcode: OPEN (14), nodeid: 2, insize: 48, pid: 30485
   unique: 10, success, outsize: 32
unique: 12, opcode: IOCTL (39), nodeid: 2, insize: 72, pid: 30485
   unique: 12, success, outsize: 32
unique: 14, opcode: IOCTL (39), nodeid: 2, insize: 72, pid: 30485
   unique: 14, success, outsize: 32
unique: 16, opcode: READ (15), nodeid: 2, insize: 80, pid: 30485
read[0] 4096 bytes from 0 flags: 0x8000
   read[0] 4096 bytes from 0
   unique: 16, success, outsize: 4112
unique: 18, opcode: READ (15), nodeid: 2, insize: 80, pid: 30485
read[0] 4096 bytes from 4096 flags: 0x8000
   read[0] 4096 bytes from 4096
   unique: 18, success, outsize: 4112
unique: 20, opcode: READ (15), nodeid: 2, insize: 80, pid: 30485
read[0] 4096 bytes from 8192 flags: 0x8000
   read[0] 4096 bytes from 8192
   unique: 20, success, outsize: 4112
unique: 22, opcode: READ (15), nodeid: 2, insize: 80, pid: 30485
read[0] 4096 bytes from 12288 flags: 0x8000
   read[0] 4096 bytes from 12288
   unique: 22, success, outsize: 4112
unique: 24, opcode: READ (15), nodeid: 2, insize: 80, pid: 30485
read[0] 4096 bytes from 16384 flags: 0x8000
   read[0] 4096 bytes from 16384
   unique: 24, success, outsize: 4112
unique: 26, opcode: READ (15), nodeid: 2, insize: 80, pid: 30485
read[0] 4096 bytes from 20480 flags: 0x8000
   read[0] 0 bytes from 20480
   unique: 26, success, outsize: 16
unique: 28, opcode: FLUSH (25), nodeid: 2, insize: 64, pid: 30485
   unique: 28, error: -38 (Function not implemented), outsize: 16
unique: 30, opcode: RELEASE (18), nodeid: 2, insize: 64, pid: 0
   unique: 30, success, outsize: 16
unique: 32, opcode: OPEN (14), nodeid: 2, insize: 48, pid: 30487
   unique: 32, success, outsize: 32
unique: 34, opcode: GETATTR (3), nodeid: 2, insize: 56, pid: 30487
getattr /shake-short.txt
   unique: 34, success, outsize: 120
unique: 36, opcode: IOCTL (39), nodeid: 2, insize: 72, pid: 30487
   unique: 36, success, outsize: 32
unique: 38, opcode: IOCTL (39), nodeid: 2, insize: 72, pid: 30487
   unique: 38, success, outsize: 32
unique: 40, opcode: READ (15), nodeid: 2, insize: 80, pid: 30487
read[0] 4096 bytes from 8192 flags: 0x8000
   read[0] 4096 bytes from 8192
   unique: 40, success, outsize: 4112
unique: 42, opcode: READ (15), nodeid: 2, insize: 80, pid: 30487
read[0] 4096 bytes from 12288 flags: 0x8000
   read[0] 4096 bytes from 12288
   unique: 42, success, outsize: 4112
unique: 44, opcode: READ (15), nodeid: 2, insize: 80, pid: 30487
read[0] 4096 bytes from 16384 flags: 0x8000
   read[0] 4096 bytes from 16384
   unique: 44, success, outsize: 4112
unique: 46, opcode: RELEASE (18), nodeid: 2, insize: 64, pid: 0
   unique: 46, success, outsize: 16
FUSE library version: 2.9.9
nullpath_ok: 0
nopath: 0
utime_omit_ok: 0
unique: 2, opcode: INIT (26), nodeid: 0, insize: 56, pid: 0
INIT: 7.34
flags=0x33fffffb
max_readahead=0x00020000
   INIT: 7.19
   flags=0x00000011
   max_readahead=0x00020000
   max_write=0x00001000
   max_background=0
   congestion_threshold=0
   unique: 2, success, outsize: 40
unique: 4, opcode: GETATTR (3), nodeid: 1, insize: 56, pid: 59740
getattr /
   unique: 4, success, outsize: 120
unique: 6, opcode: ACCESS (34), nodeid: 1, insize: 48, pid: 59312
   unique: 6, error: -38 (Function not implemented), outsize: 16
unique: 8, opcode: LOOKUP (1), nodeid: 1, insize: 56, pid: 59742
LOOKUP /shake-short.txt
getattr /shake-short.txt
   NODEID: 2
   unique: 8, success, outsize: 144
unique: 10, opcode: OPEN (14), nodeid: 2, insize: 48, pid: 59742
   unique: 10, success, outsize: 32
unique: 12, opcode: IOCTL (39), nodeid: 2, insize: 72, pid: 59742
   unique: 12, success, outsize: 32
unique: 14, opcode: IOCTL (39), nodeid: 2, insize: 72, pid: 59742
   unique: 14, success, outsize: 32
unique: 16, opcode: READ (15), nodeid: 2, insize: 80, pid: 59742
read[0] 4096 bytes from 0 flags: 0x8000
   read[0] 4096 bytes from 0
   unique: 16, success, outsize: 4112
unique: 18, opcode: READ (15), nodeid: 2, insize: 80, pid: 59742
read[0] 4096 bytes from 4096 flags: 0x8000
   read[0] 4096 bytes from 4096
   unique: 18, success, outsize: 4112
unique: 20, opcode: READ (15), nodeid: 2, insize: 80, pid: 59742
read[0] 4096 bytes from 8192 flags: 0x8000
   read[0] 4096 bytes from 8192
   unique: 20, success, outsize: 4112
unique: 22, opcode: READ (15), nodeid: 2, insize: 80, pid: 59742
read[0] 4096 bytes from 12288 flags: 0x8000
   read[0] 4096 bytes from 12288
   unique: 22, success, outsize: 4112
unique: 24, opcode: READ (15), nodeid: 2, insize: 80, pid: 59742
read[0] 4096 bytes from 16384 flags: 0x8000
   read[0] 4096 bytes from 16384
   unique: 24, success, outsize: 4112
unique: 26, opcode: READ (15), nodeid: 2, insize: 80, pid: 59742
read[0] 4096 bytes from 20480 flags: 0x8000
   read[0] 0 bytes from 20480
   unique: 26, success, outsize: 16
unique: 28, opcode: FLUSH (25), nodeid: 2, insize: 64, pid: 59742
   unique: 28, error: -38 (Function not implemented), outsize: 16
unique: 30, opcode: RELEASE (18), nodeid: 2, insize: 64, pid: 0
   unique: 30, success, outsize: 16
unique: 32, opcode: OPEN (14), nodeid: 2, insize: 48, pid: 59744
   unique: 32, success, outsize: 32
unique: 34, opcode: GETATTR (3), nodeid: 2, insize: 56, pid: 59744
getattr /shake-short.txt
   unique: 34, success, outsize: 120
unique: 36, opcode: IOCTL (39), nodeid: 2, insize: 72, pid: 59744
   unique: 36, success, outsize: 32
unique: 38, opcode: IOCTL (39), nodeid: 2, insize: 72, pid: 59744
   unique: 38, success, outsize: 32
unique: 40, opcode: READ (15), nodeid: 2, insize: 80, pid: 59744
read[0] 4096 bytes from 8192 flags: 0x8000
   read[0] 4096 bytes from 8192
   unique: 40, success, outsize: 4112
unique: 42, opcode: READ (15), nodeid: 2, insize: 80, pid: 59744
read[0] 4096 bytes from 12288 flags: 0x8000
   read[0] 4096 bytes from 12288
   unique: 42, success, outsize: 4112
unique: 44, opcode: READ (15), nodeid: 2, insize: 80, pid: 59744
read[0] 4096 bytes from 16384 flags: 0x8000
   read[0] 4096 bytes from 16384
   unique: 44, success, outsize: 4112
unique: 46, opcode: RELEASE (18), nodeid: 2, insize: 64, pid: 0
   unique: 46, success, outsize: 16
FUSE library version: 2.9.9
nullpath_ok: 0
nopath: 0
utime_omit_ok: 0
unique: 2, opcode: INIT (26), nodeid: 0, insize: 56, pid: 0
INIT: 7.34
flags=0x33fffffb
max_readahead=0x00020000
   INIT: 7.19
   flags=0x00000011
   max_readahead=0x00020000
   max_write=0x00001000
   max_background=0
   congestion_threshold=0
   unique: 2, success, outsize: 40
unique: 4, opcode: GETATTR (3), nodeid: 1, insize: 56, pid: 21486
getattr /
   unique: 4, success, outsize: 120
unique: 6, opcode: ACCESS (34), nodeid: 1, insize: 48, pid: 20962
   unique: 6, error: -38 (Function not implemented), outsize: 16
unique: 8, opcode: LOOKUP (1), nodeid: 1, insize: 56, pid: 21488
LOOKUP /shake-short.txt
getattr /shake-short.txt
   NODEID: 2
   unique: 8, success, outsize: 144
unique: 10, opcode: OPEN (14), nodeid: 2, insize: 48, pid: 21488
   unique: 10, success, outsize: 32
unique: 12, opcode: IOCTL (39), nodeid: 2, insize: 72, pid: 21488
   unique: 12, success, outsize: 32
unique: 14, opcode: IOCTL (39), nodeid: 2, insize: 72, pid: 21488
   unique: 14, success, outsize: 32
unique: 16, opcode: READ (15), nodeid: 2, insize: 80, pid: 21488
read[0] 4096 bytes from 0 flags: 0x8000
   read[0] 4096 bytes from 0
   unique: 16, success, outsize: 4112
unique: 18, opcode: READ (15), nodeid: 2, insize: 80, pid: 21488
read[0] 4096 bytes from 4096 flags: 0x8000
   read[0] 4096 bytes from 4096
   unique: 18, success, outsize: 4112
unique: 20, opcode: READ (15), nodeid: 2, insize: 80, pid: 21488
read[0] 4096 bytes from 8192 flags: 0x8000
   read[0] 4096 bytes from 8192
   unique: 20, success, outsize: 4112
unique: 22, opcode: READ (15), nodeid: 2, insize: 80, pid: 21488
read[0] 4096 bytes from 12288 flags: 0x8000
   read[0] 4096 bytes from 12288
   unique: 22, success, outsize: 4112
unique: 24, opcode: READ (15), nodeid: 2, insize: 80, pid: 21488
read[0] 4096 bytes from 16384 flags: 0x8000
   read[0] 4096 bytes from 16384
   unique: 24, success, outsize: 4112
unique: 26, opcode: READ (15), nodeid: 2, insize: 80, pid: 21488
read[0] 4096 bytes from 20480 flags: 0x8000
   read[0] 0 bytes from 20480
   unique: 26, success, outsize: 16
unique: 28, opcode: FLUSH (25), nodeid: 2, insize: 64, pid: 21488
   unique: 28, error: -38 (Function not implemented), outsize: 16
unique: 30, opcode: RELEASE (18), nodeid: 2, insize: 64, pid: 0
   unique: 30, success, outsize: 16
unique: 32, opcode: OPEN (14), nodeid: 2, insize: 48, pid: 21490
   unique: 32, success, outsize: 32
unique: 34, opcode: GETATTR (3), nodeid: 2, insize: 56, pid: 21490
getattr /shake-short.txt
   unique: 34, success, outsize: 120
unique: 36, opcode: IOCTL (39), nodeid: 2, insize: 72, pid: 21490
   unique: 36, success, outsize: 32
unique: 38, opcode: IOCTL (39), nodeid: 2, insize: 72, pid: 21490
   unique: 38, success, outsize: 32
unique: 40, opcode: READ (15), nodeid: 2, insize: 80, pid: 21490
read[0] 4096 bytes from 8192 flags: 0x8000
   read[0] 4096 bytes from 8192
   unique: 40, success, outsize: 4112
unique: 42, opcode: READ (15), nodeid: 2, insize: 80, pid: 21490
read[0] 4096 bytes from 12288 flags: 0x8000
   read[0] 4096 bytes from 12288
   unique: 42, success, outsize: 4112
unique: 44, opcode: READ (15), nodeid: 2, insize: 80, pid: 21490
read[0] 4096 bytes from 16384 flags: 0x8000
   read[0] 4096 bytes from 16384
   unique: 44, success, outsize: 4112
unique: 46, opcode: RELEASE (18), nodeid: 2, insize: 64, pid: 0
   unique: 46, success, outsize: 16
FUSE library version: 2.9.9
nullpath_ok: 0
nopath: 0
utime_omit_ok: 0
unique: 2, opcode: INIT (26), nodeid: 0, insize: 56, pid: 0
INIT: 7.34
flags=0x33fffffb
max_readahead=0x00020000
   INIT: 7.19
   flags=0x00000011
   max_readahead=0x00020000
   max_write=0x00001000
   max_background=0
   congestion_threshold=0
   unique: 2, success, outsize: 40
unique: 4, opcode: GETATTR (3), nodeid: 1, insize: 56, pid: 31051
getattr /
   unique: 4, success, outsize: 120
unique: 6, opcode: ACCESS (34), nodeid: 1, insize: 48, pid: 30711
   unique: 6, error: -38 (Function not implemented), outsize: 16
unique: 8, opcode: LOOKUP (1), nodeid: 1, insize: 56, pid: 31053
LOOKUP /shake-short.txt
getattr /shake-short.txt
   NODEID: 2
   unique: 8, success, outsize: 144
unique: 10, opcode: OPEN (14), nodeid: 2, insize: 48, pid: 31053
   unique: 10, success, outsize: 32
unique: 12, opcode: IOCTL (39), nodeid: 2, insize: 72, pid: 31053
   unique: 12, success, outsize: 32
unique: 14, opcode: IOCTL (39), nodeid: 2, insize: 72, pid: 31053
   unique: 14, success, outsize: 32
unique: 16, opcode: READ (15), nodeid: 2, insize: 80, pid: 31053
read[0] 4096 bytes from 0 flags: 0x8000
   read[0] 4096 bytes from 0
   unique: 16, success, outsize: 4112
unique: 18, opcode: READ (15), nodeid: 2, insize: 80, pid: 31053
read[0] 4096 bytes from 4096 flags: 0x8000
   read[0] 4096 bytes from 4096
   unique: 18, success, outsize: 4112
unique: 20, opcode: READ (15), nodeid: 2, insize: 80, pid: 31053
read[0] 4096 bytes from 8192 flags: 0x8000
   read[0] 4096 bytes from 8192
   unique: 20, success, outsize: 4112
unique: 22, opcode: READ (15), nodeid: 2, insize: 80, pid: 31053
read[0] 4096 bytes from 12288 flags: 0x8000
   read[0] 4096 bytes from 12288
   unique: 22, success, outsize: 4112
unique: 24, opcode: READ (15), nodeid: 2, insize: 80, pid: 31053
read[0] 4096 bytes from 16384 flags: 0x8000
   read[0] 4096 bytes from 16384
   unique: 24, success, outsize: 4112
unique: 26, opcode: READ (15), nodeid: 2, insize: 80, pid: 31053
read[0] 4096 bytes from 20480 flags: 0x8000
   read[0] 0 bytes from 20480
   unique: 26, success, outsize: 16
unique: 28, opcode: FLUSH (25), nodeid: 2, insize: 64, pid: 31053
   unique: 28, error: -38 (Function not implemented), outsize: 16
unique: 30, opcode: RELEASE (18), nodeid: 2, insize: 64, pid: 0
   unique: 30, success, outsize: 16
unique: 32, opcode: OPEN (14), nodeid: 2, insize: 48, pid: 31055
   unique: 32, success, outsize: 32
unique: 34, opcode: GETATTR (3), nodeid: 2, insize: 56, pid: 31055
getattr /shake-short.txt
   unique: 34, success, outsize: 120
unique: 36, opcode: IOCTL (39), nodeid: 2, insize: 72, pid: 31055
   unique: 36, success, outsize: 32
unique: 38, opcode: IOCTL (39), nodeid: 2, insize: 72, pid: 31055
   unique: 38, success, outsize: 32
unique: 40, opcode: READ (15), nodeid: 2, insize: 80, pid: 31055
read[0] 4096 bytes from 8192 flags: 0x8000
   read[0] 4096 bytes from 8192
   unique: 40, success, outsize: 4112
unique: 42, opcode: READ (15), nodeid: 2, insize: 80, pid: 31055
read[0] 4096 bytes from 12288 flags: 0x8000
   read[0] 4096 bytes from 12288
   unique: 42, success, outsize: 4112
unique: 44, opcode: READ (15), nodeid: 2, insize: 80, pid: 31055
read[0] 4096 bytes from 16384 flags: 0x8000
   read[0] 4096 bytes from 16384
   unique: 44, success, outsize: 4112
unique: 46, opcode: RELEASE (18), nodeid: 2, insize: 64, pid: 0
   unique: 46, success, outsize: 16
FUSE library version: 2.9.9
nullpath_ok: 0
nopath: 0
utime_omit_ok: 0
unique: 2, opcode: INIT (26), nodeid: 0, insize: 56, pid: 0
INIT: 7.34
flags=0x33fffffb
max_readahead=0x00020000
   INIT: 7.19
   flags=0x00000011
   max_readahead=0x00020000
   max_write=0x00001000
   max_background=0
   congestion_threshold=0
   unique: 2, success, outsize: 40
unique: 4, opcode: GETATTR (3), nodeid: 1, insize: 56, pid: 33898
getattr /
   unique: 4, success, outsize: 120
unique: 6, opcode: ACCESS (34), nodeid: 1, insize: 48, pid: 33447
   unique: 6, error: -38 (Function not implemented), outsize: 16
unique: 8, opcode: LOOKUP (1), nodeid: 1, insize: 56, pid: 33900
LOOKUP /shake-short.txt
getattr /shake-short.txt
   NODEID: 2
   unique: 8, success, outsize: 144
unique: 10, opcode: OPEN (14), nodeid: 2, insize: 48, pid: 33900
   unique: 10, success, outsize: 32
unique: 12, opcode: IOCTL (39), nodeid: 2, insize: 72, pid: 33900
   unique: 12, success, outsize: 32
unique: 14, opcode: IOCTL (39), nodeid: 2, insize: 72, pid: 33900
   unique: 14, success, outsize: 32
unique: 16, opcode: READ (15), nodeid: 2, insize: 80, pid: 33900
read[0] 4096 bytes from 0 flags: 0x8000
   read[0] 4096 bytes from 0
   unique: 16, success, outsize: 4112
unique: 18, opcode: READ (15), nodeid: 2, insize: 80, pid: 33900
read[0] 4096 bytes from 4096 flags: 0x8000
   read[0] 4096 bytes from 4096
   unique: 18, success, outsize: 4112
unique: 20, opcode: READ (15), nodeid: 2, insize: 80, pid: 33900
read[0] 4096 bytes from 8192 flags: 0x8000
   read[0] 4096 bytes from 8192
   unique: 20, success, outsize: 4112
unique: 22, opcode: READ (15), nodeid: 2, insize: 80, pid: 33900
read[0] 4096 bytes from 12288 flags: 0x8000
   read[0] 4096 bytes from 12288
   unique: 22, success, outsize: 4112
unique: 24, opcode: READ (15), nodeid: 2, insize: 80, pid: 33900
read[0] 4096 bytes from 16384 flags: 0x8000
   read[0] 4096 bytes from 16384
   unique: 24, success, outsize: 4112
unique: 26, opcode: READ (15), nodeid: 2, insize: 80, pid: 33900
read[0] 4096 bytes from 20480 flags: 0x8000
   read[0] 0 bytes from 20480
   unique: 26, success, outsize: 16
unique: 28, opcode: FLUSH (25), nodeid: 2, insize: 64, pid: 33900
   unique: 28, error: -38 (Function not implemented), outsize: 16
unique: 30, opcode: RELEASE (18), nodeid: 2, insize: 64, pid: 0
   unique: 30, success, outsize: 16
unique: 32, opcode: OPEN (14), nodeid: 2, insize: 48, pid: 33902
   unique: 32, success, outsize: 32
unique: 34, opcode: GETATTR (3), nodeid: 2, insize: 56, pid: 33902
getattr /shake-short.txt
   unique: 34, success, outsize: 120
unique: 36, opcode: IOCTL (39), nodeid: 2, insize: 72, pid: 33902
   unique: 36, success, outsize: 32
unique: 38, opcode: IOCTL (39), nodeid: 2, insize: 72, pid: 33902
   unique: 38, success, outsize: 32
unique: 40, opcode: READ (15), nodeid: 2, insize: 80, pid: 33902
read[0] 4096 bytes from 8192 flags: 0x8000
   read[0] 4096 bytes from 8192
   unique: 40, success, outsize: 4112
unique: 42, opcode: READ (15), nodeid: 2, insize: 80, pid: 33902
read[0] 4096 bytes from 12288 flags: 0x8000
   read[0] 4096 bytes from 12288
   unique: 42, success, outsize: 4112
unique: 44, opcode: READ (15), nodeid: 2, insize: 80, pid: 33902
read[0] 4096 bytes from 16384 flags: 0x8000
   read[0] 4096 bytes from 16384
   unique: 44, success, outsize: 4112
unique: 46, opcode: RELEASE (18), nodeid: 2, insize: 64, pid: 0
   unique: 46, success, outsize: 16
