FUSE library version: 2.9.9
nullpath_ok: 0
nopath: 0
utime_omit_ok: 0
unique: 2, opcode: INIT (26), nodeid: 0, insize: 56, pid: 0
INIT: 7.34
flags=0x33fffffb
max_readahead=0x00020000
   INIT: 7.19
   flags=0x00000011
   max_readahead=0x00020000
   max_write=0x00001000
   max_background=0
   congestion_threshold=0
   unique: 2, success, outsize: 40
unique: 4, opcode: GETATTR (3), nodeid: 1, insize: 56, pid: 53411
getattr /
   unique: 4, success, outsize: 120
unique: 6, opcode: ACCESS (34), nodeid: 1, insize: 48, pid: 53228
   unique: 6, error: -38 (Function not implemented), outsize: 16
unique: 8, opcode: LOOKUP (1), nodeid: 1, insize: 57, pid: 53413
LOOKUP /directfile.00.00
getattr /directfile.00.00
   NODEID: 2
   unique: 8, success, outsize: 144
unique: 10, opcode: SETATTR (4), nodeid: 2, insize: 128, pid: 53413
utimens /directfile.00.00 1701553493.000000000 1701553493.000000000
   unique: 10, error: -38 (Function not implemented), outsize: 16
unique: 12, opcode: LOOKUP (1), nodeid: 1, insize: 57, pid: 53413
LOOKUP /directfile.00.10
getattr /directfile.00.10
   NODEID: 3
   unique: 12, success, outsize: 144
unique: 14, opcode: SETATTR (4), nodeid: 3, insize: 128, pid: 53413
utimens /directfile.00.10 1500000000.000000000 1500000000.000000000
   unique: 14, error: -38 (Function not implemented), outsize: 16
unique: 16, opcode: LOOKUP (1), nodeid: 1, insize: 57, pid: 53413
LOOKUP /directfile.00.13
getattr /directfile.00.13
   NODEID: 4
   unique: 16, success, outsize: 144
unique: 18, opcode: SETATTR (4), nodeid: 4, insize: 128, pid: 53413
utimens /directfile.00.13 2000000000.000000000 2000000000.000000000
   unique: 18, error: -38 (Function not implemented), outsize: 16
unique: 20, opcode: LOOKUP (1), nodeid: 1, insize: 57, pid: 53413
LOOKUP /directfile.01.07
getattr /directfile.01.07
   unique: 20, error: -2 (No such file or directory), outsize: 16
FUSE library version: 2.9.9
nullpath_ok: 0
nopath: 0
utime_omit_ok: 0
unique: 2, opcode: INIT (26), nodeid: 0, insize: 56, pid: 0
INIT: 7.34
flags=0x33fffffb
max_readahead=0x00020000
   INIT: 7.19
   flags=0x00000011
   max_readahead=0x00020000
   max_write=0x00001000
   max_background=0
   congestion_threshold=0
   unique: 2, success, outsize: 40
unique: 4, opcode: GETATTR (3), nodeid: 1, insize: 56, pid: 42867
getattr /
   unique: 4, success, outsize: 120
unique: 6, opcode: ACCESS (34), nodeid: 1, insize: 48, pid: 42762
   unique: 6, error: -38 (Function not implemented), outsize: 16
unique: 8, opcode: LOOKUP (1), nodeid: 1, insize: 57, pid: 42869
LOOKUP /directfile.00.00
getattr /directfile.00.00
   NODEID: 2
   unique: 8, success, outsize: 144
unique: 10, opcode: SETATTR (4), nodeid: 2, insize: 128, pid: 42869
utimens /directfile.00.00 1701575500.000000000 1701575500.000000000
   unique: 10, error: -38 (Function not implemented), outsize: 16
unique: 12, opcode: LOOKUP (1), nodeid: 1, insize: 57, pid: 42869
LOOKUP /directfile.00.10
getattr /directfile.00.10
   NODEID: 3
   unique: 12, success, outsize: 144
unique: 14, opcode: SETATTR (4), nodeid: 3, insize: 128, pid: 42869
utimens /directfile.00.10 1500000000.000000000 1500000000.000000000
   unique: 14, error: -38 (Function not implemented), outsize: 16
unique: 16, opcode: LOOKUP (1), nodeid: 1, insize: 57, pid: 42869
LOOKUP /directfile.00.13
getattr /directfile.00.13
   NODEID: 4
   unique: 16, success, outsize: 144
unique: 18, opcode: SETATTR (4), nodeid: 4, insize: 128, pid: 42869
utimens /directfile.00.13 2000000000.000000000 2000000000.000000000
   unique: 18, error: -38 (Function not implemented), outsize: 16
unique: 20, opcode: LOOKUP (1), nodeid: 1, insize: 57, pid: 42869
LOOKUP /directfile.01.07
getattr /directfile.01.07
   unique: 20, error: -2 (No such file or directory), outsize: 16
FUSE library version: 2.9.9
nullpath_ok: 0
nopath: 0
utime_omit_ok: 0
unique: 2, opcode: INIT (26), nodeid: 0, insize: 56, pid: 0
INIT: 7.34
flags=0x33fffffb
max_readahead=0x00020000
   INIT: 7.19
   flags=0x00000011
   max_readahead=0x00020000
   max_write=0x00001000
   max_background=0
   congestion_threshold=0
   unique: 2, success, outsize: 40
unique: 4, opcode: GETATTR (3), nodeid: 1, insize: 56, pid: 5795
getattr /
   unique: 4, success, outsize: 120
unique: 6, opcode: ACCESS (34), nodeid: 1, insize: 48, pid: 5601
   unique: 6, error: -38 (Function not implemented), outsize: 16
unique: 8, opcode: LOOKUP (1), nodeid: 1, insize: 57, pid: 5797
LOOKUP /directfile.00.00
getattr /directfile.00.00
   NODEID: 2
   unique: 8, success, outsize: 144
unique: 10, opcode: SETATTR (4), nodeid: 2, insize: 128, pid: 5797
utimens /directfile.00.00 1701576213.000000000 1701576213.000000000
   unique: 10, error: -38 (Function not implemented), outsize: 16
unique: 12, opcode: LOOKUP (1), nodeid: 1, insize: 57, pid: 5797
LOOKUP /directfile.00.10
getattr /directfile.00.10
   NODEID: 3
   unique: 12, success, outsize: 144
unique: 14, opcode: SETATTR (4), nodeid: 3, insize: 128, pid: 5797
utimens /directfile.00.10 1500000000.000000000 1500000000.000000000
   unique: 14, error: -38 (Function not implemented), outsize: 16
unique: 16, opcode: LOOKUP (1), nodeid: 1, insize: 57, pid: 5797
LOOKUP /directfile.00.13
getattr /directfile.00.13
   NODEID: 4
   unique: 16, success, outsize: 144
unique: 18, opcode: SETATTR (4), nodeid: 4, insize: 128, pid: 5797
utimens /directfile.00.13 2000000000.000000000 2000000000.000000000
   unique: 18, error: -38 (Function not implemented), outsize: 16
unique: 20, opcode: LOOKUP (1), nodeid: 1, insize: 57, pid: 5797
LOOKUP /directfile.01.07
getattr /directfile.01.07
   unique: 20, error: -2 (No such file or directory), outsize: 16
FUSE library version: 2.9.9
nullpath_ok: 0
nopath: 0
utime_omit_ok: 0
unique: 2, opcode: INIT (26), nodeid: 0, insize: 56, pid: 0
INIT: 7.34
flags=0x33fffffb
max_readahead=0x00020000
   INIT: 7.19
   flags=0x00000011
   max_readahead=0x00020000
   max_write=0x00001000
   max_background=0
   congestion_threshold=0
   unique: 2, success, outsize: 40
unique: 4, opcode: GETATTR (3), nodeid: 1, insize: 56, pid: 33704
getattr /
   unique: 4, success, outsize: 120
unique: 6, opcode: ACCESS (34), nodeid: 1, insize: 48, pid: 33556
   unique: 6, error: -38 (Function not implemented), outsize: 16
unique: 8, opcode: LOOKUP (1), nodeid: 1, insize: 57, pid: 33706
LOOKUP /directfile.00.00
getattr /directfile.00.00
   NODEID: 2
   unique: 8, success, outsize: 144
unique: 10, opcode: SETATTR (4), nodeid: 2, insize: 128, pid: 33706
utimens /directfile.00.00 1701576773.000000000 1701576773.000000000
   unique: 10, error: -38 (Function not implemented), outsize: 16
unique: 12, opcode: LOOKUP (1), nodeid: 1, insize: 57, pid: 33706
LOOKUP /directfile.00.10
getattr /directfile.00.10
   NODEID: 3
   unique: 12, success, outsize: 144
unique: 14, opcode: SETATTR (4), nodeid: 3, insize: 128, pid: 33706
utimens /directfile.00.10 1500000000.000000000 1500000000.000000000
   unique: 14, error: -38 (Function not implemented), outsize: 16
unique: 16, opcode: LOOKUP (1), nodeid: 1, insize: 57, pid: 33706
LOOKUP /directfile.00.13
getattr /directfile.00.13
   NODEID: 4
   unique: 16, success, outsize: 144
unique: 18, opcode: SETATTR (4), nodeid: 4, insize: 128, pid: 33706
utimens /directfile.00.13 2000000000.000000000 2000000000.000000000
   unique: 18, error: -38 (Function not implemented), outsize: 16
unique: 20, opcode: LOOKUP (1), nodeid: 1, insize: 57, pid: 33706
LOOKUP /directfile.01.07
getattr /directfile.01.07
   unique: 20, error: -2 (No such file or directory), outsize: 16
FUSE library version: 2.9.9
nullpath_ok: 0
nopath: 0
utime_omit_ok: 0
unique: 2, opcode: INIT (26), nodeid: 0, insize: 56, pid: 0
INIT: 7.34
flags=0x33fffffb
max_readahead=0x00020000
   INIT: 7.19
   flags=0x00000011
   max_readahead=0x00020000
   max_write=0x00001000
   max_background=0
   congestion_threshold=0
   unique: 2, success, outsize: 40
unique: 4, opcode: GETATTR (3), nodeid: 1, insize: 56, pid: 25728
getattr /
   unique: 4, success, outsize: 120
unique: 6, opcode: ACCESS (34), nodeid: 1, insize: 48, pid: 25620
   unique: 6, error: -38 (Function not implemented), outsize: 16
unique: 8, opcode: LOOKUP (1), nodeid: 1, insize: 57, pid: 25730
LOOKUP /directfile.00.00
getattr /directfile.00.00
   NODEID: 2
   unique: 8, success, outsize: 144
unique: 10, opcode: SETATTR (4), nodeid: 2, insize: 128, pid: 25730
utimens /directfile.00.00 1701583246.000000000 1701583246.000000000
   unique: 10, error: -38 (Function not implemented), outsize: 16
unique: 12, opcode: LOOKUP (1), nodeid: 1, insize: 57, pid: 25730
LOOKUP /directfile.00.10
getattr /directfile.00.10
   NODEID: 3
   unique: 12, success, outsize: 144
unique: 14, opcode: SETATTR (4), nodeid: 3, insize: 128, pid: 25730
utimens /directfile.00.10 1500000000.000000000 1500000000.000000000
   unique: 14, error: -38 (Function not implemented), outsize: 16
unique: 16, opcode: LOOKUP (1), nodeid: 1, insize: 57, pid: 25730
LOOKUP /directfile.00.13
getattr /directfile.00.13
   NODEID: 4
   unique: 16, success, outsize: 144
unique: 18, opcode: SETATTR (4), nodeid: 4, insize: 128, pid: 25730
utimens /directfile.00.13 2000000000.000000000 2000000000.000000000
   unique: 18, error: -38 (Function not implemented), outsize: 16
unique: 20, opcode: LOOKUP (1), nodeid: 1, insize: 57, pid: 25730
LOOKUP /directfile.01.07
getattr /directfile.01.07
   unique: 20, error: -2 (No such file or directory), outsize: 16
FUSE library version: 2.9.9
nullpath_ok: 0
nopath: 0
utime_omit_ok: 0
unique: 2, opcode: INIT (26), nodeid: 0, insize: 56, pid: 0
INIT: 7.34
flags=0x33fffffb
max_readahead=0x00020000
   INIT: 7.19
   flags=0x00000011
   max_readahead=0x00020000
   max_write=0x00001000
   max_background=0
   congestion_threshold=0
   unique: 2, success, outsize: 40
unique: 4, opcode: GETATTR (3), nodeid: 1, insize: 56, pid: 1921
getattr /
   unique: 4, success, outsize: 120
unique: 6, opcode: ACCESS (34), nodeid: 1, insize: 48, pid: 1726
   unique: 6, error: -38 (Function not implemented), outsize: 16
unique: 8, opcode: LOOKUP (1), nodeid: 1, insize: 57, pid: 1929
LOOKUP /directfile.00.00
getattr /directfile.00.00
   NODEID: 2
   unique: 8, success, outsize: 144
unique: 10, opcode: SETATTR (4), nodeid: 2, insize: 128, pid: 1929
utimens /directfile.00.00 1701639373.000000000 1701639373.000000000
   unique: 10, error: -38 (Function not implemented), outsize: 16
unique: 12, opcode: LOOKUP (1), nodeid: 1, insize: 57, pid: 1929
LOOKUP /directfile.00.10
getattr /directfile.00.10
   NODEID: 3
   unique: 12, success, outsize: 144
unique: 14, opcode: SETATTR (4), nodeid: 3, insize: 128, pid: 1929
utimens /directfile.00.10 1500000000.000000000 1500000000.000000000
   unique: 14, error: -38 (Function not implemented), outsize: 16
unique: 16, opcode: LOOKUP (1), nodeid: 1, insize: 57, pid: 1929
LOOKUP /directfile.00.13
getattr /directfile.00.13
   NODEID: 4
   unique: 16, success, outsize: 144
unique: 18, opcode: SETATTR (4), nodeid: 4, insize: 128, pid: 1929
utimens /directfile.00.13 2000000000.000000000 2000000000.000000000
   unique: 18, error: -38 (Function not implemented), outsize: 16
unique: 20, opcode: LOOKUP (1), nodeid: 1, insize: 57, pid: 1929
LOOKUP /directfile.01.07
getattr /directfile.01.07
   unique: 20, error: -2 (No such file or directory), outsize: 16
FUSE library version: 2.9.9
nullpath_ok: 0
nopath: 0
utime_omit_ok: 0
unique: 2, opcode: INIT (26), nodeid: 0, insize: 56, pid: 0
INIT: 7.34
flags=0x33fffffb
max_readahead=0x00020000
   INIT: 7.19
   flags=0x00000011
   max_readahead=0x00020000
   max_write=0x00001000
   max_background=0
   congestion_threshold=0
   unique: 2, success, outsize: 40
unique: 4, opcode: GETATTR (3), nodeid: 1, insize: 56, pid: 24340
getattr /
   unique: 4, success, outsize: 120
unique: 6, opcode: ACCESS (34), nodeid: 1, insize: 48, pid: 24199
   unique: 6, error: -38 (Function not implemented), outsize: 16
unique: 8, opcode: LOOKUP (1), nodeid: 1, insize: 57, pid: 24342
LOOKUP /directfile.00.00
getattr /directfile.00.00
   NODEID: 2
   unique: 8, success, outsize: 144
unique: 10, opcode: SETATTR (4), nodeid: 2, insize: 128, pid: 24342
utimens /directfile.00.00 1701641198.000000000 1701641198.000000000
getattr /directfile.00.00
   unique: 10, success, outsize: 120
unique: 12, opcode: LOOKUP (1), nodeid: 1, insize: 57, pid: 24342
LOOKUP /directfile.00.10
getattr /directfile.00.10
   NODEID: 3
   unique: 12, success, outsize: 144
unique: 14, opcode: SETATTR (4), nodeid: 3, insize: 128, pid: 24342
utimens /directfile.00.10 1500000000.000000000 1500000000.000000000
getattr /directfile.00.10
   unique: 14, success, outsize: 120
unique: 16, opcode: LOOKUP (1), nodeid: 1, insize: 57, pid: 24342
LOOKUP /directfile.00.13
getattr /directfile.00.13
   NODEID: 4
   unique: 16, success, outsize: 144
unique: 18, opcode: SETATTR (4), nodeid: 4, insize: 128, pid: 24342
utimens /directfile.00.13 2000000000.000000000 2000000000.000000000
getattr /directfile.00.13
   unique: 18, success, outsize: 120
unique: 20, opcode: LOOKUP (1), nodeid: 1, insize: 57, pid: 24342
LOOKUP /directfile.01.07
getattr /directfile.01.07
   unique: 20, error: -2 (No such file or directory), outsize: 16
FUSE library version: 2.9.9
nullpath_ok: 0
nopath: 0
utime_omit_ok: 0
unique: 2, opcode: INIT (26), nodeid: 0, insize: 56, pid: 0
INIT: 7.34
flags=0x33fffffb
max_readahead=0x00020000
   INIT: 7.19
   flags=0x00000011
   max_readahead=0x00020000
   max_write=0x00001000
   max_background=0
   congestion_threshold=0
   unique: 2, success, outsize: 40
unique: 4, opcode: GETATTR (3), nodeid: 1, insize: 56, pid: 35630
getattr /
   unique: 4, success, outsize: 120
unique: 6, opcode: ACCESS (34), nodeid: 1, insize: 48, pid: 35529
   unique: 6, error: -38 (Function not implemented), outsize: 16
unique: 8, opcode: LOOKUP (1), nodeid: 1, insize: 57, pid: 35632
LOOKUP /directfile.00.00
getattr /directfile.00.00
   NODEID: 2
   unique: 8, success, outsize: 144
unique: 10, opcode: SETATTR (4), nodeid: 2, insize: 128, pid: 35632
utimens /directfile.00.00 1701651980.000000000 1701651980.000000000
getattr /directfile.00.00
   unique: 10, success, outsize: 120
unique: 12, opcode: LOOKUP (1), nodeid: 1, insize: 57, pid: 35632
LOOKUP /directfile.00.10
getattr /directfile.00.10
   NODEID: 3
   unique: 12, success, outsize: 144
unique: 14, opcode: SETATTR (4), nodeid: 3, insize: 128, pid: 35632
utimens /directfile.00.10 1500000000.000000000 1500000000.000000000
getattr /directfile.00.10
   unique: 14, success, outsize: 120
unique: 16, opcode: LOOKUP (1), nodeid: 1, insize: 57, pid: 35632
LOOKUP /directfile.00.13
getattr /directfile.00.13
   NODEID: 4
   unique: 16, success, outsize: 144
unique: 18, opcode: SETATTR (4), nodeid: 4, insize: 128, pid: 35632
utimens /directfile.00.13 2000000000.000000000 2000000000.000000000
getattr /directfile.00.13
   unique: 18, success, outsize: 120
unique: 20, opcode: LOOKUP (1), nodeid: 1, insize: 57, pid: 35632
LOOKUP /directfile.01.07
getattr /directfile.01.07
   NODEID: 5
   unique: 20, success, outsize: 144
unique: 22, opcode: SETATTR (4), nodeid: 5, insize: 128, pid: 35632
utimens /directfile.01.07 1701651980.000000000 1701651980.000000000
getattr /directfile.01.07
   unique: 22, success, outsize: 120
