----------------------------------------------
CHECKING SUPERBLOCK
	SB MAGIC OK
	SB SIZE OK
	SB NUM_INODES OK
	SB FREE_INODES OK
	SB NUM_BLOCKS OK
	SB FREE_BLOCKS OK
	SB DATA_REGION OK
		MARKS EARNED FOR SB CHECKS: 2.00 / 2.0
DONE CHECKING SUPERBLOCK. NO ERRORS FOUND.
----------------------------------------------
CHECKING ROOT INODE
	ROOT INODE ALLOCATION STATUS OK
	ROOT INODE MODE OK
	ROOT INODE I_NLINK OK
	ROOT INODE I_BLOCKS OK
	ROOT INODE I_SIZE OK
	ROOT INODE I_DIRECT[0] OK
	ROOT INODE DATA BLOCK ALLOCATION STATUS OK
		MARKS EARNED FOR ROOT INODE CHECKS: 4.00 / 4.0
DONE CHECKING ROOT INODE. NO ERRORS FOUND.
----------------------------------------------
CHECKING UNUSED INODES
DONE CHECKING UNUSED INODES. NO ERRORS FOUND.
----------------------------------------------
CHECKING ROOT DIRECTORY	ROOT DIRECTORY DOT ENTRY OK
	ROOT DIRECTORY DOTDOT ENTRY OK
		MARKS EARNED FOR ROOT DIR ENTRY CHECKS: 2.00 / 2.0
	ROOT DIRENTRY BLOCK UNUSED ENTRIES OK
		MARKS EARNED FOR ROOT DIR UNUSED CHECKS: 1.0 / 1.0
DONE CHECKING ROOT DIRECTORY. NO ERRORS FOUND.
----------------------------------------------
CHECKING DATA BITMAP.	DATA BITMAP FOR ALLOCATED BLOCKS OK
	DATA BITMAP FOR FREE BLOCKS OK
		MARKS EARNED FOR DATA BITMAP CHECKS: 1.0
DONE CHECKING DATA BITMAP. NO ERRORS FOUND.
----------------------------------------------
MARKS EARNED: 10.00 / 10.00
----------------------------------------------
CHECKING SUPERBLOCK
	SB MAGIC OK
	SB SIZE OK
	SB NUM_INODES OK
	SB FREE_INODES OK
	SB NUM_BLOCKS OK
	SB FREE_BLOCKS OK
	SB DATA_REGION OK
		MARKS EARNED FOR SB CHECKS: 2.00 / 2.0
DONE CHECKING SUPERBLOCK. NO ERRORS FOUND.
----------------------------------------------
CHECKING ROOT INODE
	ROOT INODE ALLOCATION STATUS OK
	ROOT INODE MODE OK
	ROOT INODE I_NLINK OK
	ROOT INODE I_BLOCKS OK
	ROOT INODE I_SIZE OK
	ROOT INODE I_DIRECT[0] OK
	ROOT INODE DATA BLOCK ALLOCATION STATUS OK
		MARKS EARNED FOR ROOT INODE CHECKS: 4.00 / 4.0
DONE CHECKING ROOT INODE. NO ERRORS FOUND.
----------------------------------------------
CHECKING UNUSED INODES
DONE CHECKING UNUSED INODES. NO ERRORS FOUND.
----------------------------------------------
CHECKING ROOT DIRECTORY	ROOT DIRECTORY DOT ENTRY OK
	ROOT DIRECTORY DOTDOT ENTRY OK
		MARKS EARNED FOR ROOT DIR ENTRY CHECKS: 2.00 / 2.0
	ROOT DIRENTRY BLOCK UNUSED ENTRIES OK
		MARKS EARNED FOR ROOT DIR UNUSED CHECKS: 1.0 / 1.0
DONE CHECKING ROOT DIRECTORY. NO ERRORS FOUND.
----------------------------------------------
CHECKING DATA BITMAP.	DATA BITMAP FOR ALLOCATED BLOCKS OK
	DATA BITMAP FOR FREE BLOCKS OK
		MARKS EARNED FOR DATA BITMAP CHECKS: 1.0
DONE CHECKING DATA BITMAP. NO ERRORS FOUND.
----------------------------------------------
MARKS EARNED: 10.00 / 10.00
----------------------------------------------
CHECKING SUPERBLOCK
	SB MAGIC OK
	SB SIZE OK
	SB NUM_INODES OK
	SB FREE_INODES OK
	SB NUM_BLOCKS OK
	SB FREE_BLOCKS OK
	SB DATA_REGION OK
		MARKS EARNED FOR SB CHECKS: 2.00 / 2.0
DONE CHECKING SUPERBLOCK. NO ERRORS FOUND.
----------------------------------------------
CHECKING ROOT INODE
	ROOT INODE ALLOCATION STATUS OK
	ROOT INODE MODE OK
	ROOT INODE I_NLINK OK
	ROOT INODE I_BLOCKS OK
	ROOT INODE I_SIZE OK
	ROOT INODE I_DIRECT[0] OK
	ROOT INODE DATA BLOCK ALLOCATION STATUS OK
		MARKS EARNED FOR ROOT INODE CHECKS: 4.00 / 4.0
DONE CHECKING ROOT INODE. NO ERRORS FOUND.
----------------------------------------------
CHECKING UNUSED INODES
DONE CHECKING UNUSED INODES. NO ERRORS FOUND.
----------------------------------------------
CHECKING ROOT DIRECTORY	ROOT DIRECTORY DOT ENTRY OK
	ROOT DIRECTORY DOTDOT ENTRY OK
		MARKS EARNED FOR ROOT DIR ENTRY CHECKS: 2.00 / 2.0
	ROOT DIRENTRY BLOCK UNUSED ENTRIES OK
		MARKS EARNED FOR ROOT DIR UNUSED CHECKS: 1.0 / 1.0
DONE CHECKING ROOT DIRECTORY. NO ERRORS FOUND.
----------------------------------------------
CHECKING DATA BITMAP.	DATA BITMAP FOR ALLOCATED BLOCKS OK
	DATA BITMAP FOR FREE BLOCKS OK
		MARKS EARNED FOR DATA BITMAP CHECKS: 1.0
DONE CHECKING DATA BITMAP. NO ERRORS FOUND.
----------------------------------------------
MARKS EARNED: 10.00 / 10.00
----------------------------------------------
CHECKING SUPERBLOCK
	SB MAGIC OK
	SB SIZE OK
	SB NUM_INODES OK
	SB FREE_INODES OK
	SB NUM_BLOCKS OK
	SB FREE_BLOCKS OK
	SB DATA_REGION OK
		MARKS EARNED FOR SB CHECKS: 2.00 / 2.0
DONE CHECKING SUPERBLOCK. NO ERRORS FOUND.
----------------------------------------------
CHECKING ROOT INODE
	ROOT INODE ALLOCATION STATUS OK
	ROOT INODE MODE OK
	ROOT INODE I_NLINK OK
	ROOT INODE I_BLOCKS OK
	ROOT INODE I_SIZE OK
	ROOT INODE I_DIRECT[0] OK
	ROOT INODE DATA BLOCK ALLOCATION STATUS OK
		MARKS EARNED FOR ROOT INODE CHECKS: 4.00 / 4.0
DONE CHECKING ROOT INODE. NO ERRORS FOUND.
----------------------------------------------
CHECKING UNUSED INODES
DONE CHECKING UNUSED INODES. NO ERRORS FOUND.
----------------------------------------------
CHECKING ROOT DIRECTORY	ROOT DIRECTORY DOT ENTRY OK
	ROOT DIRECTORY DOTDOT ENTRY OK
		MARKS EARNED FOR ROOT DIR ENTRY CHECKS: 2.00 / 2.0
	ROOT DIRENTRY BLOCK UNUSED ENTRIES OK
		MARKS EARNED FOR ROOT DIR UNUSED CHECKS: 1.0 / 1.0
DONE CHECKING ROOT DIRECTORY. NO ERRORS FOUND.
----------------------------------------------
CHECKING DATA BITMAP.	DATA BITMAP FOR ALLOCATED BLOCKS OK
	DATA BITMAP FOR FREE BLOCKS OK
		MARKS EARNED FOR DATA BITMAP CHECKS: 1.0
DONE CHECKING DATA BITMAP. NO ERRORS FOUND.
----------------------------------------------
MARKS EARNED: 10.00 / 10.00
----------------------------------------------
CHECKING SUPERBLOCK
	SB MAGIC OK
	SB SIZE OK
	SB NUM_INODES OK
	SB FREE_INODES OK
	SB NUM_BLOCKS OK
	SB FREE_BLOCKS OK
	SB DATA_REGION OK
		MARKS EARNED FOR SB CHECKS: 2.00 / 2.0
DONE CHECKING SUPERBLOCK. NO ERRORS FOUND.
----------------------------------------------
CHECKING ROOT INODE
	ROOT INODE ALLOCATION STATUS OK
	ROOT INODE MODE OK
	ROOT INODE I_NLINK OK
	ROOT INODE I_BLOCKS OK
	ROOT INODE I_SIZE OK
	ROOT INODE I_DIRECT[0] OK
	ROOT INODE DATA BLOCK ALLOCATION STATUS OK
		MARKS EARNED FOR ROOT INODE CHECKS: 4.00 / 4.0
DONE CHECKING ROOT INODE. NO ERRORS FOUND.
----------------------------------------------
CHECKING UNUSED INODES
DONE CHECKING UNUSED INODES. NO ERRORS FOUND.
----------------------------------------------
CHECKING ROOT DIRECTORY	ROOT DIRECTORY DOT ENTRY OK
	ROOT DIRECTORY DOTDOT ENTRY OK
		MARKS EARNED FOR ROOT DIR ENTRY CHECKS: 2.00 / 2.0
	ROOT DIRENTRY BLOCK UNUSED ENTRIES OK
		MARKS EARNED FOR ROOT DIR UNUSED CHECKS: 1.0 / 1.0
DONE CHECKING ROOT DIRECTORY. NO ERRORS FOUND.
----------------------------------------------
CHECKING DATA BITMAP.	DATA BITMAP FOR ALLOCATED BLOCKS OK
	DATA BITMAP FOR FREE BLOCKS OK
		MARKS EARNED FOR DATA BITMAP CHECKS: 1.0
DONE CHECKING DATA BITMAP. NO ERRORS FOUND.
----------------------------------------------
MARKS EARNED: 10.00 / 10.00
----------------------------------------------
CHECKING SUPERBLOCK
	SB MAGIC OK
	SB SIZE OK
	SB NUM_INODES OK
	SB FREE_INODES OK
	SB NUM_BLOCKS OK
	SB FREE_BLOCKS OK
	SB DATA_REGION OK
		MARKS EARNED FOR SB CHECKS: 2.00 / 2.0
DONE CHECKING SUPERBLOCK. NO ERRORS FOUND.
----------------------------------------------
CHECKING ROOT INODE
	ROOT INODE ALLOCATION STATUS OK
	ROOT INODE MODE OK
	ROOT INODE I_NLINK OK
	ROOT INODE I_BLOCKS OK
	ROOT INODE I_SIZE OK
	ROOT INODE I_DIRECT[0] OK
	ROOT INODE DATA BLOCK ALLOCATION STATUS OK
		MARKS EARNED FOR ROOT INODE CHECKS: 4.00 / 4.0
DONE CHECKING ROOT INODE. NO ERRORS FOUND.
----------------------------------------------
CHECKING UNUSED INODES
DONE CHECKING UNUSED INODES. NO ERRORS FOUND.
----------------------------------------------
CHECKING ROOT DIRECTORY	ROOT DIRECTORY DOT ENTRY OK
	ROOT DIRECTORY DOTDOT ENTRY OK
		MARKS EARNED FOR ROOT DIR ENTRY CHECKS: 2.00 / 2.0
	ROOT DIRENTRY BLOCK UNUSED ENTRIES OK
		MARKS EARNED FOR ROOT DIR UNUSED CHECKS: 1.0 / 1.0
DONE CHECKING ROOT DIRECTORY. NO ERRORS FOUND.
----------------------------------------------
CHECKING DATA BITMAP.	DATA BITMAP FOR ALLOCATED BLOCKS OK
	DATA BITMAP FOR FREE BLOCKS OK
		MARKS EARNED FOR DATA BITMAP CHECKS: 1.0
DONE CHECKING DATA BITMAP. NO ERRORS FOUND.
----------------------------------------------
MARKS EARNED: 10.00 / 10.00
----------------------------------------------
CHECKING SUPERBLOCK
	SB MAGIC OK
	SB SIZE OK
	SB NUM_INODES OK
	SB FREE_INODES OK
	SB NUM_BLOCKS OK
	SB FREE_BLOCKS OK
	SB DATA_REGION OK
		MARKS EARNED FOR SB CHECKS: 2.00 / 2.0
DONE CHECKING SUPERBLOCK. NO ERRORS FOUND.
----------------------------------------------
CHECKING ROOT INODE
	ROOT INODE ALLOCATION STATUS OK
	ROOT INODE MODE OK
	ROOT INODE I_NLINK OK
	ROOT INODE I_BLOCKS OK
	ROOT INODE I_SIZE OK
	ROOT INODE I_DIRECT[0] OK
	ROOT INODE DATA BLOCK ALLOCATION STATUS OK
		MARKS EARNED FOR ROOT INODE CHECKS: 4.00 / 4.0
DONE CHECKING ROOT INODE. NO ERRORS FOUND.
----------------------------------------------
CHECKING UNUSED INODES
DONE CHECKING UNUSED INODES. NO ERRORS FOUND.
----------------------------------------------
CHECKING ROOT DIRECTORY	ROOT DIRECTORY DOT ENTRY OK
	ROOT DIRECTORY DOTDOT ENTRY OK
		MARKS EARNED FOR ROOT DIR ENTRY CHECKS: 2.00 / 2.0
	ROOT DIRENTRY BLOCK UNUSED ENTRIES OK
		MARKS EARNED FOR ROOT DIR UNUSED CHECKS: 1.0 / 1.0
DONE CHECKING ROOT DIRECTORY. NO ERRORS FOUND.
----------------------------------------------
CHECKING DATA BITMAP.	DATA BITMAP FOR ALLOCATED BLOCKS OK
	DATA BITMAP FOR FREE BLOCKS OK
		MARKS EARNED FOR DATA BITMAP CHECKS: 1.0
DONE CHECKING DATA BITMAP. NO ERRORS FOUND.
----------------------------------------------
MARKS EARNED: 10.00 / 10.00
----------------------------------------------
CHECKING SUPERBLOCK
	SB MAGIC OK
	SB SIZE OK
	SB NUM_INODES OK
	SB FREE_INODES OK
	SB NUM_BLOCKS OK
	SB FREE_BLOCKS OK
	SB DATA_REGION OK
		MARKS EARNED FOR SB CHECKS: 2.00 / 2.0
DONE CHECKING SUPERBLOCK. NO ERRORS FOUND.
----------------------------------------------
CHECKING ROOT INODE
	ROOT INODE ALLOCATION STATUS OK
	ROOT INODE MODE OK
	ROOT INODE I_NLINK OK
	ROOT INODE I_BLOCKS OK
	ROOT INODE I_SIZE OK
	ROOT INODE I_DIRECT[0] OK
	ROOT INODE DATA BLOCK ALLOCATION STATUS OK
		MARKS EARNED FOR ROOT INODE CHECKS: 4.00 / 4.0
DONE CHECKING ROOT INODE. NO ERRORS FOUND.
----------------------------------------------
CHECKING UNUSED INODES
DONE CHECKING UNUSED INODES. NO ERRORS FOUND.
----------------------------------------------
CHECKING ROOT DIRECTORY	ROOT DIRECTORY DOT ENTRY OK
	ROOT DIRECTORY DOTDOT ENTRY OK
		MARKS EARNED FOR ROOT DIR ENTRY CHECKS: 2.00 / 2.0
	ROOT DIRENTRY BLOCK UNUSED ENTRIES OK
		MARKS EARNED FOR ROOT DIR UNUSED CHECKS: 1.0 / 1.0
DONE CHECKING ROOT DIRECTORY. NO ERRORS FOUND.
----------------------------------------------
CHECKING DATA BITMAP.	DATA BITMAP FOR ALLOCATED BLOCKS OK
	DATA BITMAP FOR FREE BLOCKS OK
		MARKS EARNED FOR DATA BITMAP CHECKS: 1.0
DONE CHECKING DATA BITMAP. NO ERRORS FOUND.
----------------------------------------------
MARKS EARNED: 10.00 / 10.00
----------------------------------------------
CHECKING SUPERBLOCK
	SB MAGIC OK
	SB SIZE OK
	SB NUM_INODES OK
	SB FREE_INODES OK
	SB NUM_BLOCKS OK
	SB FREE_BLOCKS OK
	SB DATA_REGION OK
		MARKS EARNED FOR SB CHECKS: 2.00 / 2.0
DONE CHECKING SUPERBLOCK. NO ERRORS FOUND.
----------------------------------------------
CHECKING ROOT INODE
	ROOT INODE ALLOCATION STATUS OK
	ROOT INODE MODE OK
	ROOT INODE I_NLINK OK
	ROOT INODE I_BLOCKS OK
	ROOT INODE I_SIZE OK
	ROOT INODE I_DIRECT[0] OK
	ROOT INODE DATA BLOCK ALLOCATION STATUS OK
		MARKS EARNED FOR ROOT INODE CHECKS: 4.00 / 4.0
DONE CHECKING ROOT INODE. NO ERRORS FOUND.
----------------------------------------------
CHECKING UNUSED INODES
DONE CHECKING UNUSED INODES. NO ERRORS FOUND.
----------------------------------------------
CHECKING ROOT DIRECTORY	ROOT DIRECTORY DOT ENTRY OK
	ROOT DIRECTORY DOTDOT ENTRY OK
		MARKS EARNED FOR ROOT DIR ENTRY CHECKS: 2.00 / 2.0
	ROOT DIRENTRY BLOCK UNUSED ENTRIES OK
		MARKS EARNED FOR ROOT DIR UNUSED CHECKS: 1.0 / 1.0
DONE CHECKING ROOT DIRECTORY. NO ERRORS FOUND.
----------------------------------------------
CHECKING DATA BITMAP.	DATA BITMAP FOR ALLOCATED BLOCKS OK
	DATA BITMAP FOR FREE BLOCKS OK
		MARKS EARNED FOR DATA BITMAP CHECKS: 1.0
DONE CHECKING DATA BITMAP. NO ERRORS FOUND.
----------------------------------------------
MARKS EARNED: 10.00 / 10.00
----------------------------------------------
CHECKING SUPERBLOCK
	SB MAGIC OK
	SB SIZE OK
	SB NUM_INODES OK
	SB FREE_INODES OK
	SB NUM_BLOCKS OK
	SB FREE_BLOCKS OK
	SB DATA_REGION OK
		MARKS EARNED FOR SB CHECKS: 2.00 / 2.0
DONE CHECKING SUPERBLOCK. NO ERRORS FOUND.
----------------------------------------------
CHECKING ROOT INODE
	ROOT INODE ALLOCATION STATUS OK
	ROOT INODE MODE OK
	ROOT INODE I_NLINK OK
	ROOT INODE I_BLOCKS OK
	ROOT INODE I_SIZE OK
	ROOT INODE I_DIRECT[0] OK
	ROOT INODE DATA BLOCK ALLOCATION STATUS OK
		MARKS EARNED FOR ROOT INODE CHECKS: 4.00 / 4.0
DONE CHECKING ROOT INODE. NO ERRORS FOUND.
----------------------------------------------
CHECKING UNUSED INODES
DONE CHECKING UNUSED INODES. NO ERRORS FOUND.
----------------------------------------------
CHECKING ROOT DIRECTORY	ROOT DIRECTORY DOT ENTRY OK
	ROOT DIRECTORY DOTDOT ENTRY OK
		MARKS EARNED FOR ROOT DIR ENTRY CHECKS: 2.00 / 2.0
	ROOT DIRENTRY BLOCK UNUSED ENTRIES OK
		MARKS EARNED FOR ROOT DIR UNUSED CHECKS: 1.0 / 1.0
DONE CHECKING ROOT DIRECTORY. NO ERRORS FOUND.
----------------------------------------------
CHECKING DATA BITMAP.	DATA BITMAP FOR ALLOCATED BLOCKS OK
	DATA BITMAP FOR FREE BLOCKS OK
		MARKS EARNED FOR DATA BITMAP CHECKS: 1.0
DONE CHECKING DATA BITMAP. NO ERRORS FOUND.
----------------------------------------------
MARKS EARNED: 10.00 / 10.00
----------------------------------------------
CHECKING SUPERBLOCK
	SB MAGIC OK
	SB SIZE OK
	SB NUM_INODES OK
	SB FREE_INODES OK
	SB NUM_BLOCKS OK
	SB FREE_BLOCKS OK
	SB DATA_REGION OK
		MARKS EARNED FOR SB CHECKS: 2.00 / 2.0
DONE CHECKING SUPERBLOCK. NO ERRORS FOUND.
----------------------------------------------
CHECKING ROOT INODE
	ROOT INODE ALLOCATION STATUS OK
	ROOT INODE MODE OK
	ROOT INODE I_NLINK OK
	ROOT INODE I_BLOCKS OK
	ROOT INODE I_SIZE OK
	ROOT INODE I_DIRECT[0] OK
	ROOT INODE DATA BLOCK ALLOCATION STATUS OK
		MARKS EARNED FOR ROOT INODE CHECKS: 4.00 / 4.0
DONE CHECKING ROOT INODE. NO ERRORS FOUND.
----------------------------------------------
CHECKING UNUSED INODES
DONE CHECKING UNUSED INODES. NO ERRORS FOUND.
----------------------------------------------
CHECKING ROOT DIRECTORY	ROOT DIRECTORY DOT ENTRY OK
	ROOT DIRECTORY DOTDOT ENTRY OK
		MARKS EARNED FOR ROOT DIR ENTRY CHECKS: 2.00 / 2.0
	ROOT DIRENTRY BLOCK UNUSED ENTRIES OK
		MARKS EARNED FOR ROOT DIR UNUSED CHECKS: 1.0 / 1.0
DONE CHECKING ROOT DIRECTORY. NO ERRORS FOUND.
----------------------------------------------
CHECKING DATA BITMAP.	DATA BITMAP FOR ALLOCATED BLOCKS OK
	DATA BITMAP FOR FREE BLOCKS OK
		MARKS EARNED FOR DATA BITMAP CHECKS: 1.0
DONE CHECKING DATA BITMAP. NO ERRORS FOUND.
----------------------------------------------
MARKS EARNED: 10.00 / 10.00
----------------------------------------------
CHECKING SUPERBLOCK
	SB MAGIC OK
	SB SIZE OK
	SB NUM_INODES OK
	SB FREE_INODES OK
	SB NUM_BLOCKS OK
	SB FREE_BLOCKS OK
	SB DATA_REGION OK
		MARKS EARNED FOR SB CHECKS: 2.00 / 2.0
DONE CHECKING SUPERBLOCK. NO ERRORS FOUND.
----------------------------------------------
CHECKING ROOT INODE
	ROOT INODE ALLOCATION STATUS OK
	ROOT INODE MODE OK
	ROOT INODE I_NLINK OK
	ROOT INODE I_BLOCKS OK
	ROOT INODE I_SIZE OK
	ROOT INODE I_DIRECT[0] OK
	ROOT INODE DATA BLOCK ALLOCATION STATUS OK
		MARKS EARNED FOR ROOT INODE CHECKS: 4.00 / 4.0
DONE CHECKING ROOT INODE. NO ERRORS FOUND.
----------------------------------------------
CHECKING UNUSED INODES
DONE CHECKING UNUSED INODES. NO ERRORS FOUND.
----------------------------------------------
CHECKING ROOT DIRECTORY	ROOT DIRECTORY DOT ENTRY OK
	ROOT DIRECTORY DOTDOT ENTRY OK
		MARKS EARNED FOR ROOT DIR ENTRY CHECKS: 2.00 / 2.0
	ROOT DIRENTRY BLOCK UNUSED ENTRIES OK
		MARKS EARNED FOR ROOT DIR UNUSED CHECKS: 1.0 / 1.0
DONE CHECKING ROOT DIRECTORY. NO ERRORS FOUND.
----------------------------------------------
CHECKING DATA BITMAP.	DATA BITMAP FOR ALLOCATED BLOCKS OK
	DATA BITMAP FOR FREE BLOCKS OK
		MARKS EARNED FOR DATA BITMAP CHECKS: 1.0
DONE CHECKING DATA BITMAP. NO ERRORS FOUND.
----------------------------------------------
MARKS EARNED: 10.00 / 10.00
----------------------------------------------
CHECKING SUPERBLOCK
	SB MAGIC OK
	SB SIZE OK
	SB NUM_INODES OK
	SB FREE_INODES OK
	SB NUM_BLOCKS OK
	SB FREE_BLOCKS OK
	SB DATA_REGION OK
		MARKS EARNED FOR SB CHECKS: 2.00 / 2.0
DONE CHECKING SUPERBLOCK. NO ERRORS FOUND.
----------------------------------------------
CHECKING ROOT INODE
	ROOT INODE ALLOCATION STATUS OK
	ROOT INODE MODE OK
	ROOT INODE I_NLINK OK
	ROOT INODE I_BLOCKS OK
	ROOT INODE I_SIZE OK
	ROOT INODE I_DIRECT[0] OK
	ROOT INODE DATA BLOCK ALLOCATION STATUS OK
		MARKS EARNED FOR ROOT INODE CHECKS: 4.00 / 4.0
DONE CHECKING ROOT INODE. NO ERRORS FOUND.
----------------------------------------------
CHECKING UNUSED INODES
DONE CHECKING UNUSED INODES. NO ERRORS FOUND.
----------------------------------------------
CHECKING ROOT DIRECTORY	ROOT DIRECTORY DOT ENTRY OK
	ROOT DIRECTORY DOTDOT ENTRY OK
		MARKS EARNED FOR ROOT DIR ENTRY CHECKS: 2.00 / 2.0
	ROOT DIRENTRY BLOCK UNUSED ENTRIES OK
		MARKS EARNED FOR ROOT DIR UNUSED CHECKS: 1.0 / 1.0
DONE CHECKING ROOT DIRECTORY. NO ERRORS FOUND.
----------------------------------------------
CHECKING DATA BITMAP.	DATA BITMAP FOR ALLOCATED BLOCKS OK
	DATA BITMAP FOR FREE BLOCKS OK
		MARKS EARNED FOR DATA BITMAP CHECKS: 1.0
DONE CHECKING DATA BITMAP. NO ERRORS FOUND.
----------------------------------------------
MARKS EARNED: 10.00 / 10.00
----------------------------------------------
CHECKING SUPERBLOCK
	SB MAGIC OK
	SB SIZE OK
	SB NUM_INODES OK
	SB FREE_INODES OK
	SB NUM_BLOCKS OK
	SB FREE_BLOCKS OK
	SB DATA_REGION OK
		MARKS EARNED FOR SB CHECKS: 2.00 / 2.0
DONE CHECKING SUPERBLOCK. NO ERRORS FOUND.
----------------------------------------------
CHECKING ROOT INODE
	ROOT INODE ALLOCATION STATUS OK
	ROOT INODE MODE OK
	ROOT INODE I_NLINK OK
	ROOT INODE I_BLOCKS OK
	ROOT INODE I_SIZE OK
	ROOT INODE I_DIRECT[0] OK
	ROOT INODE DATA BLOCK ALLOCATION STATUS OK
		MARKS EARNED FOR ROOT INODE CHECKS: 4.00 / 4.0
DONE CHECKING ROOT INODE. NO ERRORS FOUND.
----------------------------------------------
CHECKING UNUSED INODES
DONE CHECKING UNUSED INODES. NO ERRORS FOUND.
----------------------------------------------
CHECKING ROOT DIRECTORY	ROOT DIRECTORY DOT ENTRY OK
	ROOT DIRECTORY DOTDOT ENTRY OK
		MARKS EARNED FOR ROOT DIR ENTRY CHECKS: 2.00 / 2.0
	ROOT DIRENTRY BLOCK UNUSED ENTRIES OK
		MARKS EARNED FOR ROOT DIR UNUSED CHECKS: 1.0 / 1.0
DONE CHECKING ROOT DIRECTORY. NO ERRORS FOUND.
----------------------------------------------
CHECKING DATA BITMAP.	DATA BITMAP FOR ALLOCATED BLOCKS OK
	DATA BITMAP FOR FREE BLOCKS OK
		MARKS EARNED FOR DATA BITMAP CHECKS: 1.0
DONE CHECKING DATA BITMAP. NO ERRORS FOUND.
----------------------------------------------
MARKS EARNED: 10.00 / 10.00
----------------------------------------------
CHECKING SUPERBLOCK
	SB MAGIC OK
	SB SIZE OK
	SB NUM_INODES OK
	SB FREE_INODES OK
	SB NUM_BLOCKS OK
	SB FREE_BLOCKS OK
	SB DATA_REGION OK
		MARKS EARNED FOR SB CHECKS: 2.00 / 2.0
DONE CHECKING SUPERBLOCK. NO ERRORS FOUND.
----------------------------------------------
CHECKING ROOT INODE
	ROOT INODE ALLOCATION STATUS OK
	ROOT INODE MODE OK
	ROOT INODE I_NLINK OK
	ROOT INODE I_BLOCKS OK
	ROOT INODE I_SIZE OK
	ROOT INODE I_DIRECT[0] OK
	ROOT INODE DATA BLOCK ALLOCATION STATUS OK
		MARKS EARNED FOR ROOT INODE CHECKS: 4.00 / 4.0
DONE CHECKING ROOT INODE. NO ERRORS FOUND.
----------------------------------------------
CHECKING UNUSED INODES
DONE CHECKING UNUSED INODES. NO ERRORS FOUND.
----------------------------------------------
CHECKING ROOT DIRECTORY	ROOT DIRECTORY DOT ENTRY OK
	ROOT DIRECTORY DOTDOT ENTRY OK
		MARKS EARNED FOR ROOT DIR ENTRY CHECKS: 2.00 / 2.0
	ROOT DIRENTRY BLOCK UNUSED ENTRIES OK
		MARKS EARNED FOR ROOT DIR UNUSED CHECKS: 1.0 / 1.0
DONE CHECKING ROOT DIRECTORY. NO ERRORS FOUND.
----------------------------------------------
CHECKING DATA BITMAP.	DATA BITMAP FOR ALLOCATED BLOCKS OK
	DATA BITMAP FOR FREE BLOCKS OK
		MARKS EARNED FOR DATA BITMAP CHECKS: 1.0
DONE CHECKING DATA BITMAP. NO ERRORS FOUND.
----------------------------------------------
MARKS EARNED: 10.00 / 10.00
----------------------------------------------
CHECKING SUPERBLOCK
	SB MAGIC OK
	SB SIZE OK
	SB NUM_INODES OK
	SB FREE_INODES OK
	SB NUM_BLOCKS OK
	SB FREE_BLOCKS OK
	SB DATA_REGION OK
		MARKS EARNED FOR SB CHECKS: 2.00 / 2.0
DONE CHECKING SUPERBLOCK. NO ERRORS FOUND.
----------------------------------------------
CHECKING ROOT INODE
	ROOT INODE ALLOCATION STATUS OK
	ROOT INODE MODE OK
	ROOT INODE I_NLINK OK
	ROOT INODE I_BLOCKS OK
	ROOT INODE I_SIZE OK
	ROOT INODE I_DIRECT[0] OK
	ROOT INODE DATA BLOCK ALLOCATION STATUS OK
		MARKS EARNED FOR ROOT INODE CHECKS: 4.00 / 4.0
DONE CHECKING ROOT INODE. NO ERRORS FOUND.
----------------------------------------------
CHECKING UNUSED INODES
DONE CHECKING UNUSED INODES. NO ERRORS FOUND.
----------------------------------------------
CHECKING ROOT DIRECTORY	ROOT DIRECTORY DOT ENTRY OK
	ROOT DIRECTORY DOTDOT ENTRY OK
		MARKS EARNED FOR ROOT DIR ENTRY CHECKS: 2.00 / 2.0
	ROOT DIRENTRY BLOCK UNUSED ENTRIES OK
		MARKS EARNED FOR ROOT DIR UNUSED CHECKS: 1.0 / 1.0
DONE CHECKING ROOT DIRECTORY. NO ERRORS FOUND.
----------------------------------------------
CHECKING DATA BITMAP.	DATA BITMAP FOR ALLOCATED BLOCKS OK
	DATA BITMAP FOR FREE BLOCKS OK
		MARKS EARNED FOR DATA BITMAP CHECKS: 1.0
DONE CHECKING DATA BITMAP. NO ERRORS FOUND.
----------------------------------------------
MARKS EARNED: 10.00 / 10.00
----------------------------------------------
CHECKING SUPERBLOCK
	SB MAGIC OK
	SB SIZE OK
	SB NUM_INODES OK
	SB FREE_INODES OK
	SB NUM_BLOCKS OK
	SB FREE_BLOCKS OK
	SB DATA_REGION OK
		MARKS EARNED FOR SB CHECKS: 2.00 / 2.0
DONE CHECKING SUPERBLOCK. NO ERRORS FOUND.
----------------------------------------------
CHECKING ROOT INODE
	ROOT INODE ALLOCATION STATUS OK
	ROOT INODE MODE OK
	ROOT INODE I_NLINK OK
	ROOT INODE I_BLOCKS OK
	ROOT INODE I_SIZE OK
	ROOT INODE I_DIRECT[0] OK
	ROOT INODE DATA BLOCK ALLOCATION STATUS OK
		MARKS EARNED FOR ROOT INODE CHECKS: 4.00 / 4.0
DONE CHECKING ROOT INODE. NO ERRORS FOUND.
----------------------------------------------
CHECKING UNUSED INODES
DONE CHECKING UNUSED INODES. NO ERRORS FOUND.
----------------------------------------------
CHECKING ROOT DIRECTORY	ROOT DIRECTORY DOT ENTRY OK
	ROOT DIRECTORY DOTDOT ENTRY OK
		MARKS EARNED FOR ROOT DIR ENTRY CHECKS: 2.00 / 2.0
	ROOT DIRENTRY BLOCK UNUSED ENTRIES OK
		MARKS EARNED FOR ROOT DIR UNUSED CHECKS: 1.0 / 1.0
DONE CHECKING ROOT DIRECTORY. NO ERRORS FOUND.
----------------------------------------------
CHECKING DATA BITMAP.	DATA BITMAP FOR ALLOCATED BLOCKS OK
	DATA BITMAP FOR FREE BLOCKS OK
		MARKS EARNED FOR DATA BITMAP CHECKS: 1.0
DONE CHECKING DATA BITMAP. NO ERRORS FOUND.
----------------------------------------------
MARKS EARNED: 10.00 / 10.00
----------------------------------------------
CHECKING SUPERBLOCK
	SB MAGIC OK
	SB SIZE OK
	SB NUM_INODES OK
	SB FREE_INODES OK
	SB NUM_BLOCKS OK
	SB FREE_BLOCKS OK
	SB DATA_REGION OK
		MARKS EARNED FOR SB CHECKS: 2.00 / 2.0
DONE CHECKING SUPERBLOCK. NO ERRORS FOUND.
----------------------------------------------
CHECKING ROOT INODE
	ROOT INODE ALLOCATION STATUS OK
	ROOT INODE MODE OK
	ROOT INODE I_NLINK OK
	ROOT INODE I_BLOCKS OK
	ROOT INODE I_SIZE OK
	ROOT INODE I_DIRECT[0] OK
	ROOT INODE DATA BLOCK ALLOCATION STATUS OK
		MARKS EARNED FOR ROOT INODE CHECKS: 4.00 / 4.0
DONE CHECKING ROOT INODE. NO ERRORS FOUND.
----------------------------------------------
CHECKING UNUSED INODES
DONE CHECKING UNUSED INODES. NO ERRORS FOUND.
----------------------------------------------
CHECKING ROOT DIRECTORY	ROOT DIRECTORY DOT ENTRY OK
	ROOT DIRECTORY DOTDOT ENTRY OK
		MARKS EARNED FOR ROOT DIR ENTRY CHECKS: 2.00 / 2.0
	ROOT DIRENTRY BLOCK UNUSED ENTRIES OK
		MARKS EARNED FOR ROOT DIR UNUSED CHECKS: 1.0 / 1.0
DONE CHECKING ROOT DIRECTORY. NO ERRORS FOUND.
----------------------------------------------
CHECKING DATA BITMAP.	DATA BITMAP FOR ALLOCATED BLOCKS OK
	DATA BITMAP FOR FREE BLOCKS OK
		MARKS EARNED FOR DATA BITMAP CHECKS: 1.0
DONE CHECKING DATA BITMAP. NO ERRORS FOUND.
----------------------------------------------
MARKS EARNED: 10.00 / 10.00
----------------------------------------------
CHECKING SUPERBLOCK
	SB MAGIC OK
	SB SIZE OK
	SB NUM_INODES OK
	SB FREE_INODES OK
	SB NUM_BLOCKS OK
	SB FREE_BLOCKS OK
	SB DATA_REGION OK
		MARKS EARNED FOR SB CHECKS: 2.00 / 2.0
DONE CHECKING SUPERBLOCK. NO ERRORS FOUND.
----------------------------------------------
CHECKING ROOT INODE
	ROOT INODE ALLOCATION STATUS OK
	ROOT INODE MODE OK
	ROOT INODE I_NLINK OK
	ROOT INODE I_BLOCKS OK
	ROOT INODE I_SIZE OK
	ROOT INODE I_DIRECT[0] OK
	ROOT INODE DATA BLOCK ALLOCATION STATUS OK
		MARKS EARNED FOR ROOT INODE CHECKS: 4.00 / 4.0
DONE CHECKING ROOT INODE. NO ERRORS FOUND.
----------------------------------------------
CHECKING UNUSED INODES
DONE CHECKING UNUSED INODES. NO ERRORS FOUND.
----------------------------------------------
CHECKING ROOT DIRECTORY	ROOT DIRECTORY DOT ENTRY OK
	ROOT DIRECTORY DOTDOT ENTRY OK
		MARKS EARNED FOR ROOT DIR ENTRY CHECKS: 2.00 / 2.0
	ROOT DIRENTRY BLOCK UNUSED ENTRIES OK
		MARKS EARNED FOR ROOT DIR UNUSED CHECKS: 1.0 / 1.0
DONE CHECKING ROOT DIRECTORY. NO ERRORS FOUND.
----------------------------------------------
CHECKING DATA BITMAP.	DATA BITMAP FOR ALLOCATED BLOCKS OK
	DATA BITMAP FOR FREE BLOCKS OK
		MARKS EARNED FOR DATA BITMAP CHECKS: 1.0
DONE CHECKING DATA BITMAP. NO ERRORS FOUND.
----------------------------------------------
MARKS EARNED: 10.00 / 10.00
----------------------------------------------
CHECKING SUPERBLOCK
	SB MAGIC OK
	SB SIZE OK
	SB NUM_INODES OK
	SB FREE_INODES OK
	SB NUM_BLOCKS OK
	SB FREE_BLOCKS OK
	SB DATA_REGION OK
		MARKS EARNED FOR SB CHECKS: 2.00 / 2.0
DONE CHECKING SUPERBLOCK. NO ERRORS FOUND.
----------------------------------------------
CHECKING ROOT INODE
	ROOT INODE ALLOCATION STATUS OK
	ROOT INODE MODE OK
	ROOT INODE I_NLINK OK
	ROOT INODE I_BLOCKS OK
	ROOT INODE I_SIZE OK
	ROOT INODE I_DIRECT[0] OK
	ROOT INODE DATA BLOCK ALLOCATION STATUS OK
		MARKS EARNED FOR ROOT INODE CHECKS: 4.00 / 4.0
DONE CHECKING ROOT INODE. NO ERRORS FOUND.
----------------------------------------------
CHECKING UNUSED INODES
DONE CHECKING UNUSED INODES. NO ERRORS FOUND.
----------------------------------------------
CHECKING ROOT DIRECTORY	ROOT DIRECTORY DOT ENTRY OK
	ROOT DIRECTORY DOTDOT ENTRY OK
		MARKS EARNED FOR ROOT DIR ENTRY CHECKS: 2.00 / 2.0
	ROOT DIRENTRY BLOCK UNUSED ENTRIES OK
		MARKS EARNED FOR ROOT DIR UNUSED CHECKS: 1.0 / 1.0
DONE CHECKING ROOT DIRECTORY. NO ERRORS FOUND.
----------------------------------------------
CHECKING DATA BITMAP.	DATA BITMAP FOR ALLOCATED BLOCKS OK
	DATA BITMAP FOR FREE BLOCKS OK
		MARKS EARNED FOR DATA BITMAP CHECKS: 1.0
DONE CHECKING DATA BITMAP. NO ERRORS FOUND.
----------------------------------------------
MARKS EARNED: 10.00 / 10.00
----------------------------------------------
CHECKING SUPERBLOCK
	SB MAGIC OK
	SB SIZE OK
	SB NUM_INODES OK
	SB FREE_INODES OK
	SB NUM_BLOCKS OK
	SB FREE_BLOCKS OK
	SB DATA_REGION OK
		MARKS EARNED FOR SB CHECKS: 2.00 / 2.0
DONE CHECKING SUPERBLOCK. NO ERRORS FOUND.
----------------------------------------------
CHECKING ROOT INODE
	ROOT INODE ALLOCATION STATUS OK
	ROOT INODE MODE OK
	ROOT INODE I_NLINK OK
	ROOT INODE I_BLOCKS OK
	ROOT INODE I_SIZE OK
	ROOT INODE I_DIRECT[0] OK
	ROOT INODE DATA BLOCK ALLOCATION STATUS OK
		MARKS EARNED FOR ROOT INODE CHECKS: 4.00 / 4.0
DONE CHECKING ROOT INODE. NO ERRORS FOUND.
----------------------------------------------
CHECKING UNUSED INODES
DONE CHECKING UNUSED INODES. NO ERRORS FOUND.
----------------------------------------------
CHECKING ROOT DIRECTORY	ROOT DIRECTORY DOT ENTRY OK
	ROOT DIRECTORY DOTDOT ENTRY OK
		MARKS EARNED FOR ROOT DIR ENTRY CHECKS: 2.00 / 2.0
	ROOT DIRENTRY BLOCK UNUSED ENTRIES OK
		MARKS EARNED FOR ROOT DIR UNUSED CHECKS: 1.0 / 1.0
DONE CHECKING ROOT DIRECTORY. NO ERRORS FOUND.
----------------------------------------------
CHECKING DATA BITMAP.	DATA BITMAP FOR ALLOCATED BLOCKS OK
	DATA BITMAP FOR FREE BLOCKS OK
		MARKS EARNED FOR DATA BITMAP CHECKS: 1.0
DONE CHECKING DATA BITMAP. NO ERRORS FOUND.
----------------------------------------------
MARKS EARNED: 10.00 / 10.00
----------------------------------------------
CHECKING SUPERBLOCK
	SB MAGIC OK
	SB SIZE OK
	SB NUM_INODES OK
	SB FREE_INODES OK
	SB NUM_BLOCKS OK
	SB FREE_BLOCKS OK
	SB DATA_REGION OK
		MARKS EARNED FOR SB CHECKS: 2.00 / 2.0
DONE CHECKING SUPERBLOCK. NO ERRORS FOUND.
----------------------------------------------
CHECKING ROOT INODE
	ROOT INODE ALLOCATION STATUS OK
	ROOT INODE MODE OK
	ROOT INODE I_NLINK OK
	ROOT INODE I_BLOCKS OK
	ROOT INODE I_SIZE OK
	ROOT INODE I_DIRECT[0] OK
	ROOT INODE DATA BLOCK ALLOCATION STATUS OK
		MARKS EARNED FOR ROOT INODE CHECKS: 4.00 / 4.0
DONE CHECKING ROOT INODE. NO ERRORS FOUND.
----------------------------------------------
CHECKING UNUSED INODES
DONE CHECKING UNUSED INODES. NO ERRORS FOUND.
----------------------------------------------
CHECKING ROOT DIRECTORY	ROOT DIRECTORY DOT ENTRY OK
	ROOT DIRECTORY DOTDOT ENTRY OK
		MARKS EARNED FOR ROOT DIR ENTRY CHECKS: 2.00 / 2.0
	ROOT DIRENTRY BLOCK UNUSED ENTRIES OK
		MARKS EARNED FOR ROOT DIR UNUSED CHECKS: 1.0 / 1.0
DONE CHECKING ROOT DIRECTORY. NO ERRORS FOUND.
----------------------------------------------
CHECKING DATA BITMAP.	DATA BITMAP FOR ALLOCATED BLOCKS OK
	DATA BITMAP FOR FREE BLOCKS OK
		MARKS EARNED FOR DATA BITMAP CHECKS: 1.0
DONE CHECKING DATA BITMAP. NO ERRORS FOUND.
----------------------------------------------
MARKS EARNED: 10.00 / 10.00
----------------------------------------------
CHECKING SUPERBLOCK
	SB MAGIC OK
	SB SIZE OK
	SB NUM_INODES OK
	SB FREE_INODES OK
	SB NUM_BLOCKS OK
	SB FREE_BLOCKS OK
	SB DATA_REGION OK
		MARKS EARNED FOR SB CHECKS: 2.00 / 2.0
DONE CHECKING SUPERBLOCK. NO ERRORS FOUND.
----------------------------------------------
CHECKING ROOT INODE
	ROOT INODE ALLOCATION STATUS OK
	ROOT INODE MODE OK
	ROOT INODE I_NLINK OK
	ROOT INODE I_BLOCKS OK
	ROOT INODE I_SIZE OK
	ROOT INODE I_DIRECT[0] OK
	ROOT INODE DATA BLOCK ALLOCATION STATUS OK
		MARKS EARNED FOR ROOT INODE CHECKS: 4.00 / 4.0
DONE CHECKING ROOT INODE. NO ERRORS FOUND.
----------------------------------------------
CHECKING UNUSED INODES
DONE CHECKING UNUSED INODES. NO ERRORS FOUND.
----------------------------------------------
CHECKING ROOT DIRECTORY	ROOT DIRECTORY DOT ENTRY OK
	ROOT DIRECTORY DOTDOT ENTRY OK
		MARKS EARNED FOR ROOT DIR ENTRY CHECKS: 2.00 / 2.0
	ROOT DIRENTRY BLOCK UNUSED ENTRIES OK
		MARKS EARNED FOR ROOT DIR UNUSED CHECKS: 1.0 / 1.0
DONE CHECKING ROOT DIRECTORY. NO ERRORS FOUND.
----------------------------------------------
CHECKING DATA BITMAP.	DATA BITMAP FOR ALLOCATED BLOCKS OK
	DATA BITMAP FOR FREE BLOCKS OK
		MARKS EARNED FOR DATA BITMAP CHECKS: 1.0
DONE CHECKING DATA BITMAP. NO ERRORS FOUND.
----------------------------------------------
MARKS EARNED: 10.00 / 10.00
----------------------------------------------
CHECKING SUPERBLOCK
	SB MAGIC OK
	SB SIZE OK
	SB NUM_INODES OK
	SB FREE_INODES OK
	SB NUM_BLOCKS OK
	SB FREE_BLOCKS OK
	SB DATA_REGION OK
		MARKS EARNED FOR SB CHECKS: 2.00 / 2.0
DONE CHECKING SUPERBLOCK. NO ERRORS FOUND.
----------------------------------------------
CHECKING ROOT INODE
	ROOT INODE ALLOCATION STATUS OK
	ROOT INODE MODE OK
	ROOT INODE I_NLINK OK
	ROOT INODE I_BLOCKS OK
	ROOT INODE I_SIZE OK
	ROOT INODE I_DIRECT[0] OK
	ROOT INODE DATA BLOCK ALLOCATION STATUS OK
		MARKS EARNED FOR ROOT INODE CHECKS: 4.00 / 4.0
DONE CHECKING ROOT INODE. NO ERRORS FOUND.
----------------------------------------------
CHECKING UNUSED INODES
DONE CHECKING UNUSED INODES. NO ERRORS FOUND.
----------------------------------------------
CHECKING ROOT DIRECTORY	ROOT DIRECTORY DOT ENTRY OK
	ROOT DIRECTORY DOTDOT ENTRY OK
		MARKS EARNED FOR ROOT DIR ENTRY CHECKS: 2.00 / 2.0
	ROOT DIRENTRY BLOCK UNUSED ENTRIES OK
		MARKS EARNED FOR ROOT DIR UNUSED CHECKS: 1.0 / 1.0
DONE CHECKING ROOT DIRECTORY. NO ERRORS FOUND.
----------------------------------------------
CHECKING DATA BITMAP.	DATA BITMAP FOR ALLOCATED BLOCKS OK
	DATA BITMAP FOR FREE BLOCKS OK
		MARKS EARNED FOR DATA BITMAP CHECKS: 1.0
DONE CHECKING DATA BITMAP. NO ERRORS FOUND.
----------------------------------------------
MARKS EARNED: 10.00 / 10.00
----------------------------------------------
CHECKING SUPERBLOCK
	SB MAGIC OK
	SB SIZE OK
	SB NUM_INODES OK
	SB FREE_INODES OK
	SB NUM_BLOCKS OK
	SB FREE_BLOCKS OK
	SB DATA_REGION OK
		MARKS EARNED FOR SB CHECKS: 2.00 / 2.0
DONE CHECKING SUPERBLOCK. NO ERRORS FOUND.
----------------------------------------------
CHECKING ROOT INODE
	ROOT INODE ALLOCATION STATUS OK
	ROOT INODE MODE OK
	ROOT INODE I_NLINK OK
	ROOT INODE I_BLOCKS OK
	ROOT INODE I_SIZE OK
	ROOT INODE I_DIRECT[0] OK
	ROOT INODE DATA BLOCK ALLOCATION STATUS OK
		MARKS EARNED FOR ROOT INODE CHECKS: 4.00 / 4.0
DONE CHECKING ROOT INODE. NO ERRORS FOUND.
----------------------------------------------
CHECKING UNUSED INODES
DONE CHECKING UNUSED INODES. NO ERRORS FOUND.
----------------------------------------------
CHECKING ROOT DIRECTORY	ROOT DIRECTORY DOT ENTRY OK
	ROOT DIRECTORY DOTDOT ENTRY OK
		MARKS EARNED FOR ROOT DIR ENTRY CHECKS: 2.00 / 2.0
	ROOT DIRENTRY BLOCK UNUSED ENTRIES OK
		MARKS EARNED FOR ROOT DIR UNUSED CHECKS: 1.0 / 1.0
DONE CHECKING ROOT DIRECTORY. NO ERRORS FOUND.
----------------------------------------------
CHECKING DATA BITMAP.	DATA BITMAP FOR ALLOCATED BLOCKS OK
	DATA BITMAP FOR FREE BLOCKS OK
		MARKS EARNED FOR DATA BITMAP CHECKS: 1.0
DONE CHECKING DATA BITMAP. NO ERRORS FOUND.
----------------------------------------------
MARKS EARNED: 10.00 / 10.00
----------------------------------------------
CHECKING SUPERBLOCK
	SB MAGIC OK
	SB SIZE OK
	SB NUM_INODES OK
	SB FREE_INODES OK
	SB NUM_BLOCKS OK
	SB FREE_BLOCKS OK
	SB DATA_REGION OK
		MARKS EARNED FOR SB CHECKS: 2.00 / 2.0
DONE CHECKING SUPERBLOCK. NO ERRORS FOUND.
----------------------------------------------
CHECKING ROOT INODE
	ROOT INODE ALLOCATION STATUS OK
	ROOT INODE MODE OK
	ROOT INODE I_NLINK OK
	ROOT INODE I_BLOCKS OK
	ROOT INODE I_SIZE OK
	ROOT INODE I_DIRECT[0] OK
	ROOT INODE DATA BLOCK ALLOCATION STATUS OK
		MARKS EARNED FOR ROOT INODE CHECKS: 4.00 / 4.0
DONE CHECKING ROOT INODE. NO ERRORS FOUND.
----------------------------------------------
CHECKING UNUSED INODES
DONE CHECKING UNUSED INODES. NO ERRORS FOUND.
----------------------------------------------
CHECKING ROOT DIRECTORY	ROOT DIRECTORY DOT ENTRY OK
	ROOT DIRECTORY DOTDOT ENTRY OK
		MARKS EARNED FOR ROOT DIR ENTRY CHECKS: 2.00 / 2.0
	ROOT DIRENTRY BLOCK UNUSED ENTRIES OK
		MARKS EARNED FOR ROOT DIR UNUSED CHECKS: 1.0 / 1.0
DONE CHECKING ROOT DIRECTORY. NO ERRORS FOUND.
----------------------------------------------
CHECKING DATA BITMAP.	DATA BITMAP FOR ALLOCATED BLOCKS OK
	DATA BITMAP FOR FREE BLOCKS OK
		MARKS EARNED FOR DATA BITMAP CHECKS: 1.0
DONE CHECKING DATA BITMAP. NO ERRORS FOUND.
----------------------------------------------
MARKS EARNED: 10.00 / 10.00
----------------------------------------------
CHECKING SUPERBLOCK
	SB MAGIC OK
	SB SIZE OK
	SB NUM_INODES OK
	SB FREE_INODES OK
	SB NUM_BLOCKS OK
	SB FREE_BLOCKS OK
	SB DATA_REGION OK
		MARKS EARNED FOR SB CHECKS: 2.00 / 2.0
DONE CHECKING SUPERBLOCK. NO ERRORS FOUND.
----------------------------------------------
CHECKING ROOT INODE
	ROOT INODE ALLOCATION STATUS OK
	ROOT INODE MODE OK
	ROOT INODE I_NLINK OK
	ROOT INODE I_BLOCKS OK
	ROOT INODE I_SIZE OK
	ROOT INODE I_DIRECT[0] OK
	ROOT INODE DATA BLOCK ALLOCATION STATUS OK
		MARKS EARNED FOR ROOT INODE CHECKS: 4.00 / 4.0
DONE CHECKING ROOT INODE. NO ERRORS FOUND.
----------------------------------------------
CHECKING UNUSED INODES
DONE CHECKING UNUSED INODES. NO ERRORS FOUND.
----------------------------------------------
CHECKING ROOT DIRECTORY	ROOT DIRECTORY DOT ENTRY OK
	ROOT DIRECTORY DOTDOT ENTRY OK
		MARKS EARNED FOR ROOT DIR ENTRY CHECKS: 2.00 / 2.0
	ROOT DIRENTRY BLOCK UNUSED ENTRIES OK
		MARKS EARNED FOR ROOT DIR UNUSED CHECKS: 1.0 / 1.0
DONE CHECKING ROOT DIRECTORY. NO ERRORS FOUND.
----------------------------------------------
CHECKING DATA BITMAP.	DATA BITMAP FOR ALLOCATED BLOCKS OK
	DATA BITMAP FOR FREE BLOCKS OK
		MARKS EARNED FOR DATA BITMAP CHECKS: 1.0
DONE CHECKING DATA BITMAP. NO ERRORS FOUND.
----------------------------------------------
MARKS EARNED: 10.00 / 10.00
----------------------------------------------
CHECKING SUPERBLOCK
	SB MAGIC OK
	SB SIZE OK
	SB NUM_INODES OK
	SB FREE_INODES OK
	SB NUM_BLOCKS OK
	SB FREE_BLOCKS OK
	SB DATA_REGION OK
		MARKS EARNED FOR SB CHECKS: 2.00 / 2.0
DONE CHECKING SUPERBLOCK. NO ERRORS FOUND.
----------------------------------------------
CHECKING ROOT INODE
	ROOT INODE ALLOCATION STATUS OK
	ROOT INODE MODE OK
	ROOT INODE I_NLINK OK
	ROOT INODE I_BLOCKS OK
	ROOT INODE I_SIZE OK
	ROOT INODE I_DIRECT[0] OK
	ROOT INODE DATA BLOCK ALLOCATION STATUS OK
		MARKS EARNED FOR ROOT INODE CHECKS: 4.00 / 4.0
DONE CHECKING ROOT INODE. NO ERRORS FOUND.
----------------------------------------------
CHECKING UNUSED INODES
DONE CHECKING UNUSED INODES. NO ERRORS FOUND.
----------------------------------------------
CHECKING ROOT DIRECTORY	ROOT DIRECTORY DOT ENTRY OK
	ROOT DIRECTORY DOTDOT ENTRY OK
		MARKS EARNED FOR ROOT DIR ENTRY CHECKS: 2.00 / 2.0
	ROOT DIRENTRY BLOCK UNUSED ENTRIES OK
		MARKS EARNED FOR ROOT DIR UNUSED CHECKS: 1.0 / 1.0
DONE CHECKING ROOT DIRECTORY. NO ERRORS FOUND.
----------------------------------------------
CHECKING DATA BITMAP.	DATA BITMAP FOR ALLOCATED BLOCKS OK
	DATA BITMAP FOR FREE BLOCKS OK
		MARKS EARNED FOR DATA BITMAP CHECKS: 1.0
DONE CHECKING DATA BITMAP. NO ERRORS FOUND.
----------------------------------------------
MARKS EARNED: 10.00 / 10.00
----------------------------------------------
CHECKING SUPERBLOCK
	SB MAGIC OK
	SB SIZE OK
	SB NUM_INODES OK
	SB FREE_INODES OK
	SB NUM_BLOCKS OK
	SB FREE_BLOCKS OK
	SB DATA_REGION OK
		MARKS EARNED FOR SB CHECKS: 2.00 / 2.0
DONE CHECKING SUPERBLOCK. NO ERRORS FOUND.
----------------------------------------------
CHECKING ROOT INODE
	ROOT INODE ALLOCATION STATUS OK
	ROOT INODE MODE OK
	ROOT INODE I_NLINK OK
	ROOT INODE I_BLOCKS OK
	ROOT INODE I_SIZE OK
	ROOT INODE I_DIRECT[0] OK
	ROOT INODE DATA BLOCK ALLOCATION STATUS OK
		MARKS EARNED FOR ROOT INODE CHECKS: 4.00 / 4.0
DONE CHECKING ROOT INODE. NO ERRORS FOUND.
----------------------------------------------
CHECKING UNUSED INODES
DONE CHECKING UNUSED INODES. NO ERRORS FOUND.
----------------------------------------------
CHECKING ROOT DIRECTORY	ROOT DIRECTORY DOT ENTRY OK
	ROOT DIRECTORY DOTDOT ENTRY OK
		MARKS EARNED FOR ROOT DIR ENTRY CHECKS: 2.00 / 2.0
	ROOT DIRENTRY BLOCK UNUSED ENTRIES OK
		MARKS EARNED FOR ROOT DIR UNUSED CHECKS: 1.0 / 1.0
DONE CHECKING ROOT DIRECTORY. NO ERRORS FOUND.
----------------------------------------------
CHECKING DATA BITMAP.	DATA BITMAP FOR ALLOCATED BLOCKS OK
	DATA BITMAP FOR FREE BLOCKS OK
		MARKS EARNED FOR DATA BITMAP CHECKS: 1.0
DONE CHECKING DATA BITMAP. NO ERRORS FOUND.
----------------------------------------------
MARKS EARNED: 10.00 / 10.00
----------------------------------------------
CHECKING SUPERBLOCK
	SB MAGIC OK
	SB SIZE OK
	SB NUM_INODES OK
	SB FREE_INODES OK
	SB NUM_BLOCKS OK
	SB FREE_BLOCKS OK
	SB DATA_REGION OK
		MARKS EARNED FOR SB CHECKS: 2.00 / 2.0
DONE CHECKING SUPERBLOCK. NO ERRORS FOUND.
----------------------------------------------
CHECKING ROOT INODE
	ROOT INODE ALLOCATION STATUS OK
	ROOT INODE MODE OK
	ROOT INODE I_NLINK OK
	ROOT INODE I_BLOCKS OK
	ROOT INODE I_SIZE OK
	ROOT INODE I_DIRECT[0] OK
	ROOT INODE DATA BLOCK ALLOCATION STATUS OK
		MARKS EARNED FOR ROOT INODE CHECKS: 4.00 / 4.0
DONE CHECKING ROOT INODE. NO ERRORS FOUND.
----------------------------------------------
CHECKING UNUSED INODES
DONE CHECKING UNUSED INODES. NO ERRORS FOUND.
----------------------------------------------
CHECKING ROOT DIRECTORY	ROOT DIRECTORY DOT ENTRY OK
	ROOT DIRECTORY DOTDOT ENTRY OK
		MARKS EARNED FOR ROOT DIR ENTRY CHECKS: 2.00 / 2.0
	ROOT DIRENTRY BLOCK UNUSED ENTRIES OK
		MARKS EARNED FOR ROOT DIR UNUSED CHECKS: 1.0 / 1.0
DONE CHECKING ROOT DIRECTORY. NO ERRORS FOUND.
----------------------------------------------
CHECKING DATA BITMAP.	DATA BITMAP FOR ALLOCATED BLOCKS OK
	DATA BITMAP FOR FREE BLOCKS OK
		MARKS EARNED FOR DATA BITMAP CHECKS: 1.0
DONE CHECKING DATA BITMAP. NO ERRORS FOUND.
----------------------------------------------
MARKS EARNED: 10.00 / 10.00
