FUSE library version: 2.9.9
nullpath_ok: 0
nopath: 0
utime_omit_ok: 0
unique: 2, opcode: INIT (26), nodeid: 0, insize: 56, pid: 0
INIT: 7.34
flags=0x33fffffb
max_readahead=0x00020000
   INIT: 7.19
   flags=0x00000011
   max_readahead=0x00020000
   max_write=0x00001000
   max_background=0
   congestion_threshold=0
   unique: 2, success, outsize: 40
unique: 4, opcode: GETATTR (3), nodeid: 1, insize: 56, pid: 53932
getattr /
   unique: 4, success, outsize: 120
unique: 6, opcode: ACCESS (34), nodeid: 1, insize: 48, pid: 53228
   unique: 6, error: -38 (Function not implemented), outsize: 16
unique: 8, opcode: STATFS (17), nodeid: 1, insize: 40, pid: 53934
statfs /
   unique: 8, success, outsize: 96
unique: 10, opcode: LOOKUP (1), nodeid: 1, insize: 52, pid: 53934
LOOKUP /truncate_me
getattr /truncate_me
   NODEID: 2
   unique: 10, success, outsize: 144
unique: 12, opcode: OPEN (14), nodeid: 2, insize: 48, pid: 53934
   unique: 12, success, outsize: 32
unique: 14, opcode: IOCTL (39), nodeid: 2, insize: 72, pid: 53934
   unique: 14, success, outsize: 32
unique: 16, opcode: IOCTL (39), nodeid: 2, insize: 72, pid: 53934
   unique: 16, success, outsize: 32
unique: 18, opcode: GETXATTR (22), nodeid: 2, insize: 68, pid: 53934
   unique: 18, error: -38 (Function not implemented), outsize: 16
unique: 20, opcode: WRITE (16), nodeid: 2, insize: 125, pid: 53934
write[0] 45 bytes to 0 flags: 0x8401
   unique: 20, error: -38 (Function not implemented), outsize: 16
unique: 22, opcode: WRITE (16), nodeid: 2, insize: 125, pid: 53934
write[0] 45 bytes to 0 flags: 0x8401
   unique: 22, error: -38 (Function not implemented), outsize: 16
unique: 24, opcode: FLUSH (25), nodeid: 2, insize: 64, pid: 53934
   unique: 24, error: -38 (Function not implemented), outsize: 16
unique: 26, opcode: RELEASE (18), nodeid: 2, insize: 64, pid: 0
   unique: 26, success, outsize: 16
FUSE library version: 2.9.9
nullpath_ok: 0
nopath: 0
utime_omit_ok: 0
unique: 2, opcode: INIT (26), nodeid: 0, insize: 56, pid: 0
INIT: 7.34
flags=0x33fffffb
max_readahead=0x00020000
   INIT: 7.19
   flags=0x00000011
   max_readahead=0x00020000
   max_write=0x00001000
   max_background=0
   congestion_threshold=0
   unique: 2, success, outsize: 40
unique: 4, opcode: GETATTR (3), nodeid: 1, insize: 56, pid: 43209
getattr /
   unique: 4, success, outsize: 120
unique: 6, opcode: ACCESS (34), nodeid: 1, insize: 48, pid: 42762
   unique: 6, error: -38 (Function not implemented), outsize: 16
unique: 8, opcode: STATFS (17), nodeid: 1, insize: 40, pid: 43211
statfs /
   unique: 8, success, outsize: 96
unique: 10, opcode: LOOKUP (1), nodeid: 1, insize: 52, pid: 43211
LOOKUP /truncate_me
getattr /truncate_me
   NODEID: 2
   unique: 10, success, outsize: 144
unique: 12, opcode: OPEN (14), nodeid: 2, insize: 48, pid: 43211
   unique: 12, success, outsize: 32
unique: 14, opcode: IOCTL (39), nodeid: 2, insize: 72, pid: 43211
   unique: 14, success, outsize: 32
unique: 16, opcode: IOCTL (39), nodeid: 2, insize: 72, pid: 43211
   unique: 16, success, outsize: 32
unique: 18, opcode: GETXATTR (22), nodeid: 2, insize: 68, pid: 43211
   unique: 18, error: -38 (Function not implemented), outsize: 16
unique: 20, opcode: WRITE (16), nodeid: 2, insize: 125, pid: 43211
write[0] 45 bytes to 0 flags: 0x8401
   unique: 20, error: -38 (Function not implemented), outsize: 16
unique: 22, opcode: WRITE (16), nodeid: 2, insize: 125, pid: 43211
write[0] 45 bytes to 0 flags: 0x8401
   unique: 22, error: -38 (Function not implemented), outsize: 16
unique: 24, opcode: FLUSH (25), nodeid: 2, insize: 64, pid: 43211
   unique: 24, error: -38 (Function not implemented), outsize: 16
unique: 26, opcode: RELEASE (18), nodeid: 2, insize: 64, pid: 0
   unique: 26, success, outsize: 16
FUSE library version: 2.9.9
nullpath_ok: 0
nopath: 0
utime_omit_ok: 0
unique: 2, opcode: INIT (26), nodeid: 0, insize: 56, pid: 0
INIT: 7.34
flags=0x33fffffb
max_readahead=0x00020000
   INIT: 7.19
   flags=0x00000011
   max_readahead=0x00020000
   max_write=0x00001000
   max_background=0
   congestion_threshold=0
   unique: 2, success, outsize: 40
unique: 4, opcode: GETATTR (3), nodeid: 1, insize: 56, pid: 6310
getattr /
   unique: 4, success, outsize: 120
unique: 6, opcode: ACCESS (34), nodeid: 1, insize: 48, pid: 5601
   unique: 6, error: -38 (Function not implemented), outsize: 16
unique: 8, opcode: STATFS (17), nodeid: 1, insize: 40, pid: 6312
statfs /
   unique: 8, success, outsize: 96
unique: 10, opcode: LOOKUP (1), nodeid: 1, insize: 52, pid: 6312
LOOKUP /truncate_me
getattr /truncate_me
   NODEID: 2
   unique: 10, success, outsize: 144
unique: 12, opcode: OPEN (14), nodeid: 2, insize: 48, pid: 6312
   unique: 12, success, outsize: 32
unique: 14, opcode: IOCTL (39), nodeid: 2, insize: 72, pid: 6312
   unique: 14, success, outsize: 32
unique: 16, opcode: IOCTL (39), nodeid: 2, insize: 72, pid: 6312
   unique: 16, success, outsize: 32
unique: 18, opcode: GETXATTR (22), nodeid: 2, insize: 68, pid: 6312
   unique: 18, error: -38 (Function not implemented), outsize: 16
unique: 20, opcode: WRITE (16), nodeid: 2, insize: 125, pid: 6312
write[0] 45 bytes to 0 flags: 0x8401
   unique: 20, error: -38 (Function not implemented), outsize: 16
unique: 22, opcode: WRITE (16), nodeid: 2, insize: 125, pid: 6312
write[0] 45 bytes to 0 flags: 0x8401
   unique: 22, error: -38 (Function not implemented), outsize: 16
unique: 24, opcode: FLUSH (25), nodeid: 2, insize: 64, pid: 6312
   unique: 24, error: -38 (Function not implemented), outsize: 16
unique: 26, opcode: RELEASE (18), nodeid: 2, insize: 64, pid: 0
   unique: 26, success, outsize: 16
FUSE library version: 2.9.9
nullpath_ok: 0
nopath: 0
utime_omit_ok: 0
unique: 2, opcode: INIT (26), nodeid: 0, insize: 56, pid: 0
INIT: 7.34
flags=0x33fffffb
max_readahead=0x00020000
   INIT: 7.19
   flags=0x00000011
   max_readahead=0x00020000
   max_write=0x00001000
   max_background=0
   congestion_threshold=0
   unique: 2, success, outsize: 40
unique: 4, opcode: GETATTR (3), nodeid: 1, insize: 56, pid: 34301
getattr /
   unique: 4, success, outsize: 120
unique: 6, opcode: ACCESS (34), nodeid: 1, insize: 48, pid: 33556
   unique: 6, error: -38 (Function not implemented), outsize: 16
unique: 8, opcode: STATFS (17), nodeid: 1, insize: 40, pid: 34304
statfs /
   unique: 8, success, outsize: 96
unique: 10, opcode: LOOKUP (1), nodeid: 1, insize: 52, pid: 34304
LOOKUP /truncate_me
getattr /truncate_me
   NODEID: 2
   unique: 10, success, outsize: 144
unique: 12, opcode: OPEN (14), nodeid: 2, insize: 48, pid: 34304
   unique: 12, success, outsize: 32
unique: 14, opcode: IOCTL (39), nodeid: 2, insize: 72, pid: 34304
   unique: 14, success, outsize: 32
unique: 16, opcode: IOCTL (39), nodeid: 2, insize: 72, pid: 34304
   unique: 16, success, outsize: 32
unique: 18, opcode: GETXATTR (22), nodeid: 2, insize: 68, pid: 34304
   unique: 18, error: -38 (Function not implemented), outsize: 16
unique: 20, opcode: WRITE (16), nodeid: 2, insize: 125, pid: 34304
write[0] 45 bytes to 0 flags: 0x8401
   unique: 20, error: -38 (Function not implemented), outsize: 16
unique: 22, opcode: WRITE (16), nodeid: 2, insize: 125, pid: 34304
write[0] 45 bytes to 0 flags: 0x8401
   unique: 22, error: -38 (Function not implemented), outsize: 16
unique: 24, opcode: FLUSH (25), nodeid: 2, insize: 64, pid: 34304
   unique: 24, error: -38 (Function not implemented), outsize: 16
unique: 26, opcode: RELEASE (18), nodeid: 2, insize: 64, pid: 0
   unique: 26, success, outsize: 16
FUSE library version: 2.9.9
nullpath_ok: 0
nopath: 0
utime_omit_ok: 0
unique: 2, opcode: INIT (26), nodeid: 0, insize: 56, pid: 0
INIT: 7.34
flags=0x33fffffb
max_readahead=0x00020000
   INIT: 7.19
   flags=0x00000011
   max_readahead=0x00020000
   max_write=0x00001000
   max_background=0
   congestion_threshold=0
   unique: 2, success, outsize: 40
unique: 4, opcode: GETATTR (3), nodeid: 1, insize: 56, pid: 26058
getattr /
   unique: 4, success, outsize: 120
unique: 6, opcode: ACCESS (34), nodeid: 1, insize: 48, pid: 25620
   unique: 6, error: -38 (Function not implemented), outsize: 16
unique: 8, opcode: STATFS (17), nodeid: 1, insize: 40, pid: 26060
statfs /
   unique: 8, success, outsize: 96
unique: 10, opcode: LOOKUP (1), nodeid: 1, insize: 52, pid: 26060
LOOKUP /truncate_me
getattr /truncate_me
   NODEID: 2
   unique: 10, success, outsize: 144
unique: 12, opcode: OPEN (14), nodeid: 2, insize: 48, pid: 26060
   unique: 12, success, outsize: 32
unique: 14, opcode: IOCTL (39), nodeid: 2, insize: 72, pid: 26060
   unique: 14, success, outsize: 32
unique: 16, opcode: IOCTL (39), nodeid: 2, insize: 72, pid: 26060
   unique: 16, success, outsize: 32
unique: 18, opcode: GETXATTR (22), nodeid: 2, insize: 68, pid: 26060
   unique: 18, error: -38 (Function not implemented), outsize: 16
unique: 20, opcode: WRITE (16), nodeid: 2, insize: 125, pid: 26060
write[0] 45 bytes to 0 flags: 0x8401
   unique: 20, error: -38 (Function not implemented), outsize: 16
unique: 22, opcode: WRITE (16), nodeid: 2, insize: 125, pid: 26060
write[0] 45 bytes to 0 flags: 0x8401
   unique: 22, error: -38 (Function not implemented), outsize: 16
unique: 24, opcode: FLUSH (25), nodeid: 2, insize: 64, pid: 26060
   unique: 24, error: -38 (Function not implemented), outsize: 16
unique: 26, opcode: RELEASE (18), nodeid: 2, insize: 64, pid: 0
   unique: 26, success, outsize: 16
FUSE library version: 2.9.9
nullpath_ok: 0
nopath: 0
utime_omit_ok: 0
unique: 2, opcode: INIT (26), nodeid: 0, insize: 56, pid: 0
INIT: 7.34
flags=0x33fffffb
max_readahead=0x00020000
   INIT: 7.19
   flags=0x00000011
   max_readahead=0x00020000
   max_write=0x00001000
   max_background=0
   congestion_threshold=0
   unique: 2, success, outsize: 40
unique: 4, opcode: GETATTR (3), nodeid: 1, insize: 56, pid: 2514
getattr /
   unique: 4, success, outsize: 120
unique: 6, opcode: ACCESS (34), nodeid: 1, insize: 48, pid: 1726
   unique: 6, error: -38 (Function not implemented), outsize: 16
unique: 8, opcode: STATFS (17), nodeid: 1, insize: 40, pid: 2516
statfs /
   unique: 8, success, outsize: 96
unique: 10, opcode: LOOKUP (1), nodeid: 1, insize: 52, pid: 2516
LOOKUP /truncate_me
getattr /truncate_me
   NODEID: 2
   unique: 10, success, outsize: 144
unique: 12, opcode: OPEN (14), nodeid: 2, insize: 48, pid: 2516
   unique: 12, success, outsize: 32
unique: 14, opcode: IOCTL (39), nodeid: 2, insize: 72, pid: 2516
   unique: 14, success, outsize: 32
unique: 16, opcode: IOCTL (39), nodeid: 2, insize: 72, pid: 2516
   unique: 16, success, outsize: 32
unique: 18, opcode: GETXATTR (22), nodeid: 2, insize: 68, pid: 2516
   unique: 18, error: -38 (Function not implemented), outsize: 16
unique: 20, opcode: WRITE (16), nodeid: 2, insize: 125, pid: 2516
write[0] 45 bytes to 0 flags: 0x8401
   write[0] 45 bytes to 0
   unique: 20, success, outsize: 24
unique: 22, opcode: FLUSH (25), nodeid: 2, insize: 64, pid: 2516
   unique: 22, error: -38 (Function not implemented), outsize: 16
unique: 24, opcode: RELEASE (18), nodeid: 2, insize: 64, pid: 0
   unique: 24, success, outsize: 16
unique: 26, opcode: GETATTR (3), nodeid: 2, insize: 56, pid: 2516
getattr /truncate_me
   unique: 26, success, outsize: 120
unique: 28, opcode: STATFS (17), nodeid: 1, insize: 40, pid: 2516
statfs /
   unique: 28, success, outsize: 96
FUSE library version: 2.9.9
nullpath_ok: 0
nopath: 0
utime_omit_ok: 0
unique: 2, opcode: INIT (26), nodeid: 0, insize: 56, pid: 0
INIT: 7.34
flags=0x33fffffb
max_readahead=0x00020000
   INIT: 7.19
   flags=0x00000011
   max_readahead=0x00020000
   max_write=0x00001000
   max_background=0
   congestion_threshold=0
   unique: 2, success, outsize: 40
unique: 4, opcode: GETATTR (3), nodeid: 1, insize: 56, pid: 25129
getattr /
   unique: 4, success, outsize: 120
unique: 6, opcode: ACCESS (34), nodeid: 1, insize: 48, pid: 24199
   unique: 6, error: -38 (Function not implemented), outsize: 16
unique: 8, opcode: STATFS (17), nodeid: 1, insize: 40, pid: 25131
statfs /
   unique: 8, success, outsize: 96
unique: 10, opcode: LOOKUP (1), nodeid: 1, insize: 52, pid: 25131
LOOKUP /truncate_me
getattr /truncate_me
   NODEID: 2
   unique: 10, success, outsize: 144
unique: 12, opcode: OPEN (14), nodeid: 2, insize: 48, pid: 25131
   unique: 12, success, outsize: 32
unique: 14, opcode: IOCTL (39), nodeid: 2, insize: 72, pid: 25131
   unique: 14, success, outsize: 32
unique: 16, opcode: IOCTL (39), nodeid: 2, insize: 72, pid: 25131
   unique: 16, success, outsize: 32
unique: 18, opcode: GETXATTR (22), nodeid: 2, insize: 68, pid: 25131
   unique: 18, error: -38 (Function not implemented), outsize: 16
unique: 20, opcode: WRITE (16), nodeid: 2, insize: 125, pid: 25131
write[0] 45 bytes to 0 flags: 0x8401
   write[0] 45 bytes to 0
   unique: 20, success, outsize: 24
unique: 22, opcode: FLUSH (25), nodeid: 2, insize: 64, pid: 25131
   unique: 22, error: -38 (Function not implemented), outsize: 16
unique: 24, opcode: RELEASE (18), nodeid: 2, insize: 64, pid: 0
   unique: 24, success, outsize: 16
unique: 26, opcode: GETATTR (3), nodeid: 2, insize: 56, pid: 25131
getattr /truncate_me
   unique: 26, success, outsize: 120
unique: 28, opcode: STATFS (17), nodeid: 1, insize: 40, pid: 25131
statfs /
   unique: 28, success, outsize: 96
FUSE library version: 2.9.9
nullpath_ok: 0
nopath: 0
utime_omit_ok: 0
unique: 2, opcode: INIT (26), nodeid: 0, insize: 56, pid: 0
INIT: 7.34
flags=0x33fffffb
max_readahead=0x00020000
   INIT: 7.19
   flags=0x00000011
   max_readahead=0x00020000
   max_write=0x00001000
   max_background=0
   congestion_threshold=0
   unique: 2, success, outsize: 40
unique: 4, opcode: GETATTR (3), nodeid: 1, insize: 56, pid: 36028
getattr /
   unique: 4, success, outsize: 120
unique: 6, opcode: ACCESS (34), nodeid: 1, insize: 48, pid: 35529
   unique: 6, error: -38 (Function not implemented), outsize: 16
unique: 8, opcode: STATFS (17), nodeid: 1, insize: 40, pid: 36030
statfs /
   unique: 8, success, outsize: 96
unique: 10, opcode: LOOKUP (1), nodeid: 1, insize: 52, pid: 36030
LOOKUP /truncate_me
getattr /truncate_me
   NODEID: 2
   unique: 10, success, outsize: 144
unique: 12, opcode: OPEN (14), nodeid: 2, insize: 48, pid: 36030
   unique: 12, success, outsize: 32
unique: 14, opcode: IOCTL (39), nodeid: 2, insize: 72, pid: 36030
   unique: 14, success, outsize: 32
unique: 16, opcode: IOCTL (39), nodeid: 2, insize: 72, pid: 36030
   unique: 16, success, outsize: 32
unique: 18, opcode: GETXATTR (22), nodeid: 2, insize: 68, pid: 36030
   unique: 18, error: -38 (Function not implemented), outsize: 16
unique: 20, opcode: WRITE (16), nodeid: 2, insize: 125, pid: 36030
write[0] 45 bytes to 0 flags: 0x8401
   write[0] 45 bytes to 0
   unique: 20, success, outsize: 24
unique: 22, opcode: FLUSH (25), nodeid: 2, insize: 64, pid: 36030
   unique: 22, error: -38 (Function not implemented), outsize: 16
unique: 24, opcode: RELEASE (18), nodeid: 2, insize: 64, pid: 0
   unique: 24, success, outsize: 16
unique: 26, opcode: GETATTR (3), nodeid: 2, insize: 56, pid: 36030
getattr /truncate_me
   unique: 26, success, outsize: 120
unique: 28, opcode: STATFS (17), nodeid: 1, insize: 40, pid: 36030
statfs /
   unique: 28, success, outsize: 96
FUSE library version: 2.9.9
nullpath_ok: 0
nopath: 0
utime_omit_ok: 0
unique: 2, opcode: INIT (26), nodeid: 0, insize: 56, pid: 0
INIT: 7.34
flags=0x33fffffb
max_readahead=0x00020000
   INIT: 7.19
   flags=0x00000011
   max_readahead=0x00020000
   max_write=0x00001000
   max_background=0
   congestion_threshold=0
   unique: 2, success, outsize: 40
unique: 4, opcode: GETATTR (3), nodeid: 1, insize: 56, pid: 41467
getattr /
   unique: 4, success, outsize: 120
unique: 6, opcode: ACCESS (34), nodeid: 1, insize: 48, pid: 40899
   unique: 6, error: -38 (Function not implemented), outsize: 16
unique: 8, opcode: STATFS (17), nodeid: 1, insize: 40, pid: 41469
statfs /
   unique: 8, success, outsize: 96
unique: 10, opcode: LOOKUP (1), nodeid: 1, insize: 52, pid: 41469
LOOKUP /truncate_me
getattr /truncate_me
   NODEID: 2
   unique: 10, success, outsize: 144
unique: 12, opcode: OPEN (14), nodeid: 2, insize: 48, pid: 41469
   unique: 12, success, outsize: 32
unique: 14, opcode: IOCTL (39), nodeid: 2, insize: 72, pid: 41469
   unique: 14, success, outsize: 32
unique: 16, opcode: IOCTL (39), nodeid: 2, insize: 72, pid: 41469
   unique: 16, success, outsize: 32
unique: 18, opcode: GETXATTR (22), nodeid: 2, insize: 68, pid: 41469
   unique: 18, error: -38 (Function not implemented), outsize: 16
unique: 20, opcode: WRITE (16), nodeid: 2, insize: 125, pid: 41469
write[0] 45 bytes to 0 flags: 0x8401
   write[0] 45 bytes to 0
   unique: 20, success, outsize: 24
unique: 22, opcode: FLUSH (25), nodeid: 2, insize: 64, pid: 41469
   unique: 22, error: -38 (Function not implemented), outsize: 16
unique: 24, opcode: RELEASE (18), nodeid: 2, insize: 64, pid: 0
   unique: 24, success, outsize: 16
unique: 26, opcode: GETATTR (3), nodeid: 2, insize: 56, pid: 41469
getattr /truncate_me
   unique: 26, success, outsize: 120
unique: 28, opcode: STATFS (17), nodeid: 1, insize: 40, pid: 41469
statfs /
   unique: 28, success, outsize: 96
FUSE library version: 2.9.9
nullpath_ok: 0
nopath: 0
utime_omit_ok: 0
unique: 2, opcode: INIT (26), nodeid: 0, insize: 56, pid: 0
INIT: 7.34
flags=0x33fffffb
max_readahead=0x00020000
   INIT: 7.19
   flags=0x00000011
   max_readahead=0x00020000
   max_write=0x00001000
   max_background=0
   congestion_threshold=0
   unique: 2, success, outsize: 40
unique: 4, opcode: GETATTR (3), nodeid: 1, insize: 56, pid: 50218
getattr /
   unique: 4, success, outsize: 120
unique: 6, opcode: ACCESS (34), nodeid: 1, insize: 48, pid: 49785
   unique: 6, error: -38 (Function not implemented), outsize: 16
unique: 8, opcode: STATFS (17), nodeid: 1, insize: 40, pid: 50220
statfs /
   unique: 8, success, outsize: 96
unique: 10, opcode: LOOKUP (1), nodeid: 1, insize: 52, pid: 50220
LOOKUP /truncate_me
getattr /truncate_me
   NODEID: 2
   unique: 10, success, outsize: 144
unique: 12, opcode: OPEN (14), nodeid: 2, insize: 48, pid: 50220
   unique: 12, success, outsize: 32
unique: 14, opcode: IOCTL (39), nodeid: 2, insize: 72, pid: 50220
   unique: 14, success, outsize: 32
unique: 16, opcode: IOCTL (39), nodeid: 2, insize: 72, pid: 50220
   unique: 16, success, outsize: 32
unique: 18, opcode: GETXATTR (22), nodeid: 2, insize: 68, pid: 50220
   unique: 18, error: -38 (Function not implemented), outsize: 16
unique: 20, opcode: WRITE (16), nodeid: 2, insize: 125, pid: 50220
write[0] 45 bytes to 0 flags: 0x8401
   write[0] 45 bytes to 0
   unique: 20, success, outsize: 24
unique: 22, opcode: FLUSH (25), nodeid: 2, insize: 64, pid: 50220
   unique: 22, error: -38 (Function not implemented), outsize: 16
unique: 24, opcode: RELEASE (18), nodeid: 2, insize: 64, pid: 0
   unique: 24, success, outsize: 16
unique: 26, opcode: GETATTR (3), nodeid: 2, insize: 56, pid: 50220
getattr /truncate_me
   unique: 26, success, outsize: 120
unique: 28, opcode: STATFS (17), nodeid: 1, insize: 40, pid: 50220
statfs /
   unique: 28, success, outsize: 96
FUSE library version: 2.9.9
nullpath_ok: 0
nopath: 0
utime_omit_ok: 0
unique: 2, opcode: INIT (26), nodeid: 0, insize: 56, pid: 0
INIT: 7.34
flags=0x33fffffb
max_readahead=0x00020000
   INIT: 7.19
   flags=0x00000011
   max_readahead=0x00020000
   max_write=0x00001000
   max_background=0
   congestion_threshold=0
   unique: 2, success, outsize: 40
unique: 4, opcode: GETATTR (3), nodeid: 1, insize: 56, pid: 53961
getattr /
   unique: 4, success, outsize: 120
unique: 6, opcode: ACCESS (34), nodeid: 1, insize: 48, pid: 53528
   unique: 6, error: -38 (Function not implemented), outsize: 16
unique: 8, opcode: STATFS (17), nodeid: 1, insize: 40, pid: 53963
statfs /
   unique: 8, success, outsize: 96
unique: 10, opcode: LOOKUP (1), nodeid: 1, insize: 52, pid: 53963
LOOKUP /truncate_me
getattr /truncate_me
   NODEID: 2
   unique: 10, success, outsize: 144
unique: 12, opcode: OPEN (14), nodeid: 2, insize: 48, pid: 53963
   unique: 12, success, outsize: 32
unique: 14, opcode: IOCTL (39), nodeid: 2, insize: 72, pid: 53963
   unique: 14, success, outsize: 32
unique: 16, opcode: IOCTL (39), nodeid: 2, insize: 72, pid: 53963
   unique: 16, success, outsize: 32
unique: 18, opcode: GETXATTR (22), nodeid: 2, insize: 68, pid: 53963
   unique: 18, error: -38 (Function not implemented), outsize: 16
unique: 20, opcode: WRITE (16), nodeid: 2, insize: 125, pid: 53963
write[0] 45 bytes to 0 flags: 0x8401
   write[0] 45 bytes to 0
   unique: 20, success, outsize: 24
unique: 22, opcode: FLUSH (25), nodeid: 2, insize: 64, pid: 53963
   unique: 22, error: -38 (Function not implemented), outsize: 16
unique: 24, opcode: RELEASE (18), nodeid: 2, insize: 64, pid: 0
   unique: 24, success, outsize: 16
unique: 26, opcode: GETATTR (3), nodeid: 2, insize: 56, pid: 53963
getattr /truncate_me
   unique: 26, success, outsize: 120
unique: 28, opcode: STATFS (17), nodeid: 1, insize: 40, pid: 53963
statfs /
   unique: 28, success, outsize: 96
FUSE library version: 2.9.9
nullpath_ok: 0
nopath: 0
utime_omit_ok: 0
unique: 2, opcode: INIT (26), nodeid: 0, insize: 56, pid: 0
INIT: 7.34
flags=0x33fffffb
max_readahead=0x00020000
   INIT: 7.19
   flags=0x00000011
   max_readahead=0x00020000
   max_write=0x00001000
   max_background=0
   congestion_threshold=0
   unique: 2, success, outsize: 40
unique: 4, opcode: GETATTR (3), nodeid: 1, insize: 56, pid: 64022
getattr /
   unique: 4, success, outsize: 120
unique: 6, opcode: ACCESS (34), nodeid: 1, insize: 48, pid: 63576
   unique: 6, error: -38 (Function not implemented), outsize: 16
unique: 8, opcode: STATFS (17), nodeid: 1, insize: 40, pid: 64024
statfs /
   unique: 8, success, outsize: 96
unique: 10, opcode: LOOKUP (1), nodeid: 1, insize: 52, pid: 64024
LOOKUP /truncate_me
getattr /truncate_me
   NODEID: 2
   unique: 10, success, outsize: 144
unique: 12, opcode: OPEN (14), nodeid: 2, insize: 48, pid: 64024
   unique: 12, success, outsize: 32
unique: 14, opcode: IOCTL (39), nodeid: 2, insize: 72, pid: 64024
   unique: 14, success, outsize: 32
unique: 16, opcode: IOCTL (39), nodeid: 2, insize: 72, pid: 64024
   unique: 16, success, outsize: 32
unique: 18, opcode: GETXATTR (22), nodeid: 2, insize: 68, pid: 64024
   unique: 18, error: -38 (Function not implemented), outsize: 16
unique: 20, opcode: WRITE (16), nodeid: 2, insize: 125, pid: 64024
write[0] 45 bytes to 0 flags: 0x8401
   write[0] 45 bytes to 0
   unique: 20, success, outsize: 24
unique: 22, opcode: FLUSH (25), nodeid: 2, insize: 64, pid: 64024
   unique: 22, error: -38 (Function not implemented), outsize: 16
unique: 24, opcode: RELEASE (18), nodeid: 2, insize: 64, pid: 0
   unique: 24, success, outsize: 16
unique: 26, opcode: GETATTR (3), nodeid: 2, insize: 56, pid: 64024
getattr /truncate_me
   unique: 26, success, outsize: 120
unique: 28, opcode: STATFS (17), nodeid: 1, insize: 40, pid: 64024
statfs /
   unique: 28, success, outsize: 96
FUSE library version: 2.9.9
nullpath_ok: 0
nopath: 0
utime_omit_ok: 0
unique: 2, opcode: INIT (26), nodeid: 0, insize: 56, pid: 0
INIT: 7.34
flags=0x33fffffb
max_readahead=0x00020000
   INIT: 7.19
   flags=0x00000011
   max_readahead=0x00020000
   max_write=0x00001000
   max_background=0
   congestion_threshold=0
   unique: 2, success, outsize: 40
unique: 4, opcode: GETATTR (3), nodeid: 1, insize: 56, pid: 32954
getattr /
   unique: 4, success, outsize: 120
unique: 6, opcode: ACCESS (34), nodeid: 1, insize: 48, pid: 31951
   unique: 6, error: -38 (Function not implemented), outsize: 16
unique: 8, opcode: STATFS (17), nodeid: 1, insize: 40, pid: 32956
statfs /
   unique: 8, success, outsize: 96
unique: 10, opcode: LOOKUP (1), nodeid: 1, insize: 52, pid: 32956
LOOKUP /truncate_me
getattr /truncate_me
   NODEID: 2
   unique: 10, success, outsize: 144
unique: 12, opcode: OPEN (14), nodeid: 2, insize: 48, pid: 32956
   unique: 12, success, outsize: 32
unique: 14, opcode: IOCTL (39), nodeid: 2, insize: 72, pid: 32956
   unique: 14, success, outsize: 32
unique: 16, opcode: IOCTL (39), nodeid: 2, insize: 72, pid: 32956
   unique: 16, success, outsize: 32
unique: 18, opcode: GETXATTR (22), nodeid: 2, insize: 68, pid: 32956
   unique: 18, error: -38 (Function not implemented), outsize: 16
unique: 20, opcode: WRITE (16), nodeid: 2, insize: 125, pid: 32956
write[0] 45 bytes to 0 flags: 0x8401
   write[0] 45 bytes to 0
   unique: 20, success, outsize: 24
unique: 22, opcode: FLUSH (25), nodeid: 2, insize: 64, pid: 32956
   unique: 22, error: -38 (Function not implemented), outsize: 16
unique: 24, opcode: RELEASE (18), nodeid: 2, insize: 64, pid: 0
   unique: 24, success, outsize: 16
unique: 26, opcode: GETATTR (3), nodeid: 2, insize: 56, pid: 32956
getattr /truncate_me
   unique: 26, success, outsize: 120
unique: 28, opcode: STATFS (17), nodeid: 1, insize: 40, pid: 32956
statfs /
   unique: 28, success, outsize: 96
FUSE library version: 2.9.9
nullpath_ok: 0
nopath: 0
utime_omit_ok: 0
unique: 2, opcode: INIT (26), nodeid: 0, insize: 56, pid: 0
INIT: 7.34
flags=0x33fffffb
max_readahead=0x00020000
   INIT: 7.19
   flags=0x00000011
   max_readahead=0x00020000
   max_write=0x00001000
   max_background=0
   congestion_threshold=0
   unique: 2, success, outsize: 40
unique: 4, opcode: GETATTR (3), nodeid: 1, insize: 56, pid: 31884
getattr /
   unique: 4, success, outsize: 120
unique: 6, opcode: ACCESS (34), nodeid: 1, insize: 48, pid: 31357
   unique: 6, error: -38 (Function not implemented), outsize: 16
unique: 8, opcode: STATFS (17), nodeid: 1, insize: 40, pid: 31886
statfs /
   unique: 8, success, outsize: 96
unique: 10, opcode: LOOKUP (1), nodeid: 1, insize: 52, pid: 31886
LOOKUP /truncate_me
getattr /truncate_me
   NODEID: 2
   unique: 10, success, outsize: 144
unique: 12, opcode: OPEN (14), nodeid: 2, insize: 48, pid: 31886
   unique: 12, success, outsize: 32
unique: 14, opcode: IOCTL (39), nodeid: 2, insize: 72, pid: 31886
   unique: 14, success, outsize: 32
unique: 16, opcode: IOCTL (39), nodeid: 2, insize: 72, pid: 31886
   unique: 16, success, outsize: 32
unique: 18, opcode: GETXATTR (22), nodeid: 2, insize: 68, pid: 31886
   unique: 18, error: -38 (Function not implemented), outsize: 16
unique: 20, opcode: WRITE (16), nodeid: 2, insize: 125, pid: 31886
write[0] 45 bytes to 0 flags: 0x8401
   write[0] 45 bytes to 0
   unique: 20, success, outsize: 24
unique: 22, opcode: FLUSH (25), nodeid: 2, insize: 64, pid: 31886
   unique: 22, error: -38 (Function not implemented), outsize: 16
unique: 24, opcode: RELEASE (18), nodeid: 2, insize: 64, pid: 0
   unique: 24, success, outsize: 16
unique: 26, opcode: GETATTR (3), nodeid: 2, insize: 56, pid: 31886
getattr /truncate_me
   unique: 26, success, outsize: 120
unique: 28, opcode: STATFS (17), nodeid: 1, insize: 40, pid: 31886
statfs /
   unique: 28, success, outsize: 96
FUSE library version: 2.9.9
nullpath_ok: 0
nopath: 0
utime_omit_ok: 0
unique: 2, opcode: INIT (26), nodeid: 0, insize: 56, pid: 0
INIT: 7.34
flags=0x33fffffb
max_readahead=0x00020000
   INIT: 7.19
   flags=0x00000011
   max_readahead=0x00020000
   max_write=0x00001000
   max_background=0
   congestion_threshold=0
   unique: 2, success, outsize: 40
unique: 4, opcode: GETATTR (3), nodeid: 1, insize: 56, pid: 30763
getattr /
   unique: 4, success, outsize: 120
unique: 6, opcode: ACCESS (34), nodeid: 1, insize: 48, pid: 30261
   unique: 6, error: -38 (Function not implemented), outsize: 16
unique: 8, opcode: STATFS (17), nodeid: 1, insize: 40, pid: 30765
statfs /
   unique: 8, success, outsize: 96
unique: 10, opcode: LOOKUP (1), nodeid: 1, insize: 52, pid: 30765
LOOKUP /truncate_me
getattr /truncate_me
   NODEID: 2
   unique: 10, success, outsize: 144
unique: 12, opcode: OPEN (14), nodeid: 2, insize: 48, pid: 30765
   unique: 12, success, outsize: 32
unique: 14, opcode: IOCTL (39), nodeid: 2, insize: 72, pid: 30765
   unique: 14, success, outsize: 32
unique: 16, opcode: IOCTL (39), nodeid: 2, insize: 72, pid: 30765
   unique: 16, success, outsize: 32
unique: 18, opcode: GETXATTR (22), nodeid: 2, insize: 68, pid: 30765
   unique: 18, error: -38 (Function not implemented), outsize: 16
unique: 20, opcode: WRITE (16), nodeid: 2, insize: 125, pid: 30765
write[0] 45 bytes to 0 flags: 0x8401
   write[0] 45 bytes to 0
   unique: 20, success, outsize: 24
unique: 22, opcode: FLUSH (25), nodeid: 2, insize: 64, pid: 30765
   unique: 22, error: -38 (Function not implemented), outsize: 16
unique: 24, opcode: RELEASE (18), nodeid: 2, insize: 64, pid: 0
   unique: 24, success, outsize: 16
unique: 26, opcode: GETATTR (3), nodeid: 2, insize: 56, pid: 30765
getattr /truncate_me
   unique: 26, success, outsize: 120
unique: 28, opcode: STATFS (17), nodeid: 1, insize: 40, pid: 30765
statfs /
   unique: 28, success, outsize: 96
FUSE library version: 2.9.9
nullpath_ok: 0
nopath: 0
utime_omit_ok: 0
unique: 2, opcode: INIT (26), nodeid: 0, insize: 56, pid: 0
INIT: 7.34
flags=0x33fffffb
max_readahead=0x00020000
   INIT: 7.19
   flags=0x00000011
   max_readahead=0x00020000
   max_write=0x00001000
   max_background=0
   congestion_threshold=0
   unique: 2, success, outsize: 40
unique: 4, opcode: GETATTR (3), nodeid: 1, insize: 56, pid: 60013
getattr /
   unique: 4, success, outsize: 120
unique: 6, opcode: ACCESS (34), nodeid: 1, insize: 48, pid: 59312
   unique: 6, error: -38 (Function not implemented), outsize: 16
unique: 8, opcode: STATFS (17), nodeid: 1, insize: 40, pid: 60015
statfs /
   unique: 8, success, outsize: 96
unique: 10, opcode: LOOKUP (1), nodeid: 1, insize: 52, pid: 60015
LOOKUP /truncate_me
getattr /truncate_me
   NODEID: 2
   unique: 10, success, outsize: 144
unique: 12, opcode: OPEN (14), nodeid: 2, insize: 48, pid: 60015
   unique: 12, success, outsize: 32
unique: 14, opcode: IOCTL (39), nodeid: 2, insize: 72, pid: 60015
   unique: 14, success, outsize: 32
unique: 16, opcode: IOCTL (39), nodeid: 2, insize: 72, pid: 60015
   unique: 16, success, outsize: 32
unique: 18, opcode: GETXATTR (22), nodeid: 2, insize: 68, pid: 60015
   unique: 18, error: -38 (Function not implemented), outsize: 16
unique: 20, opcode: WRITE (16), nodeid: 2, insize: 125, pid: 60015
write[0] 45 bytes to 0 flags: 0x8401
   write[0] 45 bytes to 0
   unique: 20, success, outsize: 24
unique: 22, opcode: FLUSH (25), nodeid: 2, insize: 64, pid: 60015
   unique: 22, error: -38 (Function not implemented), outsize: 16
unique: 24, opcode: RELEASE (18), nodeid: 2, insize: 64, pid: 0
   unique: 24, success, outsize: 16
unique: 26, opcode: GETATTR (3), nodeid: 2, insize: 56, pid: 60015
getattr /truncate_me
   unique: 26, success, outsize: 120
unique: 28, opcode: STATFS (17), nodeid: 1, insize: 40, pid: 60015
statfs /
   unique: 28, success, outsize: 96
FUSE library version: 2.9.9
nullpath_ok: 0
nopath: 0
utime_omit_ok: 0
unique: 2, opcode: INIT (26), nodeid: 0, insize: 56, pid: 0
INIT: 7.34
flags=0x33fffffb
max_readahead=0x00020000
   INIT: 7.19
   flags=0x00000011
   max_readahead=0x00020000
   max_write=0x00001000
   max_background=0
   congestion_threshold=0
   unique: 2, success, outsize: 40
unique: 4, opcode: GETATTR (3), nodeid: 1, insize: 56, pid: 21736
getattr /
   unique: 4, success, outsize: 120
unique: 6, opcode: ACCESS (34), nodeid: 1, insize: 48, pid: 20962
   unique: 6, error: -38 (Function not implemented), outsize: 16
unique: 8, opcode: STATFS (17), nodeid: 1, insize: 40, pid: 21738
statfs /
   unique: 8, success, outsize: 96
unique: 10, opcode: LOOKUP (1), nodeid: 1, insize: 52, pid: 21738
LOOKUP /truncate_me
getattr /truncate_me
   NODEID: 2
   unique: 10, success, outsize: 144
unique: 12, opcode: OPEN (14), nodeid: 2, insize: 48, pid: 21738
   unique: 12, success, outsize: 32
unique: 14, opcode: IOCTL (39), nodeid: 2, insize: 72, pid: 21738
   unique: 14, success, outsize: 32
unique: 16, opcode: IOCTL (39), nodeid: 2, insize: 72, pid: 21738
   unique: 16, success, outsize: 32
unique: 18, opcode: GETXATTR (22), nodeid: 2, insize: 68, pid: 21738
   unique: 18, error: -38 (Function not implemented), outsize: 16
unique: 20, opcode: WRITE (16), nodeid: 2, insize: 125, pid: 21738
write[0] 45 bytes to 0 flags: 0x8401
   write[0] 45 bytes to 0
   unique: 20, success, outsize: 24
unique: 22, opcode: FLUSH (25), nodeid: 2, insize: 64, pid: 21738
   unique: 22, error: -38 (Function not implemented), outsize: 16
unique: 24, opcode: RELEASE (18), nodeid: 2, insize: 64, pid: 0
   unique: 24, success, outsize: 16
unique: 26, opcode: GETATTR (3), nodeid: 2, insize: 56, pid: 21738
getattr /truncate_me
   unique: 26, success, outsize: 120
unique: 28, opcode: STATFS (17), nodeid: 1, insize: 40, pid: 21738
statfs /
   unique: 28, success, outsize: 96
FUSE library version: 2.9.9
nullpath_ok: 0
nopath: 0
utime_omit_ok: 0
unique: 2, opcode: INIT (26), nodeid: 0, insize: 56, pid: 0
INIT: 7.34
flags=0x33fffffb
max_readahead=0x00020000
   INIT: 7.19
   flags=0x00000011
   max_readahead=0x00020000
   max_write=0x00001000
   max_background=0
   congestion_threshold=0
   unique: 2, success, outsize: 40
unique: 4, opcode: GETATTR (3), nodeid: 1, insize: 56, pid: 31347
getattr /
   unique: 4, success, outsize: 120
unique: 6, opcode: ACCESS (34), nodeid: 1, insize: 48, pid: 30711
   unique: 6, error: -38 (Function not implemented), outsize: 16
unique: 8, opcode: STATFS (17), nodeid: 1, insize: 40, pid: 31349
statfs /
   unique: 8, success, outsize: 96
unique: 10, opcode: LOOKUP (1), nodeid: 1, insize: 52, pid: 31349
LOOKUP /truncate_me
getattr /truncate_me
   NODEID: 2
   unique: 10, success, outsize: 144
unique: 12, opcode: OPEN (14), nodeid: 2, insize: 48, pid: 31349
   unique: 12, success, outsize: 32
unique: 14, opcode: IOCTL (39), nodeid: 2, insize: 72, pid: 31349
   unique: 14, success, outsize: 32
unique: 16, opcode: IOCTL (39), nodeid: 2, insize: 72, pid: 31349
   unique: 16, success, outsize: 32
unique: 18, opcode: GETXATTR (22), nodeid: 2, insize: 68, pid: 31349
   unique: 18, error: -38 (Function not implemented), outsize: 16
unique: 20, opcode: WRITE (16), nodeid: 2, insize: 125, pid: 31349
write[0] 45 bytes to 0 flags: 0x8401
   write[0] 45 bytes to 0
   unique: 20, success, outsize: 24
unique: 22, opcode: FLUSH (25), nodeid: 2, insize: 64, pid: 31349
   unique: 22, error: -38 (Function not implemented), outsize: 16
unique: 24, opcode: RELEASE (18), nodeid: 2, insize: 64, pid: 0
   unique: 24, success, outsize: 16
unique: 26, opcode: GETATTR (3), nodeid: 2, insize: 56, pid: 31349
getattr /truncate_me
   unique: 26, success, outsize: 120
unique: 28, opcode: STATFS (17), nodeid: 1, insize: 40, pid: 31349
statfs /
   unique: 28, success, outsize: 96
FUSE library version: 2.9.9
nullpath_ok: 0
nopath: 0
utime_omit_ok: 0
unique: 2, opcode: INIT (26), nodeid: 0, insize: 56, pid: 0
INIT: 7.34
flags=0x33fffffb
max_readahead=0x00020000
   INIT: 7.19
   flags=0x00000011
   max_readahead=0x00020000
   max_write=0x00001000
   max_background=0
   congestion_threshold=0
   unique: 2, success, outsize: 40
unique: 4, opcode: GETATTR (3), nodeid: 1, insize: 56, pid: 34507
getattr /
   unique: 4, success, outsize: 120
unique: 6, opcode: ACCESS (34), nodeid: 1, insize: 48, pid: 33447
   unique: 6, error: -38 (Function not implemented), outsize: 16
unique: 8, opcode: STATFS (17), nodeid: 1, insize: 40, pid: 34513
statfs /
   unique: 8, success, outsize: 96
unique: 10, opcode: LOOKUP (1), nodeid: 1, insize: 52, pid: 34513
LOOKUP /truncate_me
getattr /truncate_me
   NODEID: 2
   unique: 10, success, outsize: 144
unique: 12, opcode: OPEN (14), nodeid: 2, insize: 48, pid: 34513
   unique: 12, success, outsize: 32
unique: 14, opcode: IOCTL (39), nodeid: 2, insize: 72, pid: 34513
   unique: 14, success, outsize: 32
unique: 16, opcode: IOCTL (39), nodeid: 2, insize: 72, pid: 34513
   unique: 16, success, outsize: 32
unique: 18, opcode: GETXATTR (22), nodeid: 2, insize: 68, pid: 34513
   unique: 18, error: -38 (Function not implemented), outsize: 16
unique: 20, opcode: WRITE (16), nodeid: 2, insize: 125, pid: 34513
write[0] 45 bytes to 0 flags: 0x8401
   write[0] 45 bytes to 0
   unique: 20, success, outsize: 24
unique: 22, opcode: FLUSH (25), nodeid: 2, insize: 64, pid: 34513
   unique: 22, error: -38 (Function not implemented), outsize: 16
unique: 24, opcode: RELEASE (18), nodeid: 2, insize: 64, pid: 0
   unique: 24, success, outsize: 16
unique: 26, opcode: GETATTR (3), nodeid: 2, insize: 56, pid: 34513
getattr /truncate_me
   unique: 26, success, outsize: 120
unique: 28, opcode: STATFS (17), nodeid: 1, insize: 40, pid: 34513
statfs /
   unique: 28, success, outsize: 96
FUSE library version: 2.9.9
nullpath_ok: 0
nopath: 0
utime_omit_ok: 0
unique: 2, opcode: INIT (26), nodeid: 0, insize: 56, pid: 0
INIT: 7.34
flags=0x33fffffb
max_readahead=0x00020000
   INIT: 7.19
   flags=0x00000011
   max_readahead=0x00020000
   max_write=0x00001000
   max_background=0
   congestion_threshold=0
   unique: 2, success, outsize: 40
unique: 4, opcode: GETATTR (3), nodeid: 1, insize: 56, pid: 12897
getattr /
   unique: 4, success, outsize: 120
unique: 6, opcode: ACCESS (34), nodeid: 1, insize: 48, pid: 12081
   unique: 6, error: -38 (Function not implemented), outsize: 16
unique: 8, opcode: STATFS (17), nodeid: 1, insize: 40, pid: 12899
statfs /
   unique: 8, success, outsize: 96
unique: 10, opcode: LOOKUP (1), nodeid: 1, insize: 52, pid: 12899
LOOKUP /truncate_me
getattr /truncate_me
   NODEID: 2
   unique: 10, success, outsize: 144
unique: 12, opcode: OPEN (14), nodeid: 2, insize: 48, pid: 12899
   unique: 12, success, outsize: 32
unique: 14, opcode: IOCTL (39), nodeid: 2, insize: 72, pid: 12899
   unique: 14, success, outsize: 32
unique: 16, opcode: IOCTL (39), nodeid: 2, insize: 72, pid: 12899
   unique: 16, success, outsize: 32
unique: 18, opcode: GETXATTR (22), nodeid: 2, insize: 68, pid: 12899
   unique: 18, error: -38 (Function not implemented), outsize: 16
unique: 20, opcode: WRITE (16), nodeid: 2, insize: 125, pid: 12899
write[0] 45 bytes to 0 flags: 0x8401
   write[0] 45 bytes to 0
   unique: 20, success, outsize: 24
unique: 22, opcode: FLUSH (25), nodeid: 2, insize: 64, pid: 12899
   unique: 22, error: -38 (Function not implemented), outsize: 16
unique: 24, opcode: RELEASE (18), nodeid: 2, insize: 64, pid: 0
   unique: 24, success, outsize: 16
unique: 26, opcode: GETATTR (3), nodeid: 2, insize: 56, pid: 12899
getattr /truncate_me
   unique: 26, success, outsize: 120
unique: 28, opcode: STATFS (17), nodeid: 1, insize: 40, pid: 12899
statfs /
   unique: 28, success, outsize: 96
FUSE library version: 2.9.9
nullpath_ok: 0
nopath: 0
utime_omit_ok: 0
unique: 2, opcode: INIT (26), nodeid: 0, insize: 56, pid: 0
INIT: 7.34
flags=0x33fffffb
max_readahead=0x00020000
   INIT: 7.19
   flags=0x00000011
   max_readahead=0x00020000
   max_write=0x00001000
   max_background=0
   congestion_threshold=0
   unique: 2, success, outsize: 40
unique: 4, opcode: GETATTR (3), nodeid: 1, insize: 56, pid: 12404
getattr /
   unique: 4, success, outsize: 120
unique: 6, opcode: ACCESS (34), nodeid: 1, insize: 48, pid: 11887
   unique: 6, error: -38 (Function not implemented), outsize: 16
unique: 8, opcode: STATFS (17), nodeid: 1, insize: 40, pid: 12406
statfs /
   unique: 8, success, outsize: 96
unique: 10, opcode: LOOKUP (1), nodeid: 1, insize: 52, pid: 12406
LOOKUP /truncate_me
getattr /truncate_me
   NODEID: 2
   unique: 10, success, outsize: 144
unique: 12, opcode: OPEN (14), nodeid: 2, insize: 48, pid: 12406
   unique: 12, success, outsize: 32
unique: 14, opcode: IOCTL (39), nodeid: 2, insize: 72, pid: 12406
   unique: 14, success, outsize: 32
unique: 16, opcode: IOCTL (39), nodeid: 2, insize: 72, pid: 12406
   unique: 16, success, outsize: 32
unique: 18, opcode: GETXATTR (22), nodeid: 2, insize: 68, pid: 12406
   unique: 18, error: -38 (Function not implemented), outsize: 16
unique: 20, opcode: WRITE (16), nodeid: 2, insize: 125, pid: 12406
write[0] 45 bytes to 0 flags: 0x8401
   write[0] 45 bytes to 0
   unique: 20, success, outsize: 24
unique: 22, opcode: FLUSH (25), nodeid: 2, insize: 64, pid: 12406
   unique: 22, error: -38 (Function not implemented), outsize: 16
unique: 24, opcode: RELEASE (18), nodeid: 2, insize: 64, pid: 0
   unique: 24, success, outsize: 16
unique: 26, opcode: GETATTR (3), nodeid: 2, insize: 56, pid: 12406
getattr /truncate_me
   unique: 26, success, outsize: 120
unique: 28, opcode: STATFS (17), nodeid: 1, insize: 40, pid: 12406
statfs /
   unique: 28, success, outsize: 96
FUSE library version: 2.9.9
nullpath_ok: 0
nopath: 0
utime_omit_ok: 0
unique: 2, opcode: INIT (26), nodeid: 0, insize: 56, pid: 0
INIT: 7.34
flags=0x33fffffb
max_readahead=0x00020000
   INIT: 7.19
   flags=0x00000011
   max_readahead=0x00020000
   max_write=0x00001000
   max_background=0
   congestion_threshold=0
   unique: 2, success, outsize: 40
unique: 4, opcode: GETATTR (3), nodeid: 1, insize: 56, pid: 37842
getattr /
   unique: 4, success, outsize: 120
unique: 6, opcode: ACCESS (34), nodeid: 1, insize: 48, pid: 37326
   unique: 6, error: -38 (Function not implemented), outsize: 16
unique: 8, opcode: STATFS (17), nodeid: 1, insize: 40, pid: 37844
statfs /
   unique: 8, success, outsize: 96
unique: 10, opcode: LOOKUP (1), nodeid: 1, insize: 52, pid: 37844
LOOKUP /truncate_me
getattr /truncate_me
   NODEID: 2
   unique: 10, success, outsize: 144
unique: 12, opcode: OPEN (14), nodeid: 2, insize: 48, pid: 37844
   unique: 12, success, outsize: 32
unique: 14, opcode: IOCTL (39), nodeid: 2, insize: 72, pid: 37844
   unique: 14, success, outsize: 32
unique: 16, opcode: IOCTL (39), nodeid: 2, insize: 72, pid: 37844
   unique: 16, success, outsize: 32
unique: 18, opcode: GETXATTR (22), nodeid: 2, insize: 68, pid: 37844
   unique: 18, error: -38 (Function not implemented), outsize: 16
unique: 20, opcode: WRITE (16), nodeid: 2, insize: 125, pid: 37844
write[0] 45 bytes to 0 flags: 0x8401
   write[0] 45 bytes to 0
   unique: 20, success, outsize: 24
unique: 22, opcode: FLUSH (25), nodeid: 2, insize: 64, pid: 37844
   unique: 22, error: -38 (Function not implemented), outsize: 16
unique: 24, opcode: RELEASE (18), nodeid: 2, insize: 64, pid: 0
   unique: 24, success, outsize: 16
unique: 26, opcode: GETATTR (3), nodeid: 2, insize: 56, pid: 37844
getattr /truncate_me
   unique: 26, success, outsize: 120
unique: 28, opcode: STATFS (17), nodeid: 1, insize: 40, pid: 37844
statfs /
   unique: 28, success, outsize: 96
FUSE library version: 2.9.9
nullpath_ok: 0
nopath: 0
utime_omit_ok: 0
unique: 2, opcode: INIT (26), nodeid: 0, insize: 56, pid: 0
INIT: 7.34
flags=0x33fffffb
max_readahead=0x00020000
   INIT: 7.19
   flags=0x00000011
   max_readahead=0x00020000
   max_write=0x00001000
   max_background=0
   congestion_threshold=0
   unique: 2, success, outsize: 40
unique: 4, opcode: GETATTR (3), nodeid: 1, insize: 56, pid: 41519
getattr /
   unique: 4, success, outsize: 120
unique: 6, opcode: ACCESS (34), nodeid: 1, insize: 48, pid: 40782
   unique: 6, error: -38 (Function not implemented), outsize: 16
unique: 8, opcode: STATFS (17), nodeid: 1, insize: 40, pid: 41521
statfs /
   unique: 8, success, outsize: 96
unique: 10, opcode: LOOKUP (1), nodeid: 1, insize: 52, pid: 41521
LOOKUP /truncate_me
getattr /truncate_me
   NODEID: 2
   unique: 10, success, outsize: 144
unique: 12, opcode: OPEN (14), nodeid: 2, insize: 48, pid: 41521
   unique: 12, success, outsize: 32
unique: 14, opcode: IOCTL (39), nodeid: 2, insize: 72, pid: 41521
   unique: 14, success, outsize: 32
unique: 16, opcode: IOCTL (39), nodeid: 2, insize: 72, pid: 41521
   unique: 16, success, outsize: 32
unique: 18, opcode: GETXATTR (22), nodeid: 2, insize: 68, pid: 41521
   unique: 18, error: -38 (Function not implemented), outsize: 16
unique: 20, opcode: WRITE (16), nodeid: 2, insize: 125, pid: 41521
write[0] 45 bytes to 0 flags: 0x8401
   write[0] 45 bytes to 0
   unique: 20, success, outsize: 24
unique: 22, opcode: FLUSH (25), nodeid: 2, insize: 64, pid: 41521
   unique: 22, error: -38 (Function not implemented), outsize: 16
unique: 24, opcode: RELEASE (18), nodeid: 2, insize: 64, pid: 0
   unique: 24, success, outsize: 16
unique: 26, opcode: GETATTR (3), nodeid: 2, insize: 56, pid: 41521
getattr /truncate_me
   unique: 26, success, outsize: 120
unique: 28, opcode: STATFS (17), nodeid: 1, insize: 40, pid: 41521
statfs /
   unique: 28, success, outsize: 96
FUSE library version: 2.9.9
nullpath_ok: 0
nopath: 0
utime_omit_ok: 0
unique: 2, opcode: INIT (26), nodeid: 0, insize: 56, pid: 0
INIT: 7.34
flags=0x33fffffb
max_readahead=0x00020000
   INIT: 7.19
   flags=0x00000011
   max_readahead=0x00020000
   max_write=0x00001000
   max_background=0
   congestion_threshold=0
   unique: 2, success, outsize: 40
unique: 4, opcode: GETATTR (3), nodeid: 1, insize: 56, pid: 5757
getattr /
   unique: 4, success, outsize: 120
unique: 6, opcode: ACCESS (34), nodeid: 1, insize: 48, pid: 5358
   unique: 6, error: -38 (Function not implemented), outsize: 16
unique: 8, opcode: STATFS (17), nodeid: 1, insize: 40, pid: 5759
statfs /
   unique: 8, success, outsize: 96
unique: 10, opcode: LOOKUP (1), nodeid: 1, insize: 52, pid: 5759
LOOKUP /truncate_me
getattr /truncate_me
   NODEID: 2
   unique: 10, success, outsize: 144
unique: 12, opcode: OPEN (14), nodeid: 2, insize: 48, pid: 5759
   unique: 12, success, outsize: 32
unique: 14, opcode: IOCTL (39), nodeid: 2, insize: 72, pid: 5759
   unique: 14, success, outsize: 32
unique: 16, opcode: IOCTL (39), nodeid: 2, insize: 72, pid: 5759
   unique: 16, success, outsize: 32
unique: 18, opcode: GETXATTR (22), nodeid: 2, insize: 68, pid: 5759
   unique: 18, error: -38 (Function not implemented), outsize: 16
unique: 20, opcode: WRITE (16), nodeid: 2, insize: 125, pid: 5759
write[0] 45 bytes to 0 flags: 0x8401
   write[0] 45 bytes to 0
   unique: 20, success, outsize: 24
unique: 22, opcode: FLUSH (25), nodeid: 2, insize: 64, pid: 5759
   unique: 22, error: -38 (Function not implemented), outsize: 16
unique: 24, opcode: RELEASE (18), nodeid: 2, insize: 64, pid: 0
   unique: 24, success, outsize: 16
unique: 26, opcode: GETATTR (3), nodeid: 2, insize: 56, pid: 5759
getattr /truncate_me
   unique: 26, success, outsize: 120
unique: 28, opcode: STATFS (17), nodeid: 1, insize: 40, pid: 5759
statfs /
   unique: 28, success, outsize: 96
FUSE library version: 2.9.9
nullpath_ok: 0
nopath: 0
utime_omit_ok: 0
unique: 2, opcode: INIT (26), nodeid: 0, insize: 56, pid: 0
INIT: 7.34
flags=0x33fffffb
max_readahead=0x00020000
   INIT: 7.19
   flags=0x00000011
   max_readahead=0x00020000
   max_write=0x00001000
   max_background=0
   congestion_threshold=0
   unique: 2, success, outsize: 40
unique: 4, opcode: GETATTR (3), nodeid: 1, insize: 56, pid: 7245
getattr /
   unique: 4, success, outsize: 120
unique: 6, opcode: ACCESS (34), nodeid: 1, insize: 48, pid: 6841
   unique: 6, error: -38 (Function not implemented), outsize: 16
unique: 8, opcode: STATFS (17), nodeid: 1, insize: 40, pid: 7247
statfs /
   unique: 8, success, outsize: 96
unique: 10, opcode: LOOKUP (1), nodeid: 1, insize: 52, pid: 7247
LOOKUP /truncate_me
getattr /truncate_me
   NODEID: 2
   unique: 10, success, outsize: 144
unique: 12, opcode: OPEN (14), nodeid: 2, insize: 48, pid: 7247
   unique: 12, success, outsize: 32
unique: 14, opcode: IOCTL (39), nodeid: 2, insize: 72, pid: 7247
   unique: 14, success, outsize: 32
unique: 16, opcode: IOCTL (39), nodeid: 2, insize: 72, pid: 7247
   unique: 16, success, outsize: 32
unique: 18, opcode: GETXATTR (22), nodeid: 2, insize: 68, pid: 7247
   unique: 18, error: -38 (Function not implemented), outsize: 16
unique: 20, opcode: WRITE (16), nodeid: 2, insize: 125, pid: 7247
write[0] 45 bytes to 0 flags: 0x8401
   write[0] 45 bytes to 0
   unique: 20, success, outsize: 24
unique: 22, opcode: FLUSH (25), nodeid: 2, insize: 64, pid: 7247
   unique: 22, error: -38 (Function not implemented), outsize: 16
unique: 24, opcode: RELEASE (18), nodeid: 2, insize: 64, pid: 0
   unique: 24, success, outsize: 16
unique: 26, opcode: GETATTR (3), nodeid: 2, insize: 56, pid: 7247
getattr /truncate_me
   unique: 26, success, outsize: 120
unique: 28, opcode: STATFS (17), nodeid: 1, insize: 40, pid: 7247
statfs /
   unique: 28, success, outsize: 96
FUSE library version: 2.9.9
nullpath_ok: 0
nopath: 0
utime_omit_ok: 0
unique: 2, opcode: INIT (26), nodeid: 0, insize: 56, pid: 0
INIT: 7.34
flags=0x33fffffb
max_readahead=0x00020000
   INIT: 7.19
   flags=0x00000011
   max_readahead=0x00020000
   max_write=0x00001000
   max_background=0
   congestion_threshold=0
   unique: 2, success, outsize: 40
unique: 4, opcode: GETATTR (3), nodeid: 1, insize: 56, pid: 32096
getattr /
   unique: 4, success, outsize: 120
unique: 6, opcode: ACCESS (34), nodeid: 1, insize: 48, pid: 31566
   unique: 6, error: -38 (Function not implemented), outsize: 16
unique: 8, opcode: STATFS (17), nodeid: 1, insize: 40, pid: 32098
statfs /
   unique: 8, success, outsize: 96
unique: 10, opcode: LOOKUP (1), nodeid: 1, insize: 52, pid: 32098
LOOKUP /truncate_me
getattr /truncate_me
   NODEID: 2
   unique: 10, success, outsize: 144
unique: 12, opcode: OPEN (14), nodeid: 2, insize: 48, pid: 32098
   unique: 12, success, outsize: 32
unique: 14, opcode: IOCTL (39), nodeid: 2, insize: 72, pid: 32098
   unique: 14, success, outsize: 32
unique: 16, opcode: IOCTL (39), nodeid: 2, insize: 72, pid: 32098
   unique: 16, success, outsize: 32
unique: 18, opcode: GETXATTR (22), nodeid: 2, insize: 68, pid: 32098
   unique: 18, error: -38 (Function not implemented), outsize: 16
unique: 20, opcode: WRITE (16), nodeid: 2, insize: 125, pid: 32098
write[0] 45 bytes to 0 flags: 0x8401
   write[0] 45 bytes to 0
   unique: 20, success, outsize: 24
unique: 22, opcode: FLUSH (25), nodeid: 2, insize: 64, pid: 32098
   unique: 22, error: -38 (Function not implemented), outsize: 16
unique: 24, opcode: RELEASE (18), nodeid: 2, insize: 64, pid: 0
   unique: 24, success, outsize: 16
unique: 26, opcode: GETATTR (3), nodeid: 2, insize: 56, pid: 32098
getattr /truncate_me
   unique: 26, success, outsize: 120
unique: 28, opcode: STATFS (17), nodeid: 1, insize: 40, pid: 32098
statfs /
   unique: 28, success, outsize: 96
FUSE library version: 2.9.9
nullpath_ok: 0
nopath: 0
utime_omit_ok: 0
unique: 2, opcode: INIT (26), nodeid: 0, insize: 56, pid: 0
INIT: 7.34
flags=0x33fffffb
max_readahead=0x00020000
   INIT: 7.19
   flags=0x00000011
   max_readahead=0x00020000
   max_write=0x00001000
   max_background=0
   congestion_threshold=0
   unique: 2, success, outsize: 40
unique: 4, opcode: GETATTR (3), nodeid: 1, insize: 56, pid: 27866
getattr /
   unique: 4, success, outsize: 120
unique: 6, opcode: ACCESS (34), nodeid: 1, insize: 48, pid: 27151
   unique: 6, error: -38 (Function not implemented), outsize: 16
unique: 8, opcode: STATFS (17), nodeid: 1, insize: 40, pid: 27870
statfs /
   unique: 8, success, outsize: 96
unique: 10, opcode: LOOKUP (1), nodeid: 1, insize: 52, pid: 27870
LOOKUP /truncate_me
getattr /truncate_me
   NODEID: 2
   unique: 10, success, outsize: 144
unique: 12, opcode: OPEN (14), nodeid: 2, insize: 48, pid: 27870
   unique: 12, success, outsize: 32
unique: 14, opcode: IOCTL (39), nodeid: 2, insize: 72, pid: 27870
   unique: 14, success, outsize: 32
unique: 16, opcode: IOCTL (39), nodeid: 2, insize: 72, pid: 27870
   unique: 16, success, outsize: 32
unique: 18, opcode: GETXATTR (22), nodeid: 2, insize: 68, pid: 27870
   unique: 18, error: -38 (Function not implemented), outsize: 16
unique: 20, opcode: WRITE (16), nodeid: 2, insize: 125, pid: 27870
write[0] 45 bytes to 0 flags: 0x8401
   write[0] 45 bytes to 0
   unique: 20, success, outsize: 24
unique: 22, opcode: FLUSH (25), nodeid: 2, insize: 64, pid: 27870
   unique: 22, error: -38 (Function not implemented), outsize: 16
unique: 24, opcode: RELEASE (18), nodeid: 2, insize: 64, pid: 0
   unique: 24, success, outsize: 16
unique: 26, opcode: GETATTR (3), nodeid: 2, insize: 56, pid: 27870
getattr /truncate_me
   unique: 26, success, outsize: 120
unique: 28, opcode: STATFS (17), nodeid: 1, insize: 40, pid: 27870
statfs /
   unique: 28, success, outsize: 96
FUSE library version: 2.9.9
nullpath_ok: 0
nopath: 0
utime_omit_ok: 0
unique: 2, opcode: INIT (26), nodeid: 0, insize: 56, pid: 0
INIT: 7.34
flags=0x33fffffb
max_readahead=0x00020000
   INIT: 7.19
   flags=0x00000011
   max_readahead=0x00020000
   max_write=0x00001000
   max_background=0
   congestion_threshold=0
   unique: 2, success, outsize: 40
unique: 4, opcode: GETATTR (3), nodeid: 1, insize: 56, pid: 33681
getattr /
   unique: 4, success, outsize: 120
unique: 6, opcode: ACCESS (34), nodeid: 1, insize: 48, pid: 33049
   unique: 6, error: -38 (Function not implemented), outsize: 16
unique: 8, opcode: STATFS (17), nodeid: 1, insize: 40, pid: 33683
statfs /
   unique: 8, success, outsize: 96
unique: 10, opcode: LOOKUP (1), nodeid: 1, insize: 52, pid: 33683
LOOKUP /truncate_me
getattr /truncate_me
   NODEID: 2
   unique: 10, success, outsize: 144
unique: 12, opcode: OPEN (14), nodeid: 2, insize: 48, pid: 33683
   unique: 12, success, outsize: 32
unique: 14, opcode: IOCTL (39), nodeid: 2, insize: 72, pid: 33683
   unique: 14, success, outsize: 32
unique: 16, opcode: IOCTL (39), nodeid: 2, insize: 72, pid: 33683
   unique: 16, success, outsize: 32
unique: 18, opcode: GETXATTR (22), nodeid: 2, insize: 68, pid: 33683
   unique: 18, error: -38 (Function not implemented), outsize: 16
unique: 20, opcode: WRITE (16), nodeid: 2, insize: 125, pid: 33683
write[0] 45 bytes to 0 flags: 0x8401
   write[0] 45 bytes to 0
   unique: 20, success, outsize: 24
unique: 22, opcode: FLUSH (25), nodeid: 2, insize: 64, pid: 33683
   unique: 22, error: -38 (Function not implemented), outsize: 16
unique: 24, opcode: RELEASE (18), nodeid: 2, insize: 64, pid: 0
   unique: 24, success, outsize: 16
unique: 26, opcode: GETATTR (3), nodeid: 2, insize: 56, pid: 33683
getattr /truncate_me
   unique: 26, success, outsize: 120
unique: 28, opcode: STATFS (17), nodeid: 1, insize: 40, pid: 33683
statfs /
   unique: 28, success, outsize: 96
FUSE library version: 2.9.9
nullpath_ok: 0
nopath: 0
utime_omit_ok: 0
unique: 2, opcode: INIT (26), nodeid: 0, insize: 56, pid: 0
INIT: 7.34
flags=0x33fffffb
max_readahead=0x00020000
   INIT: 7.19
   flags=0x00000011
   max_readahead=0x00020000
   max_write=0x00001000
   max_background=0
   congestion_threshold=0
   unique: 2, success, outsize: 40
unique: 4, opcode: GETATTR (3), nodeid: 1, insize: 56, pid: 35613
getattr /
   unique: 4, success, outsize: 120
unique: 6, opcode: ACCESS (34), nodeid: 1, insize: 48, pid: 35202
   unique: 6, error: -38 (Function not implemented), outsize: 16
unique: 8, opcode: STATFS (17), nodeid: 1, insize: 40, pid: 35615
statfs /
   unique: 8, success, outsize: 96
unique: 10, opcode: LOOKUP (1), nodeid: 1, insize: 52, pid: 35615
LOOKUP /truncate_me
getattr /truncate_me
   NODEID: 2
   unique: 10, success, outsize: 144
unique: 12, opcode: OPEN (14), nodeid: 2, insize: 48, pid: 35615
   unique: 12, success, outsize: 32
unique: 14, opcode: IOCTL (39), nodeid: 2, insize: 72, pid: 35615
   unique: 14, success, outsize: 32
unique: 16, opcode: IOCTL (39), nodeid: 2, insize: 72, pid: 35615
   unique: 16, success, outsize: 32
unique: 18, opcode: GETXATTR (22), nodeid: 2, insize: 68, pid: 35615
   unique: 18, error: -38 (Function not implemented), outsize: 16
unique: 20, opcode: WRITE (16), nodeid: 2, insize: 125, pid: 35615
write[0] 45 bytes to 0 flags: 0x8401
   write[0] 45 bytes to 0
   unique: 20, success, outsize: 24
unique: 22, opcode: FLUSH (25), nodeid: 2, insize: 64, pid: 35615
   unique: 22, error: -38 (Function not implemented), outsize: 16
unique: 24, opcode: RELEASE (18), nodeid: 2, insize: 64, pid: 0
   unique: 24, success, outsize: 16
unique: 26, opcode: GETATTR (3), nodeid: 2, insize: 56, pid: 35615
getattr /truncate_me
   unique: 26, success, outsize: 120
unique: 28, opcode: STATFS (17), nodeid: 1, insize: 40, pid: 35615
statfs /
   unique: 28, success, outsize: 96
FUSE library version: 2.9.9
nullpath_ok: 0
nopath: 0
utime_omit_ok: 0
unique: 2, opcode: INIT (26), nodeid: 0, insize: 56, pid: 0
INIT: 7.34
flags=0x33fffffb
max_readahead=0x00020000
   INIT: 7.19
   flags=0x00000011
   max_readahead=0x00020000
   max_write=0x00001000
   max_background=0
   congestion_threshold=0
   unique: 2, success, outsize: 40
unique: 4, opcode: GETATTR (3), nodeid: 1, insize: 56, pid: 53646
getattr /
   unique: 4, success, outsize: 120
unique: 6, opcode: ACCESS (34), nodeid: 1, insize: 48, pid: 53252
   unique: 6, error: -38 (Function not implemented), outsize: 16
unique: 8, opcode: STATFS (17), nodeid: 1, insize: 40, pid: 53648
statfs /
   unique: 8, success, outsize: 96
unique: 10, opcode: LOOKUP (1), nodeid: 1, insize: 52, pid: 53648
LOOKUP /truncate_me
getattr /truncate_me
   NODEID: 2
   unique: 10, success, outsize: 144
unique: 12, opcode: OPEN (14), nodeid: 2, insize: 48, pid: 53648
   unique: 12, success, outsize: 32
unique: 14, opcode: IOCTL (39), nodeid: 2, insize: 72, pid: 53648
   unique: 14, success, outsize: 32
unique: 16, opcode: IOCTL (39), nodeid: 2, insize: 72, pid: 53648
   unique: 16, success, outsize: 32
unique: 18, opcode: GETXATTR (22), nodeid: 2, insize: 68, pid: 53648
   unique: 18, error: -38 (Function not implemented), outsize: 16
unique: 20, opcode: WRITE (16), nodeid: 2, insize: 125, pid: 53648
write[0] 45 bytes to 0 flags: 0x8401
   write[0] 45 bytes to 0
   unique: 20, success, outsize: 24
unique: 22, opcode: FLUSH (25), nodeid: 2, insize: 64, pid: 53648
   unique: 22, error: -38 (Function not implemented), outsize: 16
unique: 24, opcode: RELEASE (18), nodeid: 2, insize: 64, pid: 0
   unique: 24, success, outsize: 16
unique: 26, opcode: GETATTR (3), nodeid: 2, insize: 56, pid: 53648
getattr /truncate_me
   unique: 26, success, outsize: 120
unique: 28, opcode: STATFS (17), nodeid: 1, insize: 40, pid: 53648
statfs /
   unique: 28, success, outsize: 96
FUSE library version: 2.9.9
nullpath_ok: 0
nopath: 0
utime_omit_ok: 0
unique: 2, opcode: INIT (26), nodeid: 0, insize: 56, pid: 0
INIT: 7.34
flags=0x33fffffb
max_readahead=0x00020000
   INIT: 7.19
   flags=0x00000011
   max_readahead=0x00020000
   max_write=0x00001000
   max_background=0
   congestion_threshold=0
   unique: 2, success, outsize: 40
unique: 4, opcode: GETATTR (3), nodeid: 1, insize: 56, pid: 62672
getattr /
   unique: 4, success, outsize: 120
unique: 6, opcode: ACCESS (34), nodeid: 1, insize: 48, pid: 61884
   unique: 6, error: -38 (Function not implemented), outsize: 16
unique: 8, opcode: STATFS (17), nodeid: 1, insize: 40, pid: 62674
statfs /
   unique: 8, success, outsize: 96
unique: 10, opcode: LOOKUP (1), nodeid: 1, insize: 52, pid: 62674
LOOKUP /truncate_me
getattr /truncate_me
   NODEID: 2
   unique: 10, success, outsize: 144
unique: 12, opcode: OPEN (14), nodeid: 2, insize: 48, pid: 62674
   unique: 12, success, outsize: 32
unique: 14, opcode: IOCTL (39), nodeid: 2, insize: 72, pid: 62674
   unique: 14, success, outsize: 32
unique: 16, opcode: IOCTL (39), nodeid: 2, insize: 72, pid: 62674
   unique: 16, success, outsize: 32
unique: 18, opcode: GETXATTR (22), nodeid: 2, insize: 68, pid: 62674
   unique: 18, error: -38 (Function not implemented), outsize: 16
unique: 20, opcode: WRITE (16), nodeid: 2, insize: 125, pid: 62674
write[0] 45 bytes to 0 flags: 0x8401
   write[0] 45 bytes to 0
   unique: 20, success, outsize: 24
unique: 22, opcode: FLUSH (25), nodeid: 2, insize: 64, pid: 62674
   unique: 22, error: -38 (Function not implemented), outsize: 16
unique: 24, opcode: RELEASE (18), nodeid: 2, insize: 64, pid: 0
   unique: 24, success, outsize: 16
unique: 26, opcode: GETATTR (3), nodeid: 2, insize: 56, pid: 62674
getattr /truncate_me
   unique: 26, success, outsize: 120
unique: 28, opcode: STATFS (17), nodeid: 1, insize: 40, pid: 62674
statfs /
   unique: 28, success, outsize: 96
FUSE library version: 2.9.9
nullpath_ok: 0
nopath: 0
utime_omit_ok: 0
unique: 2, opcode: INIT (26), nodeid: 0, insize: 56, pid: 0
INIT: 7.34
flags=0x33fffffb
max_readahead=0x00020000
   INIT: 7.19
   flags=0x00000011
   max_readahead=0x00020000
   max_write=0x00001000
   max_background=0
   congestion_threshold=0
   unique: 2, success, outsize: 40
unique: 4, opcode: GETATTR (3), nodeid: 1, insize: 56, pid: 5530
getattr /
   unique: 4, success, outsize: 120
unique: 6, opcode: ACCESS (34), nodeid: 1, insize: 48, pid: 4901
   unique: 6, error: -38 (Function not implemented), outsize: 16
unique: 8, opcode: STATFS (17), nodeid: 1, insize: 40, pid: 5532
statfs /
   unique: 8, success, outsize: 96
unique: 10, opcode: LOOKUP (1), nodeid: 1, insize: 52, pid: 5532
LOOKUP /truncate_me
getattr /truncate_me
   NODEID: 2
   unique: 10, success, outsize: 144
unique: 12, opcode: OPEN (14), nodeid: 2, insize: 48, pid: 5532
   unique: 12, success, outsize: 32
unique: 14, opcode: IOCTL (39), nodeid: 2, insize: 72, pid: 5532
   unique: 14, success, outsize: 32
unique: 16, opcode: IOCTL (39), nodeid: 2, insize: 72, pid: 5532
   unique: 16, success, outsize: 32
unique: 18, opcode: GETXATTR (22), nodeid: 2, insize: 68, pid: 5532
   unique: 18, error: -38 (Function not implemented), outsize: 16
unique: 20, opcode: WRITE (16), nodeid: 2, insize: 125, pid: 5532
write[0] 45 bytes to 0 flags: 0x8401
   write[0] 45 bytes to 0
   unique: 20, success, outsize: 24
unique: 22, opcode: FLUSH (25), nodeid: 2, insize: 64, pid: 5532
   unique: 22, error: -38 (Function not implemented), outsize: 16
unique: 24, opcode: RELEASE (18), nodeid: 2, insize: 64, pid: 0
   unique: 24, success, outsize: 16
unique: 26, opcode: GETATTR (3), nodeid: 2, insize: 56, pid: 5532
getattr /truncate_me
   unique: 26, success, outsize: 120
unique: 28, opcode: STATFS (17), nodeid: 1, insize: 40, pid: 5532
statfs /
   unique: 28, success, outsize: 96
FUSE library version: 2.9.9
nullpath_ok: 0
nopath: 0
utime_omit_ok: 0
unique: 2, opcode: INIT (26), nodeid: 0, insize: 56, pid: 0
INIT: 7.34
flags=0x33fffffb
max_readahead=0x00020000
   INIT: 7.19
   flags=0x00000011
   max_readahead=0x00020000
   max_write=0x00001000
   max_background=0
   congestion_threshold=0
   unique: 2, success, outsize: 40
unique: 4, opcode: GETATTR (3), nodeid: 1, insize: 56, pid: 8481
getattr /
   unique: 4, success, outsize: 120
unique: 6, opcode: ACCESS (34), nodeid: 1, insize: 48, pid: 8005
   unique: 6, error: -38 (Function not implemented), outsize: 16
unique: 8, opcode: STATFS (17), nodeid: 1, insize: 40, pid: 8483
statfs /
   unique: 8, success, outsize: 96
unique: 10, opcode: LOOKUP (1), nodeid: 1, insize: 52, pid: 8483
LOOKUP /truncate_me
getattr /truncate_me
   NODEID: 2
   unique: 10, success, outsize: 144
unique: 12, opcode: OPEN (14), nodeid: 2, insize: 48, pid: 8483
   unique: 12, success, outsize: 32
unique: 14, opcode: IOCTL (39), nodeid: 2, insize: 72, pid: 8483
   unique: 14, success, outsize: 32
unique: 16, opcode: IOCTL (39), nodeid: 2, insize: 72, pid: 8483
   unique: 16, success, outsize: 32
unique: 18, opcode: GETXATTR (22), nodeid: 2, insize: 68, pid: 8483
   unique: 18, error: -38 (Function not implemented), outsize: 16
unique: 20, opcode: WRITE (16), nodeid: 2, insize: 125, pid: 8483
write[0] 45 bytes to 0 flags: 0x8401
   write[0] 45 bytes to 0
   unique: 20, success, outsize: 24
unique: 22, opcode: FLUSH (25), nodeid: 2, insize: 64, pid: 8483
   unique: 22, error: -38 (Function not implemented), outsize: 16
unique: 24, opcode: RELEASE (18), nodeid: 2, insize: 64, pid: 0
   unique: 24, success, outsize: 16
unique: 26, opcode: GETATTR (3), nodeid: 2, insize: 56, pid: 8483
getattr /truncate_me
   unique: 26, success, outsize: 120
unique: 28, opcode: STATFS (17), nodeid: 1, insize: 40, pid: 8483
statfs /
   unique: 28, success, outsize: 96
FUSE library version: 2.9.9
nullpath_ok: 0
nopath: 0
utime_omit_ok: 0
unique: 2, opcode: INIT (26), nodeid: 0, insize: 56, pid: 0
INIT: 7.34
flags=0x33fffffb
max_readahead=0x00020000
   INIT: 7.19
   flags=0x00000011
   max_readahead=0x00020000
   max_write=0x00001000
   max_background=0
   congestion_threshold=0
   unique: 2, success, outsize: 40
unique: 4, opcode: GETATTR (3), nodeid: 1, insize: 56, pid: 40067
getattr /
   unique: 4, success, outsize: 120
unique: 6, opcode: ACCESS (34), nodeid: 1, insize: 48, pid: 39638
   unique: 6, error: -38 (Function not implemented), outsize: 16
unique: 8, opcode: STATFS (17), nodeid: 1, insize: 40, pid: 40069
statfs /
   unique: 8, success, outsize: 96
unique: 10, opcode: LOOKUP (1), nodeid: 1, insize: 52, pid: 40069
LOOKUP /truncate_me
getattr /truncate_me
   NODEID: 2
   unique: 10, success, outsize: 144
unique: 12, opcode: OPEN (14), nodeid: 2, insize: 48, pid: 40069
   unique: 12, success, outsize: 32
unique: 14, opcode: IOCTL (39), nodeid: 2, insize: 72, pid: 40069
   unique: 14, success, outsize: 32
unique: 16, opcode: IOCTL (39), nodeid: 2, insize: 72, pid: 40069
   unique: 16, success, outsize: 32
unique: 18, opcode: GETXATTR (22), nodeid: 2, insize: 68, pid: 40069
   unique: 18, error: -38 (Function not implemented), outsize: 16
unique: 20, opcode: WRITE (16), nodeid: 2, insize: 125, pid: 40069
write[0] 45 bytes to 0 flags: 0x8401
   write[0] 45 bytes to 0
   unique: 20, success, outsize: 24
unique: 22, opcode: FLUSH (25), nodeid: 2, insize: 64, pid: 40069
   unique: 22, error: -38 (Function not implemented), outsize: 16
unique: 24, opcode: RELEASE (18), nodeid: 2, insize: 64, pid: 0
   unique: 24, success, outsize: 16
unique: 26, opcode: GETATTR (3), nodeid: 2, insize: 56, pid: 40069
getattr /truncate_me
   unique: 26, success, outsize: 120
unique: 28, opcode: STATFS (17), nodeid: 1, insize: 40, pid: 40069
statfs /
   unique: 28, success, outsize: 96
