FUSE library version: 2.9.9
nullpath_ok: 0
nopath: 0
utime_omit_ok: 0
unique: 2, opcode: INIT (26), nodeid: 0, insize: 56, pid: 0
INIT: 7.34
flags=0x33fffffb
max_readahead=0x00020000
   INIT: 7.19
   flags=0x00000011
   max_readahead=0x00020000
   max_write=0x00001000
   max_background=0
   congestion_threshold=0
   unique: 2, success, outsize: 40
unique: 4, opcode: GETATTR (3), nodeid: 1, insize: 56, pid: 2530
getattr /
   unique: 4, success, outsize: 120
unique: 6, opcode: LOOKUP (1), nodeid: 1, insize: 52, pid: 1726
LOOKUP /truncate_me
getattr /truncate_me
   NODEID: 2
   unique: 6, success, outsize: 144
unique: 8, opcode: OPEN (14), nodeid: 2, insize: 48, pid: 1726
   unique: 8, success, outsize: 32
unique: 10, opcode: IOCTL (39), nodeid: 2, insize: 72, pid: 1726
   unique: 10, success, outsize: 32
unique: 12, opcode: IOCTL (39), nodeid: 2, insize: 72, pid: 1726
   unique: 12, success, outsize: 32
unique: 14, opcode: READ (15), nodeid: 2, insize: 80, pid: 1726
read[0] 4096 bytes from 0 flags: 0x8000
   read[0] 45 bytes from 0
   unique: 14, success, outsize: 61
unique: 16, opcode: FLUSH (25), nodeid: 2, insize: 64, pid: 1726
   unique: 16, error: -38 (Function not implemented), outsize: 16
unique: 18, opcode: RELEASE (18), nodeid: 2, insize: 64, pid: 0
   unique: 18, success, outsize: 16
FUSE library version: 2.9.9
nullpath_ok: 0
nopath: 0
utime_omit_ok: 0
unique: 2, opcode: INIT (26), nodeid: 0, insize: 56, pid: 0
INIT: 7.34
flags=0x33fffffb
max_readahead=0x00020000
   INIT: 7.19
   flags=0x00000011
   max_readahead=0x00020000
   max_write=0x00001000
   max_background=0
   congestion_threshold=0
   unique: 2, success, outsize: 40
unique: 4, opcode: GETATTR (3), nodeid: 1, insize: 56, pid: 25155
getattr /
   unique: 4, success, outsize: 120
unique: 6, opcode: LOOKUP (1), nodeid: 1, insize: 52, pid: 24199
LOOKUP /truncate_me
getattr /truncate_me
   NODEID: 2
   unique: 6, success, outsize: 144
unique: 8, opcode: OPEN (14), nodeid: 2, insize: 48, pid: 24199
   unique: 8, success, outsize: 32
unique: 10, opcode: IOCTL (39), nodeid: 2, insize: 72, pid: 24199
   unique: 10, success, outsize: 32
unique: 12, opcode: IOCTL (39), nodeid: 2, insize: 72, pid: 24199
   unique: 12, success, outsize: 32
unique: 14, opcode: READ (15), nodeid: 2, insize: 80, pid: 24199
read[0] 4096 bytes from 0 flags: 0x8000
   read[0] 45 bytes from 0
   unique: 14, success, outsize: 61
unique: 16, opcode: FLUSH (25), nodeid: 2, insize: 64, pid: 24199
   unique: 16, error: -38 (Function not implemented), outsize: 16
unique: 18, opcode: RELEASE (18), nodeid: 2, insize: 64, pid: 0
   unique: 18, success, outsize: 16
FUSE library version: 2.9.9
nullpath_ok: 0
nopath: 0
utime_omit_ok: 0
unique: 2, opcode: INIT (26), nodeid: 0, insize: 56, pid: 0
INIT: 7.34
flags=0x33fffffb
max_readahead=0x00020000
   INIT: 7.19
   flags=0x00000011
   max_readahead=0x00020000
   max_write=0x00001000
   max_background=0
   congestion_threshold=0
   unique: 2, success, outsize: 40
unique: 4, opcode: GETATTR (3), nodeid: 1, insize: 56, pid: 36045
getattr /
   unique: 4, success, outsize: 120
unique: 6, opcode: LOOKUP (1), nodeid: 1, insize: 52, pid: 35529
LOOKUP /truncate_me
getattr /truncate_me
   NODEID: 2
   unique: 6, success, outsize: 144
unique: 8, opcode: OPEN (14), nodeid: 2, insize: 48, pid: 35529
   unique: 8, success, outsize: 32
unique: 10, opcode: IOCTL (39), nodeid: 2, insize: 72, pid: 35529
   unique: 10, success, outsize: 32
unique: 12, opcode: IOCTL (39), nodeid: 2, insize: 72, pid: 35529
   unique: 12, success, outsize: 32
unique: 14, opcode: READ (15), nodeid: 2, insize: 80, pid: 35529
read[0] 4096 bytes from 0 flags: 0x8000
   read[0] 45 bytes from 0
   unique: 14, success, outsize: 61
unique: 16, opcode: FLUSH (25), nodeid: 2, insize: 64, pid: 35529
   unique: 16, error: -38 (Function not implemented), outsize: 16
unique: 18, opcode: RELEASE (18), nodeid: 2, insize: 64, pid: 0
   unique: 18, success, outsize: 16
FUSE library version: 2.9.9
nullpath_ok: 0
nopath: 0
utime_omit_ok: 0
unique: 2, opcode: INIT (26), nodeid: 0, insize: 56, pid: 0
INIT: 7.34
flags=0x33fffffb
max_readahead=0x00020000
   INIT: 7.19
   flags=0x00000011
   max_readahead=0x00020000
   max_write=0x00001000
   max_background=0
   congestion_threshold=0
   unique: 2, success, outsize: 40
unique: 4, opcode: GETATTR (3), nodeid: 1, insize: 56, pid: 41488
getattr /
   unique: 4, success, outsize: 120
unique: 6, opcode: LOOKUP (1), nodeid: 1, insize: 52, pid: 40899
LOOKUP /truncate_me
getattr /truncate_me
   NODEID: 2
   unique: 6, success, outsize: 144
unique: 8, opcode: OPEN (14), nodeid: 2, insize: 48, pid: 40899
   unique: 8, success, outsize: 32
unique: 10, opcode: IOCTL (39), nodeid: 2, insize: 72, pid: 40899
   unique: 10, success, outsize: 32
unique: 12, opcode: IOCTL (39), nodeid: 2, insize: 72, pid: 40899
   unique: 12, success, outsize: 32
unique: 14, opcode: READ (15), nodeid: 2, insize: 80, pid: 40899
read[0] 4096 bytes from 0 flags: 0x8000
   read[0] 45 bytes from 0
   unique: 14, success, outsize: 61
unique: 16, opcode: FLUSH (25), nodeid: 2, insize: 64, pid: 40899
   unique: 16, error: -38 (Function not implemented), outsize: 16
unique: 18, opcode: RELEASE (18), nodeid: 2, insize: 64, pid: 0
   unique: 18, success, outsize: 16
FUSE library version: 2.9.9
nullpath_ok: 0
nopath: 0
utime_omit_ok: 0
unique: 2, opcode: INIT (26), nodeid: 0, insize: 56, pid: 0
INIT: 7.34
flags=0x33fffffb
max_readahead=0x00020000
   INIT: 7.19
   flags=0x00000011
   max_readahead=0x00020000
   max_write=0x00001000
   max_background=0
   congestion_threshold=0
   unique: 2, success, outsize: 40
unique: 4, opcode: GETATTR (3), nodeid: 1, insize: 56, pid: 50228
getattr /
   unique: 4, success, outsize: 120
unique: 6, opcode: LOOKUP (1), nodeid: 1, insize: 52, pid: 49785
LOOKUP /truncate_me
getattr /truncate_me
   NODEID: 2
   unique: 6, success, outsize: 144
unique: 8, opcode: OPEN (14), nodeid: 2, insize: 48, pid: 49785
   unique: 8, success, outsize: 32
unique: 10, opcode: IOCTL (39), nodeid: 2, insize: 72, pid: 49785
   unique: 10, success, outsize: 32
unique: 12, opcode: IOCTL (39), nodeid: 2, insize: 72, pid: 49785
   unique: 12, success, outsize: 32
unique: 14, opcode: READ (15), nodeid: 2, insize: 80, pid: 49785
read[0] 4096 bytes from 0 flags: 0x8000
   read[0] 45 bytes from 0
   unique: 14, success, outsize: 61
unique: 16, opcode: FLUSH (25), nodeid: 2, insize: 64, pid: 49785
   unique: 16, error: -38 (Function not implemented), outsize: 16
unique: 18, opcode: RELEASE (18), nodeid: 2, insize: 64, pid: 0
   unique: 18, success, outsize: 16
FUSE library version: 2.9.9
nullpath_ok: 0
nopath: 0
utime_omit_ok: 0
unique: 2, opcode: INIT (26), nodeid: 0, insize: 56, pid: 0
INIT: 7.34
flags=0x33fffffb
max_readahead=0x00020000
   INIT: 7.19
   flags=0x00000011
   max_readahead=0x00020000
   max_write=0x00001000
   max_background=0
   congestion_threshold=0
   unique: 2, success, outsize: 40
unique: 4, opcode: GETATTR (3), nodeid: 1, insize: 56, pid: 53978
getattr /
   unique: 4, success, outsize: 120
unique: 6, opcode: LOOKUP (1), nodeid: 1, insize: 52, pid: 53528
LOOKUP /truncate_me
getattr /truncate_me
   NODEID: 2
   unique: 6, success, outsize: 144
unique: 8, opcode: OPEN (14), nodeid: 2, insize: 48, pid: 53528
   unique: 8, success, outsize: 32
unique: 10, opcode: IOCTL (39), nodeid: 2, insize: 72, pid: 53528
   unique: 10, success, outsize: 32
unique: 12, opcode: IOCTL (39), nodeid: 2, insize: 72, pid: 53528
   unique: 12, success, outsize: 32
unique: 14, opcode: READ (15), nodeid: 2, insize: 80, pid: 53528
read[0] 4096 bytes from 0 flags: 0x8000
   read[0] 45 bytes from 0
   unique: 14, success, outsize: 61
unique: 16, opcode: FLUSH (25), nodeid: 2, insize: 64, pid: 53528
   unique: 16, error: -38 (Function not implemented), outsize: 16
unique: 18, opcode: RELEASE (18), nodeid: 2, insize: 64, pid: 0
   unique: 18, success, outsize: 16
FUSE library version: 2.9.9
nullpath_ok: 0
nopath: 0
utime_omit_ok: 0
unique: 2, opcode: INIT (26), nodeid: 0, insize: 56, pid: 0
INIT: 7.34
flags=0x33fffffb
max_readahead=0x00020000
   INIT: 7.19
   flags=0x00000011
   max_readahead=0x00020000
   max_write=0x00001000
   max_background=0
   congestion_threshold=0
   unique: 2, success, outsize: 40
unique: 4, opcode: GETATTR (3), nodeid: 1, insize: 56, pid: 64032
getattr /
   unique: 4, success, outsize: 120
unique: 6, opcode: LOOKUP (1), nodeid: 1, insize: 52, pid: 63576
LOOKUP /truncate_me
getattr /truncate_me
   NODEID: 2
   unique: 6, success, outsize: 144
unique: 8, opcode: OPEN (14), nodeid: 2, insize: 48, pid: 63576
   unique: 8, success, outsize: 32
unique: 10, opcode: IOCTL (39), nodeid: 2, insize: 72, pid: 63576
   unique: 10, success, outsize: 32
unique: 12, opcode: IOCTL (39), nodeid: 2, insize: 72, pid: 63576
   unique: 12, success, outsize: 32
unique: 14, opcode: READ (15), nodeid: 2, insize: 80, pid: 63576
read[0] 4096 bytes from 0 flags: 0x8000
   read[0] 45 bytes from 0
   unique: 14, success, outsize: 61
unique: 16, opcode: FLUSH (25), nodeid: 2, insize: 64, pid: 63576
   unique: 16, error: -38 (Function not implemented), outsize: 16
unique: 18, opcode: RELEASE (18), nodeid: 2, insize: 64, pid: 0
   unique: 18, success, outsize: 16
FUSE library version: 2.9.9
nullpath_ok: 0
nopath: 0
utime_omit_ok: 0
unique: 2, opcode: INIT (26), nodeid: 0, insize: 56, pid: 0
INIT: 7.34
flags=0x33fffffb
max_readahead=0x00020000
   INIT: 7.19
   flags=0x00000011
   max_readahead=0x00020000
   max_write=0x00001000
   max_background=0
   congestion_threshold=0
   unique: 2, success, outsize: 40
unique: 4, opcode: GETATTR (3), nodeid: 1, insize: 56, pid: 33068
getattr /
   unique: 4, success, outsize: 120
unique: 6, opcode: LOOKUP (1), nodeid: 1, insize: 52, pid: 31951
LOOKUP /truncate_me
getattr /truncate_me
   NODEID: 2
   unique: 6, success, outsize: 144
unique: 8, opcode: OPEN (14), nodeid: 2, insize: 48, pid: 31951
   unique: 8, success, outsize: 32
unique: 10, opcode: IOCTL (39), nodeid: 2, insize: 72, pid: 31951
   unique: 10, success, outsize: 32
unique: 12, opcode: IOCTL (39), nodeid: 2, insize: 72, pid: 31951
   unique: 12, success, outsize: 32
unique: 14, opcode: READ (15), nodeid: 2, insize: 80, pid: 31951
read[0] 4096 bytes from 0 flags: 0x8000
   read[0] 45 bytes from 0
   unique: 14, success, outsize: 61
unique: 16, opcode: FLUSH (25), nodeid: 2, insize: 64, pid: 31951
   unique: 16, error: -38 (Function not implemented), outsize: 16
unique: 18, opcode: RELEASE (18), nodeid: 2, insize: 64, pid: 0
   unique: 18, success, outsize: 16
FUSE library version: 2.9.9
nullpath_ok: 0
nopath: 0
utime_omit_ok: 0
unique: 2, opcode: INIT (26), nodeid: 0, insize: 56, pid: 0
INIT: 7.34
flags=0x33fffffb
max_readahead=0x00020000
   INIT: 7.19
   flags=0x00000011
   max_readahead=0x00020000
   max_write=0x00001000
   max_background=0
   congestion_threshold=0
   unique: 2, success, outsize: 40
unique: 4, opcode: GETATTR (3), nodeid: 1, insize: 56, pid: 31910
getattr /
   unique: 4, success, outsize: 120
unique: 6, opcode: LOOKUP (1), nodeid: 1, insize: 52, pid: 31357
LOOKUP /truncate_me
getattr /truncate_me
   NODEID: 2
   unique: 6, success, outsize: 144
unique: 8, opcode: OPEN (14), nodeid: 2, insize: 48, pid: 31357
   unique: 8, success, outsize: 32
unique: 10, opcode: IOCTL (39), nodeid: 2, insize: 72, pid: 31357
   unique: 10, success, outsize: 32
unique: 12, opcode: IOCTL (39), nodeid: 2, insize: 72, pid: 31357
   unique: 12, success, outsize: 32
unique: 14, opcode: READ (15), nodeid: 2, insize: 80, pid: 31357
read[0] 4096 bytes from 0 flags: 0x8000
   read[0] 45 bytes from 0
   unique: 14, success, outsize: 61
unique: 16, opcode: FLUSH (25), nodeid: 2, insize: 64, pid: 31357
   unique: 16, error: -38 (Function not implemented), outsize: 16
unique: 18, opcode: RELEASE (18), nodeid: 2, insize: 64, pid: 0
   unique: 18, success, outsize: 16
FUSE library version: 2.9.9
nullpath_ok: 0
nopath: 0
utime_omit_ok: 0
unique: 2, opcode: INIT (26), nodeid: 0, insize: 56, pid: 0
INIT: 7.34
flags=0x33fffffb
max_readahead=0x00020000
   INIT: 7.19
   flags=0x00000011
   max_readahead=0x00020000
   max_write=0x00001000
   max_background=0
   congestion_threshold=0
   unique: 2, success, outsize: 40
unique: 4, opcode: GETATTR (3), nodeid: 1, insize: 56, pid: 30772
getattr /
   unique: 4, success, outsize: 120
unique: 6, opcode: LOOKUP (1), nodeid: 1, insize: 52, pid: 30261
LOOKUP /truncate_me
getattr /truncate_me
   NODEID: 2
   unique: 6, success, outsize: 144
unique: 8, opcode: OPEN (14), nodeid: 2, insize: 48, pid: 30261
   unique: 8, success, outsize: 32
unique: 10, opcode: IOCTL (39), nodeid: 2, insize: 72, pid: 30261
   unique: 10, success, outsize: 32
unique: 12, opcode: IOCTL (39), nodeid: 2, insize: 72, pid: 30261
   unique: 12, success, outsize: 32
unique: 14, opcode: READ (15), nodeid: 2, insize: 80, pid: 30261
read[0] 4096 bytes from 0 flags: 0x8000
   read[0] 45 bytes from 0
   unique: 14, success, outsize: 61
unique: 16, opcode: FLUSH (25), nodeid: 2, insize: 64, pid: 30261
   unique: 16, error: -38 (Function not implemented), outsize: 16
unique: 18, opcode: RELEASE (18), nodeid: 2, insize: 64, pid: 0
   unique: 18, success, outsize: 16
FUSE library version: 2.9.9
nullpath_ok: 0
nopath: 0
utime_omit_ok: 0
unique: 2, opcode: INIT (26), nodeid: 0, insize: 56, pid: 0
INIT: 7.34
flags=0x33fffffb
max_readahead=0x00020000
   INIT: 7.19
   flags=0x00000011
   max_readahead=0x00020000
   max_write=0x00001000
   max_background=0
   congestion_threshold=0
   unique: 2, success, outsize: 40
unique: 4, opcode: GETATTR (3), nodeid: 1, insize: 56, pid: 60022
getattr /
   unique: 4, success, outsize: 120
unique: 6, opcode: LOOKUP (1), nodeid: 1, insize: 52, pid: 59312
LOOKUP /truncate_me
getattr /truncate_me
   NODEID: 2
   unique: 6, success, outsize: 144
unique: 8, opcode: OPEN (14), nodeid: 2, insize: 48, pid: 59312
   unique: 8, success, outsize: 32
unique: 10, opcode: IOCTL (39), nodeid: 2, insize: 72, pid: 59312
   unique: 10, success, outsize: 32
unique: 12, opcode: IOCTL (39), nodeid: 2, insize: 72, pid: 59312
   unique: 12, success, outsize: 32
unique: 14, opcode: READ (15), nodeid: 2, insize: 80, pid: 59312
read[0] 4096 bytes from 0 flags: 0x8000
   read[0] 45 bytes from 0
   unique: 14, success, outsize: 61
unique: 16, opcode: FLUSH (25), nodeid: 2, insize: 64, pid: 59312
   unique: 16, error: -38 (Function not implemented), outsize: 16
unique: 18, opcode: RELEASE (18), nodeid: 2, insize: 64, pid: 0
   unique: 18, success, outsize: 16
FUSE library version: 2.9.9
nullpath_ok: 0
nopath: 0
utime_omit_ok: 0
unique: 2, opcode: INIT (26), nodeid: 0, insize: 56, pid: 0
INIT: 7.34
flags=0x33fffffb
max_readahead=0x00020000
   INIT: 7.19
   flags=0x00000011
   max_readahead=0x00020000
   max_write=0x00001000
   max_background=0
   congestion_threshold=0
   unique: 2, success, outsize: 40
unique: 4, opcode: GETATTR (3), nodeid: 1, insize: 56, pid: 21745
getattr /
   unique: 4, success, outsize: 120
unique: 6, opcode: LOOKUP (1), nodeid: 1, insize: 52, pid: 20962
LOOKUP /truncate_me
getattr /truncate_me
   NODEID: 2
   unique: 6, success, outsize: 144
unique: 8, opcode: OPEN (14), nodeid: 2, insize: 48, pid: 20962
   unique: 8, success, outsize: 32
unique: 10, opcode: IOCTL (39), nodeid: 2, insize: 72, pid: 20962
   unique: 10, success, outsize: 32
unique: 12, opcode: IOCTL (39), nodeid: 2, insize: 72, pid: 20962
   unique: 12, success, outsize: 32
unique: 14, opcode: READ (15), nodeid: 2, insize: 80, pid: 20962
read[0] 4096 bytes from 0 flags: 0x8000
   read[0] 45 bytes from 0
   unique: 14, success, outsize: 61
unique: 16, opcode: FLUSH (25), nodeid: 2, insize: 64, pid: 20962
   unique: 16, error: -38 (Function not implemented), outsize: 16
unique: 18, opcode: RELEASE (18), nodeid: 2, insize: 64, pid: 0
   unique: 18, success, outsize: 16
FUSE library version: 2.9.9
nullpath_ok: 0
nopath: 0
utime_omit_ok: 0
unique: 2, opcode: INIT (26), nodeid: 0, insize: 56, pid: 0
INIT: 7.34
flags=0x33fffffb
max_readahead=0x00020000
   INIT: 7.19
   flags=0x00000011
   max_readahead=0x00020000
   max_write=0x00001000
   max_background=0
   congestion_threshold=0
   unique: 2, success, outsize: 40
unique: 4, opcode: GETATTR (3), nodeid: 1, insize: 56, pid: 31361
getattr /
   unique: 4, success, outsize: 120
unique: 6, opcode: LOOKUP (1), nodeid: 1, insize: 52, pid: 30711
LOOKUP /truncate_me
getattr /truncate_me
   NODEID: 2
   unique: 6, success, outsize: 144
unique: 8, opcode: OPEN (14), nodeid: 2, insize: 48, pid: 30711
   unique: 8, success, outsize: 32
unique: 10, opcode: IOCTL (39), nodeid: 2, insize: 72, pid: 30711
   unique: 10, success, outsize: 32
unique: 12, opcode: IOCTL (39), nodeid: 2, insize: 72, pid: 30711
   unique: 12, success, outsize: 32
unique: 14, opcode: READ (15), nodeid: 2, insize: 80, pid: 30711
read[0] 4096 bytes from 0 flags: 0x8000
   read[0] 45 bytes from 0
   unique: 14, success, outsize: 61
unique: 16, opcode: FLUSH (25), nodeid: 2, insize: 64, pid: 30711
   unique: 16, error: -38 (Function not implemented), outsize: 16
unique: 18, opcode: RELEASE (18), nodeid: 2, insize: 64, pid: 0
   unique: 18, success, outsize: 16
FUSE library version: 2.9.9
nullpath_ok: 0
nopath: 0
utime_omit_ok: 0
unique: 2, opcode: INIT (26), nodeid: 0, insize: 56, pid: 0
INIT: 7.34
flags=0x33fffffb
max_readahead=0x00020000
   INIT: 7.19
   flags=0x00000011
   max_readahead=0x00020000
   max_write=0x00001000
   max_background=0
   congestion_threshold=0
   unique: 2, success, outsize: 40
unique: 4, opcode: GETATTR (3), nodeid: 1, insize: 56, pid: 34543
getattr /
   unique: 4, success, outsize: 120
unique: 6, opcode: LOOKUP (1), nodeid: 1, insize: 52, pid: 33447
LOOKUP /truncate_me
getattr /truncate_me
   NODEID: 2
   unique: 6, success, outsize: 144
unique: 8, opcode: OPEN (14), nodeid: 2, insize: 48, pid: 33447
   unique: 8, success, outsize: 32
unique: 10, opcode: IOCTL (39), nodeid: 2, insize: 72, pid: 33447
   unique: 10, success, outsize: 32
unique: 12, opcode: IOCTL (39), nodeid: 2, insize: 72, pid: 33447
   unique: 12, success, outsize: 32
unique: 14, opcode: READ (15), nodeid: 2, insize: 80, pid: 33447
read[0] 4096 bytes from 0 flags: 0x8000
   read[0] 45 bytes from 0
   unique: 14, success, outsize: 61
unique: 16, opcode: FLUSH (25), nodeid: 2, insize: 64, pid: 33447
   unique: 16, error: -38 (Function not implemented), outsize: 16
unique: 18, opcode: RELEASE (18), nodeid: 2, insize: 64, pid: 0
   unique: 18, success, outsize: 16
FUSE library version: 2.9.9
nullpath_ok: 0
nopath: 0
utime_omit_ok: 0
unique: 2, opcode: INIT (26), nodeid: 0, insize: 56, pid: 0
INIT: 7.34
flags=0x33fffffb
max_readahead=0x00020000
   INIT: 7.19
   flags=0x00000011
   max_readahead=0x00020000
   max_write=0x00001000
   max_background=0
   congestion_threshold=0
   unique: 2, success, outsize: 40
unique: 4, opcode: GETATTR (3), nodeid: 1, insize: 56, pid: 12906
getattr /
   unique: 4, success, outsize: 120
unique: 6, opcode: LOOKUP (1), nodeid: 1, insize: 52, pid: 12081
LOOKUP /truncate_me
getattr /truncate_me
   NODEID: 2
   unique: 6, success, outsize: 144
unique: 8, opcode: OPEN (14), nodeid: 2, insize: 48, pid: 12081
   unique: 8, success, outsize: 32
unique: 10, opcode: IOCTL (39), nodeid: 2, insize: 72, pid: 12081
   unique: 10, success, outsize: 32
unique: 12, opcode: IOCTL (39), nodeid: 2, insize: 72, pid: 12081
   unique: 12, success, outsize: 32
unique: 14, opcode: READ (15), nodeid: 2, insize: 80, pid: 12081
read[0] 4096 bytes from 0 flags: 0x8000
   read[0] 45 bytes from 0
   unique: 14, success, outsize: 61
unique: 16, opcode: FLUSH (25), nodeid: 2, insize: 64, pid: 12081
   unique: 16, error: -38 (Function not implemented), outsize: 16
unique: 18, opcode: RELEASE (18), nodeid: 2, insize: 64, pid: 0
   unique: 18, success, outsize: 16
FUSE library version: 2.9.9
nullpath_ok: 0
nopath: 0
utime_omit_ok: 0
unique: 2, opcode: INIT (26), nodeid: 0, insize: 56, pid: 0
INIT: 7.34
flags=0x33fffffb
max_readahead=0x00020000
   INIT: 7.19
   flags=0x00000011
   max_readahead=0x00020000
   max_write=0x00001000
   max_background=0
   congestion_threshold=0
   unique: 2, success, outsize: 40
unique: 4, opcode: GETATTR (3), nodeid: 1, insize: 56, pid: 12426
getattr /
   unique: 4, success, outsize: 120
unique: 6, opcode: LOOKUP (1), nodeid: 1, insize: 52, pid: 11887
LOOKUP /truncate_me
getattr /truncate_me
   NODEID: 2
   unique: 6, success, outsize: 144
unique: 8, opcode: OPEN (14), nodeid: 2, insize: 48, pid: 11887
   unique: 8, success, outsize: 32
unique: 10, opcode: IOCTL (39), nodeid: 2, insize: 72, pid: 11887
   unique: 10, success, outsize: 32
unique: 12, opcode: IOCTL (39), nodeid: 2, insize: 72, pid: 11887
   unique: 12, success, outsize: 32
unique: 14, opcode: READ (15), nodeid: 2, insize: 80, pid: 11887
read[0] 4096 bytes from 0 flags: 0x8000
   read[0] 45 bytes from 0
   unique: 14, success, outsize: 61
unique: 16, opcode: FLUSH (25), nodeid: 2, insize: 64, pid: 11887
   unique: 16, error: -38 (Function not implemented), outsize: 16
unique: 18, opcode: RELEASE (18), nodeid: 2, insize: 64, pid: 0
   unique: 18, success, outsize: 16
FUSE library version: 2.9.9
nullpath_ok: 0
nopath: 0
utime_omit_ok: 0
unique: 2, opcode: INIT (26), nodeid: 0, insize: 56, pid: 0
INIT: 7.34
flags=0x33fffffb
max_readahead=0x00020000
   INIT: 7.19
   flags=0x00000011
   max_readahead=0x00020000
   max_write=0x00001000
   max_background=0
   congestion_threshold=0
   unique: 2, success, outsize: 40
unique: 4, opcode: GETATTR (3), nodeid: 1, insize: 56, pid: 37851
getattr /
   unique: 4, success, outsize: 120
unique: 6, opcode: LOOKUP (1), nodeid: 1, insize: 52, pid: 37326
LOOKUP /truncate_me
getattr /truncate_me
   NODEID: 2
   unique: 6, success, outsize: 144
unique: 8, opcode: OPEN (14), nodeid: 2, insize: 48, pid: 37326
   unique: 8, success, outsize: 32
unique: 10, opcode: IOCTL (39), nodeid: 2, insize: 72, pid: 37326
   unique: 10, success, outsize: 32
unique: 12, opcode: IOCTL (39), nodeid: 2, insize: 72, pid: 37326
   unique: 12, success, outsize: 32
unique: 14, opcode: READ (15), nodeid: 2, insize: 80, pid: 37326
read[0] 4096 bytes from 0 flags: 0x8000
   read[0] 45 bytes from 0
   unique: 14, success, outsize: 61
unique: 16, opcode: FLUSH (25), nodeid: 2, insize: 64, pid: 37326
   unique: 16, error: -38 (Function not implemented), outsize: 16
unique: 18, opcode: RELEASE (18), nodeid: 2, insize: 64, pid: 0
   unique: 18, success, outsize: 16
FUSE library version: 2.9.9
nullpath_ok: 0
nopath: 0
utime_omit_ok: 0
unique: 2, opcode: INIT (26), nodeid: 0, insize: 56, pid: 0
INIT: 7.34
flags=0x33fffffb
max_readahead=0x00020000
   INIT: 7.19
   flags=0x00000011
   max_readahead=0x00020000
   max_write=0x00001000
   max_background=0
   congestion_threshold=0
   unique: 2, success, outsize: 40
unique: 4, opcode: GETATTR (3), nodeid: 1, insize: 56, pid: 41535
getattr /
   unique: 4, success, outsize: 120
unique: 6, opcode: LOOKUP (1), nodeid: 1, insize: 52, pid: 40782
LOOKUP /truncate_me
getattr /truncate_me
   NODEID: 2
   unique: 6, success, outsize: 144
unique: 8, opcode: OPEN (14), nodeid: 2, insize: 48, pid: 40782
   unique: 8, success, outsize: 32
unique: 10, opcode: IOCTL (39), nodeid: 2, insize: 72, pid: 40782
   unique: 10, success, outsize: 32
unique: 12, opcode: IOCTL (39), nodeid: 2, insize: 72, pid: 40782
   unique: 12, success, outsize: 32
unique: 14, opcode: READ (15), nodeid: 2, insize: 80, pid: 40782
read[0] 4096 bytes from 0 flags: 0x8000
   read[0] 45 bytes from 0
   unique: 14, success, outsize: 61
unique: 16, opcode: FLUSH (25), nodeid: 2, insize: 64, pid: 40782
   unique: 16, error: -38 (Function not implemented), outsize: 16
unique: 18, opcode: RELEASE (18), nodeid: 2, insize: 64, pid: 0
   unique: 18, success, outsize: 16
FUSE library version: 2.9.9
nullpath_ok: 0
nopath: 0
utime_omit_ok: 0
unique: 2, opcode: INIT (26), nodeid: 0, insize: 56, pid: 0
INIT: 7.34
flags=0x33fffffb
max_readahead=0x00020000
   INIT: 7.19
   flags=0x00000011
   max_readahead=0x00020000
   max_write=0x00001000
   max_background=0
   congestion_threshold=0
   unique: 2, success, outsize: 40
unique: 4, opcode: GETATTR (3), nodeid: 1, insize: 56, pid: 5766
getattr /
   unique: 4, success, outsize: 120
unique: 6, opcode: LOOKUP (1), nodeid: 1, insize: 52, pid: 5358
LOOKUP /truncate_me
getattr /truncate_me
   NODEID: 2
   unique: 6, success, outsize: 144
unique: 8, opcode: OPEN (14), nodeid: 2, insize: 48, pid: 5358
   unique: 8, success, outsize: 32
unique: 10, opcode: IOCTL (39), nodeid: 2, insize: 72, pid: 5358
   unique: 10, success, outsize: 32
unique: 12, opcode: IOCTL (39), nodeid: 2, insize: 72, pid: 5358
   unique: 12, success, outsize: 32
unique: 14, opcode: READ (15), nodeid: 2, insize: 80, pid: 5358
read[0] 4096 bytes from 0 flags: 0x8000
   read[0] 45 bytes from 0
   unique: 14, success, outsize: 61
unique: 16, opcode: FLUSH (25), nodeid: 2, insize: 64, pid: 5358
   unique: 16, error: -38 (Function not implemented), outsize: 16
unique: 18, opcode: RELEASE (18), nodeid: 2, insize: 64, pid: 0
   unique: 18, success, outsize: 16
FUSE library version: 2.9.9
nullpath_ok: 0
nopath: 0
utime_omit_ok: 0
unique: 2, opcode: INIT (26), nodeid: 0, insize: 56, pid: 0
INIT: 7.34
flags=0x33fffffb
max_readahead=0x00020000
   INIT: 7.19
   flags=0x00000011
   max_readahead=0x00020000
   max_write=0x00001000
   max_background=0
   congestion_threshold=0
   unique: 2, success, outsize: 40
unique: 4, opcode: GETATTR (3), nodeid: 1, insize: 56, pid: 7254
getattr /
   unique: 4, success, outsize: 120
unique: 6, opcode: LOOKUP (1), nodeid: 1, insize: 52, pid: 6841
LOOKUP /truncate_me
getattr /truncate_me
   NODEID: 2
   unique: 6, success, outsize: 144
unique: 8, opcode: OPEN (14), nodeid: 2, insize: 48, pid: 6841
   unique: 8, success, outsize: 32
unique: 10, opcode: IOCTL (39), nodeid: 2, insize: 72, pid: 6841
   unique: 10, success, outsize: 32
unique: 12, opcode: IOCTL (39), nodeid: 2, insize: 72, pid: 6841
   unique: 12, success, outsize: 32
unique: 14, opcode: READ (15), nodeid: 2, insize: 80, pid: 6841
read[0] 4096 bytes from 0 flags: 0x8000
   read[0] 45 bytes from 0
   unique: 14, success, outsize: 61
unique: 16, opcode: FLUSH (25), nodeid: 2, insize: 64, pid: 6841
   unique: 16, error: -38 (Function not implemented), outsize: 16
unique: 18, opcode: RELEASE (18), nodeid: 2, insize: 64, pid: 0
   unique: 18, success, outsize: 16
FUSE library version: 2.9.9
nullpath_ok: 0
nopath: 0
utime_omit_ok: 0
unique: 2, opcode: INIT (26), nodeid: 0, insize: 56, pid: 0
INIT: 7.34
flags=0x33fffffb
max_readahead=0x00020000
   INIT: 7.19
   flags=0x00000011
   max_readahead=0x00020000
   max_write=0x00001000
   max_background=0
   congestion_threshold=0
   unique: 2, success, outsize: 40
unique: 4, opcode: GETATTR (3), nodeid: 1, insize: 56, pid: 32114
getattr /
   unique: 4, success, outsize: 120
unique: 6, opcode: LOOKUP (1), nodeid: 1, insize: 52, pid: 31566
LOOKUP /truncate_me
getattr /truncate_me
   NODEID: 2
   unique: 6, success, outsize: 144
unique: 8, opcode: OPEN (14), nodeid: 2, insize: 48, pid: 31566
   unique: 8, success, outsize: 32
unique: 10, opcode: IOCTL (39), nodeid: 2, insize: 72, pid: 31566
   unique: 10, success, outsize: 32
unique: 12, opcode: IOCTL (39), nodeid: 2, insize: 72, pid: 31566
   unique: 12, success, outsize: 32
unique: 14, opcode: READ (15), nodeid: 2, insize: 80, pid: 31566
read[0] 4096 bytes from 0 flags: 0x8000
   read[0] 45 bytes from 0
   unique: 14, success, outsize: 61
unique: 16, opcode: FLUSH (25), nodeid: 2, insize: 64, pid: 31566
   unique: 16, error: -38 (Function not implemented), outsize: 16
unique: 18, opcode: RELEASE (18), nodeid: 2, insize: 64, pid: 0
   unique: 18, success, outsize: 16
FUSE library version: 2.9.9
nullpath_ok: 0
nopath: 0
utime_omit_ok: 0
unique: 2, opcode: INIT (26), nodeid: 0, insize: 56, pid: 0
INIT: 7.34
flags=0x33fffffb
max_readahead=0x00020000
   INIT: 7.19
   flags=0x00000011
   max_readahead=0x00020000
   max_write=0x00001000
   max_background=0
   congestion_threshold=0
   unique: 2, success, outsize: 40
unique: 4, opcode: GETATTR (3), nodeid: 1, insize: 56, pid: 27885
getattr /
   unique: 4, success, outsize: 120
unique: 6, opcode: LOOKUP (1), nodeid: 1, insize: 52, pid: 27151
LOOKUP /truncate_me
getattr /truncate_me
   NODEID: 2
   unique: 6, success, outsize: 144
unique: 8, opcode: OPEN (14), nodeid: 2, insize: 48, pid: 27151
   unique: 8, success, outsize: 32
unique: 10, opcode: IOCTL (39), nodeid: 2, insize: 72, pid: 27151
   unique: 10, success, outsize: 32
unique: 12, opcode: IOCTL (39), nodeid: 2, insize: 72, pid: 27151
   unique: 12, success, outsize: 32
unique: 14, opcode: READ (15), nodeid: 2, insize: 80, pid: 27151
read[0] 4096 bytes from 0 flags: 0x8000
   read[0] 45 bytes from 0
   unique: 14, success, outsize: 61
unique: 16, opcode: FLUSH (25), nodeid: 2, insize: 64, pid: 27151
   unique: 16, error: -38 (Function not implemented), outsize: 16
unique: 18, opcode: RELEASE (18), nodeid: 2, insize: 64, pid: 0
   unique: 18, success, outsize: 16
FUSE library version: 2.9.9
nullpath_ok: 0
nopath: 0
utime_omit_ok: 0
unique: 2, opcode: INIT (26), nodeid: 0, insize: 56, pid: 0
INIT: 7.34
flags=0x33fffffb
max_readahead=0x00020000
   INIT: 7.19
   flags=0x00000011
   max_readahead=0x00020000
   max_write=0x00001000
   max_background=0
   congestion_threshold=0
   unique: 2, success, outsize: 40
unique: 4, opcode: GETATTR (3), nodeid: 1, insize: 56, pid: 33690
getattr /
   unique: 4, success, outsize: 120
unique: 6, opcode: LOOKUP (1), nodeid: 1, insize: 52, pid: 33049
LOOKUP /truncate_me
getattr /truncate_me
   NODEID: 2
   unique: 6, success, outsize: 144
unique: 8, opcode: OPEN (14), nodeid: 2, insize: 48, pid: 33049
   unique: 8, success, outsize: 32
unique: 10, opcode: IOCTL (39), nodeid: 2, insize: 72, pid: 33049
   unique: 10, success, outsize: 32
unique: 12, opcode: IOCTL (39), nodeid: 2, insize: 72, pid: 33049
   unique: 12, success, outsize: 32
unique: 14, opcode: READ (15), nodeid: 2, insize: 80, pid: 33049
read[0] 4096 bytes from 0 flags: 0x8000
   read[0] 45 bytes from 0
   unique: 14, success, outsize: 61
unique: 16, opcode: FLUSH (25), nodeid: 2, insize: 64, pid: 33049
   unique: 16, error: -38 (Function not implemented), outsize: 16
unique: 18, opcode: RELEASE (18), nodeid: 2, insize: 64, pid: 0
   unique: 18, success, outsize: 16
FUSE library version: 2.9.9
nullpath_ok: 0
nopath: 0
utime_omit_ok: 0
unique: 2, opcode: INIT (26), nodeid: 0, insize: 56, pid: 0
INIT: 7.34
flags=0x33fffffb
max_readahead=0x00020000
   INIT: 7.19
   flags=0x00000011
   max_readahead=0x00020000
   max_write=0x00001000
   max_background=0
   congestion_threshold=0
   unique: 2, success, outsize: 40
unique: 4, opcode: GETATTR (3), nodeid: 1, insize: 56, pid: 35622
getattr /
   unique: 4, success, outsize: 120
unique: 6, opcode: LOOKUP (1), nodeid: 1, insize: 52, pid: 35202
LOOKUP /truncate_me
getattr /truncate_me
   NODEID: 2
   unique: 6, success, outsize: 144
unique: 8, opcode: OPEN (14), nodeid: 2, insize: 48, pid: 35202
   unique: 8, success, outsize: 32
unique: 10, opcode: IOCTL (39), nodeid: 2, insize: 72, pid: 35202
   unique: 10, success, outsize: 32
unique: 12, opcode: IOCTL (39), nodeid: 2, insize: 72, pid: 35202
   unique: 12, success, outsize: 32
unique: 14, opcode: READ (15), nodeid: 2, insize: 80, pid: 35202
read[0] 4096 bytes from 0 flags: 0x8000
   read[0] 45 bytes from 0
   unique: 14, success, outsize: 61
unique: 16, opcode: FLUSH (25), nodeid: 2, insize: 64, pid: 35202
   unique: 16, error: -38 (Function not implemented), outsize: 16
unique: 18, opcode: RELEASE (18), nodeid: 2, insize: 64, pid: 0
   unique: 18, success, outsize: 16
FUSE library version: 2.9.9
nullpath_ok: 0
nopath: 0
utime_omit_ok: 0
unique: 2, opcode: INIT (26), nodeid: 0, insize: 56, pid: 0
INIT: 7.34
flags=0x33fffffb
max_readahead=0x00020000
   INIT: 7.19
   flags=0x00000011
   max_readahead=0x00020000
   max_write=0x00001000
   max_background=0
   congestion_threshold=0
   unique: 2, success, outsize: 40
unique: 4, opcode: GETATTR (3), nodeid: 1, insize: 56, pid: 53655
getattr /
   unique: 4, success, outsize: 120
unique: 6, opcode: LOOKUP (1), nodeid: 1, insize: 52, pid: 53252
LOOKUP /truncate_me
getattr /truncate_me
   NODEID: 2
   unique: 6, success, outsize: 144
unique: 8, opcode: OPEN (14), nodeid: 2, insize: 48, pid: 53252
   unique: 8, success, outsize: 32
unique: 10, opcode: IOCTL (39), nodeid: 2, insize: 72, pid: 53252
   unique: 10, success, outsize: 32
unique: 12, opcode: IOCTL (39), nodeid: 2, insize: 72, pid: 53252
   unique: 12, success, outsize: 32
unique: 14, opcode: READ (15), nodeid: 2, insize: 80, pid: 53252
read[0] 4096 bytes from 0 flags: 0x8000
   read[0] 45 bytes from 0
   unique: 14, success, outsize: 61
unique: 16, opcode: FLUSH (25), nodeid: 2, insize: 64, pid: 53252
   unique: 16, error: -38 (Function not implemented), outsize: 16
unique: 18, opcode: RELEASE (18), nodeid: 2, insize: 64, pid: 0
   unique: 18, success, outsize: 16
FUSE library version: 2.9.9
nullpath_ok: 0
nopath: 0
utime_omit_ok: 0
unique: 2, opcode: INIT (26), nodeid: 0, insize: 56, pid: 0
INIT: 7.34
flags=0x33fffffb
max_readahead=0x00020000
   INIT: 7.19
   flags=0x00000011
   max_readahead=0x00020000
   max_write=0x00001000
   max_background=0
   congestion_threshold=0
   unique: 2, success, outsize: 40
unique: 4, opcode: GETATTR (3), nodeid: 1, insize: 56, pid: 62681
getattr /
   unique: 4, success, outsize: 120
unique: 6, opcode: LOOKUP (1), nodeid: 1, insize: 52, pid: 61884
LOOKUP /truncate_me
getattr /truncate_me
   NODEID: 2
   unique: 6, success, outsize: 144
unique: 8, opcode: OPEN (14), nodeid: 2, insize: 48, pid: 61884
   unique: 8, success, outsize: 32
unique: 10, opcode: IOCTL (39), nodeid: 2, insize: 72, pid: 61884
   unique: 10, success, outsize: 32
unique: 12, opcode: IOCTL (39), nodeid: 2, insize: 72, pid: 61884
   unique: 12, success, outsize: 32
unique: 14, opcode: READ (15), nodeid: 2, insize: 80, pid: 61884
read[0] 4096 bytes from 0 flags: 0x8000
   read[0] 45 bytes from 0
   unique: 14, success, outsize: 61
unique: 16, opcode: FLUSH (25), nodeid: 2, insize: 64, pid: 61884
   unique: 16, error: -38 (Function not implemented), outsize: 16
unique: 18, opcode: RELEASE (18), nodeid: 2, insize: 64, pid: 0
   unique: 18, success, outsize: 16
FUSE library version: 2.9.9
nullpath_ok: 0
nopath: 0
utime_omit_ok: 0
unique: 2, opcode: INIT (26), nodeid: 0, insize: 56, pid: 0
INIT: 7.34
flags=0x33fffffb
max_readahead=0x00020000
   INIT: 7.19
   flags=0x00000011
   max_readahead=0x00020000
   max_write=0x00001000
   max_background=0
   congestion_threshold=0
   unique: 2, success, outsize: 40
unique: 4, opcode: GETATTR (3), nodeid: 1, insize: 56, pid: 5539
getattr /
   unique: 4, success, outsize: 120
unique: 6, opcode: LOOKUP (1), nodeid: 1, insize: 52, pid: 4901
LOOKUP /truncate_me
getattr /truncate_me
   NODEID: 2
   unique: 6, success, outsize: 144
unique: 8, opcode: OPEN (14), nodeid: 2, insize: 48, pid: 4901
   unique: 8, success, outsize: 32
unique: 10, opcode: IOCTL (39), nodeid: 2, insize: 72, pid: 4901
   unique: 10, success, outsize: 32
unique: 12, opcode: IOCTL (39), nodeid: 2, insize: 72, pid: 4901
   unique: 12, success, outsize: 32
unique: 14, opcode: READ (15), nodeid: 2, insize: 80, pid: 4901
read[0] 4096 bytes from 0 flags: 0x8000
   read[0] 45 bytes from 0
   unique: 14, success, outsize: 61
unique: 16, opcode: FLUSH (25), nodeid: 2, insize: 64, pid: 4901
   unique: 16, error: -38 (Function not implemented), outsize: 16
unique: 18, opcode: RELEASE (18), nodeid: 2, insize: 64, pid: 0
   unique: 18, success, outsize: 16
FUSE library version: 2.9.9
nullpath_ok: 0
nopath: 0
utime_omit_ok: 0
unique: 2, opcode: INIT (26), nodeid: 0, insize: 56, pid: 0
INIT: 7.34
flags=0x33fffffb
max_readahead=0x00020000
   INIT: 7.19
   flags=0x00000011
   max_readahead=0x00020000
   max_write=0x00001000
   max_background=0
   congestion_threshold=0
   unique: 2, success, outsize: 40
unique: 4, opcode: GETATTR (3), nodeid: 1, insize: 56, pid: 8492
getattr /
   unique: 4, success, outsize: 120
unique: 6, opcode: LOOKUP (1), nodeid: 1, insize: 52, pid: 8005
LOOKUP /truncate_me
getattr /truncate_me
   NODEID: 2
   unique: 6, success, outsize: 144
unique: 8, opcode: OPEN (14), nodeid: 2, insize: 48, pid: 8005
   unique: 8, success, outsize: 32
unique: 10, opcode: IOCTL (39), nodeid: 2, insize: 72, pid: 8005
   unique: 10, success, outsize: 32
unique: 12, opcode: IOCTL (39), nodeid: 2, insize: 72, pid: 8005
   unique: 12, success, outsize: 32
unique: 14, opcode: READ (15), nodeid: 2, insize: 80, pid: 8005
read[0] 4096 bytes from 0 flags: 0x8000
   read[0] 45 bytes from 0
   unique: 14, success, outsize: 61
unique: 16, opcode: FLUSH (25), nodeid: 2, insize: 64, pid: 8005
   unique: 16, error: -38 (Function not implemented), outsize: 16
unique: 18, opcode: RELEASE (18), nodeid: 2, insize: 64, pid: 0
   unique: 18, success, outsize: 16
FUSE library version: 2.9.9
nullpath_ok: 0
nopath: 0
utime_omit_ok: 0
unique: 2, opcode: INIT (26), nodeid: 0, insize: 56, pid: 0
INIT: 7.34
flags=0x33fffffb
max_readahead=0x00020000
   INIT: 7.19
   flags=0x00000011
   max_readahead=0x00020000
   max_write=0x00001000
   max_background=0
   congestion_threshold=0
   unique: 2, success, outsize: 40
unique: 4, opcode: GETATTR (3), nodeid: 1, insize: 56, pid: 40076
getattr /
   unique: 4, success, outsize: 120
unique: 6, opcode: LOOKUP (1), nodeid: 1, insize: 52, pid: 39638
LOOKUP /truncate_me
getattr /truncate_me
   NODEID: 2
   unique: 6, success, outsize: 144
unique: 8, opcode: OPEN (14), nodeid: 2, insize: 48, pid: 39638
   unique: 8, success, outsize: 32
unique: 10, opcode: IOCTL (39), nodeid: 2, insize: 72, pid: 39638
   unique: 10, success, outsize: 32
unique: 12, opcode: IOCTL (39), nodeid: 2, insize: 72, pid: 39638
   unique: 12, success, outsize: 32
unique: 14, opcode: READ (15), nodeid: 2, insize: 80, pid: 39638
read[0] 4096 bytes from 0 flags: 0x8000
   read[0] 45 bytes from 0
   unique: 14, success, outsize: 61
unique: 16, opcode: FLUSH (25), nodeid: 2, insize: 64, pid: 39638
   unique: 16, error: -38 (Function not implemented), outsize: 16
unique: 18, opcode: RELEASE (18), nodeid: 2, insize: 64, pid: 0
   unique: 18, success, outsize: 16
FUSE library version: 2.9.9
nullpath_ok: 0
nopath: 0
utime_omit_ok: 0
unique: 2, opcode: INIT (26), nodeid: 0, insize: 56, pid: 0
INIT: 7.34
flags=0x33fffffb
max_readahead=0x00020000
   INIT: 7.19
   flags=0x00000011
   max_readahead=0x00020000
   max_write=0x00001000
   max_background=0
   congestion_threshold=0
   unique: 2, success, outsize: 40
unique: 4, opcode: GETATTR (3), nodeid: 1, insize: 56, pid: 5143
getattr /
   unique: 4, success, outsize: 120
unique: 6, opcode: LOOKUP (1), nodeid: 1, insize: 52, pid: 4690
LOOKUP /truncate_me
getattr /truncate_me
   NODEID: 2
   unique: 6, success, outsize: 144
unique: 8, opcode: OPEN (14), nodeid: 2, insize: 48, pid: 4690
   unique: 8, success, outsize: 32
unique: 10, opcode: IOCTL (39), nodeid: 2, insize: 72, pid: 4690
   unique: 10, success, outsize: 32
unique: 12, opcode: IOCTL (39), nodeid: 2, insize: 72, pid: 4690
   unique: 12, success, outsize: 32
unique: 14, opcode: READ (15), nodeid: 2, insize: 80, pid: 4690
read[0] 4096 bytes from 0 flags: 0x8000
   read[0] 45 bytes from 0
   unique: 14, success, outsize: 61
unique: 16, opcode: FLUSH (25), nodeid: 2, insize: 64, pid: 4690
   unique: 16, error: -38 (Function not implemented), outsize: 16
unique: 18, opcode: RELEASE (18), nodeid: 2, insize: 64, pid: 0
   unique: 18, success, outsize: 16
FUSE library version: 2.9.9
nullpath_ok: 0
nopath: 0
utime_omit_ok: 0
unique: 2, opcode: INIT (26), nodeid: 0, insize: 56, pid: 0
INIT: 7.34
flags=0x33fffffb
max_readahead=0x00020000
   INIT: 7.19
   flags=0x00000011
   max_readahead=0x00020000
   max_write=0x00001000
   max_background=0
   congestion_threshold=0
   unique: 2, success, outsize: 40
unique: 4, opcode: GETATTR (3), nodeid: 1, insize: 56, pid: 14485
getattr /
   unique: 4, success, outsize: 120
unique: 6, opcode: LOOKUP (1), nodeid: 1, insize: 52, pid: 13666
LOOKUP /truncate_me
getattr /truncate_me
   NODEID: 2
   unique: 6, success, outsize: 144
unique: 8, opcode: OPEN (14), nodeid: 2, insize: 48, pid: 13666
   unique: 8, success, outsize: 32
unique: 10, opcode: IOCTL (39), nodeid: 2, insize: 72, pid: 13666
   unique: 10, success, outsize: 32
unique: 12, opcode: IOCTL (39), nodeid: 2, insize: 72, pid: 13666
   unique: 12, success, outsize: 32
unique: 14, opcode: READ (15), nodeid: 2, insize: 80, pid: 13666
read[0] 4096 bytes from 0 flags: 0x8000
   read[0] 45 bytes from 0
   unique: 14, success, outsize: 61
unique: 16, opcode: FLUSH (25), nodeid: 2, insize: 64, pid: 13666
   unique: 16, error: -38 (Function not implemented), outsize: 16
FUSE library version: 2.9.9
nullpath_ok: 0
nopath: 0
utime_omit_ok: 0
unique: 2, opcode: INIT (26), nodeid: 0, insize: 56, pid: 0
INIT: 7.34
flags=0x33fffffb
max_readahead=0x00020000
   INIT: 7.19
   flags=0x00000011
   max_readahead=0x00020000
   max_write=0x00001000
   max_background=0
   congestion_threshold=0
   unique: 2, success, outsize: 40
unique: 4, opcode: GETATTR (3), nodeid: 1, insize: 56, pid: 20444
getattr /
   unique: 4, success, outsize: 120
unique: 6, opcode: LOOKUP (1), nodeid: 1, insize: 52, pid: 19552
LOOKUP /truncate_me
getattr /truncate_me
   NODEID: 2
   unique: 6, success, outsize: 144
unique: 8, opcode: OPEN (14), nodeid: 2, insize: 48, pid: 19552
   unique: 8, success, outsize: 32
unique: 10, opcode: IOCTL (39), nodeid: 2, insize: 72, pid: 19552
   unique: 10, success, outsize: 32
unique: 12, opcode: IOCTL (39), nodeid: 2, insize: 72, pid: 19552
   unique: 12, success, outsize: 32
unique: 14, opcode: READ (15), nodeid: 2, insize: 80, pid: 19552
read[0] 4096 bytes from 0 flags: 0x8000
   read[0] 45 bytes from 0
   unique: 14, success, outsize: 61
unique: 16, opcode: FLUSH (25), nodeid: 2, insize: 64, pid: 19552
   unique: 16, error: -38 (Function not implemented), outsize: 16
unique: 18, opcode: RELEASE (18), nodeid: 2, insize: 64, pid: 0
   unique: 18, success, outsize: 16
FUSE library version: 2.9.9
nullpath_ok: 0
nopath: 0
utime_omit_ok: 0
unique: 2, opcode: INIT (26), nodeid: 0, insize: 56, pid: 0
INIT: 7.34
flags=0x33fffffb
max_readahead=0x00020000
   INIT: 7.19
   flags=0x00000011
   max_readahead=0x00020000
   max_write=0x00001000
   max_background=0
   congestion_threshold=0
   unique: 2, success, outsize: 40
unique: 4, opcode: GETATTR (3), nodeid: 1, insize: 56, pid: 15873
getattr /
   unique: 4, success, outsize: 120
unique: 6, opcode: LOOKUP (1), nodeid: 1, insize: 52, pid: 15450
LOOKUP /truncate_me
getattr /truncate_me
   NODEID: 2
   unique: 6, success, outsize: 144
unique: 8, opcode: OPEN (14), nodeid: 2, insize: 48, pid: 15450
   unique: 8, success, outsize: 32
unique: 10, opcode: IOCTL (39), nodeid: 2, insize: 72, pid: 15450
   unique: 10, success, outsize: 32
unique: 12, opcode: IOCTL (39), nodeid: 2, insize: 72, pid: 15450
   unique: 12, success, outsize: 32
unique: 14, opcode: READ (15), nodeid: 2, insize: 80, pid: 15450
read[0] 4096 bytes from 0 flags: 0x8000
   read[0] 45 bytes from 0
   unique: 14, success, outsize: 61
unique: 16, opcode: FLUSH (25), nodeid: 2, insize: 64, pid: 15450
   unique: 16, error: -38 (Function not implemented), outsize: 16
unique: 18, opcode: RELEASE (18), nodeid: 2, insize: 64, pid: 0
   unique: 18, success, outsize: 16
FUSE library version: 2.9.9
nullpath_ok: 0
nopath: 0
utime_omit_ok: 0
unique: 2, opcode: INIT (26), nodeid: 0, insize: 56, pid: 0
INIT: 7.34
flags=0x33fffffb
max_readahead=0x00020000
   INIT: 7.19
   flags=0x00000011
   max_readahead=0x00020000
   max_write=0x00001000
   max_background=0
   congestion_threshold=0
   unique: 2, success, outsize: 40
unique: 4, opcode: GETATTR (3), nodeid: 1, insize: 56, pid: 33714
getattr /
   unique: 4, success, outsize: 120
unique: 6, opcode: LOOKUP (1), nodeid: 1, insize: 52, pid: 33258
LOOKUP /truncate_me
getattr /truncate_me
   NODEID: 2
   unique: 6, success, outsize: 144
unique: 8, opcode: OPEN (14), nodeid: 2, insize: 48, pid: 33258
   unique: 8, success, outsize: 32
unique: 10, opcode: IOCTL (39), nodeid: 2, insize: 72, pid: 33258
   unique: 10, success, outsize: 32
unique: 12, opcode: IOCTL (39), nodeid: 2, insize: 72, pid: 33258
   unique: 12, success, outsize: 32
unique: 14, opcode: READ (15), nodeid: 2, insize: 80, pid: 33258
read[0] 4096 bytes from 0 flags: 0x8000
   read[0] 45 bytes from 0
   unique: 14, success, outsize: 61
unique: 16, opcode: FLUSH (25), nodeid: 2, insize: 64, pid: 33258
   unique: 16, error: -38 (Function not implemented), outsize: 16
unique: 18, opcode: RELEASE (18), nodeid: 2, insize: 64, pid: 0
   unique: 18, success, outsize: 16
FUSE library version: 2.9.9
nullpath_ok: 0
nopath: 0
utime_omit_ok: 0
unique: 2, opcode: INIT (26), nodeid: 0, insize: 56, pid: 0
INIT: 7.34
flags=0x33fffffb
max_readahead=0x00020000
   INIT: 7.19
   flags=0x00000011
   max_readahead=0x00020000
   max_write=0x00001000
   max_background=0
   congestion_threshold=0
   unique: 2, success, outsize: 40
unique: 4, opcode: GETATTR (3), nodeid: 1, insize: 56, pid: 58089
getattr /
   unique: 4, success, outsize: 120
unique: 6, opcode: LOOKUP (1), nodeid: 1, insize: 52, pid: 57345
LOOKUP /truncate_me
getattr /truncate_me
   NODEID: 2
   unique: 6, success, outsize: 144
unique: 8, opcode: OPEN (14), nodeid: 2, insize: 48, pid: 57345
   unique: 8, success, outsize: 32
unique: 10, opcode: IOCTL (39), nodeid: 2, insize: 72, pid: 57345
   unique: 10, success, outsize: 32
unique: 12, opcode: IOCTL (39), nodeid: 2, insize: 72, pid: 57345
   unique: 12, success, outsize: 32
unique: 14, opcode: READ (15), nodeid: 2, insize: 80, pid: 57345
read[0] 4096 bytes from 0 flags: 0x8000
   read[0] 45 bytes from 0
   unique: 14, success, outsize: 61
unique: 16, opcode: FLUSH (25), nodeid: 2, insize: 64, pid: 57345
   unique: 16, error: -38 (Function not implemented), outsize: 16
unique: 18, opcode: RELEASE (18), nodeid: 2, insize: 64, pid: 0
   unique: 18, success, outsize: 16
FUSE library version: 2.9.9
nullpath_ok: 0
nopath: 0
utime_omit_ok: 0
unique: 2, opcode: INIT (26), nodeid: 0, insize: 56, pid: 0
INIT: 7.34
flags=0x33fffffb
max_readahead=0x00020000
   INIT: 7.19
   flags=0x00000011
   max_readahead=0x00020000
   max_write=0x00001000
   max_background=0
   congestion_threshold=0
   unique: 2, success, outsize: 40
unique: 4, opcode: GETATTR (3), nodeid: 1, insize: 56, pid: 11819
getattr /
   unique: 4, success, outsize: 120
unique: 6, opcode: LOOKUP (1), nodeid: 1, insize: 52, pid: 11256
LOOKUP /truncate_me
getattr /truncate_me
   NODEID: 2
   unique: 6, success, outsize: 144
unique: 8, opcode: OPEN (14), nodeid: 2, insize: 48, pid: 11256
   unique: 8, success, outsize: 32
unique: 10, opcode: IOCTL (39), nodeid: 2, insize: 72, pid: 11256
   unique: 10, success, outsize: 32
unique: 12, opcode: IOCTL (39), nodeid: 2, insize: 72, pid: 11256
   unique: 12, success, outsize: 32
unique: 14, opcode: READ (15), nodeid: 2, insize: 80, pid: 11256
read[0] 4096 bytes from 0 flags: 0x8000
   read[0] 45 bytes from 0
   unique: 14, success, outsize: 61
unique: 16, opcode: FLUSH (25), nodeid: 2, insize: 64, pid: 11256
   unique: 16, error: -38 (Function not implemented), outsize: 16
FUSE library version: 2.9.9
nullpath_ok: 0
nopath: 0
utime_omit_ok: 0
unique: 2, opcode: INIT (26), nodeid: 0, insize: 56, pid: 0
INIT: 7.34
flags=0x33fffffb
max_readahead=0x00020000
   INIT: 7.19
   flags=0x00000011
   max_readahead=0x00020000
   max_write=0x00001000
   max_background=0
   congestion_threshold=0
   unique: 2, success, outsize: 40
unique: 4, opcode: GETATTR (3), nodeid: 1, insize: 56, pid: 14044
getattr /
   unique: 4, success, outsize: 120
unique: 6, opcode: LOOKUP (1), nodeid: 1, insize: 52, pid: 13624
LOOKUP /truncate_me
getattr /truncate_me
   NODEID: 2
   unique: 6, success, outsize: 144
unique: 8, opcode: OPEN (14), nodeid: 2, insize: 48, pid: 13624
   unique: 8, success, outsize: 32
unique: 10, opcode: IOCTL (39), nodeid: 2, insize: 72, pid: 13624
   unique: 10, success, outsize: 32
unique: 12, opcode: IOCTL (39), nodeid: 2, insize: 72, pid: 13624
   unique: 12, success, outsize: 32
unique: 14, opcode: READ (15), nodeid: 2, insize: 80, pid: 13624
read[0] 4096 bytes from 0 flags: 0x8000
   read[0] 45 bytes from 0
   unique: 14, success, outsize: 61
unique: 16, opcode: FLUSH (25), nodeid: 2, insize: 64, pid: 13624
   unique: 16, error: -38 (Function not implemented), outsize: 16
unique: 18, opcode: RELEASE (18), nodeid: 2, insize: 64, pid: 0
   unique: 18, success, outsize: 16
FUSE library version: 2.9.9
nullpath_ok: 0
nopath: 0
utime_omit_ok: 0
unique: 2, opcode: INIT (26), nodeid: 0, insize: 56, pid: 0
INIT: 7.34
flags=0x33fffffb
max_readahead=0x00020000
   INIT: 7.19
   flags=0x00000011
   max_readahead=0x00020000
   max_write=0x00001000
   max_background=0
   congestion_threshold=0
   unique: 2, success, outsize: 40
unique: 4, opcode: GETATTR (3), nodeid: 1, insize: 56, pid: 36843
getattr /
   unique: 4, success, outsize: 120
unique: 6, opcode: LOOKUP (1), nodeid: 1, insize: 52, pid: 36145
LOOKUP /truncate_me
getattr /truncate_me
   NODEID: 2
   unique: 6, success, outsize: 144
unique: 8, opcode: OPEN (14), nodeid: 2, insize: 48, pid: 36145
   unique: 8, success, outsize: 32
unique: 10, opcode: IOCTL (39), nodeid: 2, insize: 72, pid: 36145
   unique: 10, success, outsize: 32
unique: 12, opcode: IOCTL (39), nodeid: 2, insize: 72, pid: 36145
   unique: 12, success, outsize: 32
unique: 14, opcode: READ (15), nodeid: 2, insize: 80, pid: 36145
read[0] 4096 bytes from 0 flags: 0x8000
   read[0] 45 bytes from 0
   unique: 14, success, outsize: 61
unique: 16, opcode: FLUSH (25), nodeid: 2, insize: 64, pid: 36145
   unique: 16, error: -38 (Function not implemented), outsize: 16
unique: 18, opcode: RELEASE (18), nodeid: 2, insize: 64, pid: 0
   unique: 18, success, outsize: 16
FUSE library version: 2.9.9
nullpath_ok: 0
nopath: 0
utime_omit_ok: 0
unique: 2, opcode: INIT (26), nodeid: 0, insize: 56, pid: 0
INIT: 7.34
flags=0x33fffffb
max_readahead=0x00020000
   INIT: 7.19
   flags=0x00000011
   max_readahead=0x00020000
   max_write=0x00001000
   max_background=0
   congestion_threshold=0
   unique: 2, success, outsize: 40
unique: 4, opcode: GETATTR (3), nodeid: 1, insize: 56, pid: 2228
getattr /
   unique: 4, success, outsize: 120
unique: 6, opcode: LOOKUP (1), nodeid: 1, insize: 52, pid: 1824
LOOKUP /truncate_me
getattr /truncate_me
   NODEID: 2
   unique: 6, success, outsize: 144
unique: 8, opcode: OPEN (14), nodeid: 2, insize: 48, pid: 1824
   unique: 8, success, outsize: 32
unique: 10, opcode: IOCTL (39), nodeid: 2, insize: 72, pid: 1824
   unique: 10, success, outsize: 32
unique: 12, opcode: IOCTL (39), nodeid: 2, insize: 72, pid: 1824
   unique: 12, success, outsize: 32
unique: 14, opcode: READ (15), nodeid: 2, insize: 80, pid: 1824
read[0] 4096 bytes from 0 flags: 0x8000
   read[0] 45 bytes from 0
   unique: 14, success, outsize: 61
unique: 16, opcode: FLUSH (25), nodeid: 2, insize: 64, pid: 1824
   unique: 16, error: -38 (Function not implemented), outsize: 16
FUSE library version: 2.9.9
nullpath_ok: 0
nopath: 0
utime_omit_ok: 0
unique: 2, opcode: INIT (26), nodeid: 0, insize: 56, pid: 0
INIT: 7.34
flags=0x33fffffb
max_readahead=0x00020000
   INIT: 7.19
   flags=0x00000011
   max_readahead=0x00020000
   max_write=0x00001000
   max_background=0
   congestion_threshold=0
   unique: 2, success, outsize: 40
unique: 4, opcode: GETATTR (3), nodeid: 1, insize: 56, pid: 3400
getattr /
   unique: 4, success, outsize: 120
unique: 6, opcode: LOOKUP (1), nodeid: 1, insize: 52, pid: 2994
LOOKUP /truncate_me
getattr /truncate_me
   NODEID: 2
   unique: 6, success, outsize: 144
unique: 8, opcode: OPEN (14), nodeid: 2, insize: 48, pid: 2994
   unique: 8, success, outsize: 32
unique: 10, opcode: IOCTL (39), nodeid: 2, insize: 72, pid: 2994
   unique: 10, success, outsize: 32
unique: 12, opcode: IOCTL (39), nodeid: 2, insize: 72, pid: 2994
   unique: 12, success, outsize: 32
unique: 14, opcode: READ (15), nodeid: 2, insize: 80, pid: 2994
read[0] 4096 bytes from 0 flags: 0x8000
   read[0] 45 bytes from 0
   unique: 14, success, outsize: 61
unique: 16, opcode: FLUSH (25), nodeid: 2, insize: 64, pid: 2994
   unique: 16, error: -38 (Function not implemented), outsize: 16
