FUSE library version: 2.9.9
nullpath_ok: 0
nopath: 0
utime_omit_ok: 0
unique: 2, opcode: INIT (26), nodeid: 0, insize: 56, pid: 0
INIT: 7.34
flags=0x33fffffb
max_readahead=0x00020000
   INIT: 7.19
   flags=0x00000011
   max_readahead=0x00020000
   max_write=0x00001000
   max_background=0
   congestion_threshold=0
   unique: 2, success, outsize: 40
unique: 4, opcode: GETATTR (3), nodeid: 1, insize: 56, pid: 53898
getattr /
   unique: 4, success, outsize: 120
unique: 6, opcode: ACCESS (34), nodeid: 1, insize: 48, pid: 53228
   unique: 6, error: -38 (Function not implemented), outsize: 16
unique: 8, opcode: STATFS (17), nodeid: 1, insize: 40, pid: 53900
statfs /
   unique: 8, success, outsize: 96
unique: 10, opcode: LOOKUP (1), nodeid: 1, insize: 56, pid: 53900
LOOKUP /shake-short.txt
getattr /shake-short.txt
   NODEID: 2
   unique: 10, success, outsize: 144
unique: 12, opcode: OPEN (14), nodeid: 2, insize: 48, pid: 53900
   unique: 12, success, outsize: 32
unique: 14, opcode: IOCTL (39), nodeid: 2, insize: 72, pid: 53900
   unique: 14, success, outsize: 32
unique: 16, opcode: IOCTL (39), nodeid: 2, insize: 72, pid: 53900
   unique: 16, success, outsize: 32
unique: 18, opcode: GETXATTR (22), nodeid: 2, insize: 68, pid: 53900
   unique: 18, error: -38 (Function not implemented), outsize: 16
unique: 20, opcode: WRITE (16), nodeid: 2, insize: 125, pid: 53900
write[0] 45 bytes to 1024 flags: 0x8002
   unique: 20, error: -38 (Function not implemented), outsize: 16
unique: 22, opcode: WRITE (16), nodeid: 2, insize: 125, pid: 53900
write[0] 45 bytes to 1024 flags: 0x8002
   unique: 22, error: -38 (Function not implemented), outsize: 16
unique: 24, opcode: FLUSH (25), nodeid: 2, insize: 64, pid: 53900
   unique: 24, error: -38 (Function not implemented), outsize: 16
unique: 26, opcode: RELEASE (18), nodeid: 2, insize: 64, pid: 0
   unique: 26, success, outsize: 16
FUSE library version: 2.9.9
nullpath_ok: 0
nopath: 0
utime_omit_ok: 0
unique: 2, opcode: INIT (26), nodeid: 0, insize: 56, pid: 0
INIT: 7.34
flags=0x33fffffb
max_readahead=0x00020000
   INIT: 7.19
   flags=0x00000011
   max_readahead=0x00020000
   max_write=0x00001000
   max_background=0
   congestion_threshold=0
   unique: 2, success, outsize: 40
unique: 4, opcode: GETATTR (3), nodeid: 1, insize: 56, pid: 43184
getattr /
   unique: 4, success, outsize: 120
unique: 6, opcode: ACCESS (34), nodeid: 1, insize: 48, pid: 42762
   unique: 6, error: -38 (Function not implemented), outsize: 16
unique: 8, opcode: STATFS (17), nodeid: 1, insize: 40, pid: 43186
statfs /
   unique: 8, success, outsize: 96
unique: 10, opcode: LOOKUP (1), nodeid: 1, insize: 56, pid: 43186
LOOKUP /shake-short.txt
getattr /shake-short.txt
   NODEID: 2
   unique: 10, success, outsize: 144
unique: 12, opcode: OPEN (14), nodeid: 2, insize: 48, pid: 43186
   unique: 12, success, outsize: 32
unique: 14, opcode: IOCTL (39), nodeid: 2, insize: 72, pid: 43186
   unique: 14, success, outsize: 32
unique: 16, opcode: IOCTL (39), nodeid: 2, insize: 72, pid: 43186
   unique: 16, success, outsize: 32
unique: 18, opcode: GETXATTR (22), nodeid: 2, insize: 68, pid: 43186
   unique: 18, error: -38 (Function not implemented), outsize: 16
unique: 20, opcode: WRITE (16), nodeid: 2, insize: 125, pid: 43186
write[0] 45 bytes to 1024 flags: 0x8002
   unique: 20, error: -38 (Function not implemented), outsize: 16
unique: 22, opcode: WRITE (16), nodeid: 2, insize: 125, pid: 43186
write[0] 45 bytes to 1024 flags: 0x8002
   unique: 22, error: -38 (Function not implemented), outsize: 16
unique: 24, opcode: FLUSH (25), nodeid: 2, insize: 64, pid: 43186
   unique: 24, error: -38 (Function not implemented), outsize: 16
unique: 26, opcode: RELEASE (18), nodeid: 2, insize: 64, pid: 0
   unique: 26, success, outsize: 16
FUSE library version: 2.9.9
nullpath_ok: 0
nopath: 0
utime_omit_ok: 0
unique: 2, opcode: INIT (26), nodeid: 0, insize: 56, pid: 0
INIT: 7.34
flags=0x33fffffb
max_readahead=0x00020000
   INIT: 7.19
   flags=0x00000011
   max_readahead=0x00020000
   max_write=0x00001000
   max_background=0
   congestion_threshold=0
   unique: 2, success, outsize: 40
unique: 4, opcode: GETATTR (3), nodeid: 1, insize: 56, pid: 6279
getattr /
   unique: 4, success, outsize: 120
unique: 6, opcode: ACCESS (34), nodeid: 1, insize: 48, pid: 5601
   unique: 6, error: -38 (Function not implemented), outsize: 16
unique: 8, opcode: STATFS (17), nodeid: 1, insize: 40, pid: 6281
statfs /
   unique: 8, success, outsize: 96
unique: 10, opcode: LOOKUP (1), nodeid: 1, insize: 56, pid: 6281
LOOKUP /shake-short.txt
getattr /shake-short.txt
   NODEID: 2
   unique: 10, success, outsize: 144
unique: 12, opcode: OPEN (14), nodeid: 2, insize: 48, pid: 6281
   unique: 12, success, outsize: 32
unique: 14, opcode: IOCTL (39), nodeid: 2, insize: 72, pid: 6281
   unique: 14, success, outsize: 32
unique: 16, opcode: IOCTL (39), nodeid: 2, insize: 72, pid: 6281
   unique: 16, success, outsize: 32
unique: 18, opcode: GETXATTR (22), nodeid: 2, insize: 68, pid: 6281
   unique: 18, error: -38 (Function not implemented), outsize: 16
unique: 20, opcode: WRITE (16), nodeid: 2, insize: 125, pid: 6281
write[0] 45 bytes to 1024 flags: 0x8002
   unique: 20, error: -38 (Function not implemented), outsize: 16
unique: 22, opcode: WRITE (16), nodeid: 2, insize: 125, pid: 6281
write[0] 45 bytes to 1024 flags: 0x8002
   unique: 22, error: -38 (Function not implemented), outsize: 16
unique: 24, opcode: FLUSH (25), nodeid: 2, insize: 64, pid: 6281
   unique: 24, error: -38 (Function not implemented), outsize: 16
unique: 26, opcode: RELEASE (18), nodeid: 2, insize: 64, pid: 0
   unique: 26, success, outsize: 16
FUSE library version: 2.9.9
nullpath_ok: 0
nopath: 0
utime_omit_ok: 0
unique: 2, opcode: INIT (26), nodeid: 0, insize: 56, pid: 0
INIT: 7.34
flags=0x33fffffb
max_readahead=0x00020000
   INIT: 7.19
   flags=0x00000011
   max_readahead=0x00020000
   max_write=0x00001000
   max_background=0
   congestion_threshold=0
   unique: 2, success, outsize: 40
unique: 4, opcode: GETATTR (3), nodeid: 1, insize: 56, pid: 34264
getattr /
   unique: 4, success, outsize: 120
unique: 6, opcode: ACCESS (34), nodeid: 1, insize: 48, pid: 33556
   unique: 6, error: -38 (Function not implemented), outsize: 16
unique: 8, opcode: STATFS (17), nodeid: 1, insize: 40, pid: 34266
statfs /
   unique: 8, success, outsize: 96
unique: 10, opcode: LOOKUP (1), nodeid: 1, insize: 56, pid: 34266
LOOKUP /shake-short.txt
getattr /shake-short.txt
   NODEID: 2
   unique: 10, success, outsize: 144
unique: 12, opcode: OPEN (14), nodeid: 2, insize: 48, pid: 34266
   unique: 12, success, outsize: 32
unique: 14, opcode: IOCTL (39), nodeid: 2, insize: 72, pid: 34266
   unique: 14, success, outsize: 32
unique: 16, opcode: IOCTL (39), nodeid: 2, insize: 72, pid: 34266
   unique: 16, success, outsize: 32
unique: 18, opcode: GETXATTR (22), nodeid: 2, insize: 68, pid: 34266
   unique: 18, error: -38 (Function not implemented), outsize: 16
unique: 20, opcode: WRITE (16), nodeid: 2, insize: 125, pid: 34266
write[0] 45 bytes to 1024 flags: 0x8002
   unique: 20, error: -38 (Function not implemented), outsize: 16
unique: 22, opcode: WRITE (16), nodeid: 2, insize: 125, pid: 34266
write[0] 45 bytes to 1024 flags: 0x8002
   unique: 22, error: -38 (Function not implemented), outsize: 16
unique: 24, opcode: FLUSH (25), nodeid: 2, insize: 64, pid: 34266
   unique: 24, error: -38 (Function not implemented), outsize: 16
unique: 26, opcode: RELEASE (18), nodeid: 2, insize: 64, pid: 0
   unique: 26, success, outsize: 16
FUSE library version: 2.9.9
nullpath_ok: 0
nopath: 0
utime_omit_ok: 0
unique: 2, opcode: INIT (26), nodeid: 0, insize: 56, pid: 0
INIT: 7.34
flags=0x33fffffb
max_readahead=0x00020000
   INIT: 7.19
   flags=0x00000011
   max_readahead=0x00020000
   max_write=0x00001000
   max_background=0
   congestion_threshold=0
   unique: 2, success, outsize: 40
unique: 4, opcode: GETATTR (3), nodeid: 1, insize: 56, pid: 26036
getattr /
   unique: 4, success, outsize: 120
unique: 6, opcode: ACCESS (34), nodeid: 1, insize: 48, pid: 25620
   unique: 6, error: -38 (Function not implemented), outsize: 16
unique: 8, opcode: STATFS (17), nodeid: 1, insize: 40, pid: 26038
statfs /
   unique: 8, success, outsize: 96
unique: 10, opcode: LOOKUP (1), nodeid: 1, insize: 56, pid: 26038
LOOKUP /shake-short.txt
getattr /shake-short.txt
   NODEID: 2
   unique: 10, success, outsize: 144
unique: 12, opcode: OPEN (14), nodeid: 2, insize: 48, pid: 26038
   unique: 12, success, outsize: 32
unique: 14, opcode: IOCTL (39), nodeid: 2, insize: 72, pid: 26038
   unique: 14, success, outsize: 32
unique: 16, opcode: IOCTL (39), nodeid: 2, insize: 72, pid: 26038
   unique: 16, success, outsize: 32
unique: 18, opcode: GETXATTR (22), nodeid: 2, insize: 68, pid: 26038
   unique: 18, error: -38 (Function not implemented), outsize: 16
unique: 20, opcode: WRITE (16), nodeid: 2, insize: 125, pid: 26038
write[0] 45 bytes to 1024 flags: 0x8002
   unique: 20, error: -38 (Function not implemented), outsize: 16
unique: 22, opcode: WRITE (16), nodeid: 2, insize: 125, pid: 26038
write[0] 45 bytes to 1024 flags: 0x8002
   unique: 22, error: -38 (Function not implemented), outsize: 16
unique: 24, opcode: FLUSH (25), nodeid: 2, insize: 64, pid: 26038
   unique: 24, error: -38 (Function not implemented), outsize: 16
unique: 26, opcode: RELEASE (18), nodeid: 2, insize: 64, pid: 0
   unique: 26, success, outsize: 16
FUSE library version: 2.9.9
nullpath_ok: 0
nopath: 0
utime_omit_ok: 0
unique: 2, opcode: INIT (26), nodeid: 0, insize: 56, pid: 0
INIT: 7.34
flags=0x33fffffb
max_readahead=0x00020000
   INIT: 7.19
   flags=0x00000011
   max_readahead=0x00020000
   max_write=0x00001000
   max_background=0
   congestion_threshold=0
   unique: 2, success, outsize: 40
unique: 4, opcode: GETATTR (3), nodeid: 1, insize: 56, pid: 2432
getattr /
   unique: 4, success, outsize: 120
unique: 6, opcode: ACCESS (34), nodeid: 1, insize: 48, pid: 1726
   unique: 6, error: -38 (Function not implemented), outsize: 16
unique: 8, opcode: STATFS (17), nodeid: 1, insize: 40, pid: 2434
statfs /
   unique: 8, success, outsize: 96
unique: 10, opcode: LOOKUP (1), nodeid: 1, insize: 56, pid: 2434
LOOKUP /shake-short.txt
getattr /shake-short.txt
   NODEID: 2
   unique: 10, success, outsize: 144
unique: 12, opcode: OPEN (14), nodeid: 2, insize: 48, pid: 2434
   unique: 12, success, outsize: 32
unique: 14, opcode: IOCTL (39), nodeid: 2, insize: 72, pid: 2434
   unique: 14, success, outsize: 32
unique: 16, opcode: IOCTL (39), nodeid: 2, insize: 72, pid: 2434
   unique: 16, success, outsize: 32
unique: 18, opcode: GETXATTR (22), nodeid: 2, insize: 68, pid: 2434
   unique: 18, error: -38 (Function not implemented), outsize: 16
unique: 20, opcode: WRITE (16), nodeid: 2, insize: 125, pid: 2434
write[0] 45 bytes to 1024 flags: 0x8002
   write[0] 45 bytes to 1024
   unique: 20, success, outsize: 24
unique: 22, opcode: FLUSH (25), nodeid: 2, insize: 64, pid: 2434
   unique: 22, error: -38 (Function not implemented), outsize: 16
unique: 24, opcode: RELEASE (18), nodeid: 2, insize: 64, pid: 0
   unique: 24, success, outsize: 16
unique: 26, opcode: GETATTR (3), nodeid: 2, insize: 56, pid: 2434
getattr /shake-short.txt
   unique: 26, success, outsize: 120
unique: 28, opcode: STATFS (17), nodeid: 1, insize: 40, pid: 2434
statfs /
   unique: 28, success, outsize: 96
FUSE library version: 2.9.9
nullpath_ok: 0
nopath: 0
utime_omit_ok: 0
unique: 2, opcode: INIT (26), nodeid: 0, insize: 56, pid: 0
INIT: 7.34
flags=0x33fffffb
max_readahead=0x00020000
   INIT: 7.19
   flags=0x00000011
   max_readahead=0x00020000
   max_write=0x00001000
   max_background=0
   congestion_threshold=0
   unique: 2, success, outsize: 40
unique: 4, opcode: GETATTR (3), nodeid: 1, insize: 56, pid: 25007
getattr /
   unique: 4, success, outsize: 120
unique: 6, opcode: ACCESS (34), nodeid: 1, insize: 48, pid: 24199
   unique: 6, error: -38 (Function not implemented), outsize: 16
unique: 8, opcode: STATFS (17), nodeid: 1, insize: 40, pid: 25010
statfs /
   unique: 8, success, outsize: 96
unique: 10, opcode: LOOKUP (1), nodeid: 1, insize: 56, pid: 25010
LOOKUP /shake-short.txt
getattr /shake-short.txt
   NODEID: 2
   unique: 10, success, outsize: 144
unique: 12, opcode: OPEN (14), nodeid: 2, insize: 48, pid: 25010
   unique: 12, success, outsize: 32
unique: 14, opcode: IOCTL (39), nodeid: 2, insize: 72, pid: 25010
   unique: 14, success, outsize: 32
unique: 16, opcode: IOCTL (39), nodeid: 2, insize: 72, pid: 25010
   unique: 16, success, outsize: 32
unique: 18, opcode: GETXATTR (22), nodeid: 2, insize: 68, pid: 25010
   unique: 18, error: -38 (Function not implemented), outsize: 16
unique: 20, opcode: WRITE (16), nodeid: 2, insize: 125, pid: 25010
write[0] 45 bytes to 1024 flags: 0x8002
   write[0] 45 bytes to 1024
   unique: 20, success, outsize: 24
unique: 22, opcode: FLUSH (25), nodeid: 2, insize: 64, pid: 25010
   unique: 22, error: -38 (Function not implemented), outsize: 16
unique: 24, opcode: RELEASE (18), nodeid: 2, insize: 64, pid: 0
   unique: 24, success, outsize: 16
unique: 26, opcode: GETATTR (3), nodeid: 2, insize: 56, pid: 25010
getattr /shake-short.txt
   unique: 26, success, outsize: 120
unique: 28, opcode: STATFS (17), nodeid: 1, insize: 40, pid: 25010
statfs /
   unique: 28, success, outsize: 96
FUSE library version: 2.9.9
nullpath_ok: 0
nopath: 0
utime_omit_ok: 0
unique: 2, opcode: INIT (26), nodeid: 0, insize: 56, pid: 0
INIT: 7.34
flags=0x33fffffb
max_readahead=0x00020000
   INIT: 7.19
   flags=0x00000011
   max_readahead=0x00020000
   max_write=0x00001000
   max_background=0
   congestion_threshold=0
   unique: 2, success, outsize: 40
unique: 4, opcode: GETATTR (3), nodeid: 1, insize: 56, pid: 35990
getattr /
   unique: 4, success, outsize: 120
unique: 6, opcode: ACCESS (34), nodeid: 1, insize: 48, pid: 35529
   unique: 6, error: -38 (Function not implemented), outsize: 16
unique: 8, opcode: STATFS (17), nodeid: 1, insize: 40, pid: 35992
statfs /
   unique: 8, success, outsize: 96
unique: 10, opcode: LOOKUP (1), nodeid: 1, insize: 56, pid: 35992
LOOKUP /shake-short.txt
getattr /shake-short.txt
   NODEID: 2
   unique: 10, success, outsize: 144
unique: 12, opcode: OPEN (14), nodeid: 2, insize: 48, pid: 35992
   unique: 12, success, outsize: 32
unique: 14, opcode: IOCTL (39), nodeid: 2, insize: 72, pid: 35992
   unique: 14, success, outsize: 32
unique: 16, opcode: IOCTL (39), nodeid: 2, insize: 72, pid: 35992
   unique: 16, success, outsize: 32
unique: 18, opcode: GETXATTR (22), nodeid: 2, insize: 68, pid: 35992
   unique: 18, error: -38 (Function not implemented), outsize: 16
unique: 20, opcode: WRITE (16), nodeid: 2, insize: 125, pid: 35992
write[0] 45 bytes to 1024 flags: 0x8002
   write[0] 45 bytes to 1024
   unique: 20, success, outsize: 24
unique: 22, opcode: FLUSH (25), nodeid: 2, insize: 64, pid: 35992
   unique: 22, error: -38 (Function not implemented), outsize: 16
unique: 24, opcode: RELEASE (18), nodeid: 2, insize: 64, pid: 0
   unique: 24, success, outsize: 16
unique: 26, opcode: GETATTR (3), nodeid: 2, insize: 56, pid: 35992
getattr /shake-short.txt
   unique: 26, success, outsize: 120
unique: 28, opcode: STATFS (17), nodeid: 1, insize: 40, pid: 35992
statfs /
   unique: 28, success, outsize: 96
FUSE library version: 2.9.9
nullpath_ok: 0
nopath: 0
utime_omit_ok: 0
unique: 2, opcode: INIT (26), nodeid: 0, insize: 56, pid: 0
INIT: 7.34
flags=0x33fffffb
max_readahead=0x00020000
   INIT: 7.19
   flags=0x00000011
   max_readahead=0x00020000
   max_write=0x00001000
   max_background=0
   congestion_threshold=0
   unique: 2, success, outsize: 40
unique: 4, opcode: GETATTR (3), nodeid: 1, insize: 56, pid: 41375
getattr /
   unique: 4, success, outsize: 120
unique: 6, opcode: ACCESS (34), nodeid: 1, insize: 48, pid: 40899
   unique: 6, error: -38 (Function not implemented), outsize: 16
unique: 8, opcode: STATFS (17), nodeid: 1, insize: 40, pid: 41377
statfs /
   unique: 8, success, outsize: 96
unique: 10, opcode: LOOKUP (1), nodeid: 1, insize: 56, pid: 41377
LOOKUP /shake-short.txt
getattr /shake-short.txt
   NODEID: 2
   unique: 10, success, outsize: 144
unique: 12, opcode: OPEN (14), nodeid: 2, insize: 48, pid: 41377
   unique: 12, success, outsize: 32
unique: 14, opcode: IOCTL (39), nodeid: 2, insize: 72, pid: 41377
   unique: 14, success, outsize: 32
unique: 16, opcode: IOCTL (39), nodeid: 2, insize: 72, pid: 41377
   unique: 16, success, outsize: 32
unique: 18, opcode: GETXATTR (22), nodeid: 2, insize: 68, pid: 41377
   unique: 18, error: -38 (Function not implemented), outsize: 16
unique: 20, opcode: WRITE (16), nodeid: 2, insize: 125, pid: 41377
write[0] 45 bytes to 1024 flags: 0x8002
   write[0] 45 bytes to 1024
   unique: 20, success, outsize: 24
unique: 22, opcode: FLUSH (25), nodeid: 2, insize: 64, pid: 41377
   unique: 22, error: -38 (Function not implemented), outsize: 16
unique: 24, opcode: RELEASE (18), nodeid: 2, insize: 64, pid: 0
   unique: 24, success, outsize: 16
unique: 26, opcode: GETATTR (3), nodeid: 2, insize: 56, pid: 41377
getattr /shake-short.txt
   unique: 26, success, outsize: 120
unique: 28, opcode: STATFS (17), nodeid: 1, insize: 40, pid: 41377
statfs /
   unique: 28, success, outsize: 96
FUSE library version: 2.9.9
nullpath_ok: 0
nopath: 0
utime_omit_ok: 0
unique: 2, opcode: INIT (26), nodeid: 0, insize: 56, pid: 0
INIT: 7.34
flags=0x33fffffb
max_readahead=0x00020000
   INIT: 7.19
   flags=0x00000011
   max_readahead=0x00020000
   max_write=0x00001000
   max_background=0
   congestion_threshold=0
   unique: 2, success, outsize: 40
unique: 4, opcode: GETATTR (3), nodeid: 1, insize: 56, pid: 50181
getattr /
   unique: 4, success, outsize: 120
unique: 6, opcode: ACCESS (34), nodeid: 1, insize: 48, pid: 49785
   unique: 6, error: -38 (Function not implemented), outsize: 16
unique: 8, opcode: STATFS (17), nodeid: 1, insize: 40, pid: 50183
statfs /
   unique: 8, success, outsize: 96
unique: 10, opcode: LOOKUP (1), nodeid: 1, insize: 56, pid: 50183
LOOKUP /shake-short.txt
getattr /shake-short.txt
   NODEID: 2
   unique: 10, success, outsize: 144
unique: 12, opcode: OPEN (14), nodeid: 2, insize: 48, pid: 50183
   unique: 12, success, outsize: 32
unique: 14, opcode: IOCTL (39), nodeid: 2, insize: 72, pid: 50183
   unique: 14, success, outsize: 32
unique: 16, opcode: IOCTL (39), nodeid: 2, insize: 72, pid: 50183
   unique: 16, success, outsize: 32
unique: 18, opcode: GETXATTR (22), nodeid: 2, insize: 68, pid: 50183
   unique: 18, error: -38 (Function not implemented), outsize: 16
unique: 20, opcode: WRITE (16), nodeid: 2, insize: 125, pid: 50183
write[0] 45 bytes to 1024 flags: 0x8002
   write[0] 45 bytes to 1024
   unique: 20, success, outsize: 24
unique: 22, opcode: FLUSH (25), nodeid: 2, insize: 64, pid: 50183
   unique: 22, error: -38 (Function not implemented), outsize: 16
unique: 24, opcode: RELEASE (18), nodeid: 2, insize: 64, pid: 0
   unique: 24, success, outsize: 16
unique: 26, opcode: GETATTR (3), nodeid: 2, insize: 56, pid: 50183
getattr /shake-short.txt
   unique: 26, success, outsize: 120
unique: 28, opcode: STATFS (17), nodeid: 1, insize: 40, pid: 50183
statfs /
   unique: 28, success, outsize: 96
FUSE library version: 2.9.9
nullpath_ok: 0
nopath: 0
utime_omit_ok: 0
unique: 2, opcode: INIT (26), nodeid: 0, insize: 56, pid: 0
INIT: 7.34
flags=0x33fffffb
max_readahead=0x00020000
   INIT: 7.19
   flags=0x00000011
   max_readahead=0x00020000
   max_write=0x00001000
   max_background=0
   congestion_threshold=0
   unique: 2, success, outsize: 40
unique: 4, opcode: GETATTR (3), nodeid: 1, insize: 56, pid: 53921
getattr /
   unique: 4, success, outsize: 120
unique: 6, opcode: ACCESS (34), nodeid: 1, insize: 48, pid: 53528
   unique: 6, error: -38 (Function not implemented), outsize: 16
unique: 8, opcode: STATFS (17), nodeid: 1, insize: 40, pid: 53923
statfs /
   unique: 8, success, outsize: 96
unique: 10, opcode: LOOKUP (1), nodeid: 1, insize: 56, pid: 53923
LOOKUP /shake-short.txt
getattr /shake-short.txt
   NODEID: 2
   unique: 10, success, outsize: 144
unique: 12, opcode: OPEN (14), nodeid: 2, insize: 48, pid: 53923
   unique: 12, success, outsize: 32
unique: 14, opcode: IOCTL (39), nodeid: 2, insize: 72, pid: 53923
   unique: 14, success, outsize: 32
unique: 16, opcode: IOCTL (39), nodeid: 2, insize: 72, pid: 53923
   unique: 16, success, outsize: 32
unique: 18, opcode: GETXATTR (22), nodeid: 2, insize: 68, pid: 53923
   unique: 18, error: -38 (Function not implemented), outsize: 16
unique: 20, opcode: WRITE (16), nodeid: 2, insize: 125, pid: 53923
write[0] 45 bytes to 1024 flags: 0x8002
   write[0] 45 bytes to 1024
   unique: 20, success, outsize: 24
unique: 22, opcode: FLUSH (25), nodeid: 2, insize: 64, pid: 53923
   unique: 22, error: -38 (Function not implemented), outsize: 16
unique: 24, opcode: RELEASE (18), nodeid: 2, insize: 64, pid: 0
   unique: 24, success, outsize: 16
unique: 26, opcode: GETATTR (3), nodeid: 2, insize: 56, pid: 53923
getattr /shake-short.txt
   unique: 26, success, outsize: 120
unique: 28, opcode: STATFS (17), nodeid: 1, insize: 40, pid: 53923
statfs /
   unique: 28, success, outsize: 96
FUSE library version: 2.9.9
nullpath_ok: 0
nopath: 0
utime_omit_ok: 0
unique: 2, opcode: INIT (26), nodeid: 0, insize: 56, pid: 0
INIT: 7.34
flags=0x33fffffb
max_readahead=0x00020000
   INIT: 7.19
   flags=0x00000011
   max_readahead=0x00020000
   max_write=0x00001000
   max_background=0
   congestion_threshold=0
   unique: 2, success, outsize: 40
unique: 4, opcode: GETATTR (3), nodeid: 1, insize: 56, pid: 63986
getattr /
   unique: 4, success, outsize: 120
unique: 6, opcode: ACCESS (34), nodeid: 1, insize: 48, pid: 63576
   unique: 6, error: -38 (Function not implemented), outsize: 16
unique: 8, opcode: STATFS (17), nodeid: 1, insize: 40, pid: 63988
statfs /
   unique: 8, success, outsize: 96
unique: 10, opcode: LOOKUP (1), nodeid: 1, insize: 56, pid: 63988
LOOKUP /shake-short.txt
getattr /shake-short.txt
   NODEID: 2
   unique: 10, success, outsize: 144
unique: 12, opcode: OPEN (14), nodeid: 2, insize: 48, pid: 63988
   unique: 12, success, outsize: 32
unique: 14, opcode: IOCTL (39), nodeid: 2, insize: 72, pid: 63988
   unique: 14, success, outsize: 32
unique: 16, opcode: IOCTL (39), nodeid: 2, insize: 72, pid: 63988
   unique: 16, success, outsize: 32
unique: 18, opcode: GETXATTR (22), nodeid: 2, insize: 68, pid: 63988
   unique: 18, error: -38 (Function not implemented), outsize: 16
unique: 20, opcode: WRITE (16), nodeid: 2, insize: 125, pid: 63988
write[0] 45 bytes to 1024 flags: 0x8002
   write[0] 45 bytes to 1024
   unique: 20, success, outsize: 24
unique: 22, opcode: FLUSH (25), nodeid: 2, insize: 64, pid: 63988
   unique: 22, error: -38 (Function not implemented), outsize: 16
unique: 24, opcode: RELEASE (18), nodeid: 2, insize: 64, pid: 0
   unique: 24, success, outsize: 16
unique: 26, opcode: GETATTR (3), nodeid: 2, insize: 56, pid: 63988
getattr /shake-short.txt
   unique: 26, success, outsize: 120
unique: 28, opcode: STATFS (17), nodeid: 1, insize: 40, pid: 63988
statfs /
   unique: 28, success, outsize: 96
