FUSE library version: 2.9.9
nullpath_ok: 0
nopath: 0
utime_omit_ok: 0
unique: 2, opcode: INIT (26), nodeid: 0, insize: 56, pid: 0
INIT: 7.34
flags=0x33fffffb
max_readahead=0x00020000
   INIT: 7.19
   flags=0x00000011
   max_readahead=0x00020000
   max_write=0x00001000
   max_background=0
   congestion_threshold=0
   unique: 2, success, outsize: 40
unique: 4, opcode: GETATTR (3), nodeid: 1, insize: 56, pid: 53744
getattr /
   unique: 4, success, outsize: 120
unique: 6, opcode: ACCESS (34), nodeid: 1, insize: 48, pid: 53228
   unique: 6, error: -38 (Function not implemented), outsize: 16
unique: 8, opcode: STATFS (17), nodeid: 1, insize: 40, pid: 53746
statfs /
   unique: 8, success, outsize: 96
unique: 10, opcode: LOOKUP (1), nodeid: 1, insize: 52, pid: 53746
LOOKUP /truncate_me
getattr /truncate_me
   NODEID: 2
   unique: 10, success, outsize: 144
unique: 12, opcode: GETXATTR (22), nodeid: 2, insize: 68, pid: 53746
   unique: 12, error: -38 (Function not implemented), outsize: 16
unique: 14, opcode: SETATTR (4), nodeid: 2, insize: 128, pid: 53746
truncate /truncate_me 8192
   unique: 14, error: -38 (Function not implemented), outsize: 16
FUSE library version: 2.9.9
nullpath_ok: 0
nopath: 0
utime_omit_ok: 0
unique: 2, opcode: INIT (26), nodeid: 0, insize: 56, pid: 0
INIT: 7.34
flags=0x33fffffb
max_readahead=0x00020000
   INIT: 7.19
   flags=0x00000011
   max_readahead=0x00020000
   max_write=0x00001000
   max_background=0
   congestion_threshold=0
   unique: 2, success, outsize: 40
unique: 4, opcode: GETATTR (3), nodeid: 1, insize: 56, pid: 43075
getattr /
   unique: 4, success, outsize: 120
unique: 6, opcode: ACCESS (34), nodeid: 1, insize: 48, pid: 42762
   unique: 6, error: -38 (Function not implemented), outsize: 16
unique: 8, opcode: STATFS (17), nodeid: 1, insize: 40, pid: 43077
statfs /
   unique: 8, success, outsize: 96
unique: 10, opcode: LOOKUP (1), nodeid: 1, insize: 52, pid: 43077
LOOKUP /truncate_me
getattr /truncate_me
   NODEID: 2
   unique: 10, success, outsize: 144
unique: 12, opcode: GETXATTR (22), nodeid: 2, insize: 68, pid: 43077
   unique: 12, error: -38 (Function not implemented), outsize: 16
unique: 14, opcode: SETATTR (4), nodeid: 2, insize: 128, pid: 43077
truncate /truncate_me 8192
getattr /truncate_me
   unique: 14, success, outsize: 120
unique: 16, opcode: OPEN (14), nodeid: 2, insize: 48, pid: 43077
   unique: 16, success, outsize: 32
unique: 18, opcode: IOCTL (39), nodeid: 2, insize: 72, pid: 43077
   unique: 18, success, outsize: 32
unique: 20, opcode: READ (15), nodeid: 2, insize: 80, pid: 43077
read[0] 4096 bytes from 0 flags: 0x8000
   unique: 20, error: -38 (Function not implemented), outsize: 16
unique: 22, opcode: READ (15), nodeid: 2, insize: 80, pid: 43077
read[0] 4096 bytes from 4096 flags: 0x8000
   unique: 22, error: -38 (Function not implemented), outsize: 16
unique: 24, opcode: READ (15), nodeid: 2, insize: 80, pid: 43077
read[0] 4096 bytes from 0 flags: 0x8000
   unique: 24, error: -38 (Function not implemented), outsize: 16
unique: 26, opcode: FLUSH (25), nodeid: 2, insize: 64, pid: 43077
   unique: 26, error: -38 (Function not implemented), outsize: 16
unique: 28, opcode: RELEASE (18), nodeid: 2, insize: 64, pid: 0
   unique: 28, success, outsize: 16
FUSE library version: 2.9.9
nullpath_ok: 0
nopath: 0
utime_omit_ok: 0
unique: 2, opcode: INIT (26), nodeid: 0, insize: 56, pid: 0
INIT: 7.34
flags=0x33fffffb
max_readahead=0x00020000
   INIT: 7.19
   flags=0x00000011
   max_readahead=0x00020000
   max_write=0x00001000
   max_background=0
   congestion_threshold=0
   unique: 2, success, outsize: 40
unique: 4, opcode: GETATTR (3), nodeid: 1, insize: 56, pid: 6172
getattr /
   unique: 4, success, outsize: 120
unique: 6, opcode: ACCESS (34), nodeid: 1, insize: 48, pid: 5601
   unique: 6, error: -38 (Function not implemented), outsize: 16
unique: 8, opcode: STATFS (17), nodeid: 1, insize: 40, pid: 6174
statfs /
   unique: 8, success, outsize: 96
unique: 10, opcode: LOOKUP (1), nodeid: 1, insize: 52, pid: 6174
LOOKUP /truncate_me
getattr /truncate_me
   NODEID: 2
   unique: 10, success, outsize: 144
unique: 12, opcode: GETXATTR (22), nodeid: 2, insize: 68, pid: 6174
   unique: 12, error: -38 (Function not implemented), outsize: 16
unique: 14, opcode: SETATTR (4), nodeid: 2, insize: 128, pid: 6174
truncate /truncate_me 8192
getattr /truncate_me
   unique: 14, success, outsize: 120
unique: 16, opcode: OPEN (14), nodeid: 2, insize: 48, pid: 6174
   unique: 16, success, outsize: 32
unique: 18, opcode: IOCTL (39), nodeid: 2, insize: 72, pid: 6174
   unique: 18, success, outsize: 32
unique: 20, opcode: READ (15), nodeid: 2, insize: 80, pid: 6174
read[0] 4096 bytes from 0 flags: 0x8000
   unique: 20, error: -38 (Function not implemented), outsize: 16
unique: 22, opcode: READ (15), nodeid: 2, insize: 80, pid: 6174
read[0] 4096 bytes from 4096 flags: 0x8000
   unique: 22, error: -38 (Function not implemented), outsize: 16
unique: 24, opcode: READ (15), nodeid: 2, insize: 80, pid: 6174
read[0] 4096 bytes from 0 flags: 0x8000
   unique: 24, error: -38 (Function not implemented), outsize: 16
unique: 26, opcode: FLUSH (25), nodeid: 2, insize: 64, pid: 6174
   unique: 26, error: -38 (Function not implemented), outsize: 16
unique: 28, opcode: RELEASE (18), nodeid: 2, insize: 64, pid: 0
   unique: 28, success, outsize: 16
FUSE library version: 2.9.9
nullpath_ok: 0
nopath: 0
utime_omit_ok: 0
unique: 2, opcode: INIT (26), nodeid: 0, insize: 56, pid: 0
INIT: 7.34
flags=0x33fffffb
max_readahead=0x00020000
   INIT: 7.19
   flags=0x00000011
   max_readahead=0x00020000
   max_write=0x00001000
   max_background=0
   congestion_threshold=0
   unique: 2, success, outsize: 40
unique: 4, opcode: GETATTR (3), nodeid: 1, insize: 56, pid: 34071
getattr /
   unique: 4, success, outsize: 120
unique: 6, opcode: ACCESS (34), nodeid: 1, insize: 48, pid: 33556
   unique: 6, error: -38 (Function not implemented), outsize: 16
unique: 8, opcode: STATFS (17), nodeid: 1, insize: 40, pid: 34073
statfs /
   unique: 8, success, outsize: 96
unique: 10, opcode: LOOKUP (1), nodeid: 1, insize: 52, pid: 34073
LOOKUP /truncate_me
getattr /truncate_me
   NODEID: 2
   unique: 10, success, outsize: 144
unique: 12, opcode: GETXATTR (22), nodeid: 2, insize: 68, pid: 34073
   unique: 12, error: -38 (Function not implemented), outsize: 16
unique: 14, opcode: SETATTR (4), nodeid: 2, insize: 128, pid: 34073
truncate /truncate_me 8192
getattr /truncate_me
   unique: 14, success, outsize: 120
unique: 16, opcode: OPEN (14), nodeid: 2, insize: 48, pid: 34073
   unique: 16, success, outsize: 32
unique: 18, opcode: IOCTL (39), nodeid: 2, insize: 72, pid: 34073
   unique: 18, success, outsize: 32
unique: 20, opcode: READ (15), nodeid: 2, insize: 80, pid: 34073
read[0] 4096 bytes from 0 flags: 0x8000
   unique: 20, error: -38 (Function not implemented), outsize: 16
unique: 22, opcode: READ (15), nodeid: 2, insize: 80, pid: 34073
read[0] 4096 bytes from 4096 flags: 0x8000
   unique: 22, error: -38 (Function not implemented), outsize: 16
unique: 24, opcode: READ (15), nodeid: 2, insize: 80, pid: 34073
read[0] 4096 bytes from 0 flags: 0x8000
   unique: 24, error: -38 (Function not implemented), outsize: 16
unique: 26, opcode: FLUSH (25), nodeid: 2, insize: 64, pid: 34073
   unique: 26, error: -38 (Function not implemented), outsize: 16
unique: 28, opcode: RELEASE (18), nodeid: 2, insize: 64, pid: 0
   unique: 28, success, outsize: 16
FUSE library version: 2.9.9
nullpath_ok: 0
nopath: 0
utime_omit_ok: 0
unique: 2, opcode: INIT (26), nodeid: 0, insize: 56, pid: 0
INIT: 7.34
flags=0x33fffffb
max_readahead=0x00020000
   INIT: 7.19
   flags=0x00000011
   max_readahead=0x00020000
   max_write=0x00001000
   max_background=0
   congestion_threshold=0
   unique: 2, success, outsize: 40
unique: 4, opcode: GETATTR (3), nodeid: 1, insize: 56, pid: 25901
getattr /
   unique: 4, success, outsize: 120
unique: 6, opcode: ACCESS (34), nodeid: 1, insize: 48, pid: 25620
   unique: 6, error: -38 (Function not implemented), outsize: 16
unique: 8, opcode: STATFS (17), nodeid: 1, insize: 40, pid: 25903
statfs /
   unique: 8, success, outsize: 96
unique: 10, opcode: LOOKUP (1), nodeid: 1, insize: 52, pid: 25903
LOOKUP /truncate_me
getattr /truncate_me
   NODEID: 2
   unique: 10, success, outsize: 144
unique: 12, opcode: GETXATTR (22), nodeid: 2, insize: 68, pid: 25903
   unique: 12, error: -38 (Function not implemented), outsize: 16
unique: 14, opcode: SETATTR (4), nodeid: 2, insize: 128, pid: 25903
truncate /truncate_me 8192
getattr /truncate_me
   unique: 14, success, outsize: 120
unique: 16, opcode: OPEN (14), nodeid: 2, insize: 48, pid: 25903
   unique: 16, success, outsize: 32
unique: 18, opcode: IOCTL (39), nodeid: 2, insize: 72, pid: 25903
   unique: 18, success, outsize: 32
unique: 20, opcode: READ (15), nodeid: 2, insize: 80, pid: 25903
read[0] 4096 bytes from 0 flags: 0x8000
   read[0] 4096 bytes from 0
   unique: 20, success, outsize: 4112
unique: 22, opcode: READ (15), nodeid: 2, insize: 80, pid: 25903
read[0] 4096 bytes from 4096 flags: 0x8000
   read[0] 4096 bytes from 4096
   unique: 22, success, outsize: 4112
unique: 24, opcode: FLUSH (25), nodeid: 2, insize: 64, pid: 25903
   unique: 24, error: -38 (Function not implemented), outsize: 16
unique: 26, opcode: RELEASE (18), nodeid: 2, insize: 64, pid: 0
   unique: 26, success, outsize: 16
unique: 28, opcode: STATFS (17), nodeid: 1, insize: 40, pid: 25903
statfs /
   unique: 28, success, outsize: 96
FUSE library version: 2.9.9
nullpath_ok: 0
nopath: 0
utime_omit_ok: 0
unique: 2, opcode: INIT (26), nodeid: 0, insize: 56, pid: 0
INIT: 7.34
flags=0x33fffffb
max_readahead=0x00020000
   INIT: 7.19
   flags=0x00000011
   max_readahead=0x00020000
   max_write=0x00001000
   max_background=0
   congestion_threshold=0
   unique: 2, success, outsize: 40
unique: 4, opcode: GETATTR (3), nodeid: 1, insize: 56, pid: 2249
getattr /
   unique: 4, success, outsize: 120
unique: 6, opcode: ACCESS (34), nodeid: 1, insize: 48, pid: 1726
   unique: 6, error: -38 (Function not implemented), outsize: 16
unique: 8, opcode: STATFS (17), nodeid: 1, insize: 40, pid: 2251
statfs /
   unique: 8, success, outsize: 96
unique: 10, opcode: LOOKUP (1), nodeid: 1, insize: 52, pid: 2251
LOOKUP /truncate_me
getattr /truncate_me
   NODEID: 2
   unique: 10, success, outsize: 144
unique: 12, opcode: GETXATTR (22), nodeid: 2, insize: 68, pid: 2251
   unique: 12, error: -38 (Function not implemented), outsize: 16
unique: 14, opcode: SETATTR (4), nodeid: 2, insize: 128, pid: 2251
truncate /truncate_me 8192
getattr /truncate_me
   unique: 14, success, outsize: 120
unique: 16, opcode: STATFS (17), nodeid: 1, insize: 40, pid: 2251
statfs /
   unique: 16, success, outsize: 96
unique: 18, opcode: OPEN (14), nodeid: 2, insize: 48, pid: 2251
   unique: 18, success, outsize: 32
unique: 20, opcode: IOCTL (39), nodeid: 2, insize: 72, pid: 2251
   unique: 20, success, outsize: 32
unique: 22, opcode: READ (15), nodeid: 2, insize: 80, pid: 2251
read[0] 4096 bytes from 0 flags: 0x8000
   read[0] 4096 bytes from 0
   unique: 22, success, outsize: 4112
unique: 24, opcode: READ (15), nodeid: 2, insize: 80, pid: 2251
read[0] 4096 bytes from 4096 flags: 0x8000
   read[0] 4096 bytes from 4096
   unique: 24, success, outsize: 4112
unique: 26, opcode: FLUSH (25), nodeid: 2, insize: 64, pid: 2251
   unique: 26, error: -38 (Function not implemented), outsize: 16
unique: 28, opcode: RELEASE (18), nodeid: 2, insize: 64, pid: 0
   unique: 28, success, outsize: 16
FUSE library version: 2.9.9
nullpath_ok: 0
nopath: 0
utime_omit_ok: 0
unique: 2, opcode: INIT (26), nodeid: 0, insize: 56, pid: 0
INIT: 7.34
flags=0x33fffffb
max_readahead=0x00020000
   INIT: 7.19
   flags=0x00000011
   max_readahead=0x00020000
   max_write=0x00001000
   max_background=0
   congestion_threshold=0
   unique: 2, success, outsize: 40
unique: 4, opcode: GETATTR (3), nodeid: 1, insize: 56, pid: 24714
getattr /
   unique: 4, success, outsize: 120
unique: 6, opcode: ACCESS (34), nodeid: 1, insize: 48, pid: 24199
   unique: 6, error: -38 (Function not implemented), outsize: 16
unique: 8, opcode: STATFS (17), nodeid: 1, insize: 40, pid: 24716
statfs /
   unique: 8, success, outsize: 96
unique: 10, opcode: LOOKUP (1), nodeid: 1, insize: 52, pid: 24716
LOOKUP /truncate_me
getattr /truncate_me
   NODEID: 2
   unique: 10, success, outsize: 144
unique: 12, opcode: GETXATTR (22), nodeid: 2, insize: 68, pid: 24716
   unique: 12, error: -38 (Function not implemented), outsize: 16
unique: 14, opcode: SETATTR (4), nodeid: 2, insize: 128, pid: 24716
truncate /truncate_me 8192
getattr /truncate_me
   unique: 14, success, outsize: 120
unique: 16, opcode: STATFS (17), nodeid: 1, insize: 40, pid: 24716
statfs /
   unique: 16, success, outsize: 96
unique: 18, opcode: OPEN (14), nodeid: 2, insize: 48, pid: 24716
   unique: 18, success, outsize: 32
unique: 20, opcode: IOCTL (39), nodeid: 2, insize: 72, pid: 24716
   unique: 20, success, outsize: 32
unique: 22, opcode: READ (15), nodeid: 2, insize: 80, pid: 24716
read[0] 4096 bytes from 0 flags: 0x8000
   read[0] 4096 bytes from 0
   unique: 22, success, outsize: 4112
unique: 24, opcode: READ (15), nodeid: 2, insize: 80, pid: 24716
read[0] 4096 bytes from 4096 flags: 0x8000
   read[0] 4096 bytes from 4096
   unique: 24, success, outsize: 4112
unique: 26, opcode: FLUSH (25), nodeid: 2, insize: 64, pid: 24716
   unique: 26, error: -38 (Function not implemented), outsize: 16
unique: 28, opcode: RELEASE (18), nodeid: 2, insize: 64, pid: 0
   unique: 28, success, outsize: 16
FUSE library version: 2.9.9
nullpath_ok: 0
nopath: 0
utime_omit_ok: 0
unique: 2, opcode: INIT (26), nodeid: 0, insize: 56, pid: 0
INIT: 7.34
flags=0x33fffffb
max_readahead=0x00020000
   INIT: 7.19
   flags=0x00000011
   max_readahead=0x00020000
   max_write=0x00001000
   max_background=0
   congestion_threshold=0
   unique: 2, success, outsize: 40
unique: 4, opcode: GETATTR (3), nodeid: 1, insize: 56, pid: 35876
getattr /
   unique: 4, success, outsize: 120
unique: 6, opcode: ACCESS (34), nodeid: 1, insize: 48, pid: 35529
   unique: 6, error: -38 (Function not implemented), outsize: 16
unique: 8, opcode: STATFS (17), nodeid: 1, insize: 40, pid: 35879
statfs /
   unique: 8, success, outsize: 96
unique: 10, opcode: LOOKUP (1), nodeid: 1, insize: 52, pid: 35879
LOOKUP /truncate_me
getattr /truncate_me
   NODEID: 2
   unique: 10, success, outsize: 144
unique: 12, opcode: GETXATTR (22), nodeid: 2, insize: 68, pid: 35879
   unique: 12, error: -38 (Function not implemented), outsize: 16
unique: 14, opcode: SETATTR (4), nodeid: 2, insize: 128, pid: 35879
truncate /truncate_me 8192
getattr /truncate_me
   unique: 14, success, outsize: 120
unique: 16, opcode: STATFS (17), nodeid: 1, insize: 40, pid: 35879
statfs /
   unique: 16, success, outsize: 96
unique: 18, opcode: OPEN (14), nodeid: 2, insize: 48, pid: 35879
   unique: 18, success, outsize: 32
unique: 20, opcode: IOCTL (39), nodeid: 2, insize: 72, pid: 35879
   unique: 20, success, outsize: 32
unique: 22, opcode: READ (15), nodeid: 2, insize: 80, pid: 35879
read[0] 4096 bytes from 0 flags: 0x8000
   read[0] 4096 bytes from 0
   unique: 22, success, outsize: 4112
unique: 24, opcode: READ (15), nodeid: 2, insize: 80, pid: 35879
read[0] 4096 bytes from 4096 flags: 0x8000
   read[0] 4096 bytes from 4096
   unique: 24, success, outsize: 4112
unique: 26, opcode: FLUSH (25), nodeid: 2, insize: 64, pid: 35879
   unique: 26, error: -38 (Function not implemented), outsize: 16
unique: 28, opcode: RELEASE (18), nodeid: 2, insize: 64, pid: 0
   unique: 28, success, outsize: 16
FUSE library version: 2.9.9
nullpath_ok: 0
nopath: 0
utime_omit_ok: 0
unique: 2, opcode: INIT (26), nodeid: 0, insize: 56, pid: 0
INIT: 7.34
flags=0x33fffffb
max_readahead=0x00020000
   INIT: 7.19
   flags=0x00000011
   max_readahead=0x00020000
   max_write=0x00001000
   max_background=0
   congestion_threshold=0
   unique: 2, success, outsize: 40
unique: 4, opcode: GETATTR (3), nodeid: 1, insize: 56, pid: 41202
getattr /
   unique: 4, success, outsize: 120
unique: 6, opcode: ACCESS (34), nodeid: 1, insize: 48, pid: 40899
   unique: 6, error: -38 (Function not implemented), outsize: 16
unique: 8, opcode: STATFS (17), nodeid: 1, insize: 40, pid: 41204
statfs /
   unique: 8, success, outsize: 96
unique: 10, opcode: LOOKUP (1), nodeid: 1, insize: 52, pid: 41204
LOOKUP /truncate_me
getattr /truncate_me
   NODEID: 2
   unique: 10, success, outsize: 144
unique: 12, opcode: GETXATTR (22), nodeid: 2, insize: 68, pid: 41204
   unique: 12, error: -38 (Function not implemented), outsize: 16
unique: 14, opcode: SETATTR (4), nodeid: 2, insize: 128, pid: 41204
truncate /truncate_me 8192
getattr /truncate_me
   unique: 14, success, outsize: 120
unique: 16, opcode: STATFS (17), nodeid: 1, insize: 40, pid: 41204
statfs /
   unique: 16, success, outsize: 96
unique: 18, opcode: OPEN (14), nodeid: 2, insize: 48, pid: 41204
   unique: 18, success, outsize: 32
unique: 20, opcode: IOCTL (39), nodeid: 2, insize: 72, pid: 41204
   unique: 20, success, outsize: 32
unique: 22, opcode: READ (15), nodeid: 2, insize: 80, pid: 41204
read[0] 4096 bytes from 0 flags: 0x8000
   read[0] 4096 bytes from 0
   unique: 22, success, outsize: 4112
unique: 24, opcode: READ (15), nodeid: 2, insize: 80, pid: 41204
read[0] 4096 bytes from 4096 flags: 0x8000
   read[0] 4096 bytes from 4096
   unique: 24, success, outsize: 4112
unique: 26, opcode: FLUSH (25), nodeid: 2, insize: 64, pid: 41204
   unique: 26, error: -38 (Function not implemented), outsize: 16
unique: 28, opcode: RELEASE (18), nodeid: 2, insize: 64, pid: 0
   unique: 28, success, outsize: 16
FUSE library version: 2.9.9
nullpath_ok: 0
nopath: 0
utime_omit_ok: 0
unique: 2, opcode: INIT (26), nodeid: 0, insize: 56, pid: 0
INIT: 7.34
flags=0x33fffffb
max_readahead=0x00020000
   INIT: 7.19
   flags=0x00000011
   max_readahead=0x00020000
   max_write=0x00001000
   max_background=0
   congestion_threshold=0
   unique: 2, success, outsize: 40
unique: 4, opcode: GETATTR (3), nodeid: 1, insize: 56, pid: 50072
getattr /
   unique: 4, success, outsize: 120
unique: 6, opcode: ACCESS (34), nodeid: 1, insize: 48, pid: 49785
   unique: 6, error: -38 (Function not implemented), outsize: 16
unique: 8, opcode: STATFS (17), nodeid: 1, insize: 40, pid: 50074
statfs /
   unique: 8, success, outsize: 96
unique: 10, opcode: LOOKUP (1), nodeid: 1, insize: 52, pid: 50074
LOOKUP /truncate_me
getattr /truncate_me
   NODEID: 2
   unique: 10, success, outsize: 144
unique: 12, opcode: GETXATTR (22), nodeid: 2, insize: 68, pid: 50074
   unique: 12, error: -38 (Function not implemented), outsize: 16
unique: 14, opcode: SETATTR (4), nodeid: 2, insize: 128, pid: 50074
truncate /truncate_me 8192
getattr /truncate_me
   unique: 14, success, outsize: 120
unique: 16, opcode: STATFS (17), nodeid: 1, insize: 40, pid: 50074
statfs /
   unique: 16, success, outsize: 96
unique: 18, opcode: OPEN (14), nodeid: 2, insize: 48, pid: 50074
   unique: 18, success, outsize: 32
unique: 20, opcode: IOCTL (39), nodeid: 2, insize: 72, pid: 50074
   unique: 20, success, outsize: 32
unique: 22, opcode: READ (15), nodeid: 2, insize: 80, pid: 50074
read[0] 4096 bytes from 0 flags: 0x8000
   read[0] 4096 bytes from 0
   unique: 22, success, outsize: 4112
unique: 24, opcode: READ (15), nodeid: 2, insize: 80, pid: 50074
read[0] 4096 bytes from 4096 flags: 0x8000
   read[0] 4096 bytes from 4096
   unique: 24, success, outsize: 4112
unique: 26, opcode: FLUSH (25), nodeid: 2, insize: 64, pid: 50074
   unique: 26, error: -38 (Function not implemented), outsize: 16
unique: 28, opcode: RELEASE (18), nodeid: 2, insize: 64, pid: 0
   unique: 28, success, outsize: 16
