FUSE library version: 2.9.9
nullpath_ok: 0
nopath: 0
utime_omit_ok: 0
unique: 2, opcode: INIT (26), nodeid: 0, insize: 56, pid: 0
INIT: 7.34
flags=0x33fffffb
max_readahead=0x00020000
   INIT: 7.19
   flags=0x00000011
   max_readahead=0x00020000
   max_write=0x00001000
   max_background=0
   congestion_threshold=0
   unique: 2, success, outsize: 40
unique: 4, opcode: GETATTR (3), nodeid: 1, insize: 56, pid: 53691
getattr /
   unique: 4, success, outsize: 120
unique: 6, opcode: LOOKUP (1), nodeid: 1, insize: 54, pid: 53252
LOOKUP /shake-med.txt
getattr /shake-med.txt
   NODEID: 2
   unique: 6, success, outsize: 144
unique: 8, opcode: OPEN (14), nodeid: 2, insize: 48, pid: 53252
   unique: 8, success, outsize: 32
unique: 10, opcode: IOCTL (39), nodeid: 2, insize: 72, pid: 53252
   unique: 10, success, outsize: 32
unique: 12, opcode: IOCTL (39), nodeid: 2, insize: 72, pid: 53252
   unique: 12, success, outsize: 32
unique: 14, opcode: READ (15), nodeid: 2, insize: 80, pid: 53252
read[0] 4096 bytes from 24576 flags: 0x8000
   read[0] 4096 bytes from 24576
   unique: 14, success, outsize: 4112
unique: 16, opcode: READ (15), nodeid: 2, insize: 80, pid: 53252
read[0] 4096 bytes from 28672 flags: 0x8000
   read[0] 4096 bytes from 28672
   unique: 16, success, outsize: 4112
unique: 18, opcode: READ (15), nodeid: 2, insize: 80, pid: 53252
read[0] 4096 bytes from 32768 flags: 0x8000
   read[0] 4096 bytes from 32768
   unique: 18, success, outsize: 4112
unique: 20, opcode: FLUSH (25), nodeid: 2, insize: 64, pid: 53252
   unique: 20, error: -38 (Function not implemented), outsize: 16
unique: 22, opcode: RELEASE (18), nodeid: 2, insize: 64, pid: 0
   unique: 22, success, outsize: 16
FUSE library version: 2.9.9
nullpath_ok: 0
nopath: 0
utime_omit_ok: 0
unique: 2, opcode: INIT (26), nodeid: 0, insize: 56, pid: 0
INIT: 7.34
flags=0x33fffffb
max_readahead=0x00020000
   INIT: 7.19
   flags=0x00000011
   max_readahead=0x00020000
   max_write=0x00001000
   max_background=0
   congestion_threshold=0
   unique: 2, success, outsize: 40
unique: 4, opcode: GETATTR (3), nodeid: 1, insize: 56, pid: 62747
getattr /
   unique: 4, success, outsize: 120
unique: 6, opcode: LOOKUP (1), nodeid: 1, insize: 54, pid: 61884
LOOKUP /shake-med.txt
getattr /shake-med.txt
   NODEID: 2
   unique: 6, success, outsize: 144
unique: 8, opcode: OPEN (14), nodeid: 2, insize: 48, pid: 61884
   unique: 8, success, outsize: 32
unique: 10, opcode: IOCTL (39), nodeid: 2, insize: 72, pid: 61884
   unique: 10, success, outsize: 32
unique: 12, opcode: IOCTL (39), nodeid: 2, insize: 72, pid: 61884
   unique: 12, success, outsize: 32
unique: 14, opcode: READ (15), nodeid: 2, insize: 80, pid: 61884
read[0] 4096 bytes from 24576 flags: 0x8000
   read[0] 4096 bytes from 24576
   unique: 14, success, outsize: 4112
unique: 16, opcode: READ (15), nodeid: 2, insize: 80, pid: 61884
read[0] 4096 bytes from 28672 flags: 0x8000
   read[0] 4096 bytes from 28672
   unique: 16, success, outsize: 4112
unique: 18, opcode: READ (15), nodeid: 2, insize: 80, pid: 61884
read[0] 4096 bytes from 32768 flags: 0x8000
   read[0] 4096 bytes from 32768
   unique: 18, success, outsize: 4112
unique: 20, opcode: FLUSH (25), nodeid: 2, insize: 64, pid: 61884
   unique: 20, error: -38 (Function not implemented), outsize: 16
unique: 22, opcode: RELEASE (18), nodeid: 2, insize: 64, pid: 0
   unique: 22, success, outsize: 16
FUSE library version: 2.9.9
nullpath_ok: 0
nopath: 0
utime_omit_ok: 0
unique: 2, opcode: INIT (26), nodeid: 0, insize: 56, pid: 0
INIT: 7.34
flags=0x33fffffb
max_readahead=0x00020000
   INIT: 7.19
   flags=0x00000011
   max_readahead=0x00020000
   max_write=0x00001000
   max_background=0
   congestion_threshold=0
   unique: 2, success, outsize: 40
unique: 4, opcode: GETATTR (3), nodeid: 1, insize: 56, pid: 5576
getattr /
   unique: 4, success, outsize: 120
unique: 6, opcode: LOOKUP (1), nodeid: 1, insize: 54, pid: 4901
LOOKUP /shake-med.txt
getattr /shake-med.txt
   NODEID: 2
   unique: 6, success, outsize: 144
unique: 8, opcode: OPEN (14), nodeid: 2, insize: 48, pid: 4901
   unique: 8, success, outsize: 32
unique: 10, opcode: IOCTL (39), nodeid: 2, insize: 72, pid: 4901
   unique: 10, success, outsize: 32
unique: 12, opcode: IOCTL (39), nodeid: 2, insize: 72, pid: 4901
   unique: 12, success, outsize: 32
unique: 14, opcode: READ (15), nodeid: 2, insize: 80, pid: 4901
read[0] 4096 bytes from 24576 flags: 0x8000
   read[0] 4096 bytes from 24576
   unique: 14, success, outsize: 4112
unique: 16, opcode: READ (15), nodeid: 2, insize: 80, pid: 4901
read[0] 4096 bytes from 28672 flags: 0x8000
   read[0] 4096 bytes from 28672
   unique: 16, success, outsize: 4112
unique: 18, opcode: READ (15), nodeid: 2, insize: 80, pid: 4901
read[0] 4096 bytes from 32768 flags: 0x8000
   read[0] 4096 bytes from 32768
   unique: 18, success, outsize: 4112
unique: 20, opcode: FLUSH (25), nodeid: 2, insize: 64, pid: 4901
   unique: 20, error: -38 (Function not implemented), outsize: 16
unique: 22, opcode: RELEASE (18), nodeid: 2, insize: 64, pid: 0
   unique: 22, success, outsize: 16
FUSE library version: 2.9.9
nullpath_ok: 0
nopath: 0
utime_omit_ok: 0
unique: 2, opcode: INIT (26), nodeid: 0, insize: 56, pid: 0
INIT: 7.34
flags=0x33fffffb
max_readahead=0x00020000
   INIT: 7.19
   flags=0x00000011
   max_readahead=0x00020000
   max_write=0x00001000
   max_background=0
   congestion_threshold=0
   unique: 2, success, outsize: 40
unique: 4, opcode: GETATTR (3), nodeid: 1, insize: 56, pid: 8536
getattr /
   unique: 4, success, outsize: 120
unique: 6, opcode: LOOKUP (1), nodeid: 1, insize: 54, pid: 8005
LOOKUP /shake-med.txt
getattr /shake-med.txt
   NODEID: 2
   unique: 6, success, outsize: 144
unique: 8, opcode: OPEN (14), nodeid: 2, insize: 48, pid: 8005
   unique: 8, success, outsize: 32
unique: 10, opcode: IOCTL (39), nodeid: 2, insize: 72, pid: 8005
   unique: 10, success, outsize: 32
unique: 12, opcode: IOCTL (39), nodeid: 2, insize: 72, pid: 8005
   unique: 12, success, outsize: 32
unique: 14, opcode: READ (15), nodeid: 2, insize: 80, pid: 8005
read[0] 4096 bytes from 24576 flags: 0x8000
   read[0] 4096 bytes from 24576
   unique: 14, success, outsize: 4112
unique: 16, opcode: READ (15), nodeid: 2, insize: 80, pid: 8005
read[0] 4096 bytes from 28672 flags: 0x8000
   read[0] 4096 bytes from 28672
   unique: 16, success, outsize: 4112
unique: 18, opcode: READ (15), nodeid: 2, insize: 80, pid: 8005
read[0] 4096 bytes from 32768 flags: 0x8000
   read[0] 4096 bytes from 32768
   unique: 18, success, outsize: 4112
unique: 20, opcode: FLUSH (25), nodeid: 2, insize: 64, pid: 8005
   unique: 20, error: -38 (Function not implemented), outsize: 16
unique: 22, opcode: RELEASE (18), nodeid: 2, insize: 64, pid: 0
   unique: 22, success, outsize: 16
FUSE library version: 2.9.9
nullpath_ok: 0
nopath: 0
utime_omit_ok: 0
unique: 2, opcode: INIT (26), nodeid: 0, insize: 56, pid: 0
INIT: 7.34
flags=0x33fffffb
max_readahead=0x00020000
   INIT: 7.19
   flags=0x00000011
   max_readahead=0x00020000
   max_write=0x00001000
   max_background=0
   congestion_threshold=0
   unique: 2, success, outsize: 40
unique: 4, opcode: GETATTR (3), nodeid: 1, insize: 56, pid: 40123
getattr /
   unique: 4, success, outsize: 120
unique: 6, opcode: LOOKUP (1), nodeid: 1, insize: 54, pid: 39638
LOOKUP /shake-med.txt
getattr /shake-med.txt
   NODEID: 2
   unique: 6, success, outsize: 144
unique: 8, opcode: OPEN (14), nodeid: 2, insize: 48, pid: 39638
   unique: 8, success, outsize: 32
unique: 10, opcode: IOCTL (39), nodeid: 2, insize: 72, pid: 39638
   unique: 10, success, outsize: 32
unique: 12, opcode: IOCTL (39), nodeid: 2, insize: 72, pid: 39638
   unique: 12, success, outsize: 32
unique: 14, opcode: READ (15), nodeid: 2, insize: 80, pid: 39638
read[0] 4096 bytes from 24576 flags: 0x8000
   read[0] 4096 bytes from 24576
   unique: 14, success, outsize: 4112
unique: 16, opcode: READ (15), nodeid: 2, insize: 80, pid: 39638
read[0] 4096 bytes from 28672 flags: 0x8000
   read[0] 4096 bytes from 28672
   unique: 16, success, outsize: 4112
unique: 18, opcode: READ (15), nodeid: 2, insize: 80, pid: 39638
read[0] 4096 bytes from 32768 flags: 0x8000
   read[0] 4096 bytes from 32768
   unique: 18, success, outsize: 4112
unique: 20, opcode: FLUSH (25), nodeid: 2, insize: 64, pid: 39638
   unique: 20, error: -38 (Function not implemented), outsize: 16
unique: 22, opcode: RELEASE (18), nodeid: 2, insize: 64, pid: 0
   unique: 22, success, outsize: 16
