FUSE library version: 2.9.9
nullpath_ok: 0
nopath: 0
utime_omit_ok: 0
unique: 2, opcode: INIT (26), nodeid: 0, insize: 56, pid: 0
INIT: 7.34
flags=0x33fffffb
max_readahead=0x00020000
   INIT: 7.19
   flags=0x00000011
   max_readahead=0x00020000
   max_write=0x00001000
   max_background=0
   congestion_threshold=0
   unique: 2, success, outsize: 40
unique: 4, opcode: GETATTR (3), nodeid: 1, insize: 56, pid: 53870
getattr /
   unique: 4, success, outsize: 120
unique: 6, opcode: ACCESS (34), nodeid: 1, insize: 48, pid: 53228
   unique: 6, error: -38 (Function not implemented), outsize: 16
unique: 8, opcode: STATFS (17), nodeid: 1, insize: 40, pid: 53872
statfs /
   unique: 8, success, outsize: 96
unique: 10, opcode: LOOKUP (1), nodeid: 1, insize: 54, pid: 53872
LOOKUP /shake-med.txt
getattr /shake-med.txt
   NODEID: 2
   unique: 10, success, outsize: 144
unique: 12, opcode: GETXATTR (22), nodeid: 2, insize: 68, pid: 53872
   unique: 12, error: -38 (Function not implemented), outsize: 16
unique: 14, opcode: SETATTR (4), nodeid: 2, insize: 128, pid: 53872
truncate /shake-med.txt 20480
   unique: 14, error: -38 (Function not implemented), outsize: 16
FUSE library version: 2.9.9
nullpath_ok: 0
nopath: 0
utime_omit_ok: 0
unique: 2, opcode: INIT (26), nodeid: 0, insize: 56, pid: 0
INIT: 7.34
flags=0x33fffffb
max_readahead=0x00020000
   INIT: 7.19
   flags=0x00000011
   max_readahead=0x00020000
   max_write=0x00001000
   max_background=0
   congestion_threshold=0
   unique: 2, success, outsize: 40
unique: 4, opcode: GETATTR (3), nodeid: 1, insize: 56, pid: 43163
getattr /
   unique: 4, success, outsize: 120
unique: 6, opcode: ACCESS (34), nodeid: 1, insize: 48, pid: 42762
   unique: 6, error: -38 (Function not implemented), outsize: 16
unique: 8, opcode: STATFS (17), nodeid: 1, insize: 40, pid: 43165
statfs /
   unique: 8, success, outsize: 96
unique: 10, opcode: LOOKUP (1), nodeid: 1, insize: 54, pid: 43165
LOOKUP /shake-med.txt
getattr /shake-med.txt
   NODEID: 2
   unique: 10, success, outsize: 144
unique: 12, opcode: GETXATTR (22), nodeid: 2, insize: 68, pid: 43165
   unique: 12, error: -38 (Function not implemented), outsize: 16
unique: 14, opcode: SETATTR (4), nodeid: 2, insize: 128, pid: 43165
truncate /shake-med.txt 20480
vsfs: bitmap.c:90: bitmap_free: Assertion `index < nbits' failed.
FUSE library version: 2.9.9
nullpath_ok: 0
nopath: 0
utime_omit_ok: 0
unique: 2, opcode: INIT (26), nodeid: 0, insize: 56, pid: 0
INIT: 7.34
flags=0x33fffffb
max_readahead=0x00020000
   INIT: 7.19
   flags=0x00000011
   max_readahead=0x00020000
   max_write=0x00001000
   max_background=0
   congestion_threshold=0
   unique: 2, success, outsize: 40
unique: 4, opcode: GETATTR (3), nodeid: 1, insize: 56, pid: 6258
getattr /
   unique: 4, success, outsize: 120
unique: 6, opcode: ACCESS (34), nodeid: 1, insize: 48, pid: 5601
   unique: 6, error: -38 (Function not implemented), outsize: 16
unique: 8, opcode: STATFS (17), nodeid: 1, insize: 40, pid: 6260
statfs /
   unique: 8, success, outsize: 96
unique: 10, opcode: LOOKUP (1), nodeid: 1, insize: 54, pid: 6260
LOOKUP /shake-med.txt
getattr /shake-med.txt
   NODEID: 2
   unique: 10, success, outsize: 144
unique: 12, opcode: GETXATTR (22), nodeid: 2, insize: 68, pid: 6260
   unique: 12, error: -38 (Function not implemented), outsize: 16
unique: 14, opcode: SETATTR (4), nodeid: 2, insize: 128, pid: 6260
truncate /shake-med.txt 20480
vsfs: bitmap.c:90: bitmap_free: Assertion `index < nbits' failed.
FUSE library version: 2.9.9
nullpath_ok: 0
nopath: 0
utime_omit_ok: 0
unique: 2, opcode: INIT (26), nodeid: 0, insize: 56, pid: 0
INIT: 7.34
flags=0x33fffffb
max_readahead=0x00020000
   INIT: 7.19
   flags=0x00000011
   max_readahead=0x00020000
   max_write=0x00001000
   max_background=0
   congestion_threshold=0
   unique: 2, success, outsize: 40
unique: 4, opcode: GETATTR (3), nodeid: 1, insize: 56, pid: 34214
getattr /
   unique: 4, success, outsize: 120
unique: 6, opcode: ACCESS (34), nodeid: 1, insize: 48, pid: 33556
   unique: 6, error: -38 (Function not implemented), outsize: 16
unique: 8, opcode: STATFS (17), nodeid: 1, insize: 40, pid: 34216
statfs /
   unique: 8, success, outsize: 96
unique: 10, opcode: LOOKUP (1), nodeid: 1, insize: 54, pid: 34216
LOOKUP /shake-med.txt
getattr /shake-med.txt
   NODEID: 2
   unique: 10, success, outsize: 144
unique: 12, opcode: GETXATTR (22), nodeid: 2, insize: 68, pid: 34216
   unique: 12, error: -38 (Function not implemented), outsize: 16
unique: 14, opcode: SETATTR (4), nodeid: 2, insize: 128, pid: 34216
truncate /shake-med.txt 20480
vsfs: bitmap.c:90: bitmap_free: Assertion `index < nbits' failed.
FUSE library version: 2.9.9
nullpath_ok: 0
nopath: 0
utime_omit_ok: 0
unique: 2, opcode: INIT (26), nodeid: 0, insize: 56, pid: 0
INIT: 7.34
flags=0x33fffffb
max_readahead=0x00020000
   INIT: 7.19
   flags=0x00000011
   max_readahead=0x00020000
   max_write=0x00001000
   max_background=0
   congestion_threshold=0
   unique: 2, success, outsize: 40
unique: 4, opcode: GETATTR (3), nodeid: 1, insize: 56, pid: 25999
getattr /
   unique: 4, success, outsize: 120
unique: 6, opcode: ACCESS (34), nodeid: 1, insize: 48, pid: 25620
   unique: 6, error: -38 (Function not implemented), outsize: 16
unique: 8, opcode: STATFS (17), nodeid: 1, insize: 40, pid: 26001
statfs /
   unique: 8, success, outsize: 96
unique: 10, opcode: LOOKUP (1), nodeid: 1, insize: 54, pid: 26001
LOOKUP /shake-med.txt
getattr /shake-med.txt
   NODEID: 2
   unique: 10, success, outsize: 144
unique: 12, opcode: GETXATTR (22), nodeid: 2, insize: 68, pid: 26001
   unique: 12, error: -38 (Function not implemented), outsize: 16
unique: 14, opcode: SETATTR (4), nodeid: 2, insize: 128, pid: 26001
truncate /shake-med.txt 20480
vsfs: bitmap.c:90: bitmap_free: Assertion `index < nbits' failed.
FUSE library version: 2.9.9
nullpath_ok: 0
nopath: 0
utime_omit_ok: 0
unique: 2, opcode: INIT (26), nodeid: 0, insize: 56, pid: 0
INIT: 7.34
flags=0x33fffffb
max_readahead=0x00020000
   INIT: 7.19
   flags=0x00000011
   max_readahead=0x00020000
   max_write=0x00001000
   max_background=0
   congestion_threshold=0
   unique: 2, success, outsize: 40
unique: 4, opcode: GETATTR (3), nodeid: 1, insize: 56, pid: 2384
getattr /
   unique: 4, success, outsize: 120
unique: 6, opcode: ACCESS (34), nodeid: 1, insize: 48, pid: 1726
   unique: 6, error: -38 (Function not implemented), outsize: 16
unique: 8, opcode: STATFS (17), nodeid: 1, insize: 40, pid: 2386
statfs /
   unique: 8, success, outsize: 96
unique: 10, opcode: LOOKUP (1), nodeid: 1, insize: 54, pid: 2386
LOOKUP /shake-med.txt
getattr /shake-med.txt
   NODEID: 2
   unique: 10, success, outsize: 144
unique: 12, opcode: GETXATTR (22), nodeid: 2, insize: 68, pid: 2386
   unique: 12, error: -38 (Function not implemented), outsize: 16
unique: 14, opcode: SETATTR (4), nodeid: 2, insize: 128, pid: 2386
truncate /shake-med.txt 20480
vsfs: bitmap.c:90: bitmap_free: Assertion `index < nbits' failed.
FUSE library version: 2.9.9
nullpath_ok: 0
nopath: 0
utime_omit_ok: 0
unique: 2, opcode: INIT (26), nodeid: 0, insize: 56, pid: 0
INIT: 7.34
flags=0x33fffffb
max_readahead=0x00020000
   INIT: 7.19
   flags=0x00000011
   max_readahead=0x00020000
   max_write=0x00001000
   max_background=0
   congestion_threshold=0
   unique: 2, success, outsize: 40
unique: 4, opcode: GETATTR (3), nodeid: 1, insize: 56, pid: 24939
getattr /
   unique: 4, success, outsize: 120
unique: 6, opcode: ACCESS (34), nodeid: 1, insize: 48, pid: 24199
   unique: 6, error: -38 (Function not implemented), outsize: 16
unique: 8, opcode: STATFS (17), nodeid: 1, insize: 40, pid: 24942
statfs /
   unique: 8, success, outsize: 96
unique: 10, opcode: LOOKUP (1), nodeid: 1, insize: 54, pid: 24942
LOOKUP /shake-med.txt
getattr /shake-med.txt
   NODEID: 2
   unique: 10, success, outsize: 144
unique: 12, opcode: GETXATTR (22), nodeid: 2, insize: 68, pid: 24942
   unique: 12, error: -38 (Function not implemented), outsize: 16
unique: 14, opcode: SETATTR (4), nodeid: 2, insize: 128, pid: 24942
truncate /shake-med.txt 20480
vsfs: bitmap.c:90: bitmap_free: Assertion `index < nbits' failed.
FUSE library version: 2.9.9
nullpath_ok: 0
nopath: 0
utime_omit_ok: 0
unique: 2, opcode: INIT (26), nodeid: 0, insize: 56, pid: 0
INIT: 7.34
flags=0x33fffffb
max_readahead=0x00020000
   INIT: 7.19
   flags=0x00000011
   max_readahead=0x00020000
   max_write=0x00001000
   max_background=0
   congestion_threshold=0
   unique: 2, success, outsize: 40
unique: 4, opcode: GETATTR (3), nodeid: 1, insize: 56, pid: 35960
getattr /
   unique: 4, success, outsize: 120
unique: 6, opcode: ACCESS (34), nodeid: 1, insize: 48, pid: 35529
   unique: 6, error: -38 (Function not implemented), outsize: 16
unique: 8, opcode: STATFS (17), nodeid: 1, insize: 40, pid: 35962
statfs /
   unique: 8, success, outsize: 96
unique: 10, opcode: LOOKUP (1), nodeid: 1, insize: 54, pid: 35962
LOOKUP /shake-med.txt
getattr /shake-med.txt
   NODEID: 2
   unique: 10, success, outsize: 144
unique: 12, opcode: GETXATTR (22), nodeid: 2, insize: 68, pid: 35962
   unique: 12, error: -38 (Function not implemented), outsize: 16
unique: 14, opcode: SETATTR (4), nodeid: 2, insize: 128, pid: 35962
truncate /shake-med.txt 20480
vsfs: bitmap.c:90: bitmap_free: Assertion `index < nbits' failed.
FUSE library version: 2.9.9
nullpath_ok: 0
nopath: 0
utime_omit_ok: 0
unique: 2, opcode: INIT (26), nodeid: 0, insize: 56, pid: 0
INIT: 7.34
flags=0x33fffffb
max_readahead=0x00020000
   INIT: 7.19
   flags=0x00000011
   max_readahead=0x00020000
   max_write=0x00001000
   max_background=0
   congestion_threshold=0
   unique: 2, success, outsize: 40
unique: 4, opcode: GETATTR (3), nodeid: 1, insize: 56, pid: 41309
getattr /
   unique: 4, success, outsize: 120
unique: 6, opcode: ACCESS (34), nodeid: 1, insize: 48, pid: 40899
   unique: 6, error: -38 (Function not implemented), outsize: 16
unique: 8, opcode: STATFS (17), nodeid: 1, insize: 40, pid: 41311
statfs /
   unique: 8, success, outsize: 96
unique: 10, opcode: LOOKUP (1), nodeid: 1, insize: 54, pid: 41311
LOOKUP /shake-med.txt
getattr /shake-med.txt
   NODEID: 2
   unique: 10, success, outsize: 144
unique: 12, opcode: GETXATTR (22), nodeid: 2, insize: 68, pid: 41311
   unique: 12, error: -38 (Function not implemented), outsize: 16
unique: 14, opcode: SETATTR (4), nodeid: 2, insize: 128, pid: 41311
truncate /shake-med.txt 20480
vsfs: bitmap.c:90: bitmap_free: Assertion `index < nbits' failed.
FUSE library version: 2.9.9
nullpath_ok: 0
nopath: 0
utime_omit_ok: 0
unique: 2, opcode: INIT (26), nodeid: 0, insize: 56, pid: 0
INIT: 7.34
flags=0x33fffffb
max_readahead=0x00020000
   INIT: 7.19
   flags=0x00000011
   max_readahead=0x00020000
   max_write=0x00001000
   max_background=0
   congestion_threshold=0
   unique: 2, success, outsize: 40
unique: 4, opcode: GETATTR (3), nodeid: 1, insize: 56, pid: 50152
getattr /
   unique: 4, success, outsize: 120
unique: 6, opcode: ACCESS (34), nodeid: 1, insize: 48, pid: 49785
   unique: 6, error: -38 (Function not implemented), outsize: 16
unique: 8, opcode: STATFS (17), nodeid: 1, insize: 40, pid: 50154
statfs /
   unique: 8, success, outsize: 96
unique: 10, opcode: LOOKUP (1), nodeid: 1, insize: 54, pid: 50154
LOOKUP /shake-med.txt
getattr /shake-med.txt
   NODEID: 2
   unique: 10, success, outsize: 144
unique: 12, opcode: GETXATTR (22), nodeid: 2, insize: 68, pid: 50154
   unique: 12, error: -38 (Function not implemented), outsize: 16
unique: 14, opcode: SETATTR (4), nodeid: 2, insize: 128, pid: 50154
truncate /shake-med.txt 20480
vsfs: bitmap.c:90: bitmap_free: Assertion `index < nbits' failed.
FUSE library version: 2.9.9
nullpath_ok: 0
nopath: 0
utime_omit_ok: 0
unique: 2, opcode: INIT (26), nodeid: 0, insize: 56, pid: 0
INIT: 7.34
flags=0x33fffffb
max_readahead=0x00020000
   INIT: 7.19
   flags=0x00000011
   max_readahead=0x00020000
   max_write=0x00001000
   max_background=0
   congestion_threshold=0
   unique: 2, success, outsize: 40
unique: 4, opcode: GETATTR (3), nodeid: 1, insize: 56, pid: 53899
getattr /
   unique: 4, success, outsize: 120
unique: 6, opcode: ACCESS (34), nodeid: 1, insize: 48, pid: 53528
   unique: 6, error: -38 (Function not implemented), outsize: 16
unique: 8, opcode: STATFS (17), nodeid: 1, insize: 40, pid: 53901
statfs /
   unique: 8, success, outsize: 96
unique: 10, opcode: LOOKUP (1), nodeid: 1, insize: 54, pid: 53901
LOOKUP /shake-med.txt
getattr /shake-med.txt
   NODEID: 2
   unique: 10, success, outsize: 144
unique: 12, opcode: GETXATTR (22), nodeid: 2, insize: 68, pid: 53901
   unique: 12, error: -38 (Function not implemented), outsize: 16
unique: 14, opcode: SETATTR (4), nodeid: 2, insize: 128, pid: 53901
truncate /shake-med.txt 20480
vsfs: bitmap.c:90: bitmap_free: Assertion `index < nbits' failed.
FUSE library version: 2.9.9
nullpath_ok: 0
nopath: 0
utime_omit_ok: 0
unique: 2, opcode: INIT (26), nodeid: 0, insize: 56, pid: 0
INIT: 7.34
flags=0x33fffffb
max_readahead=0x00020000
   INIT: 7.19
   flags=0x00000011
   max_readahead=0x00020000
   max_write=0x00001000
   max_background=0
   congestion_threshold=0
   unique: 2, success, outsize: 40
unique: 4, opcode: GETATTR (3), nodeid: 1, insize: 56, pid: 63953
getattr /
   unique: 4, success, outsize: 120
unique: 6, opcode: ACCESS (34), nodeid: 1, insize: 48, pid: 63576
   unique: 6, error: -38 (Function not implemented), outsize: 16
unique: 8, opcode: STATFS (17), nodeid: 1, insize: 40, pid: 63955
statfs /
   unique: 8, success, outsize: 96
unique: 10, opcode: LOOKUP (1), nodeid: 1, insize: 54, pid: 63955
LOOKUP /shake-med.txt
getattr /shake-med.txt
   NODEID: 2
   unique: 10, success, outsize: 144
unique: 12, opcode: GETXATTR (22), nodeid: 2, insize: 68, pid: 63955
   unique: 12, error: -38 (Function not implemented), outsize: 16
unique: 14, opcode: SETATTR (4), nodeid: 2, insize: 128, pid: 63955
truncate /shake-med.txt 20480
vsfs: bitmap.c:90: bitmap_free: Assertion `index < nbits' failed.
FUSE library version: 2.9.9
nullpath_ok: 0
nopath: 0
utime_omit_ok: 0
unique: 2, opcode: INIT (26), nodeid: 0, insize: 56, pid: 0
INIT: 7.34
flags=0x33fffffb
max_readahead=0x00020000
   INIT: 7.19
   flags=0x00000011
   max_readahead=0x00020000
   max_write=0x00001000
   max_background=0
   congestion_threshold=0
   unique: 2, success, outsize: 40
unique: 4, opcode: GETATTR (3), nodeid: 1, insize: 56, pid: 32526
getattr /
   unique: 4, success, outsize: 120
unique: 6, opcode: ACCESS (34), nodeid: 1, insize: 48, pid: 31951
   unique: 6, error: -38 (Function not implemented), outsize: 16
unique: 8, opcode: STATFS (17), nodeid: 1, insize: 40, pid: 32528
statfs /
   unique: 8, success, outsize: 96
unique: 10, opcode: LOOKUP (1), nodeid: 1, insize: 54, pid: 32528
LOOKUP /shake-med.txt
getattr /shake-med.txt
   NODEID: 2
   unique: 10, success, outsize: 144
unique: 12, opcode: GETXATTR (22), nodeid: 2, insize: 68, pid: 32528
   unique: 12, error: -38 (Function not implemented), outsize: 16
unique: 14, opcode: SETATTR (4), nodeid: 2, insize: 128, pid: 32528
truncate /shake-med.txt 20480
   unique: 14, error: -28 (No space left on device), outsize: 16
FUSE library version: 2.9.9
nullpath_ok: 0
nopath: 0
utime_omit_ok: 0
unique: 2, opcode: INIT (26), nodeid: 0, insize: 56, pid: 0
INIT: 7.34
flags=0x33fffffb
max_readahead=0x00020000
   INIT: 7.19
   flags=0x00000011
   max_readahead=0x00020000
   max_write=0x00001000
   max_background=0
   congestion_threshold=0
   unique: 2, success, outsize: 40
unique: 4, opcode: GETATTR (3), nodeid: 1, insize: 56, pid: 31732
getattr /
   unique: 4, success, outsize: 120
unique: 6, opcode: ACCESS (34), nodeid: 1, insize: 48, pid: 31357
   unique: 6, error: -38 (Function not implemented), outsize: 16
unique: 8, opcode: STATFS (17), nodeid: 1, insize: 40, pid: 31734
statfs /
   unique: 8, success, outsize: 96
unique: 10, opcode: LOOKUP (1), nodeid: 1, insize: 54, pid: 31734
LOOKUP /shake-med.txt
getattr /shake-med.txt
   NODEID: 2
   unique: 10, success, outsize: 144
unique: 12, opcode: GETXATTR (22), nodeid: 2, insize: 68, pid: 31734
   unique: 12, error: -38 (Function not implemented), outsize: 16
unique: 14, opcode: SETATTR (4), nodeid: 2, insize: 128, pid: 31734
truncate /shake-med.txt 20480
vsfs: bitmap.c:90: bitmap_free: Assertion `index < nbits' failed.
FUSE library version: 2.9.9
nullpath_ok: 0
nopath: 0
utime_omit_ok: 0
unique: 2, opcode: INIT (26), nodeid: 0, insize: 56, pid: 0
INIT: 7.34
flags=0x33fffffb
max_readahead=0x00020000
   INIT: 7.19
   flags=0x00000011
   max_readahead=0x00020000
   max_write=0x00001000
   max_background=0
   congestion_threshold=0
   unique: 2, success, outsize: 40
unique: 4, opcode: GETATTR (3), nodeid: 1, insize: 56, pid: 30633
getattr /
   unique: 4, success, outsize: 120
unique: 6, opcode: ACCESS (34), nodeid: 1, insize: 48, pid: 30261
   unique: 6, error: -38 (Function not implemented), outsize: 16
unique: 8, opcode: STATFS (17), nodeid: 1, insize: 40, pid: 30635
statfs /
   unique: 8, success, outsize: 96
unique: 10, opcode: LOOKUP (1), nodeid: 1, insize: 54, pid: 30635
LOOKUP /shake-med.txt
getattr /shake-med.txt
   NODEID: 2
   unique: 10, success, outsize: 144
unique: 12, opcode: GETXATTR (22), nodeid: 2, insize: 68, pid: 30635
   unique: 12, error: -38 (Function not implemented), outsize: 16
unique: 14, opcode: SETATTR (4), nodeid: 2, insize: 128, pid: 30635
truncate /shake-med.txt 20480
vsfs: bitmap.c:90: bitmap_free: Assertion `index < nbits' failed.
FUSE library version: 2.9.9
nullpath_ok: 0
nopath: 0
utime_omit_ok: 0
unique: 2, opcode: INIT (26), nodeid: 0, insize: 56, pid: 0
INIT: 7.34
flags=0x33fffffb
max_readahead=0x00020000
   INIT: 7.19
   flags=0x00000011
   max_readahead=0x00020000
   max_write=0x00001000
   max_background=0
   congestion_threshold=0
   unique: 2, success, outsize: 40
unique: 4, opcode: GETATTR (3), nodeid: 1, insize: 56, pid: 59935
getattr /
   unique: 4, success, outsize: 120
unique: 6, opcode: ACCESS (34), nodeid: 1, insize: 48, pid: 59312
   unique: 6, error: -38 (Function not implemented), outsize: 16
unique: 8, opcode: STATFS (17), nodeid: 1, insize: 40, pid: 59937
statfs /
   unique: 8, success, outsize: 96
unique: 10, opcode: LOOKUP (1), nodeid: 1, insize: 54, pid: 59937
LOOKUP /shake-med.txt
getattr /shake-med.txt
   NODEID: 2
   unique: 10, success, outsize: 144
unique: 12, opcode: GETXATTR (22), nodeid: 2, insize: 68, pid: 59937
   unique: 12, error: -38 (Function not implemented), outsize: 16
unique: 14, opcode: SETATTR (4), nodeid: 2, insize: 128, pid: 59937
truncate /shake-med.txt 20480
vsfs: bitmap.c:90: bitmap_free: Assertion `index < nbits' failed.
FUSE library version: 2.9.9
nullpath_ok: 0
nopath: 0
utime_omit_ok: 0
unique: 2, opcode: INIT (26), nodeid: 0, insize: 56, pid: 0
INIT: 7.34
flags=0x33fffffb
max_readahead=0x00020000
   INIT: 7.19
   flags=0x00000011
   max_readahead=0x00020000
   max_write=0x00001000
   max_background=0
   congestion_threshold=0
   unique: 2, success, outsize: 40
unique: 4, opcode: GETATTR (3), nodeid: 1, insize: 56, pid: 21668
getattr /
   unique: 4, success, outsize: 120
unique: 6, opcode: ACCESS (34), nodeid: 1, insize: 48, pid: 20962
   unique: 6, error: -38 (Function not implemented), outsize: 16
unique: 8, opcode: STATFS (17), nodeid: 1, insize: 40, pid: 21670
statfs /
   unique: 8, success, outsize: 96
unique: 10, opcode: LOOKUP (1), nodeid: 1, insize: 54, pid: 21670
LOOKUP /shake-med.txt
getattr /shake-med.txt
   NODEID: 2
   unique: 10, success, outsize: 144
unique: 12, opcode: GETXATTR (22), nodeid: 2, insize: 68, pid: 21670
   unique: 12, error: -38 (Function not implemented), outsize: 16
unique: 14, opcode: SETATTR (4), nodeid: 2, insize: 128, pid: 21670
truncate /shake-med.txt 20480
vsfs: bitmap.c:90: bitmap_free: Assertion `index < nbits' failed.
FUSE library version: 2.9.9
nullpath_ok: 0
nopath: 0
utime_omit_ok: 0
unique: 2, opcode: INIT (26), nodeid: 0, insize: 56, pid: 0
INIT: 7.34
flags=0x33fffffb
max_readahead=0x00020000
   INIT: 7.19
   flags=0x00000011
   max_readahead=0x00020000
   max_write=0x00001000
   max_background=0
   congestion_threshold=0
   unique: 2, success, outsize: 40
unique: 4, opcode: GETATTR (3), nodeid: 1, insize: 56, pid: 31231
getattr /
   unique: 4, success, outsize: 120
unique: 6, opcode: ACCESS (34), nodeid: 1, insize: 48, pid: 30711
   unique: 6, error: -38 (Function not implemented), outsize: 16
unique: 8, opcode: STATFS (17), nodeid: 1, insize: 40, pid: 31233
statfs /
   unique: 8, success, outsize: 96
unique: 10, opcode: LOOKUP (1), nodeid: 1, insize: 54, pid: 31233
LOOKUP /shake-med.txt
getattr /shake-med.txt
   NODEID: 2
   unique: 10, success, outsize: 144
unique: 12, opcode: GETXATTR (22), nodeid: 2, insize: 68, pid: 31233
   unique: 12, error: -38 (Function not implemented), outsize: 16
unique: 14, opcode: SETATTR (4), nodeid: 2, insize: 128, pid: 31233
truncate /shake-med.txt 20480
vsfs: bitmap.c:90: bitmap_free: Assertion `index < nbits' failed.
FUSE library version: 2.9.9
nullpath_ok: 0
nopath: 0
utime_omit_ok: 0
unique: 2, opcode: INIT (26), nodeid: 0, insize: 56, pid: 0
INIT: 7.34
flags=0x33fffffb
max_readahead=0x00020000
   INIT: 7.19
   flags=0x00000011
   max_readahead=0x00020000
   max_write=0x00001000
   max_background=0
   congestion_threshold=0
   unique: 2, success, outsize: 40
unique: 4, opcode: GETATTR (3), nodeid: 1, insize: 56, pid: 34314
getattr /
   unique: 4, success, outsize: 120
unique: 6, opcode: ACCESS (34), nodeid: 1, insize: 48, pid: 33447
   unique: 6, error: -38 (Function not implemented), outsize: 16
unique: 8, opcode: STATFS (17), nodeid: 1, insize: 40, pid: 34316
statfs /
   unique: 8, success, outsize: 96
unique: 10, opcode: LOOKUP (1), nodeid: 1, insize: 54, pid: 34316
LOOKUP /shake-med.txt
getattr /shake-med.txt
   NODEID: 2
   unique: 10, success, outsize: 144
unique: 12, opcode: GETXATTR (22), nodeid: 2, insize: 68, pid: 34316
   unique: 12, error: -38 (Function not implemented), outsize: 16
unique: 14, opcode: SETATTR (4), nodeid: 2, insize: 128, pid: 34316
truncate /shake-med.txt 20480
vsfs: bitmap.c:90: bitmap_free: Assertion `index < nbits' failed.
FUSE library version: 2.9.9
nullpath_ok: 0
nopath: 0
utime_omit_ok: 0
unique: 2, opcode: INIT (26), nodeid: 0, insize: 56, pid: 0
INIT: 7.34
flags=0x33fffffb
max_readahead=0x00020000
   INIT: 7.19
   flags=0x00000011
   max_readahead=0x00020000
   max_write=0x00001000
   max_background=0
   congestion_threshold=0
   unique: 2, success, outsize: 40
unique: 4, opcode: GETATTR (3), nodeid: 1, insize: 56, pid: 12807
getattr /
   unique: 4, success, outsize: 120
unique: 6, opcode: ACCESS (34), nodeid: 1, insize: 48, pid: 12081
   unique: 6, error: -38 (Function not implemented), outsize: 16
unique: 8, opcode: STATFS (17), nodeid: 1, insize: 40, pid: 12809
statfs /
   unique: 8, success, outsize: 96
unique: 10, opcode: LOOKUP (1), nodeid: 1, insize: 54, pid: 12809
LOOKUP /shake-med.txt
getattr /shake-med.txt
   NODEID: 2
   unique: 10, success, outsize: 144
unique: 12, opcode: GETXATTR (22), nodeid: 2, insize: 68, pid: 12809
   unique: 12, error: -38 (Function not implemented), outsize: 16
unique: 14, opcode: SETATTR (4), nodeid: 2, insize: 128, pid: 12809
truncate /shake-med.txt 20480
vsfs: bitmap.c:90: bitmap_free: Assertion `index < nbits' failed.
FUSE library version: 2.9.9
nullpath_ok: 0
nopath: 0
utime_omit_ok: 0
unique: 2, opcode: INIT (26), nodeid: 0, insize: 56, pid: 0
INIT: 7.34
flags=0x33fffffb
max_readahead=0x00020000
   INIT: 7.19
   flags=0x00000011
   max_readahead=0x00020000
   max_write=0x00001000
   max_background=0
   congestion_threshold=0
   unique: 2, success, outsize: 40
unique: 4, opcode: GETATTR (3), nodeid: 1, insize: 56, pid: 12314
getattr /
   unique: 4, success, outsize: 120
unique: 6, opcode: ACCESS (34), nodeid: 1, insize: 48, pid: 11887
   unique: 6, error: -38 (Function not implemented), outsize: 16
unique: 8, opcode: STATFS (17), nodeid: 1, insize: 40, pid: 12316
statfs /
   unique: 8, success, outsize: 96
unique: 10, opcode: LOOKUP (1), nodeid: 1, insize: 54, pid: 12316
LOOKUP /shake-med.txt
getattr /shake-med.txt
   NODEID: 2
   unique: 10, success, outsize: 144
unique: 12, opcode: GETXATTR (22), nodeid: 2, insize: 68, pid: 12316
   unique: 12, error: -38 (Function not implemented), outsize: 16
unique: 14, opcode: SETATTR (4), nodeid: 2, insize: 128, pid: 12316
truncate /shake-med.txt 20480
vsfs: bitmap.c:90: bitmap_free: Assertion `index < nbits' failed.
FUSE library version: 2.9.9
nullpath_ok: 0
nopath: 0
utime_omit_ok: 0
unique: 2, opcode: INIT (26), nodeid: 0, insize: 56, pid: 0
INIT: 7.34
flags=0x33fffffb
max_readahead=0x00020000
   INIT: 7.19
   flags=0x00000011
   max_readahead=0x00020000
   max_write=0x00001000
   max_background=0
   congestion_threshold=0
   unique: 2, success, outsize: 40
unique: 4, opcode: GETATTR (3), nodeid: 1, insize: 56, pid: 37759
getattr /
   unique: 4, success, outsize: 120
unique: 6, opcode: ACCESS (34), nodeid: 1, insize: 48, pid: 37326
   unique: 6, error: -38 (Function not implemented), outsize: 16
unique: 8, opcode: STATFS (17), nodeid: 1, insize: 40, pid: 37761
statfs /
   unique: 8, success, outsize: 96
unique: 10, opcode: LOOKUP (1), nodeid: 1, insize: 54, pid: 37761
LOOKUP /shake-med.txt
getattr /shake-med.txt
   NODEID: 2
   unique: 10, success, outsize: 144
unique: 12, opcode: GETXATTR (22), nodeid: 2, insize: 68, pid: 37761
   unique: 12, error: -38 (Function not implemented), outsize: 16
unique: 14, opcode: SETATTR (4), nodeid: 2, insize: 128, pid: 37761
truncate /shake-med.txt 20480
vsfs: bitmap.c:90: bitmap_free: Assertion `index < nbits' failed.
FUSE library version: 2.9.9
nullpath_ok: 0
nopath: 0
utime_omit_ok: 0
unique: 2, opcode: INIT (26), nodeid: 0, insize: 56, pid: 0
INIT: 7.34
flags=0x33fffffb
max_readahead=0x00020000
   INIT: 7.19
   flags=0x00000011
   max_readahead=0x00020000
   max_write=0x00001000
   max_background=0
   congestion_threshold=0
   unique: 2, success, outsize: 40
unique: 4, opcode: GETATTR (3), nodeid: 1, insize: 56, pid: 41408
getattr /
   unique: 4, success, outsize: 120
unique: 6, opcode: ACCESS (34), nodeid: 1, insize: 48, pid: 40782
   unique: 6, error: -38 (Function not implemented), outsize: 16
unique: 8, opcode: STATFS (17), nodeid: 1, insize: 40, pid: 41410
statfs /
   unique: 8, success, outsize: 96
unique: 10, opcode: LOOKUP (1), nodeid: 1, insize: 54, pid: 41410
LOOKUP /shake-med.txt
getattr /shake-med.txt
   NODEID: 2
   unique: 10, success, outsize: 144
unique: 12, opcode: GETXATTR (22), nodeid: 2, insize: 68, pid: 41410
   unique: 12, error: -38 (Function not implemented), outsize: 16
unique: 14, opcode: SETATTR (4), nodeid: 2, insize: 128, pid: 41410
truncate /shake-med.txt 20480
vsfs: bitmap.c:90: bitmap_free: Assertion `index < nbits' failed.
FUSE library version: 2.9.9
nullpath_ok: 0
nopath: 0
utime_omit_ok: 0
unique: 2, opcode: INIT (26), nodeid: 0, insize: 56, pid: 0
INIT: 7.34
flags=0x33fffffb
max_readahead=0x00020000
   INIT: 7.19
   flags=0x00000011
   max_readahead=0x00020000
   max_write=0x00001000
   max_background=0
   congestion_threshold=0
   unique: 2, success, outsize: 40
unique: 4, opcode: GETATTR (3), nodeid: 1, insize: 56, pid: 5700
getattr /
   unique: 4, success, outsize: 120
unique: 6, opcode: ACCESS (34), nodeid: 1, insize: 48, pid: 5358
   unique: 6, error: -38 (Function not implemented), outsize: 16
unique: 8, opcode: STATFS (17), nodeid: 1, insize: 40, pid: 5702
statfs /
   unique: 8, success, outsize: 96
unique: 10, opcode: LOOKUP (1), nodeid: 1, insize: 54, pid: 5702
LOOKUP /shake-med.txt
getattr /shake-med.txt
   NODEID: 2
   unique: 10, success, outsize: 144
unique: 12, opcode: GETXATTR (22), nodeid: 2, insize: 68, pid: 5702
   unique: 12, error: -38 (Function not implemented), outsize: 16
unique: 14, opcode: SETATTR (4), nodeid: 2, insize: 128, pid: 5702
truncate /shake-med.txt 20480
vsfs: bitmap.c:90: bitmap_free: Assertion `index < nbits' failed.
FUSE library version: 2.9.9
nullpath_ok: 0
nopath: 0
utime_omit_ok: 0
unique: 2, opcode: INIT (26), nodeid: 0, insize: 56, pid: 0
INIT: 7.34
flags=0x33fffffb
max_readahead=0x00020000
   INIT: 7.19
   flags=0x00000011
   max_readahead=0x00020000
   max_write=0x00001000
   max_background=0
   congestion_threshold=0
   unique: 2, success, outsize: 40
unique: 4, opcode: GETATTR (3), nodeid: 1, insize: 56, pid: 7188
getattr /
   unique: 4, success, outsize: 120
unique: 6, opcode: ACCESS (34), nodeid: 1, insize: 48, pid: 6841
   unique: 6, error: -38 (Function not implemented), outsize: 16
unique: 8, opcode: STATFS (17), nodeid: 1, insize: 40, pid: 7190
statfs /
   unique: 8, success, outsize: 96
unique: 10, opcode: LOOKUP (1), nodeid: 1, insize: 54, pid: 7190
LOOKUP /shake-med.txt
getattr /shake-med.txt
   NODEID: 2
   unique: 10, success, outsize: 144
unique: 12, opcode: GETXATTR (22), nodeid: 2, insize: 68, pid: 7190
   unique: 12, error: -38 (Function not implemented), outsize: 16
unique: 14, opcode: SETATTR (4), nodeid: 2, insize: 128, pid: 7190
truncate /shake-med.txt 20480
vsfs: bitmap.c:90: bitmap_free: Assertion `index < nbits' failed.
FUSE library version: 2.9.9
nullpath_ok: 0
nopath: 0
utime_omit_ok: 0
unique: 2, opcode: INIT (26), nodeid: 0, insize: 56, pid: 0
INIT: 7.34
flags=0x33fffffb
max_readahead=0x00020000
   INIT: 7.19
   flags=0x00000011
   max_readahead=0x00020000
   max_write=0x00001000
   max_background=0
   congestion_threshold=0
   unique: 2, success, outsize: 40
unique: 4, opcode: GETATTR (3), nodeid: 1, insize: 56, pid: 31965
getattr /
   unique: 4, success, outsize: 120
unique: 6, opcode: ACCESS (34), nodeid: 1, insize: 48, pid: 31566
   unique: 6, error: -38 (Function not implemented), outsize: 16
unique: 8, opcode: STATFS (17), nodeid: 1, insize: 40, pid: 31967
statfs /
   unique: 8, success, outsize: 96
unique: 10, opcode: LOOKUP (1), nodeid: 1, insize: 54, pid: 31967
LOOKUP /shake-med.txt
getattr /shake-med.txt
   NODEID: 2
   unique: 10, success, outsize: 144
unique: 12, opcode: GETXATTR (22), nodeid: 2, insize: 68, pid: 31967
   unique: 12, error: -38 (Function not implemented), outsize: 16
unique: 14, opcode: SETATTR (4), nodeid: 2, insize: 128, pid: 31967
truncate /shake-med.txt 20480
vsfs: bitmap.c:90: bitmap_free: Assertion `index < nbits' failed.
FUSE library version: 2.9.9
nullpath_ok: 0
nopath: 0
utime_omit_ok: 0
unique: 2, opcode: INIT (26), nodeid: 0, insize: 56, pid: 0
INIT: 7.34
flags=0x33fffffb
max_readahead=0x00020000
   INIT: 7.19
   flags=0x00000011
   max_readahead=0x00020000
   max_write=0x00001000
   max_background=0
   congestion_threshold=0
   unique: 2, success, outsize: 40
unique: 4, opcode: GETATTR (3), nodeid: 1, insize: 56, pid: 27704
getattr /
   unique: 4, success, outsize: 120
unique: 6, opcode: ACCESS (34), nodeid: 1, insize: 48, pid: 27151
   unique: 6, error: -38 (Function not implemented), outsize: 16
unique: 8, opcode: STATFS (17), nodeid: 1, insize: 40, pid: 27706
statfs /
   unique: 8, success, outsize: 96
unique: 10, opcode: LOOKUP (1), nodeid: 1, insize: 54, pid: 27706
LOOKUP /shake-med.txt
getattr /shake-med.txt
   NODEID: 2
   unique: 10, success, outsize: 144
unique: 12, opcode: GETXATTR (22), nodeid: 2, insize: 68, pid: 27706
   unique: 12, error: -38 (Function not implemented), outsize: 16
unique: 14, opcode: SETATTR (4), nodeid: 2, insize: 128, pid: 27706
truncate /shake-med.txt 20480
vsfs: bitmap.c:90: bitmap_free: Assertion `index < nbits' failed.
FUSE library version: 2.9.9
nullpath_ok: 0
nopath: 0
utime_omit_ok: 0
unique: 2, opcode: INIT (26), nodeid: 0, insize: 56, pid: 0
INIT: 7.34
flags=0x33fffffb
max_readahead=0x00020000
   INIT: 7.19
   flags=0x00000011
   max_readahead=0x00020000
   max_write=0x00001000
   max_background=0
   congestion_threshold=0
   unique: 2, success, outsize: 40
unique: 4, opcode: GETATTR (3), nodeid: 1, insize: 56, pid: 33620
getattr /
   unique: 4, success, outsize: 120
unique: 6, opcode: ACCESS (34), nodeid: 1, insize: 48, pid: 33049
   unique: 6, error: -38 (Function not implemented), outsize: 16
unique: 8, opcode: STATFS (17), nodeid: 1, insize: 40, pid: 33622
statfs /
   unique: 8, success, outsize: 96
unique: 10, opcode: LOOKUP (1), nodeid: 1, insize: 54, pid: 33622
LOOKUP /shake-med.txt
getattr /shake-med.txt
   NODEID: 2
   unique: 10, success, outsize: 144
unique: 12, opcode: GETXATTR (22), nodeid: 2, insize: 68, pid: 33622
   unique: 12, error: -38 (Function not implemented), outsize: 16
unique: 14, opcode: SETATTR (4), nodeid: 2, insize: 128, pid: 33622
truncate /shake-med.txt 20480
vsfs: bitmap.c:90: bitmap_free: Assertion `index < nbits' failed.
FUSE library version: 2.9.9
nullpath_ok: 0
nopath: 0
utime_omit_ok: 0
unique: 2, opcode: INIT (26), nodeid: 0, insize: 56, pid: 0
INIT: 7.34
flags=0x33fffffb
max_readahead=0x00020000
   INIT: 7.19
   flags=0x00000011
   max_readahead=0x00020000
   max_write=0x00001000
   max_background=0
   congestion_threshold=0
   unique: 2, success, outsize: 40
unique: 4, opcode: GETATTR (3), nodeid: 1, insize: 56, pid: 35552
getattr /
   unique: 4, success, outsize: 120
unique: 6, opcode: ACCESS (34), nodeid: 1, insize: 48, pid: 35202
   unique: 6, error: -38 (Function not implemented), outsize: 16
unique: 8, opcode: STATFS (17), nodeid: 1, insize: 40, pid: 35554
statfs /
   unique: 8, success, outsize: 96
unique: 10, opcode: LOOKUP (1), nodeid: 1, insize: 54, pid: 35554
LOOKUP /shake-med.txt
getattr /shake-med.txt
   NODEID: 2
   unique: 10, success, outsize: 144
unique: 12, opcode: GETXATTR (22), nodeid: 2, insize: 68, pid: 35554
   unique: 12, error: -38 (Function not implemented), outsize: 16
unique: 14, opcode: SETATTR (4), nodeid: 2, insize: 128, pid: 35554
truncate /shake-med.txt 20480
vsfs: bitmap.c:91: bitmap_free: Assertion `(words[idx] & mask) != 0' failed.
FUSE library version: 2.9.9
nullpath_ok: 0
nopath: 0
utime_omit_ok: 0
unique: 2, opcode: INIT (26), nodeid: 0, insize: 56, pid: 0
INIT: 7.34
flags=0x33fffffb
max_readahead=0x00020000
   INIT: 7.19
   flags=0x00000011
   max_readahead=0x00020000
   max_write=0x00001000
   max_background=0
   congestion_threshold=0
   unique: 2, success, outsize: 40
unique: 4, opcode: GETATTR (3), nodeid: 1, insize: 56, pid: 53589
getattr /
   unique: 4, success, outsize: 120
unique: 6, opcode: ACCESS (34), nodeid: 1, insize: 48, pid: 53252
   unique: 6, error: -38 (Function not implemented), outsize: 16
unique: 8, opcode: STATFS (17), nodeid: 1, insize: 40, pid: 53591
statfs /
   unique: 8, success, outsize: 96
unique: 10, opcode: LOOKUP (1), nodeid: 1, insize: 54, pid: 53591
LOOKUP /shake-med.txt
getattr /shake-med.txt
   NODEID: 2
   unique: 10, success, outsize: 144
unique: 12, opcode: GETXATTR (22), nodeid: 2, insize: 68, pid: 53591
   unique: 12, error: -38 (Function not implemented), outsize: 16
unique: 14, opcode: SETATTR (4), nodeid: 2, insize: 128, pid: 53591
truncate /shake-med.txt 20480
vsfs: bitmap.c:91: bitmap_free: Assertion `(words[idx] & mask) != 0' failed.
FUSE library version: 2.9.9
nullpath_ok: 0
nopath: 0
utime_omit_ok: 0
unique: 2, opcode: INIT (26), nodeid: 0, insize: 56, pid: 0
INIT: 7.34
flags=0x33fffffb
max_readahead=0x00020000
   INIT: 7.19
   flags=0x00000011
   max_readahead=0x00020000
   max_write=0x00001000
   max_background=0
   congestion_threshold=0
   unique: 2, success, outsize: 40
unique: 4, opcode: GETATTR (3), nodeid: 1, insize: 56, pid: 62576
getattr /
   unique: 4, success, outsize: 120
unique: 6, opcode: ACCESS (34), nodeid: 1, insize: 48, pid: 61884
   unique: 6, error: -38 (Function not implemented), outsize: 16
unique: 8, opcode: STATFS (17), nodeid: 1, insize: 40, pid: 62579
statfs /
   unique: 8, success, outsize: 96
unique: 10, opcode: LOOKUP (1), nodeid: 1, insize: 54, pid: 62579
LOOKUP /shake-med.txt
getattr /shake-med.txt
   NODEID: 2
   unique: 10, success, outsize: 144
unique: 12, opcode: GETXATTR (22), nodeid: 2, insize: 68, pid: 62579
   unique: 12, error: -38 (Function not implemented), outsize: 16
unique: 14, opcode: SETATTR (4), nodeid: 2, insize: 128, pid: 62579
truncate /shake-med.txt 20480
vsfs: bitmap.c:91: bitmap_free: Assertion `(words[idx] & mask) != 0' failed.
FUSE library version: 2.9.9
nullpath_ok: 0
nopath: 0
utime_omit_ok: 0
unique: 2, opcode: INIT (26), nodeid: 0, insize: 56, pid: 0
INIT: 7.34
flags=0x33fffffb
max_readahead=0x00020000
   INIT: 7.19
   flags=0x00000011
   max_readahead=0x00020000
   max_write=0x00001000
   max_background=0
   congestion_threshold=0
   unique: 2, success, outsize: 40
unique: 4, opcode: GETATTR (3), nodeid: 1, insize: 56, pid: 5466
getattr /
   unique: 4, success, outsize: 120
unique: 6, opcode: ACCESS (34), nodeid: 1, insize: 48, pid: 4901
   unique: 6, error: -38 (Function not implemented), outsize: 16
unique: 8, opcode: STATFS (17), nodeid: 1, insize: 40, pid: 5468
statfs /
   unique: 8, success, outsize: 96
unique: 10, opcode: LOOKUP (1), nodeid: 1, insize: 54, pid: 5468
LOOKUP /shake-med.txt
getattr /shake-med.txt
   NODEID: 2
   unique: 10, success, outsize: 144
unique: 12, opcode: GETXATTR (22), nodeid: 2, insize: 68, pid: 5468
   unique: 12, error: -38 (Function not implemented), outsize: 16
unique: 14, opcode: SETATTR (4), nodeid: 2, insize: 128, pid: 5468
truncate /shake-med.txt 20480
vsfs: bitmap.c:91: bitmap_free: Assertion `(words[idx] & mask) != 0' failed.
FUSE library version: 2.9.9
nullpath_ok: 0
nopath: 0
utime_omit_ok: 0
unique: 2, opcode: INIT (26), nodeid: 0, insize: 56, pid: 0
INIT: 7.34
flags=0x33fffffb
max_readahead=0x00020000
   INIT: 7.19
   flags=0x00000011
   max_readahead=0x00020000
   max_write=0x00001000
   max_background=0
   congestion_threshold=0
   unique: 2, success, outsize: 40
unique: 4, opcode: GETATTR (3), nodeid: 1, insize: 56, pid: 8415
getattr /
   unique: 4, success, outsize: 120
unique: 6, opcode: ACCESS (34), nodeid: 1, insize: 48, pid: 8005
   unique: 6, error: -38 (Function not implemented), outsize: 16
unique: 8, opcode: STATFS (17), nodeid: 1, insize: 40, pid: 8417
statfs /
   unique: 8, success, outsize: 96
unique: 10, opcode: LOOKUP (1), nodeid: 1, insize: 54, pid: 8417
LOOKUP /shake-med.txt
getattr /shake-med.txt
   NODEID: 2
   unique: 10, success, outsize: 144
unique: 12, opcode: GETXATTR (22), nodeid: 2, insize: 68, pid: 8417
   unique: 12, error: -38 (Function not implemented), outsize: 16
unique: 14, opcode: SETATTR (4), nodeid: 2, insize: 128, pid: 8417
truncate /shake-med.txt 20480
vsfs: bitmap.c:91: bitmap_free: Assertion `(words[idx] & mask) != 0' failed.
FUSE library version: 2.9.9
nullpath_ok: 0
nopath: 0
utime_omit_ok: 0
unique: 2, opcode: INIT (26), nodeid: 0, insize: 56, pid: 0
INIT: 7.34
flags=0x33fffffb
max_readahead=0x00020000
   INIT: 7.19
   flags=0x00000011
   max_readahead=0x00020000
   max_write=0x00001000
   max_background=0
   congestion_threshold=0
   unique: 2, success, outsize: 40
unique: 4, opcode: GETATTR (3), nodeid: 1, insize: 56, pid: 39991
getattr /
   unique: 4, success, outsize: 120
unique: 6, opcode: ACCESS (34), nodeid: 1, insize: 48, pid: 39638
   unique: 6, error: -38 (Function not implemented), outsize: 16
unique: 8, opcode: STATFS (17), nodeid: 1, insize: 40, pid: 39993
statfs /
   unique: 8, success, outsize: 96
unique: 10, opcode: LOOKUP (1), nodeid: 1, insize: 54, pid: 39993
LOOKUP /shake-med.txt
getattr /shake-med.txt
   NODEID: 2
   unique: 10, success, outsize: 144
unique: 12, opcode: GETXATTR (22), nodeid: 2, insize: 68, pid: 39993
   unique: 12, error: -38 (Function not implemented), outsize: 16
unique: 14, opcode: SETATTR (4), nodeid: 2, insize: 128, pid: 39993
truncate /shake-med.txt 20480
getattr /shake-med.txt
   unique: 14, success, outsize: 120
unique: 16, opcode: STATFS (17), nodeid: 1, insize: 40, pid: 39993
statfs /
   unique: 16, success, outsize: 96
FUSE library version: 2.9.9
nullpath_ok: 0
nopath: 0
utime_omit_ok: 0
unique: 2, opcode: INIT (26), nodeid: 0, insize: 56, pid: 0
INIT: 7.34
flags=0x33fffffb
max_readahead=0x00020000
   INIT: 7.19
   flags=0x00000011
   max_readahead=0x00020000
   max_write=0x00001000
   max_background=0
   congestion_threshold=0
   unique: 2, success, outsize: 40
unique: 4, opcode: GETATTR (3), nodeid: 1, insize: 56, pid: 5044
getattr /
   unique: 4, success, outsize: 120
unique: 6, opcode: ACCESS (34), nodeid: 1, insize: 48, pid: 4690
   unique: 6, error: -38 (Function not implemented), outsize: 16
unique: 8, opcode: STATFS (17), nodeid: 1, insize: 40, pid: 5046
statfs /
   unique: 8, success, outsize: 96
unique: 10, opcode: LOOKUP (1), nodeid: 1, insize: 54, pid: 5046
LOOKUP /shake-med.txt
getattr /shake-med.txt
   NODEID: 2
   unique: 10, success, outsize: 144
unique: 12, opcode: GETXATTR (22), nodeid: 2, insize: 68, pid: 5046
   unique: 12, error: -38 (Function not implemented), outsize: 16
unique: 14, opcode: SETATTR (4), nodeid: 2, insize: 128, pid: 5046
truncate /shake-med.txt 20480
getattr /shake-med.txt
   unique: 14, success, outsize: 120
unique: 16, opcode: STATFS (17), nodeid: 1, insize: 40, pid: 5046
statfs /
   unique: 16, success, outsize: 96
FUSE library version: 2.9.9
nullpath_ok: 0
nopath: 0
utime_omit_ok: 0
unique: 2, opcode: INIT (26), nodeid: 0, insize: 56, pid: 0
INIT: 7.34
flags=0x33fffffb
max_readahead=0x00020000
   INIT: 7.19
   flags=0x00000011
   max_readahead=0x00020000
   max_write=0x00001000
   max_background=0
   congestion_threshold=0
   unique: 2, success, outsize: 40
unique: 4, opcode: GETATTR (3), nodeid: 1, insize: 56, pid: 14413
getattr /
   unique: 4, success, outsize: 120
unique: 6, opcode: ACCESS (34), nodeid: 1, insize: 48, pid: 13666
   unique: 6, error: -38 (Function not implemented), outsize: 16
unique: 8, opcode: STATFS (17), nodeid: 1, insize: 40, pid: 14415
statfs /
   unique: 8, success, outsize: 96
unique: 10, opcode: LOOKUP (1), nodeid: 1, insize: 54, pid: 14415
LOOKUP /shake-med.txt
getattr /shake-med.txt
   NODEID: 2
   unique: 10, success, outsize: 144
unique: 12, opcode: GETXATTR (22), nodeid: 2, insize: 68, pid: 14415
   unique: 12, error: -38 (Function not implemented), outsize: 16
unique: 14, opcode: SETATTR (4), nodeid: 2, insize: 128, pid: 14415
truncate /shake-med.txt 20480
getattr /shake-med.txt
   unique: 14, success, outsize: 120
unique: 16, opcode: STATFS (17), nodeid: 1, insize: 40, pid: 14415
statfs /
   unique: 16, success, outsize: 96
FUSE library version: 2.9.9
nullpath_ok: 0
nopath: 0
utime_omit_ok: 0
unique: 2, opcode: INIT (26), nodeid: 0, insize: 56, pid: 0
INIT: 7.34
flags=0x33fffffb
max_readahead=0x00020000
   INIT: 7.19
   flags=0x00000011
   max_readahead=0x00020000
   max_write=0x00001000
   max_background=0
   congestion_threshold=0
   unique: 2, success, outsize: 40
unique: 4, opcode: GETATTR (3), nodeid: 1, insize: 56, pid: 20363
getattr /
   unique: 4, success, outsize: 120
unique: 6, opcode: ACCESS (34), nodeid: 1, insize: 48, pid: 19552
   unique: 6, error: -38 (Function not implemented), outsize: 16
unique: 8, opcode: STATFS (17), nodeid: 1, insize: 40, pid: 20365
statfs /
   unique: 8, success, outsize: 96
unique: 10, opcode: LOOKUP (1), nodeid: 1, insize: 54, pid: 20365
LOOKUP /shake-med.txt
getattr /shake-med.txt
   NODEID: 2
   unique: 10, success, outsize: 144
unique: 12, opcode: GETXATTR (22), nodeid: 2, insize: 68, pid: 20365
   unique: 12, error: -38 (Function not implemented), outsize: 16
unique: 14, opcode: SETATTR (4), nodeid: 2, insize: 128, pid: 20365
truncate /shake-med.txt 20480
getattr /shake-med.txt
   unique: 14, success, outsize: 120
unique: 16, opcode: STATFS (17), nodeid: 1, insize: 40, pid: 20365
statfs /
   unique: 16, success, outsize: 96
