DONE CHECKING SUPERBLOCK. NO ERRORS FOUND.
ERROR: inode size and blocks fields are inconsistent. Need 8 blocks to store 32768 bytes, but i_blocks is 9
ERROR: inode size and blocks fields are inconsistent. Need 1029 blocks to store 4214784 bytes, but i_blocks is 0
DONE CHECKING INODES. ERRORS FOUND.
DONE CHECKING DIRECTORIES. NO ERRORS FOUND.
File system is inconsistent, but checking bitmaps anyway.
DONE CHECKING INODE BITMAP. NO ERRORS FOUND.
ERROR: Found 1029 bit mismatches.
ERROR: superblock free_blocks 3045 is inconsistent with on-disk data bitmap state (1050 allocated, 3046 free).
DONE CHECKING DATA BITMAP. ERRORS FOUND.
DONE CHECKING SUPERBLOCK. NO ERRORS FOUND.
ERROR: inode size and blocks fields are inconsistent. Need 1029 blocks to store 4214784 bytes, but i_blocks is 0
DONE CHECKING INODES. ERRORS FOUND.
DONE CHECKING DIRECTORIES. NO ERRORS FOUND.
File system is inconsistent, but checking bitmaps anyway.
DONE CHECKING INODE BITMAP. NO ERRORS FOUND.
ERROR: Found 1030 bit mismatches.
DONE CHECKING DATA BITMAP. ERRORS FOUND.
DONE CHECKING SUPERBLOCK. NO ERRORS FOUND.
ERROR: inode size and blocks fields are inconsistent. Need 1029 blocks to store 4214784 bytes, but i_blocks is 0
DONE CHECKING INODES. ERRORS FOUND.
DONE CHECKING DIRECTORIES. NO ERRORS FOUND.
File system is inconsistent, but checking bitmaps anyway.
DONE CHECKING INODE BITMAP. NO ERRORS FOUND.
ERROR: Found 1030 bit mismatches.
DONE CHECKING DATA BITMAP. ERRORS FOUND.
DONE CHECKING SUPERBLOCK. NO ERRORS FOUND.
ERROR: inode size and blocks fields are inconsistent. Need 1029 blocks to store 4214784 bytes, but i_blocks is 0
DONE CHECKING INODES. ERRORS FOUND.
DONE CHECKING DIRECTORIES. NO ERRORS FOUND.
File system is inconsistent, but checking bitmaps anyway.
DONE CHECKING INODE BITMAP. NO ERRORS FOUND.
ERROR: Found 1030 bit mismatches.
DONE CHECKING DATA BITMAP. ERRORS FOUND.
DONE CHECKING SUPERBLOCK. NO ERRORS FOUND.
ERROR: inode size and blocks fields are inconsistent. Need 1029 blocks to store 4214784 bytes, but i_blocks is 0
DONE CHECKING INODES. ERRORS FOUND.
DONE CHECKING DIRECTORIES. NO ERRORS FOUND.
File system is inconsistent, but checking bitmaps anyway.
DONE CHECKING INODE BITMAP. NO ERRORS FOUND.
ERROR: Found 1030 bit mismatches.
DONE CHECKING DATA BITMAP. ERRORS FOUND.
DONE CHECKING SUPERBLOCK. NO ERRORS FOUND.
ERROR: inode size and blocks fields are inconsistent. Need 1029 blocks to store 4214784 bytes, but i_blocks is 0
DONE CHECKING INODES. ERRORS FOUND.
DONE CHECKING DIRECTORIES. NO ERRORS FOUND.
File system is inconsistent, but checking bitmaps anyway.
DONE CHECKING INODE BITMAP. NO ERRORS FOUND.
ERROR: Found 1030 bit mismatches.
DONE CHECKING DATA BITMAP. ERRORS FOUND.
DONE CHECKING SUPERBLOCK. NO ERRORS FOUND.
ERROR: inode size and blocks fields are inconsistent. Need 1029 blocks to store 4214784 bytes, but i_blocks is 0
DONE CHECKING INODES. ERRORS FOUND.
DONE CHECKING DIRECTORIES. NO ERRORS FOUND.
File system is inconsistent, but checking bitmaps anyway.
DONE CHECKING INODE BITMAP. NO ERRORS FOUND.
ERROR: Found 1030 bit mismatches.
DONE CHECKING DATA BITMAP. ERRORS FOUND.
DONE CHECKING SUPERBLOCK. NO ERRORS FOUND.
ERROR: inode size and blocks fields are inconsistent. Need 1029 blocks to store 4214784 bytes, but i_blocks is 0
DONE CHECKING INODES. ERRORS FOUND.
DONE CHECKING DIRECTORIES. NO ERRORS FOUND.
File system is inconsistent, but checking bitmaps anyway.
DONE CHECKING INODE BITMAP. NO ERRORS FOUND.
ERROR: Found 1030 bit mismatches.
DONE CHECKING DATA BITMAP. ERRORS FOUND.
DONE CHECKING SUPERBLOCK. NO ERRORS FOUND.
ERROR: inode size and blocks fields are inconsistent. Need 1029 blocks to store 4214784 bytes, but i_blocks is 0
DONE CHECKING INODES. ERRORS FOUND.
DONE CHECKING DIRECTORIES. NO ERRORS FOUND.
File system is inconsistent, but checking bitmaps anyway.
DONE CHECKING INODE BITMAP. NO ERRORS FOUND.
ERROR: Found 1030 bit mismatches.
DONE CHECKING DATA BITMAP. ERRORS FOUND.
DONE CHECKING SUPERBLOCK. NO ERRORS FOUND.
ERROR: inode size and blocks fields are inconsistent. Need 1029 blocks to store 4214784 bytes, but i_blocks is 0
DONE CHECKING INODES. ERRORS FOUND.
DONE CHECKING DIRECTORIES. NO ERRORS FOUND.
File system is inconsistent, but checking bitmaps anyway.
DONE CHECKING INODE BITMAP. NO ERRORS FOUND.
ERROR: Found 1030 bit mismatches.
DONE CHECKING DATA BITMAP. ERRORS FOUND.
DONE CHECKING SUPERBLOCK. NO ERRORS FOUND.
ERROR: inode size and blocks fields are inconsistent. Need 1029 blocks to store 4214784 bytes, but i_blocks is 0
DONE CHECKING INODES. ERRORS FOUND.
DONE CHECKING DIRECTORIES. NO ERRORS FOUND.
File system is inconsistent, but checking bitmaps anyway.
DONE CHECKING INODE BITMAP. NO ERRORS FOUND.
ERROR: Found 1030 bit mismatches.
DONE CHECKING DATA BITMAP. ERRORS FOUND.
DONE CHECKING SUPERBLOCK. NO ERRORS FOUND.
ERROR: inode size and blocks fields are inconsistent. Need 1029 blocks to store 4214784 bytes, but i_blocks is 0
DONE CHECKING INODES. ERRORS FOUND.
DONE CHECKING DIRECTORIES. NO ERRORS FOUND.
File system is inconsistent, but checking bitmaps anyway.
DONE CHECKING INODE BITMAP. NO ERRORS FOUND.
ERROR: Found 1030 bit mismatches.
DONE CHECKING DATA BITMAP. ERRORS FOUND.
DONE CHECKING SUPERBLOCK. NO ERRORS FOUND.
ERROR: inode size and blocks fields are inconsistent. Need 1029 blocks to store 4214784 bytes, but i_blocks is 0
DONE CHECKING INODES. ERRORS FOUND.
DONE CHECKING DIRECTORIES. NO ERRORS FOUND.
File system is inconsistent, but checking bitmaps anyway.
DONE CHECKING INODE BITMAP. NO ERRORS FOUND.
ERROR: Found 1030 bit mismatches.
DONE CHECKING DATA BITMAP. ERRORS FOUND.
DONE CHECKING SUPERBLOCK. NO ERRORS FOUND.
ERROR: inode size and blocks fields are inconsistent. Need 1029 blocks to store 4214784 bytes, but i_blocks is 0
DONE CHECKING INODES. ERRORS FOUND.
DONE CHECKING DIRECTORIES. NO ERRORS FOUND.
File system is inconsistent, but checking bitmaps anyway.
DONE CHECKING INODE BITMAP. NO ERRORS FOUND.
ERROR: Found 1030 bit mismatches.
DONE CHECKING DATA BITMAP. ERRORS FOUND.
DONE CHECKING SUPERBLOCK. NO ERRORS FOUND.
ERROR: inode size and blocks fields are inconsistent. Need 1029 blocks to store 4214784 bytes, but i_blocks is 0
DONE CHECKING INODES. ERRORS FOUND.
DONE CHECKING DIRECTORIES. NO ERRORS FOUND.
File system is inconsistent, but checking bitmaps anyway.
DONE CHECKING INODE BITMAP. NO ERRORS FOUND.
ERROR: Found 1030 bit mismatches.
DONE CHECKING DATA BITMAP. ERRORS FOUND.
DONE CHECKING SUPERBLOCK. NO ERRORS FOUND.
ERROR: inode size and blocks fields are inconsistent. Need 1029 blocks to store 4214784 bytes, but i_blocks is 0
DONE CHECKING INODES. ERRORS FOUND.
DONE CHECKING DIRECTORIES. NO ERRORS FOUND.
File system is inconsistent, but checking bitmaps anyway.
DONE CHECKING INODE BITMAP. NO ERRORS FOUND.
ERROR: Found 1030 bit mismatches.
DONE CHECKING DATA BITMAP. ERRORS FOUND.
DONE CHECKING SUPERBLOCK. NO ERRORS FOUND.
ERROR: inode size and blocks fields are inconsistent. Need 1029 blocks to store 4214784 bytes, but i_blocks is 0
DONE CHECKING INODES. ERRORS FOUND.
DONE CHECKING DIRECTORIES. NO ERRORS FOUND.
File system is inconsistent, but checking bitmaps anyway.
DONE CHECKING INODE BITMAP. NO ERRORS FOUND.
ERROR: Found 1030 bit mismatches.
DONE CHECKING DATA BITMAP. ERRORS FOUND.
DONE CHECKING SUPERBLOCK. NO ERRORS FOUND.
ERROR: inode size and blocks fields are inconsistent. Need 1029 blocks to store 4214784 bytes, but i_blocks is 0
DONE CHECKING INODES. ERRORS FOUND.
DONE CHECKING DIRECTORIES. NO ERRORS FOUND.
File system is inconsistent, but checking bitmaps anyway.
DONE CHECKING INODE BITMAP. NO ERRORS FOUND.
ERROR: Found 1030 bit mismatches.
DONE CHECKING DATA BITMAP. ERRORS FOUND.
DONE CHECKING SUPERBLOCK. NO ERRORS FOUND.
ERROR: inode size and blocks fields are inconsistent. Need 1029 blocks to store 4214784 bytes, but i_blocks is 0
DONE CHECKING INODES. ERRORS FOUND.
DONE CHECKING DIRECTORIES. NO ERRORS FOUND.
File system is inconsistent, but checking bitmaps anyway.
DONE CHECKING INODE BITMAP. NO ERRORS FOUND.
ERROR: Found 1030 bit mismatches.
DONE CHECKING DATA BITMAP. ERRORS FOUND.
DONE CHECKING SUPERBLOCK. NO ERRORS FOUND.
ERROR: inode size and blocks fields are inconsistent. Need 1029 blocks to store 4214784 bytes, but i_blocks is 0
DONE CHECKING INODES. ERRORS FOUND.
DONE CHECKING DIRECTORIES. NO ERRORS FOUND.
File system is inconsistent, but checking bitmaps anyway.
DONE CHECKING INODE BITMAP. NO ERRORS FOUND.
ERROR: Found 1030 bit mismatches.
DONE CHECKING DATA BITMAP. ERRORS FOUND.
DONE CHECKING SUPERBLOCK. NO ERRORS FOUND.
ERROR: inode size and blocks fields are inconsistent. Need 1029 blocks to store 4214784 bytes, but i_blocks is 0
DONE CHECKING INODES. ERRORS FOUND.
DONE CHECKING DIRECTORIES. NO ERRORS FOUND.
File system is inconsistent, but checking bitmaps anyway.
DONE CHECKING INODE BITMAP. NO ERRORS FOUND.
ERROR: Found 1030 bit mismatches.
DONE CHECKING DATA BITMAP. ERRORS FOUND.
DONE CHECKING SUPERBLOCK. NO ERRORS FOUND.
ERROR: inode size and blocks fields are inconsistent. Need 1029 blocks to store 4214784 bytes, but i_blocks is 0
DONE CHECKING INODES. ERRORS FOUND.
DONE CHECKING DIRECTORIES. NO ERRORS FOUND.
File system is inconsistent, but checking bitmaps anyway.
DONE CHECKING INODE BITMAP. NO ERRORS FOUND.
ERROR: Found 1030 bit mismatches.
DONE CHECKING DATA BITMAP. ERRORS FOUND.
DONE CHECKING SUPERBLOCK. NO ERRORS FOUND.
ERROR: inode size and blocks fields are inconsistent. Need 1029 blocks to store 4214784 bytes, but i_blocks is 0
DONE CHECKING INODES. ERRORS FOUND.
DONE CHECKING DIRECTORIES. NO ERRORS FOUND.
File system is inconsistent, but checking bitmaps anyway.
DONE CHECKING INODE BITMAP. NO ERRORS FOUND.
ERROR: Found 1030 bit mismatches.
DONE CHECKING DATA BITMAP. ERRORS FOUND.
DONE CHECKING SUPERBLOCK. NO ERRORS FOUND.
ERROR: inode size and blocks fields are inconsistent. Need 1029 blocks to store 4214784 bytes, but i_blocks is 0
DONE CHECKING INODES. ERRORS FOUND.
DONE CHECKING DIRECTORIES. NO ERRORS FOUND.
File system is inconsistent, but checking bitmaps anyway.
DONE CHECKING INODE BITMAP. NO ERRORS FOUND.
ERROR: Found 1030 bit mismatches.
DONE CHECKING DATA BITMAP. ERRORS FOUND.
DONE CHECKING SUPERBLOCK. NO ERRORS FOUND.
ERROR: inode size and blocks fields are inconsistent. Need 1029 blocks to store 4214784 bytes, but i_blocks is 0
DONE CHECKING INODES. ERRORS FOUND.
DONE CHECKING DIRECTORIES. NO ERRORS FOUND.
File system is inconsistent, but checking bitmaps anyway.
DONE CHECKING INODE BITMAP. NO ERRORS FOUND.
ERROR: Found 1030 bit mismatches.
DONE CHECKING DATA BITMAP. ERRORS FOUND.
DONE CHECKING SUPERBLOCK. NO ERRORS FOUND.
ERROR: block 1029 pointed to by inode block 1007 is not marked allocated in data bitmap.
DONE CHECKING INODES. ERRORS FOUND.
DONE CHECKING DIRECTORIES. NO ERRORS FOUND.
File system is inconsistent, but checking bitmaps anyway.
DONE CHECKING INODE BITMAP. NO ERRORS FOUND.
ERROR: Found 2 bit mismatches.
DONE CHECKING DATA BITMAP. ERRORS FOUND.
DONE CHECKING SUPERBLOCK. NO ERRORS FOUND.
DONE CHECKING INODES. NO ERRORS FOUND.
DONE CHECKING DIRECTORIES. NO ERRORS FOUND.
DONE CHECKING INODE BITMAP. NO ERRORS FOUND.
ERROR: Found 2 bit mismatches.
DONE CHECKING DATA BITMAP. ERRORS FOUND.
DONE CHECKING SUPERBLOCK. NO ERRORS FOUND.
DONE CHECKING INODES. NO ERRORS FOUND.
DONE CHECKING DIRECTORIES. NO ERRORS FOUND.
DONE CHECKING INODE BITMAP. NO ERRORS FOUND.
ERROR: Found 2 bit mismatches.
DONE CHECKING DATA BITMAP. ERRORS FOUND.
DONE CHECKING SUPERBLOCK. NO ERRORS FOUND.
DONE CHECKING INODES. NO ERRORS FOUND.
DONE CHECKING DIRECTORIES. NO ERRORS FOUND.
DONE CHECKING INODE BITMAP. NO ERRORS FOUND.
ERROR: Found 2 bit mismatches.
DONE CHECKING DATA BITMAP. ERRORS FOUND.
DONE CHECKING SUPERBLOCK. NO ERRORS FOUND.
DONE CHECKING INODES. NO ERRORS FOUND.
DONE CHECKING DIRECTORIES. NO ERRORS FOUND.
DONE CHECKING INODE BITMAP. NO ERRORS FOUND.
ERROR: Found 2 bit mismatches.
DONE CHECKING DATA BITMAP. ERRORS FOUND.
DONE CHECKING SUPERBLOCK. NO ERRORS FOUND.
DONE CHECKING INODES. NO ERRORS FOUND.
DONE CHECKING DIRECTORIES. NO ERRORS FOUND.
DONE CHECKING INODE BITMAP. NO ERRORS FOUND.
ERROR: Found 2 bit mismatches.
DONE CHECKING DATA BITMAP. ERRORS FOUND.
DONE CHECKING SUPERBLOCK. NO ERRORS FOUND.
DONE CHECKING INODES. NO ERRORS FOUND.
DONE CHECKING DIRECTORIES. NO ERRORS FOUND.
DONE CHECKING INODE BITMAP. NO ERRORS FOUND.
DONE CHECKING DATA BITMAP. NO ERRORS FOUND.
DONE CHECKING SUPERBLOCK. NO ERRORS FOUND.
DONE CHECKING INODES. NO ERRORS FOUND.
DONE CHECKING DIRECTORIES. NO ERRORS FOUND.
DONE CHECKING INODE BITMAP. NO ERRORS FOUND.
DONE CHECKING DATA BITMAP. NO ERRORS FOUND.
