FUSE library version: 2.9.9
nullpath_ok: 0
nopath: 0
utime_omit_ok: 0
unique: 2, opcode: INIT (26), nodeid: 0, insize: 56, pid: 0
INIT: 7.34
flags=0x33fffffb
max_readahead=0x00020000
   INIT: 7.19
   flags=0x00000011
   max_readahead=0x00020000
   max_write=0x00001000
   max_background=0
   congestion_threshold=0
   unique: 2, success, outsize: 40
unique: 4, opcode: GETATTR (3), nodeid: 1, insize: 56, pid: 53849
getattr /
   unique: 4, success, outsize: 120
unique: 6, opcode: ACCESS (34), nodeid: 1, insize: 48, pid: 53228
   unique: 6, error: -38 (Function not implemented), outsize: 16
unique: 8, opcode: STATFS (17), nodeid: 1, insize: 40, pid: 53851
statfs /
   unique: 8, success, outsize: 96
unique: 10, opcode: LOOKUP (1), nodeid: 1, insize: 54, pid: 53851
LOOKUP /shake-med.txt
getattr /shake-med.txt
   NODEID: 2
   unique: 10, success, outsize: 144
unique: 12, opcode: GETXATTR (22), nodeid: 2, insize: 68, pid: 53851
   unique: 12, error: -38 (Function not implemented), outsize: 16
unique: 14, opcode: SETATTR (4), nodeid: 2, insize: 128, pid: 53851
truncate /shake-med.txt 32768
   unique: 14, error: -38 (Function not implemented), outsize: 16
FUSE library version: 2.9.9
nullpath_ok: 0
nopath: 0
utime_omit_ok: 0
unique: 2, opcode: INIT (26), nodeid: 0, insize: 56, pid: 0
INIT: 7.34
flags=0x33fffffb
max_readahead=0x00020000
   INIT: 7.19
   flags=0x00000011
   max_readahead=0x00020000
   max_write=0x00001000
   max_background=0
   congestion_threshold=0
   unique: 2, success, outsize: 40
unique: 4, opcode: GETATTR (3), nodeid: 1, insize: 56, pid: 43151
getattr /
   unique: 4, success, outsize: 120
unique: 6, opcode: ACCESS (34), nodeid: 1, insize: 48, pid: 42762
   unique: 6, error: -38 (Function not implemented), outsize: 16
unique: 8, opcode: STATFS (17), nodeid: 1, insize: 40, pid: 43153
statfs /
   unique: 8, success, outsize: 96
unique: 10, opcode: LOOKUP (1), nodeid: 1, insize: 54, pid: 43153
LOOKUP /shake-med.txt
getattr /shake-med.txt
   NODEID: 2
   unique: 10, success, outsize: 144
unique: 12, opcode: GETXATTR (22), nodeid: 2, insize: 68, pid: 43153
   unique: 12, error: -38 (Function not implemented), outsize: 16
unique: 14, opcode: SETATTR (4), nodeid: 2, insize: 128, pid: 43153
truncate /shake-med.txt 32768
getattr /shake-med.txt
   unique: 14, success, outsize: 120
unique: 16, opcode: STATFS (17), nodeid: 1, insize: 40, pid: 43153
statfs /
   unique: 16, success, outsize: 96
FUSE library version: 2.9.9
nullpath_ok: 0
nopath: 0
utime_omit_ok: 0
unique: 2, opcode: INIT (26), nodeid: 0, insize: 56, pid: 0
INIT: 7.34
flags=0x33fffffb
max_readahead=0x00020000
   INIT: 7.19
   flags=0x00000011
   max_readahead=0x00020000
   max_write=0x00001000
   max_background=0
   congestion_threshold=0
   unique: 2, success, outsize: 40
unique: 4, opcode: GETATTR (3), nodeid: 1, insize: 56, pid: 6246
getattr /
   unique: 4, success, outsize: 120
unique: 6, opcode: ACCESS (34), nodeid: 1, insize: 48, pid: 5601
   unique: 6, error: -38 (Function not implemented), outsize: 16
unique: 8, opcode: STATFS (17), nodeid: 1, insize: 40, pid: 6248
statfs /
   unique: 8, success, outsize: 96
unique: 10, opcode: LOOKUP (1), nodeid: 1, insize: 54, pid: 6248
LOOKUP /shake-med.txt
getattr /shake-med.txt
   NODEID: 2
   unique: 10, success, outsize: 144
unique: 12, opcode: GETXATTR (22), nodeid: 2, insize: 68, pid: 6248
   unique: 12, error: -38 (Function not implemented), outsize: 16
unique: 14, opcode: SETATTR (4), nodeid: 2, insize: 128, pid: 6248
truncate /shake-med.txt 32768
getattr /shake-med.txt
   unique: 14, success, outsize: 120
unique: 16, opcode: STATFS (17), nodeid: 1, insize: 40, pid: 6248
statfs /
   unique: 16, success, outsize: 96
FUSE library version: 2.9.9
nullpath_ok: 0
nopath: 0
utime_omit_ok: 0
unique: 2, opcode: INIT (26), nodeid: 0, insize: 56, pid: 0
INIT: 7.34
flags=0x33fffffb
max_readahead=0x00020000
   INIT: 7.19
   flags=0x00000011
   max_readahead=0x00020000
   max_write=0x00001000
   max_background=0
   congestion_threshold=0
   unique: 2, success, outsize: 40
unique: 4, opcode: GETATTR (3), nodeid: 1, insize: 56, pid: 34190
getattr /
   unique: 4, success, outsize: 120
unique: 6, opcode: ACCESS (34), nodeid: 1, insize: 48, pid: 33556
   unique: 6, error: -38 (Function not implemented), outsize: 16
unique: 8, opcode: STATFS (17), nodeid: 1, insize: 40, pid: 34192
statfs /
   unique: 8, success, outsize: 96
unique: 10, opcode: LOOKUP (1), nodeid: 1, insize: 54, pid: 34192
LOOKUP /shake-med.txt
getattr /shake-med.txt
   NODEID: 2
   unique: 10, success, outsize: 144
unique: 12, opcode: GETXATTR (22), nodeid: 2, insize: 68, pid: 34192
   unique: 12, error: -38 (Function not implemented), outsize: 16
unique: 14, opcode: SETATTR (4), nodeid: 2, insize: 128, pid: 34192
truncate /shake-med.txt 32768
getattr /shake-med.txt
   unique: 14, success, outsize: 120
unique: 16, opcode: STATFS (17), nodeid: 1, insize: 40, pid: 34192
statfs /
   unique: 16, success, outsize: 96
FUSE library version: 2.9.9
nullpath_ok: 0
nopath: 0
utime_omit_ok: 0
unique: 2, opcode: INIT (26), nodeid: 0, insize: 56, pid: 0
INIT: 7.34
flags=0x33fffffb
max_readahead=0x00020000
   INIT: 7.19
   flags=0x00000011
   max_readahead=0x00020000
   max_write=0x00001000
   max_background=0
   congestion_threshold=0
   unique: 2, success, outsize: 40
unique: 4, opcode: GETATTR (3), nodeid: 1, insize: 56, pid: 25969
getattr /
   unique: 4, success, outsize: 120
unique: 6, opcode: ACCESS (34), nodeid: 1, insize: 48, pid: 25620
   unique: 6, error: -38 (Function not implemented), outsize: 16
unique: 8, opcode: STATFS (17), nodeid: 1, insize: 40, pid: 25971
statfs /
   unique: 8, success, outsize: 96
unique: 10, opcode: LOOKUP (1), nodeid: 1, insize: 54, pid: 25971
LOOKUP /shake-med.txt
getattr /shake-med.txt
   NODEID: 2
   unique: 10, success, outsize: 144
unique: 12, opcode: GETXATTR (22), nodeid: 2, insize: 68, pid: 25971
   unique: 12, error: -38 (Function not implemented), outsize: 16
unique: 14, opcode: SETATTR (4), nodeid: 2, insize: 128, pid: 25971
truncate /shake-med.txt 32768
getattr /shake-med.txt
   unique: 14, success, outsize: 120
unique: 16, opcode: STATFS (17), nodeid: 1, insize: 40, pid: 25971
statfs /
   unique: 16, success, outsize: 96
FUSE library version: 2.9.9
nullpath_ok: 0
nopath: 0
utime_omit_ok: 0
unique: 2, opcode: INIT (26), nodeid: 0, insize: 56, pid: 0
INIT: 7.34
flags=0x33fffffb
max_readahead=0x00020000
   INIT: 7.19
   flags=0x00000011
   max_readahead=0x00020000
   max_write=0x00001000
   max_background=0
   congestion_threshold=0
   unique: 2, success, outsize: 40
unique: 4, opcode: GETATTR (3), nodeid: 1, insize: 56, pid: 2363
getattr /
   unique: 4, success, outsize: 120
unique: 6, opcode: ACCESS (34), nodeid: 1, insize: 48, pid: 1726
   unique: 6, error: -38 (Function not implemented), outsize: 16
unique: 8, opcode: STATFS (17), nodeid: 1, insize: 40, pid: 2365
statfs /
   unique: 8, success, outsize: 96
unique: 10, opcode: LOOKUP (1), nodeid: 1, insize: 54, pid: 2365
LOOKUP /shake-med.txt
getattr /shake-med.txt
   NODEID: 2
   unique: 10, success, outsize: 144
unique: 12, opcode: GETXATTR (22), nodeid: 2, insize: 68, pid: 2365
   unique: 12, error: -38 (Function not implemented), outsize: 16
unique: 14, opcode: SETATTR (4), nodeid: 2, insize: 128, pid: 2365
truncate /shake-med.txt 32768
getattr /shake-med.txt
   unique: 14, success, outsize: 120
unique: 16, opcode: STATFS (17), nodeid: 1, insize: 40, pid: 2365
statfs /
   unique: 16, success, outsize: 96
FUSE library version: 2.9.9
nullpath_ok: 0
nopath: 0
utime_omit_ok: 0
unique: 2, opcode: INIT (26), nodeid: 0, insize: 56, pid: 0
INIT: 7.34
flags=0x33fffffb
max_readahead=0x00020000
   INIT: 7.19
   flags=0x00000011
   max_readahead=0x00020000
   max_write=0x00001000
   max_background=0
   congestion_threshold=0
   unique: 2, success, outsize: 40
unique: 4, opcode: GETATTR (3), nodeid: 1, insize: 56, pid: 24882
getattr /
   unique: 4, success, outsize: 120
unique: 6, opcode: ACCESS (34), nodeid: 1, insize: 48, pid: 24199
   unique: 6, error: -38 (Function not implemented), outsize: 16
unique: 8, opcode: STATFS (17), nodeid: 1, insize: 40, pid: 24884
statfs /
   unique: 8, success, outsize: 96
unique: 10, opcode: LOOKUP (1), nodeid: 1, insize: 54, pid: 24884
LOOKUP /shake-med.txt
getattr /shake-med.txt
   NODEID: 2
   unique: 10, success, outsize: 144
unique: 12, opcode: GETXATTR (22), nodeid: 2, insize: 68, pid: 24884
   unique: 12, error: -38 (Function not implemented), outsize: 16
unique: 14, opcode: SETATTR (4), nodeid: 2, insize: 128, pid: 24884
truncate /shake-med.txt 32768
getattr /shake-med.txt
   unique: 14, success, outsize: 120
unique: 16, opcode: STATFS (17), nodeid: 1, insize: 40, pid: 24884
statfs /
   unique: 16, success, outsize: 96
FUSE library version: 2.9.9
nullpath_ok: 0
nopath: 0
utime_omit_ok: 0
unique: 2, opcode: INIT (26), nodeid: 0, insize: 56, pid: 0
INIT: 7.34
flags=0x33fffffb
max_readahead=0x00020000
   INIT: 7.19
   flags=0x00000011
   max_readahead=0x00020000
   max_write=0x00001000
   max_background=0
   congestion_threshold=0
   unique: 2, success, outsize: 40
unique: 4, opcode: GETATTR (3), nodeid: 1, insize: 56, pid: 35948
getattr /
   unique: 4, success, outsize: 120
unique: 6, opcode: ACCESS (34), nodeid: 1, insize: 48, pid: 35529
   unique: 6, error: -38 (Function not implemented), outsize: 16
unique: 8, opcode: STATFS (17), nodeid: 1, insize: 40, pid: 35950
statfs /
   unique: 8, success, outsize: 96
unique: 10, opcode: LOOKUP (1), nodeid: 1, insize: 54, pid: 35950
LOOKUP /shake-med.txt
getattr /shake-med.txt
   NODEID: 2
   unique: 10, success, outsize: 144
unique: 12, opcode: GETXATTR (22), nodeid: 2, insize: 68, pid: 35950
   unique: 12, error: -38 (Function not implemented), outsize: 16
unique: 14, opcode: SETATTR (4), nodeid: 2, insize: 128, pid: 35950
truncate /shake-med.txt 32768
getattr /shake-med.txt
   unique: 14, success, outsize: 120
unique: 16, opcode: STATFS (17), nodeid: 1, insize: 40, pid: 35950
statfs /
   unique: 16, success, outsize: 96
FUSE library version: 2.9.9
nullpath_ok: 0
nopath: 0
utime_omit_ok: 0
unique: 2, opcode: INIT (26), nodeid: 0, insize: 56, pid: 0
INIT: 7.34
flags=0x33fffffb
max_readahead=0x00020000
   INIT: 7.19
   flags=0x00000011
   max_readahead=0x00020000
   max_write=0x00001000
   max_background=0
   congestion_threshold=0
   unique: 2, success, outsize: 40
unique: 4, opcode: GETATTR (3), nodeid: 1, insize: 56, pid: 41288
getattr /
   unique: 4, success, outsize: 120
unique: 6, opcode: ACCESS (34), nodeid: 1, insize: 48, pid: 40899
   unique: 6, error: -38 (Function not implemented), outsize: 16
unique: 8, opcode: STATFS (17), nodeid: 1, insize: 40, pid: 41290
statfs /
   unique: 8, success, outsize: 96
unique: 10, opcode: LOOKUP (1), nodeid: 1, insize: 54, pid: 41290
LOOKUP /shake-med.txt
getattr /shake-med.txt
   NODEID: 2
   unique: 10, success, outsize: 144
unique: 12, opcode: GETXATTR (22), nodeid: 2, insize: 68, pid: 41290
   unique: 12, error: -38 (Function not implemented), outsize: 16
unique: 14, opcode: SETATTR (4), nodeid: 2, insize: 128, pid: 41290
truncate /shake-med.txt 32768
getattr /shake-med.txt
   unique: 14, success, outsize: 120
unique: 16, opcode: STATFS (17), nodeid: 1, insize: 40, pid: 41290
statfs /
   unique: 16, success, outsize: 96
FUSE library version: 2.9.9
nullpath_ok: 0
nopath: 0
utime_omit_ok: 0
unique: 2, opcode: INIT (26), nodeid: 0, insize: 56, pid: 0
INIT: 7.34
flags=0x33fffffb
max_readahead=0x00020000
   INIT: 7.19
   flags=0x00000011
   max_readahead=0x00020000
   max_write=0x00001000
   max_background=0
   congestion_threshold=0
   unique: 2, success, outsize: 40
unique: 4, opcode: GETATTR (3), nodeid: 1, insize: 56, pid: 50140
getattr /
   unique: 4, success, outsize: 120
unique: 6, opcode: ACCESS (34), nodeid: 1, insize: 48, pid: 49785
   unique: 6, error: -38 (Function not implemented), outsize: 16
unique: 8, opcode: STATFS (17), nodeid: 1, insize: 40, pid: 50142
statfs /
   unique: 8, success, outsize: 96
unique: 10, opcode: LOOKUP (1), nodeid: 1, insize: 54, pid: 50142
LOOKUP /shake-med.txt
getattr /shake-med.txt
   NODEID: 2
   unique: 10, success, outsize: 144
unique: 12, opcode: GETXATTR (22), nodeid: 2, insize: 68, pid: 50142
   unique: 12, error: -38 (Function not implemented), outsize: 16
unique: 14, opcode: SETATTR (4), nodeid: 2, insize: 128, pid: 50142
truncate /shake-med.txt 32768
getattr /shake-med.txt
   unique: 14, success, outsize: 120
unique: 16, opcode: STATFS (17), nodeid: 1, insize: 40, pid: 50142
statfs /
   unique: 16, success, outsize: 96
