FUSE library version: 2.9.9
nullpath_ok: 0
nopath: 0
utime_omit_ok: 0
unique: 2, opcode: INIT (26), nodeid: 0, insize: 56, pid: 0
INIT: 7.34
flags=0x33fffffb
max_readahead=0x00020000
   INIT: 7.19
   flags=0x00000011
   max_readahead=0x00020000
   max_write=0x00001000
   max_background=0
   congestion_threshold=0
   unique: 2, success, outsize: 40
unique: 4, opcode: GETATTR (3), nodeid: 1, insize: 56, pid: 2578
getattr /
   unique: 4, success, outsize: 120
unique: 6, opcode: LOOKUP (1), nodeid: 1, insize: 52, pid: 1726
LOOKUP /onefile.txt
getattr /onefile.txt
   NODEID: 2
   unique: 6, success, outsize: 144
unique: 8, opcode: OPEN (14), nodeid: 2, insize: 48, pid: 1726
   unique: 8, success, outsize: 32
unique: 10, opcode: IOCTL (39), nodeid: 2, insize: 72, pid: 1726
   unique: 10, success, outsize: 32
unique: 12, opcode: READ (15), nodeid: 2, insize: 80, pid: 1726
read[0] 4096 bytes from 8192 flags: 0x8000
   read[0] 90 bytes from 8192
   unique: 12, success, outsize: 106
unique: 14, opcode: FLUSH (25), nodeid: 2, insize: 64, pid: 1726
   unique: 14, error: -38 (Function not implemented), outsize: 16
unique: 16, opcode: RELEASE (18), nodeid: 2, insize: 64, pid: 0
   unique: 16, success, outsize: 16
FUSE library version: 2.9.9
nullpath_ok: 0
nopath: 0
utime_omit_ok: 0
unique: 2, opcode: INIT (26), nodeid: 0, insize: 56, pid: 0
INIT: 7.34
flags=0x33fffffb
max_readahead=0x00020000
   INIT: 7.19
   flags=0x00000011
   max_readahead=0x00020000
   max_write=0x00001000
   max_background=0
   congestion_threshold=0
   unique: 2, success, outsize: 40
unique: 4, opcode: GETATTR (3), nodeid: 1, insize: 56, pid: 25224
getattr /
   unique: 4, success, outsize: 120
unique: 6, opcode: LOOKUP (1), nodeid: 1, insize: 52, pid: 24199
LOOKUP /onefile.txt
getattr /onefile.txt
   NODEID: 2
   unique: 6, success, outsize: 144
unique: 8, opcode: OPEN (14), nodeid: 2, insize: 48, pid: 24199
   unique: 8, success, outsize: 32
unique: 10, opcode: IOCTL (39), nodeid: 2, insize: 72, pid: 24199
   unique: 10, success, outsize: 32
unique: 12, opcode: READ (15), nodeid: 2, insize: 80, pid: 24199
read[0] 4096 bytes from 8192 flags: 0x8000
   read[0] 90 bytes from 8192
   unique: 12, success, outsize: 106
unique: 14, opcode: FLUSH (25), nodeid: 2, insize: 64, pid: 24199
   unique: 14, error: -38 (Function not implemented), outsize: 16
unique: 16, opcode: RELEASE (18), nodeid: 2, insize: 64, pid: 0
   unique: 16, success, outsize: 16
FUSE library version: 2.9.9
nullpath_ok: 0
nopath: 0
utime_omit_ok: 0
unique: 2, opcode: INIT (26), nodeid: 0, insize: 56, pid: 0
INIT: 7.34
flags=0x33fffffb
max_readahead=0x00020000
   INIT: 7.19
   flags=0x00000011
   max_readahead=0x00020000
   max_write=0x00001000
   max_background=0
   congestion_threshold=0
   unique: 2, success, outsize: 40
unique: 4, opcode: GETATTR (3), nodeid: 1, insize: 56, pid: 36079
getattr /
   unique: 4, success, outsize: 120
unique: 6, opcode: LOOKUP (1), nodeid: 1, insize: 52, pid: 35529
LOOKUP /onefile.txt
getattr /onefile.txt
   NODEID: 2
   unique: 6, success, outsize: 144
unique: 8, opcode: OPEN (14), nodeid: 2, insize: 48, pid: 35529
   unique: 8, success, outsize: 32
unique: 10, opcode: IOCTL (39), nodeid: 2, insize: 72, pid: 35529
   unique: 10, success, outsize: 32
unique: 12, opcode: READ (15), nodeid: 2, insize: 80, pid: 35529
read[0] 4096 bytes from 8192 flags: 0x8000
   read[0] 90 bytes from 8192
   unique: 12, success, outsize: 106
unique: 14, opcode: FLUSH (25), nodeid: 2, insize: 64, pid: 35529
   unique: 14, error: -38 (Function not implemented), outsize: 16
unique: 16, opcode: RELEASE (18), nodeid: 2, insize: 64, pid: 0
   unique: 16, success, outsize: 16
FUSE library version: 2.9.9
nullpath_ok: 0
nopath: 0
utime_omit_ok: 0
unique: 2, opcode: INIT (26), nodeid: 0, insize: 56, pid: 0
INIT: 7.34
flags=0x33fffffb
max_readahead=0x00020000
   INIT: 7.19
   flags=0x00000011
   max_readahead=0x00020000
   max_write=0x00001000
   max_background=0
   congestion_threshold=0
   unique: 2, success, outsize: 40
unique: 4, opcode: GETATTR (3), nodeid: 1, insize: 56, pid: 41526
getattr /
   unique: 4, success, outsize: 120
unique: 6, opcode: LOOKUP (1), nodeid: 1, insize: 52, pid: 40899
LOOKUP /onefile.txt
getattr /onefile.txt
   NODEID: 2
   unique: 6, success, outsize: 144
unique: 8, opcode: OPEN (14), nodeid: 2, insize: 48, pid: 40899
   unique: 8, success, outsize: 32
unique: 10, opcode: IOCTL (39), nodeid: 2, insize: 72, pid: 40899
   unique: 10, success, outsize: 32
unique: 12, opcode: READ (15), nodeid: 2, insize: 80, pid: 40899
read[0] 4096 bytes from 8192 flags: 0x8000
   read[0] 90 bytes from 8192
   unique: 12, success, outsize: 106
unique: 14, opcode: FLUSH (25), nodeid: 2, insize: 64, pid: 40899
   unique: 14, error: -38 (Function not implemented), outsize: 16
unique: 16, opcode: RELEASE (18), nodeid: 2, insize: 64, pid: 0
   unique: 16, success, outsize: 16
FUSE library version: 2.9.9
nullpath_ok: 0
nopath: 0
utime_omit_ok: 0
unique: 2, opcode: INIT (26), nodeid: 0, insize: 56, pid: 0
INIT: 7.34
flags=0x33fffffb
max_readahead=0x00020000
   INIT: 7.19
   flags=0x00000011
   max_readahead=0x00020000
   max_write=0x00001000
   max_background=0
   congestion_threshold=0
   unique: 2, success, outsize: 40
unique: 4, opcode: GETATTR (3), nodeid: 1, insize: 56, pid: 50246
getattr /
   unique: 4, success, outsize: 120
unique: 6, opcode: LOOKUP (1), nodeid: 1, insize: 52, pid: 49785
LOOKUP /onefile.txt
getattr /onefile.txt
   NODEID: 2
   unique: 6, success, outsize: 144
unique: 8, opcode: OPEN (14), nodeid: 2, insize: 48, pid: 49785
   unique: 8, success, outsize: 32
unique: 10, opcode: IOCTL (39), nodeid: 2, insize: 72, pid: 49785
   unique: 10, success, outsize: 32
unique: 12, opcode: READ (15), nodeid: 2, insize: 80, pid: 49785
read[0] 4096 bytes from 8192 flags: 0x8000
   read[0] 90 bytes from 8192
   unique: 12, success, outsize: 106
unique: 14, opcode: FLUSH (25), nodeid: 2, insize: 64, pid: 49785
   unique: 14, error: -38 (Function not implemented), outsize: 16
unique: 16, opcode: RELEASE (18), nodeid: 2, insize: 64, pid: 0
   unique: 16, success, outsize: 16
FUSE library version: 2.9.9
nullpath_ok: 0
nopath: 0
utime_omit_ok: 0
unique: 2, opcode: INIT (26), nodeid: 0, insize: 56, pid: 0
INIT: 7.34
flags=0x33fffffb
max_readahead=0x00020000
   INIT: 7.19
   flags=0x00000011
   max_readahead=0x00020000
   max_write=0x00001000
   max_background=0
   congestion_threshold=0
   unique: 2, success, outsize: 40
unique: 4, opcode: GETATTR (3), nodeid: 1, insize: 56, pid: 54006
getattr /
   unique: 4, success, outsize: 120
unique: 6, opcode: LOOKUP (1), nodeid: 1, insize: 52, pid: 53528
LOOKUP /onefile.txt
getattr /onefile.txt
   NODEID: 2
   unique: 6, success, outsize: 144
unique: 8, opcode: OPEN (14), nodeid: 2, insize: 48, pid: 53528
   unique: 8, success, outsize: 32
unique: 10, opcode: IOCTL (39), nodeid: 2, insize: 72, pid: 53528
   unique: 10, success, outsize: 32
unique: 12, opcode: READ (15), nodeid: 2, insize: 80, pid: 53528
read[0] 4096 bytes from 8192 flags: 0x8000
   read[0] 90 bytes from 8192
   unique: 12, success, outsize: 106
unique: 14, opcode: FLUSH (25), nodeid: 2, insize: 64, pid: 53528
   unique: 14, error: -38 (Function not implemented), outsize: 16
unique: 16, opcode: RELEASE (18), nodeid: 2, insize: 64, pid: 0
   unique: 16, success, outsize: 16
FUSE library version: 2.9.9
nullpath_ok: 0
nopath: 0
utime_omit_ok: 0
unique: 2, opcode: INIT (26), nodeid: 0, insize: 56, pid: 0
INIT: 7.34
flags=0x33fffffb
max_readahead=0x00020000
   INIT: 7.19
   flags=0x00000011
   max_readahead=0x00020000
   max_write=0x00001000
   max_background=0
   congestion_threshold=0
   unique: 2, success, outsize: 40
unique: 4, opcode: GETATTR (3), nodeid: 1, insize: 56, pid: 64062
getattr /
   unique: 4, success, outsize: 120
unique: 6, opcode: LOOKUP (1), nodeid: 1, insize: 52, pid: 63576
LOOKUP /onefile.txt
getattr /onefile.txt
   NODEID: 2
   unique: 6, success, outsize: 144
unique: 8, opcode: OPEN (14), nodeid: 2, insize: 48, pid: 63576
   unique: 8, success, outsize: 32
unique: 10, opcode: IOCTL (39), nodeid: 2, insize: 72, pid: 63576
   unique: 10, success, outsize: 32
unique: 12, opcode: READ (15), nodeid: 2, insize: 80, pid: 63576
read[0] 4096 bytes from 8192 flags: 0x8000
   read[0] 90 bytes from 8192
   unique: 12, success, outsize: 106
unique: 14, opcode: FLUSH (25), nodeid: 2, insize: 64, pid: 63576
   unique: 14, error: -38 (Function not implemented), outsize: 16
unique: 16, opcode: RELEASE (18), nodeid: 2, insize: 64, pid: 0
   unique: 16, success, outsize: 16
FUSE library version: 2.9.9
nullpath_ok: 0
nopath: 0
utime_omit_ok: 0
unique: 2, opcode: INIT (26), nodeid: 0, insize: 56, pid: 0
INIT: 7.34
flags=0x33fffffb
max_readahead=0x00020000
   INIT: 7.19
   flags=0x00000011
   max_readahead=0x00020000
   max_write=0x00001000
   max_background=0
   congestion_threshold=0
   unique: 2, success, outsize: 40
unique: 4, opcode: GETATTR (3), nodeid: 1, insize: 56, pid: 33217
getattr /
   unique: 4, success, outsize: 120
unique: 6, opcode: LOOKUP (1), nodeid: 1, insize: 52, pid: 31951
LOOKUP /onefile.txt
getattr /onefile.txt
   NODEID: 2
   unique: 6, success, outsize: 144
unique: 8, opcode: OPEN (14), nodeid: 2, insize: 48, pid: 31951
   unique: 8, success, outsize: 32
unique: 10, opcode: IOCTL (39), nodeid: 2, insize: 72, pid: 31951
   unique: 10, success, outsize: 32
unique: 12, opcode: READ (15), nodeid: 2, insize: 80, pid: 31951
read[0] 4096 bytes from 8192 flags: 0x8000
   read[0] 90 bytes from 8192
   unique: 12, success, outsize: 106
unique: 14, opcode: FLUSH (25), nodeid: 2, insize: 64, pid: 31951
   unique: 14, error: -38 (Function not implemented), outsize: 16
unique: 16, opcode: RELEASE (18), nodeid: 2, insize: 64, pid: 0
   unique: 16, success, outsize: 16
FUSE library version: 2.9.9
nullpath_ok: 0
nopath: 0
utime_omit_ok: 0
unique: 2, opcode: INIT (26), nodeid: 0, insize: 56, pid: 0
INIT: 7.34
flags=0x33fffffb
max_readahead=0x00020000
   INIT: 7.19
   flags=0x00000011
   max_readahead=0x00020000
   max_write=0x00001000
   max_background=0
   congestion_threshold=0
   unique: 2, success, outsize: 40
unique: 4, opcode: GETATTR (3), nodeid: 1, insize: 56, pid: 31946
getattr /
   unique: 4, success, outsize: 120
unique: 6, opcode: LOOKUP (1), nodeid: 1, insize: 52, pid: 31357
LOOKUP /onefile.txt
getattr /onefile.txt
   NODEID: 2
   unique: 6, success, outsize: 144
unique: 8, opcode: OPEN (14), nodeid: 2, insize: 48, pid: 31357
   unique: 8, success, outsize: 32
unique: 10, opcode: IOCTL (39), nodeid: 2, insize: 72, pid: 31357
   unique: 10, success, outsize: 32
unique: 12, opcode: READ (15), nodeid: 2, insize: 80, pid: 31357
read[0] 4096 bytes from 8192 flags: 0x8000
   read[0] 90 bytes from 8192
   unique: 12, success, outsize: 106
unique: 14, opcode: FLUSH (25), nodeid: 2, insize: 64, pid: 31357
   unique: 14, error: -38 (Function not implemented), outsize: 16
unique: 16, opcode: RELEASE (18), nodeid: 2, insize: 64, pid: 0
   unique: 16, success, outsize: 16
FUSE library version: 2.9.9
nullpath_ok: 0
nopath: 0
utime_omit_ok: 0
unique: 2, opcode: INIT (26), nodeid: 0, insize: 56, pid: 0
INIT: 7.34
flags=0x33fffffb
max_readahead=0x00020000
   INIT: 7.19
   flags=0x00000011
   max_readahead=0x00020000
   max_write=0x00001000
   max_background=0
   congestion_threshold=0
   unique: 2, success, outsize: 40
unique: 4, opcode: GETATTR (3), nodeid: 1, insize: 56, pid: 30790
getattr /
   unique: 4, success, outsize: 120
unique: 6, opcode: LOOKUP (1), nodeid: 1, insize: 52, pid: 30261
LOOKUP /onefile.txt
getattr /onefile.txt
   NODEID: 2
   unique: 6, success, outsize: 144
unique: 8, opcode: OPEN (14), nodeid: 2, insize: 48, pid: 30261
   unique: 8, success, outsize: 32
unique: 10, opcode: IOCTL (39), nodeid: 2, insize: 72, pid: 30261
   unique: 10, success, outsize: 32
unique: 12, opcode: READ (15), nodeid: 2, insize: 80, pid: 30261
read[0] 4096 bytes from 8192 flags: 0x8000
   read[0] 90 bytes from 8192
   unique: 12, success, outsize: 106
unique: 14, opcode: FLUSH (25), nodeid: 2, insize: 64, pid: 30261
   unique: 14, error: -38 (Function not implemented), outsize: 16
unique: 16, opcode: RELEASE (18), nodeid: 2, insize: 64, pid: 0
   unique: 16, success, outsize: 16
FUSE library version: 2.9.9
nullpath_ok: 0
nopath: 0
utime_omit_ok: 0
unique: 2, opcode: INIT (26), nodeid: 0, insize: 56, pid: 0
INIT: 7.34
flags=0x33fffffb
max_readahead=0x00020000
   INIT: 7.19
   flags=0x00000011
   max_readahead=0x00020000
   max_write=0x00001000
   max_background=0
   congestion_threshold=0
   unique: 2, success, outsize: 40
unique: 4, opcode: GETATTR (3), nodeid: 1, insize: 56, pid: 60040
getattr /
   unique: 4, success, outsize: 120
unique: 6, opcode: LOOKUP (1), nodeid: 1, insize: 52, pid: 59312
LOOKUP /onefile.txt
getattr /onefile.txt
   NODEID: 2
   unique: 6, success, outsize: 144
unique: 8, opcode: OPEN (14), nodeid: 2, insize: 48, pid: 59312
   unique: 8, success, outsize: 32
unique: 10, opcode: IOCTL (39), nodeid: 2, insize: 72, pid: 59312
   unique: 10, success, outsize: 32
unique: 12, opcode: READ (15), nodeid: 2, insize: 80, pid: 59312
read[0] 4096 bytes from 8192 flags: 0x8000
   read[0] 90 bytes from 8192
   unique: 12, success, outsize: 106
unique: 14, opcode: FLUSH (25), nodeid: 2, insize: 64, pid: 59312
   unique: 14, error: -38 (Function not implemented), outsize: 16
unique: 16, opcode: RELEASE (18), nodeid: 2, insize: 64, pid: 0
   unique: 16, success, outsize: 16
FUSE library version: 2.9.9
nullpath_ok: 0
nopath: 0
utime_omit_ok: 0
unique: 2, opcode: INIT (26), nodeid: 0, insize: 56, pid: 0
INIT: 7.34
flags=0x33fffffb
max_readahead=0x00020000
   INIT: 7.19
   flags=0x00000011
   max_readahead=0x00020000
   max_write=0x00001000
   max_background=0
   congestion_threshold=0
   unique: 2, success, outsize: 40
unique: 4, opcode: GETATTR (3), nodeid: 1, insize: 56, pid: 21765
getattr /
   unique: 4, success, outsize: 120
unique: 6, opcode: LOOKUP (1), nodeid: 1, insize: 52, pid: 20962
LOOKUP /onefile.txt
getattr /onefile.txt
   NODEID: 2
   unique: 6, success, outsize: 144
unique: 8, opcode: OPEN (14), nodeid: 2, insize: 48, pid: 20962
   unique: 8, success, outsize: 32
unique: 10, opcode: IOCTL (39), nodeid: 2, insize: 72, pid: 20962
   unique: 10, success, outsize: 32
unique: 12, opcode: READ (15), nodeid: 2, insize: 80, pid: 20962
read[0] 4096 bytes from 8192 flags: 0x8000
   read[0] 90 bytes from 8192
   unique: 12, success, outsize: 106
unique: 14, opcode: FLUSH (25), nodeid: 2, insize: 64, pid: 20962
   unique: 14, error: -38 (Function not implemented), outsize: 16
unique: 16, opcode: RELEASE (18), nodeid: 2, insize: 64, pid: 0
   unique: 16, success, outsize: 16
FUSE library version: 2.9.9
nullpath_ok: 0
nopath: 0
utime_omit_ok: 0
unique: 2, opcode: INIT (26), nodeid: 0, insize: 56, pid: 0
INIT: 7.34
flags=0x33fffffb
max_readahead=0x00020000
   INIT: 7.19
   flags=0x00000011
   max_readahead=0x00020000
   max_write=0x00001000
   max_background=0
   congestion_threshold=0
   unique: 2, success, outsize: 40
unique: 4, opcode: GETATTR (3), nodeid: 1, insize: 56, pid: 31397
getattr /
   unique: 4, success, outsize: 120
unique: 6, opcode: LOOKUP (1), nodeid: 1, insize: 52, pid: 30711
LOOKUP /onefile.txt
getattr /onefile.txt
   NODEID: 2
   unique: 6, success, outsize: 144
unique: 8, opcode: OPEN (14), nodeid: 2, insize: 48, pid: 30711
   unique: 8, success, outsize: 32
unique: 10, opcode: IOCTL (39), nodeid: 2, insize: 72, pid: 30711
   unique: 10, success, outsize: 32
unique: 12, opcode: READ (15), nodeid: 2, insize: 80, pid: 30711
read[0] 4096 bytes from 8192 flags: 0x8000
   read[0] 90 bytes from 8192
   unique: 12, success, outsize: 106
unique: 14, opcode: FLUSH (25), nodeid: 2, insize: 64, pid: 30711
   unique: 14, error: -38 (Function not implemented), outsize: 16
unique: 16, opcode: RELEASE (18), nodeid: 2, insize: 64, pid: 0
   unique: 16, success, outsize: 16
FUSE library version: 2.9.9
nullpath_ok: 0
nopath: 0
utime_omit_ok: 0
unique: 2, opcode: INIT (26), nodeid: 0, insize: 56, pid: 0
INIT: 7.34
flags=0x33fffffb
max_readahead=0x00020000
   INIT: 7.19
   flags=0x00000011
   max_readahead=0x00020000
   max_write=0x00001000
   max_background=0
   congestion_threshold=0
   unique: 2, success, outsize: 40
unique: 4, opcode: GETATTR (3), nodeid: 1, insize: 56, pid: 34605
getattr /
   unique: 4, success, outsize: 120
unique: 6, opcode: LOOKUP (1), nodeid: 1, insize: 52, pid: 33447
LOOKUP /onefile.txt
getattr /onefile.txt
   NODEID: 2
   unique: 6, success, outsize: 144
unique: 8, opcode: OPEN (14), nodeid: 2, insize: 48, pid: 33447
   unique: 8, success, outsize: 32
unique: 10, opcode: IOCTL (39), nodeid: 2, insize: 72, pid: 33447
   unique: 10, success, outsize: 32
unique: 12, opcode: READ (15), nodeid: 2, insize: 80, pid: 33447
read[0] 4096 bytes from 8192 flags: 0x8000
   read[0] 90 bytes from 8192
   unique: 12, success, outsize: 106
unique: 14, opcode: FLUSH (25), nodeid: 2, insize: 64, pid: 33447
   unique: 14, error: -38 (Function not implemented), outsize: 16
unique: 16, opcode: RELEASE (18), nodeid: 2, insize: 64, pid: 0
   unique: 16, success, outsize: 16
FUSE library version: 2.9.9
nullpath_ok: 0
nopath: 0
utime_omit_ok: 0
unique: 2, opcode: INIT (26), nodeid: 0, insize: 56, pid: 0
INIT: 7.34
flags=0x33fffffb
max_readahead=0x00020000
   INIT: 7.19
   flags=0x00000011
   max_readahead=0x00020000
   max_write=0x00001000
   max_background=0
   congestion_threshold=0
   unique: 2, success, outsize: 40
unique: 4, opcode: GETATTR (3), nodeid: 1, insize: 56, pid: 12932
getattr /
   unique: 4, success, outsize: 120
unique: 6, opcode: LOOKUP (1), nodeid: 1, insize: 52, pid: 12081
LOOKUP /onefile.txt
getattr /onefile.txt
   NODEID: 2
   unique: 6, success, outsize: 144
unique: 8, opcode: OPEN (14), nodeid: 2, insize: 48, pid: 12081
   unique: 8, success, outsize: 32
unique: 10, opcode: IOCTL (39), nodeid: 2, insize: 72, pid: 12081
   unique: 10, success, outsize: 32
unique: 12, opcode: READ (15), nodeid: 2, insize: 80, pid: 12081
read[0] 4096 bytes from 8192 flags: 0x8000
   read[0] 90 bytes from 8192
   unique: 12, success, outsize: 106
unique: 14, opcode: FLUSH (25), nodeid: 2, insize: 64, pid: 12081
   unique: 14, error: -38 (Function not implemented), outsize: 16
unique: 16, opcode: RELEASE (18), nodeid: 2, insize: 64, pid: 0
   unique: 16, success, outsize: 16
FUSE library version: 2.9.9
nullpath_ok: 0
nopath: 0
utime_omit_ok: 0
unique: 2, opcode: INIT (26), nodeid: 0, insize: 56, pid: 0
INIT: 7.34
flags=0x33fffffb
max_readahead=0x00020000
   INIT: 7.19
   flags=0x00000011
   max_readahead=0x00020000
   max_write=0x00001000
   max_background=0
   congestion_threshold=0
   unique: 2, success, outsize: 40
unique: 4, opcode: GETATTR (3), nodeid: 1, insize: 56, pid: 12461
getattr /
   unique: 4, success, outsize: 120
unique: 6, opcode: LOOKUP (1), nodeid: 1, insize: 52, pid: 11887
LOOKUP /onefile.txt
getattr /onefile.txt
   NODEID: 2
   unique: 6, success, outsize: 144
unique: 8, opcode: OPEN (14), nodeid: 2, insize: 48, pid: 11887
   unique: 8, success, outsize: 32
unique: 10, opcode: IOCTL (39), nodeid: 2, insize: 72, pid: 11887
   unique: 10, success, outsize: 32
unique: 12, opcode: READ (15), nodeid: 2, insize: 80, pid: 11887
read[0] 4096 bytes from 8192 flags: 0x8000
   read[0] 90 bytes from 8192
   unique: 12, success, outsize: 106
unique: 14, opcode: FLUSH (25), nodeid: 2, insize: 64, pid: 11887
   unique: 14, error: -38 (Function not implemented), outsize: 16
unique: 16, opcode: RELEASE (18), nodeid: 2, insize: 64, pid: 0
   unique: 16, success, outsize: 16
FUSE library version: 2.9.9
nullpath_ok: 0
nopath: 0
utime_omit_ok: 0
unique: 2, opcode: INIT (26), nodeid: 0, insize: 56, pid: 0
INIT: 7.34
flags=0x33fffffb
max_readahead=0x00020000
   INIT: 7.19
   flags=0x00000011
   max_readahead=0x00020000
   max_write=0x00001000
   max_background=0
   congestion_threshold=0
   unique: 2, success, outsize: 40
unique: 4, opcode: GETATTR (3), nodeid: 1, insize: 56, pid: 37869
getattr /
   unique: 4, success, outsize: 120
unique: 6, opcode: LOOKUP (1), nodeid: 1, insize: 52, pid: 37326
LOOKUP /onefile.txt
getattr /onefile.txt
   NODEID: 2
   unique: 6, success, outsize: 144
unique: 8, opcode: OPEN (14), nodeid: 2, insize: 48, pid: 37326
   unique: 8, success, outsize: 32
unique: 10, opcode: IOCTL (39), nodeid: 2, insize: 72, pid: 37326
   unique: 10, success, outsize: 32
unique: 12, opcode: READ (15), nodeid: 2, insize: 80, pid: 37326
read[0] 4096 bytes from 8192 flags: 0x8000
   read[0] 90 bytes from 8192
   unique: 12, success, outsize: 106
unique: 14, opcode: FLUSH (25), nodeid: 2, insize: 64, pid: 37326
   unique: 14, error: -38 (Function not implemented), outsize: 16
unique: 16, opcode: RELEASE (18), nodeid: 2, insize: 64, pid: 0
   unique: 16, success, outsize: 16
FUSE library version: 2.9.9
nullpath_ok: 0
nopath: 0
utime_omit_ok: 0
unique: 2, opcode: INIT (26), nodeid: 0, insize: 56, pid: 0
INIT: 7.34
flags=0x33fffffb
max_readahead=0x00020000
   INIT: 7.19
   flags=0x00000011
   max_readahead=0x00020000
   max_write=0x00001000
   max_background=0
   congestion_threshold=0
   unique: 2, success, outsize: 40
unique: 4, opcode: GETATTR (3), nodeid: 1, insize: 56, pid: 41570
getattr /
   unique: 4, success, outsize: 120
unique: 6, opcode: LOOKUP (1), nodeid: 1, insize: 52, pid: 40782
LOOKUP /onefile.txt
getattr /onefile.txt
   NODEID: 2
   unique: 6, success, outsize: 144
unique: 8, opcode: OPEN (14), nodeid: 2, insize: 48, pid: 40782
   unique: 8, success, outsize: 32
unique: 10, opcode: IOCTL (39), nodeid: 2, insize: 72, pid: 40782
   unique: 10, success, outsize: 32
unique: 12, opcode: READ (15), nodeid: 2, insize: 80, pid: 40782
read[0] 4096 bytes from 8192 flags: 0x8000
   read[0] 90 bytes from 8192
   unique: 12, success, outsize: 106
unique: 14, opcode: FLUSH (25), nodeid: 2, insize: 64, pid: 40782
   unique: 14, error: -38 (Function not implemented), outsize: 16
unique: 16, opcode: RELEASE (18), nodeid: 2, insize: 64, pid: 0
   unique: 16, success, outsize: 16
FUSE library version: 2.9.9
nullpath_ok: 0
nopath: 0
utime_omit_ok: 0
unique: 2, opcode: INIT (26), nodeid: 0, insize: 56, pid: 0
INIT: 7.34
flags=0x33fffffb
max_readahead=0x00020000
   INIT: 7.19
   flags=0x00000011
   max_readahead=0x00020000
   max_write=0x00001000
   max_background=0
   congestion_threshold=0
   unique: 2, success, outsize: 40
unique: 4, opcode: GETATTR (3), nodeid: 1, insize: 56, pid: 5784
getattr /
   unique: 4, success, outsize: 120
unique: 6, opcode: LOOKUP (1), nodeid: 1, insize: 52, pid: 5358
LOOKUP /onefile.txt
getattr /onefile.txt
   NODEID: 2
   unique: 6, success, outsize: 144
unique: 8, opcode: OPEN (14), nodeid: 2, insize: 48, pid: 5358
   unique: 8, success, outsize: 32
unique: 10, opcode: IOCTL (39), nodeid: 2, insize: 72, pid: 5358
   unique: 10, success, outsize: 32
unique: 12, opcode: READ (15), nodeid: 2, insize: 80, pid: 5358
read[0] 4096 bytes from 8192 flags: 0x8000
   read[0] 90 bytes from 8192
   unique: 12, success, outsize: 106
unique: 14, opcode: FLUSH (25), nodeid: 2, insize: 64, pid: 5358
   unique: 14, error: -38 (Function not implemented), outsize: 16
unique: 16, opcode: RELEASE (18), nodeid: 2, insize: 64, pid: 0
   unique: 16, success, outsize: 16
FUSE library version: 2.9.9
nullpath_ok: 0
nopath: 0
utime_omit_ok: 0
unique: 2, opcode: INIT (26), nodeid: 0, insize: 56, pid: 0
INIT: 7.34
flags=0x33fffffb
max_readahead=0x00020000
   INIT: 7.19
   flags=0x00000011
   max_readahead=0x00020000
   max_write=0x00001000
   max_background=0
   congestion_threshold=0
   unique: 2, success, outsize: 40
unique: 4, opcode: GETATTR (3), nodeid: 1, insize: 56, pid: 7273
getattr /
   unique: 4, success, outsize: 120
unique: 6, opcode: LOOKUP (1), nodeid: 1, insize: 52, pid: 6841
LOOKUP /onefile.txt
getattr /onefile.txt
   NODEID: 2
   unique: 6, success, outsize: 144
unique: 8, opcode: OPEN (14), nodeid: 2, insize: 48, pid: 6841
   unique: 8, success, outsize: 32
unique: 10, opcode: IOCTL (39), nodeid: 2, insize: 72, pid: 6841
   unique: 10, success, outsize: 32
unique: 12, opcode: READ (15), nodeid: 2, insize: 80, pid: 6841
read[0] 4096 bytes from 8192 flags: 0x8000
   read[0] 90 bytes from 8192
   unique: 12, success, outsize: 106
unique: 14, opcode: FLUSH (25), nodeid: 2, insize: 64, pid: 6841
   unique: 14, error: -38 (Function not implemented), outsize: 16
unique: 16, opcode: RELEASE (18), nodeid: 2, insize: 64, pid: 0
   unique: 16, success, outsize: 16
FUSE library version: 2.9.9
nullpath_ok: 0
nopath: 0
utime_omit_ok: 0
unique: 2, opcode: INIT (26), nodeid: 0, insize: 56, pid: 0
INIT: 7.34
flags=0x33fffffb
max_readahead=0x00020000
   INIT: 7.19
   flags=0x00000011
   max_readahead=0x00020000
   max_write=0x00001000
   max_background=0
   congestion_threshold=0
   unique: 2, success, outsize: 40
unique: 4, opcode: GETATTR (3), nodeid: 1, insize: 56, pid: 32143
getattr /
   unique: 4, success, outsize: 120
unique: 6, opcode: LOOKUP (1), nodeid: 1, insize: 52, pid: 31566
LOOKUP /onefile.txt
getattr /onefile.txt
   NODEID: 2
   unique: 6, success, outsize: 144
unique: 8, opcode: OPEN (14), nodeid: 2, insize: 48, pid: 31566
   unique: 8, success, outsize: 32
unique: 10, opcode: IOCTL (39), nodeid: 2, insize: 72, pid: 31566
   unique: 10, success, outsize: 32
unique: 12, opcode: READ (15), nodeid: 2, insize: 80, pid: 31566
read[0] 4096 bytes from 8192 flags: 0x8000
   read[0] 90 bytes from 8192
   unique: 12, success, outsize: 106
unique: 14, opcode: FLUSH (25), nodeid: 2, insize: 64, pid: 31566
   unique: 14, error: -38 (Function not implemented), outsize: 16
unique: 16, opcode: RELEASE (18), nodeid: 2, insize: 64, pid: 0
   unique: 16, success, outsize: 16
FUSE library version: 2.9.9
nullpath_ok: 0
nopath: 0
utime_omit_ok: 0
unique: 2, opcode: INIT (26), nodeid: 0, insize: 56, pid: 0
INIT: 7.34
flags=0x33fffffb
max_readahead=0x00020000
   INIT: 7.19
   flags=0x00000011
   max_readahead=0x00020000
   max_write=0x00001000
   max_background=0
   congestion_threshold=0
   unique: 2, success, outsize: 40
unique: 4, opcode: GETATTR (3), nodeid: 1, insize: 56, pid: 27919
getattr /
   unique: 4, success, outsize: 120
unique: 6, opcode: LOOKUP (1), nodeid: 1, insize: 52, pid: 27151
LOOKUP /onefile.txt
getattr /onefile.txt
   NODEID: 2
   unique: 6, success, outsize: 144
unique: 8, opcode: OPEN (14), nodeid: 2, insize: 48, pid: 27151
   unique: 8, success, outsize: 32
unique: 10, opcode: IOCTL (39), nodeid: 2, insize: 72, pid: 27151
   unique: 10, success, outsize: 32
unique: 12, opcode: READ (15), nodeid: 2, insize: 80, pid: 27151
read[0] 4096 bytes from 8192 flags: 0x8000
   read[0] 90 bytes from 8192
   unique: 12, success, outsize: 106
unique: 14, opcode: FLUSH (25), nodeid: 2, insize: 64, pid: 27151
   unique: 14, error: -38 (Function not implemented), outsize: 16
unique: 16, opcode: RELEASE (18), nodeid: 2, insize: 64, pid: 0
   unique: 16, success, outsize: 16
FUSE library version: 2.9.9
nullpath_ok: 0
nopath: 0
utime_omit_ok: 0
unique: 2, opcode: INIT (26), nodeid: 0, insize: 56, pid: 0
INIT: 7.34
flags=0x33fffffb
max_readahead=0x00020000
   INIT: 7.19
   flags=0x00000011
   max_readahead=0x00020000
   max_write=0x00001000
   max_background=0
   congestion_threshold=0
   unique: 2, success, outsize: 40
unique: 4, opcode: GETATTR (3), nodeid: 1, insize: 56, pid: 33708
getattr /
   unique: 4, success, outsize: 120
unique: 6, opcode: LOOKUP (1), nodeid: 1, insize: 52, pid: 33049
LOOKUP /onefile.txt
getattr /onefile.txt
   NODEID: 2
   unique: 6, success, outsize: 144
unique: 8, opcode: OPEN (14), nodeid: 2, insize: 48, pid: 33049
   unique: 8, success, outsize: 32
unique: 10, opcode: IOCTL (39), nodeid: 2, insize: 72, pid: 33049
   unique: 10, success, outsize: 32
unique: 12, opcode: READ (15), nodeid: 2, insize: 80, pid: 33049
read[0] 4096 bytes from 8192 flags: 0x8000
   read[0] 90 bytes from 8192
   unique: 12, success, outsize: 106
unique: 14, opcode: FLUSH (25), nodeid: 2, insize: 64, pid: 33049
   unique: 14, error: -38 (Function not implemented), outsize: 16
unique: 16, opcode: RELEASE (18), nodeid: 2, insize: 64, pid: 0
   unique: 16, success, outsize: 16
FUSE library version: 2.9.9
nullpath_ok: 0
nopath: 0
utime_omit_ok: 0
unique: 2, opcode: INIT (26), nodeid: 0, insize: 56, pid: 0
INIT: 7.34
flags=0x33fffffb
max_readahead=0x00020000
   INIT: 7.19
   flags=0x00000011
   max_readahead=0x00020000
   max_write=0x00001000
   max_background=0
   congestion_threshold=0
   unique: 2, success, outsize: 40
unique: 4, opcode: GETATTR (3), nodeid: 1, insize: 56, pid: 35641
getattr /
   unique: 4, success, outsize: 120
unique: 6, opcode: LOOKUP (1), nodeid: 1, insize: 52, pid: 35202
LOOKUP /onefile.txt
getattr /onefile.txt
   NODEID: 2
   unique: 6, success, outsize: 144
unique: 8, opcode: OPEN (14), nodeid: 2, insize: 48, pid: 35202
   unique: 8, success, outsize: 32
unique: 10, opcode: IOCTL (39), nodeid: 2, insize: 72, pid: 35202
   unique: 10, success, outsize: 32
unique: 12, opcode: READ (15), nodeid: 2, insize: 80, pid: 35202
read[0] 4096 bytes from 8192 flags: 0x8000
   read[0] 90 bytes from 8192
   unique: 12, success, outsize: 106
unique: 14, opcode: FLUSH (25), nodeid: 2, insize: 64, pid: 35202
   unique: 14, error: -38 (Function not implemented), outsize: 16
unique: 16, opcode: RELEASE (18), nodeid: 2, insize: 64, pid: 0
   unique: 16, success, outsize: 16
FUSE library version: 2.9.9
nullpath_ok: 0
nopath: 0
utime_omit_ok: 0
unique: 2, opcode: INIT (26), nodeid: 0, insize: 56, pid: 0
INIT: 7.34
flags=0x33fffffb
max_readahead=0x00020000
   INIT: 7.19
   flags=0x00000011
   max_readahead=0x00020000
   max_write=0x00001000
   max_background=0
   congestion_threshold=0
   unique: 2, success, outsize: 40
unique: 4, opcode: GETATTR (3), nodeid: 1, insize: 56, pid: 53673
getattr /
   unique: 4, success, outsize: 120
unique: 6, opcode: LOOKUP (1), nodeid: 1, insize: 52, pid: 53252
LOOKUP /onefile.txt
getattr /onefile.txt
   NODEID: 2
   unique: 6, success, outsize: 144
unique: 8, opcode: OPEN (14), nodeid: 2, insize: 48, pid: 53252
   unique: 8, success, outsize: 32
unique: 10, opcode: IOCTL (39), nodeid: 2, insize: 72, pid: 53252
   unique: 10, success, outsize: 32
unique: 12, opcode: READ (15), nodeid: 2, insize: 80, pid: 53252
read[0] 4096 bytes from 8192 flags: 0x8000
   read[0] 90 bytes from 8192
   unique: 12, success, outsize: 106
unique: 14, opcode: FLUSH (25), nodeid: 2, insize: 64, pid: 53252
   unique: 14, error: -38 (Function not implemented), outsize: 16
unique: 16, opcode: RELEASE (18), nodeid: 2, insize: 64, pid: 0
   unique: 16, success, outsize: 16
