FUSE library version: 2.9.9
nullpath_ok: 0
nopath: 0
utime_omit_ok: 0
unique: 2, opcode: INIT (26), nodeid: 0, insize: 56, pid: 0
INIT: 7.34
flags=0x33fffffb
max_readahead=0x00020000
   INIT: 7.19
   flags=0x00000011
   max_readahead=0x00020000
   max_write=0x00001000
   max_background=0
   congestion_threshold=0
   unique: 2, success, outsize: 40
unique: 4, opcode: GETATTR (3), nodeid: 1, insize: 56, pid: 53945
getattr /
   unique: 4, success, outsize: 120
unique: 6, opcode: ACCESS (34), nodeid: 1, insize: 48, pid: 53228
   unique: 6, error: -38 (Function not implemented), outsize: 16
unique: 8, opcode: STATFS (17), nodeid: 1, insize: 40, pid: 53947
statfs /
   unique: 8, success, outsize: 96
unique: 10, opcode: LOOKUP (1), nodeid: 1, insize: 52, pid: 53947
LOOKUP /onefile.txt
getattr /onefile.txt
   NODEID: 2
   unique: 10, success, outsize: 144
unique: 12, opcode: OPEN (14), nodeid: 2, insize: 48, pid: 53947
   unique: 12, success, outsize: 32
unique: 14, opcode: GETXATTR (22), nodeid: 2, insize: 68, pid: 53947
   unique: 14, error: -38 (Function not implemented), outsize: 16
unique: 16, opcode: WRITE (16), nodeid: 2, insize: 138, pid: 53947
write[0] 58 bytes to 8224 flags: 0x8002
   unique: 16, error: -38 (Function not implemented), outsize: 16
unique: 18, opcode: FLUSH (25), nodeid: 2, insize: 64, pid: 53947
   unique: 18, error: -38 (Function not implemented), outsize: 16
unique: 20, opcode: RELEASE (18), nodeid: 2, insize: 64, pid: 0
   unique: 20, success, outsize: 16
FUSE library version: 2.9.9
nullpath_ok: 0
nopath: 0
utime_omit_ok: 0
unique: 2, opcode: INIT (26), nodeid: 0, insize: 56, pid: 0
INIT: 7.34
flags=0x33fffffb
max_readahead=0x00020000
   INIT: 7.19
   flags=0x00000011
   max_readahead=0x00020000
   max_write=0x00001000
   max_background=0
   congestion_threshold=0
   unique: 2, success, outsize: 40
unique: 4, opcode: GETATTR (3), nodeid: 1, insize: 56, pid: 43220
getattr /
   unique: 4, success, outsize: 120
unique: 6, opcode: ACCESS (34), nodeid: 1, insize: 48, pid: 42762
   unique: 6, error: -38 (Function not implemented), outsize: 16
unique: 8, opcode: STATFS (17), nodeid: 1, insize: 40, pid: 43222
statfs /
   unique: 8, success, outsize: 96
unique: 10, opcode: LOOKUP (1), nodeid: 1, insize: 52, pid: 43222
LOOKUP /onefile.txt
getattr /onefile.txt
   NODEID: 2
   unique: 10, success, outsize: 144
unique: 12, opcode: OPEN (14), nodeid: 2, insize: 48, pid: 43222
   unique: 12, success, outsize: 32
unique: 14, opcode: GETXATTR (22), nodeid: 2, insize: 68, pid: 43222
   unique: 14, error: -38 (Function not implemented), outsize: 16
unique: 16, opcode: WRITE (16), nodeid: 2, insize: 138, pid: 43222
write[0] 58 bytes to 8224 flags: 0x8002
   unique: 16, error: -38 (Function not implemented), outsize: 16
unique: 18, opcode: FLUSH (25), nodeid: 2, insize: 64, pid: 43222
   unique: 18, error: -38 (Function not implemented), outsize: 16
unique: 20, opcode: RELEASE (18), nodeid: 2, insize: 64, pid: 0
   unique: 20, success, outsize: 16
FUSE library version: 2.9.9
nullpath_ok: 0
nopath: 0
utime_omit_ok: 0
unique: 2, opcode: INIT (26), nodeid: 0, insize: 56, pid: 0
INIT: 7.34
flags=0x33fffffb
max_readahead=0x00020000
   INIT: 7.19
   flags=0x00000011
   max_readahead=0x00020000
   max_write=0x00001000
   max_background=0
   congestion_threshold=0
   unique: 2, success, outsize: 40
unique: 4, opcode: GETATTR (3), nodeid: 1, insize: 56, pid: 6321
getattr /
   unique: 4, success, outsize: 120
unique: 6, opcode: ACCESS (34), nodeid: 1, insize: 48, pid: 5601
   unique: 6, error: -38 (Function not implemented), outsize: 16
unique: 8, opcode: STATFS (17), nodeid: 1, insize: 40, pid: 6323
statfs /
   unique: 8, success, outsize: 96
unique: 10, opcode: LOOKUP (1), nodeid: 1, insize: 52, pid: 6323
LOOKUP /onefile.txt
getattr /onefile.txt
   NODEID: 2
   unique: 10, success, outsize: 144
unique: 12, opcode: OPEN (14), nodeid: 2, insize: 48, pid: 6323
   unique: 12, success, outsize: 32
unique: 14, opcode: GETXATTR (22), nodeid: 2, insize: 68, pid: 6323
   unique: 14, error: -38 (Function not implemented), outsize: 16
unique: 16, opcode: WRITE (16), nodeid: 2, insize: 138, pid: 6323
write[0] 58 bytes to 8224 flags: 0x8002
   unique: 16, error: -38 (Function not implemented), outsize: 16
unique: 18, opcode: FLUSH (25), nodeid: 2, insize: 64, pid: 6323
   unique: 18, error: -38 (Function not implemented), outsize: 16
unique: 20, opcode: RELEASE (18), nodeid: 2, insize: 64, pid: 0
   unique: 20, success, outsize: 16
FUSE library version: 2.9.9
nullpath_ok: 0
nopath: 0
utime_omit_ok: 0
unique: 2, opcode: INIT (26), nodeid: 0, insize: 56, pid: 0
INIT: 7.34
flags=0x33fffffb
max_readahead=0x00020000
   INIT: 7.19
   flags=0x00000011
   max_readahead=0x00020000
   max_write=0x00001000
   max_background=0
   congestion_threshold=0
   unique: 2, success, outsize: 40
unique: 4, opcode: GETATTR (3), nodeid: 1, insize: 56, pid: 34325
getattr /
   unique: 4, success, outsize: 120
unique: 6, opcode: ACCESS (34), nodeid: 1, insize: 48, pid: 33556
   unique: 6, error: -38 (Function not implemented), outsize: 16
unique: 8, opcode: STATFS (17), nodeid: 1, insize: 40, pid: 34327
statfs /
   unique: 8, success, outsize: 96
unique: 10, opcode: LOOKUP (1), nodeid: 1, insize: 52, pid: 34327
LOOKUP /onefile.txt
getattr /onefile.txt
   NODEID: 2
   unique: 10, success, outsize: 144
unique: 12, opcode: OPEN (14), nodeid: 2, insize: 48, pid: 34327
   unique: 12, success, outsize: 32
unique: 14, opcode: GETXATTR (22), nodeid: 2, insize: 68, pid: 34327
   unique: 14, error: -38 (Function not implemented), outsize: 16
unique: 16, opcode: WRITE (16), nodeid: 2, insize: 138, pid: 34327
write[0] 58 bytes to 8224 flags: 0x8002
   unique: 16, error: -38 (Function not implemented), outsize: 16
unique: 18, opcode: FLUSH (25), nodeid: 2, insize: 64, pid: 34327
   unique: 18, error: -38 (Function not implemented), outsize: 16
unique: 20, opcode: RELEASE (18), nodeid: 2, insize: 64, pid: 0
   unique: 20, success, outsize: 16
FUSE library version: 2.9.9
nullpath_ok: 0
nopath: 0
utime_omit_ok: 0
unique: 2, opcode: INIT (26), nodeid: 0, insize: 56, pid: 0
INIT: 7.34
flags=0x33fffffb
max_readahead=0x00020000
   INIT: 7.19
   flags=0x00000011
   max_readahead=0x00020000
   max_write=0x00001000
   max_background=0
   congestion_threshold=0
   unique: 2, success, outsize: 40
unique: 4, opcode: GETATTR (3), nodeid: 1, insize: 56, pid: 26069
getattr /
   unique: 4, success, outsize: 120
unique: 6, opcode: ACCESS (34), nodeid: 1, insize: 48, pid: 25620
   unique: 6, error: -38 (Function not implemented), outsize: 16
unique: 8, opcode: STATFS (17), nodeid: 1, insize: 40, pid: 26071
statfs /
   unique: 8, success, outsize: 96
unique: 10, opcode: LOOKUP (1), nodeid: 1, insize: 52, pid: 26071
LOOKUP /onefile.txt
getattr /onefile.txt
   NODEID: 2
   unique: 10, success, outsize: 144
unique: 12, opcode: OPEN (14), nodeid: 2, insize: 48, pid: 26071
   unique: 12, success, outsize: 32
unique: 14, opcode: GETXATTR (22), nodeid: 2, insize: 68, pid: 26071
   unique: 14, error: -38 (Function not implemented), outsize: 16
unique: 16, opcode: WRITE (16), nodeid: 2, insize: 138, pid: 26071
write[0] 58 bytes to 8224 flags: 0x8002
   unique: 16, error: -38 (Function not implemented), outsize: 16
unique: 18, opcode: FLUSH (25), nodeid: 2, insize: 64, pid: 26071
   unique: 18, error: -38 (Function not implemented), outsize: 16
unique: 20, opcode: RELEASE (18), nodeid: 2, insize: 64, pid: 0
   unique: 20, success, outsize: 16
FUSE library version: 2.9.9
nullpath_ok: 0
nopath: 0
utime_omit_ok: 0
unique: 2, opcode: INIT (26), nodeid: 0, insize: 56, pid: 0
INIT: 7.34
flags=0x33fffffb
max_readahead=0x00020000
   INIT: 7.19
   flags=0x00000011
   max_readahead=0x00020000
   max_write=0x00001000
   max_background=0
   congestion_threshold=0
   unique: 2, success, outsize: 40
unique: 4, opcode: GETATTR (3), nodeid: 1, insize: 56, pid: 2553
getattr /
   unique: 4, success, outsize: 120
unique: 6, opcode: ACCESS (34), nodeid: 1, insize: 48, pid: 1726
   unique: 6, error: -38 (Function not implemented), outsize: 16
unique: 8, opcode: STATFS (17), nodeid: 1, insize: 40, pid: 2555
statfs /
   unique: 8, success, outsize: 96
unique: 10, opcode: LOOKUP (1), nodeid: 1, insize: 52, pid: 2555
LOOKUP /onefile.txt
getattr /onefile.txt
   NODEID: 2
   unique: 10, success, outsize: 144
unique: 12, opcode: OPEN (14), nodeid: 2, insize: 48, pid: 2555
   unique: 12, success, outsize: 32
unique: 14, opcode: GETXATTR (22), nodeid: 2, insize: 68, pid: 2555
   unique: 14, error: -38 (Function not implemented), outsize: 16
unique: 16, opcode: WRITE (16), nodeid: 2, insize: 138, pid: 2555
write[0] 58 bytes to 8224 flags: 0x8002
   write[0] 58 bytes to 8224
   unique: 16, success, outsize: 24
unique: 18, opcode: FLUSH (25), nodeid: 2, insize: 64, pid: 2555
   unique: 18, error: -38 (Function not implemented), outsize: 16
unique: 20, opcode: RELEASE (18), nodeid: 2, insize: 64, pid: 0
   unique: 20, success, outsize: 16
unique: 22, opcode: GETATTR (3), nodeid: 2, insize: 56, pid: 2555
getattr /onefile.txt
   unique: 22, success, outsize: 120
unique: 24, opcode: STATFS (17), nodeid: 1, insize: 40, pid: 2555
statfs /
   unique: 24, success, outsize: 96
FUSE library version: 2.9.9
nullpath_ok: 0
nopath: 0
utime_omit_ok: 0
unique: 2, opcode: INIT (26), nodeid: 0, insize: 56, pid: 0
INIT: 7.34
flags=0x33fffffb
max_readahead=0x00020000
   INIT: 7.19
   flags=0x00000011
   max_readahead=0x00020000
   max_write=0x00001000
   max_background=0
   congestion_threshold=0
   unique: 2, success, outsize: 40
unique: 4, opcode: GETATTR (3), nodeid: 1, insize: 56, pid: 25203
getattr /
   unique: 4, success, outsize: 120
unique: 6, opcode: ACCESS (34), nodeid: 1, insize: 48, pid: 24199
   unique: 6, error: -38 (Function not implemented), outsize: 16
unique: 8, opcode: STATFS (17), nodeid: 1, insize: 40, pid: 25205
statfs /
   unique: 8, success, outsize: 96
unique: 10, opcode: LOOKUP (1), nodeid: 1, insize: 52, pid: 25205
LOOKUP /onefile.txt
getattr /onefile.txt
   NODEID: 2
   unique: 10, success, outsize: 144
unique: 12, opcode: OPEN (14), nodeid: 2, insize: 48, pid: 25205
   unique: 12, success, outsize: 32
unique: 14, opcode: GETXATTR (22), nodeid: 2, insize: 68, pid: 25205
   unique: 14, error: -38 (Function not implemented), outsize: 16
unique: 16, opcode: WRITE (16), nodeid: 2, insize: 138, pid: 25205
write[0] 58 bytes to 8224 flags: 0x8002
   write[0] 58 bytes to 8224
   unique: 16, success, outsize: 24
unique: 18, opcode: FLUSH (25), nodeid: 2, insize: 64, pid: 25205
   unique: 18, error: -38 (Function not implemented), outsize: 16
unique: 20, opcode: RELEASE (18), nodeid: 2, insize: 64, pid: 0
   unique: 20, success, outsize: 16
unique: 22, opcode: GETATTR (3), nodeid: 2, insize: 56, pid: 25205
getattr /onefile.txt
   unique: 22, success, outsize: 120
unique: 24, opcode: STATFS (17), nodeid: 1, insize: 40, pid: 25205
statfs /
   unique: 24, success, outsize: 96
FUSE library version: 2.9.9
nullpath_ok: 0
nopath: 0
utime_omit_ok: 0
unique: 2, opcode: INIT (26), nodeid: 0, insize: 56, pid: 0
INIT: 7.34
flags=0x33fffffb
max_readahead=0x00020000
   INIT: 7.19
   flags=0x00000011
   max_readahead=0x00020000
   max_write=0x00001000
   max_background=0
   congestion_threshold=0
   unique: 2, success, outsize: 40
unique: 4, opcode: GETATTR (3), nodeid: 1, insize: 56, pid: 36062
getattr /
   unique: 4, success, outsize: 120
unique: 6, opcode: ACCESS (34), nodeid: 1, insize: 48, pid: 35529
   unique: 6, error: -38 (Function not implemented), outsize: 16
unique: 8, opcode: STATFS (17), nodeid: 1, insize: 40, pid: 36064
statfs /
   unique: 8, success, outsize: 96
unique: 10, opcode: LOOKUP (1), nodeid: 1, insize: 52, pid: 36064
LOOKUP /onefile.txt
getattr /onefile.txt
   NODEID: 2
   unique: 10, success, outsize: 144
unique: 12, opcode: OPEN (14), nodeid: 2, insize: 48, pid: 36064
   unique: 12, success, outsize: 32
unique: 14, opcode: GETXATTR (22), nodeid: 2, insize: 68, pid: 36064
   unique: 14, error: -38 (Function not implemented), outsize: 16
unique: 16, opcode: WRITE (16), nodeid: 2, insize: 138, pid: 36064
write[0] 58 bytes to 8224 flags: 0x8002
   write[0] 58 bytes to 8224
   unique: 16, success, outsize: 24
unique: 18, opcode: FLUSH (25), nodeid: 2, insize: 64, pid: 36064
   unique: 18, error: -38 (Function not implemented), outsize: 16
unique: 20, opcode: RELEASE (18), nodeid: 2, insize: 64, pid: 0
   unique: 20, success, outsize: 16
unique: 22, opcode: GETATTR (3), nodeid: 2, insize: 56, pid: 36064
getattr /onefile.txt
   unique: 22, success, outsize: 120
unique: 24, opcode: STATFS (17), nodeid: 1, insize: 40, pid: 36064
statfs /
   unique: 24, success, outsize: 96
FUSE library version: 2.9.9
nullpath_ok: 0
nopath: 0
utime_omit_ok: 0
unique: 2, opcode: INIT (26), nodeid: 0, insize: 56, pid: 0
INIT: 7.34
flags=0x33fffffb
max_readahead=0x00020000
   INIT: 7.19
   flags=0x00000011
   max_readahead=0x00020000
   max_write=0x00001000
   max_background=0
   congestion_threshold=0
   unique: 2, success, outsize: 40
unique: 4, opcode: GETATTR (3), nodeid: 1, insize: 56, pid: 41511
getattr /
   unique: 4, success, outsize: 120
unique: 6, opcode: ACCESS (34), nodeid: 1, insize: 48, pid: 40899
   unique: 6, error: -38 (Function not implemented), outsize: 16
unique: 8, opcode: STATFS (17), nodeid: 1, insize: 40, pid: 41513
statfs /
   unique: 8, success, outsize: 96
unique: 10, opcode: LOOKUP (1), nodeid: 1, insize: 52, pid: 41513
LOOKUP /onefile.txt
getattr /onefile.txt
   NODEID: 2
   unique: 10, success, outsize: 144
unique: 12, opcode: OPEN (14), nodeid: 2, insize: 48, pid: 41513
   unique: 12, success, outsize: 32
unique: 14, opcode: GETXATTR (22), nodeid: 2, insize: 68, pid: 41513
   unique: 14, error: -38 (Function not implemented), outsize: 16
unique: 16, opcode: WRITE (16), nodeid: 2, insize: 138, pid: 41513
write[0] 58 bytes to 8224 flags: 0x8002
   write[0] 58 bytes to 8224
   unique: 16, success, outsize: 24
unique: 18, opcode: FLUSH (25), nodeid: 2, insize: 64, pid: 41513
   unique: 18, error: -38 (Function not implemented), outsize: 16
unique: 20, opcode: RELEASE (18), nodeid: 2, insize: 64, pid: 0
   unique: 20, success, outsize: 16
unique: 22, opcode: GETATTR (3), nodeid: 2, insize: 56, pid: 41513
getattr /onefile.txt
   unique: 22, success, outsize: 120
unique: 24, opcode: STATFS (17), nodeid: 1, insize: 40, pid: 41513
statfs /
   unique: 24, success, outsize: 96
FUSE library version: 2.9.9
nullpath_ok: 0
nopath: 0
utime_omit_ok: 0
unique: 2, opcode: INIT (26), nodeid: 0, insize: 56, pid: 0
INIT: 7.34
flags=0x33fffffb
max_readahead=0x00020000
   INIT: 7.19
   flags=0x00000011
   max_readahead=0x00020000
   max_write=0x00001000
   max_background=0
   congestion_threshold=0
   unique: 2, success, outsize: 40
unique: 4, opcode: GETATTR (3), nodeid: 1, insize: 56, pid: 50237
getattr /
   unique: 4, success, outsize: 120
unique: 6, opcode: ACCESS (34), nodeid: 1, insize: 48, pid: 49785
   unique: 6, error: -38 (Function not implemented), outsize: 16
unique: 8, opcode: STATFS (17), nodeid: 1, insize: 40, pid: 50239
statfs /
   unique: 8, success, outsize: 96
unique: 10, opcode: LOOKUP (1), nodeid: 1, insize: 52, pid: 50239
LOOKUP /onefile.txt
getattr /onefile.txt
   NODEID: 2
   unique: 10, success, outsize: 144
unique: 12, opcode: OPEN (14), nodeid: 2, insize: 48, pid: 50239
   unique: 12, success, outsize: 32
unique: 14, opcode: GETXATTR (22), nodeid: 2, insize: 68, pid: 50239
   unique: 14, error: -38 (Function not implemented), outsize: 16
unique: 16, opcode: WRITE (16), nodeid: 2, insize: 138, pid: 50239
write[0] 58 bytes to 8224 flags: 0x8002
   write[0] 58 bytes to 8224
   unique: 16, success, outsize: 24
unique: 18, opcode: FLUSH (25), nodeid: 2, insize: 64, pid: 50239
   unique: 18, error: -38 (Function not implemented), outsize: 16
unique: 20, opcode: RELEASE (18), nodeid: 2, insize: 64, pid: 0
   unique: 20, success, outsize: 16
unique: 22, opcode: GETATTR (3), nodeid: 2, insize: 56, pid: 50239
getattr /onefile.txt
   unique: 22, success, outsize: 120
unique: 24, opcode: STATFS (17), nodeid: 1, insize: 40, pid: 50239
statfs /
   unique: 24, success, outsize: 96
FUSE library version: 2.9.9
nullpath_ok: 0
nopath: 0
utime_omit_ok: 0
unique: 2, opcode: INIT (26), nodeid: 0, insize: 56, pid: 0
INIT: 7.34
flags=0x33fffffb
max_readahead=0x00020000
   INIT: 7.19
   flags=0x00000011
   max_readahead=0x00020000
   max_write=0x00001000
   max_background=0
   congestion_threshold=0
   unique: 2, success, outsize: 40
unique: 4, opcode: GETATTR (3), nodeid: 1, insize: 56, pid: 53997
getattr /
   unique: 4, success, outsize: 120
unique: 6, opcode: ACCESS (34), nodeid: 1, insize: 48, pid: 53528
   unique: 6, error: -38 (Function not implemented), outsize: 16
unique: 8, opcode: STATFS (17), nodeid: 1, insize: 40, pid: 53999
statfs /
   unique: 8, success, outsize: 96
unique: 10, opcode: LOOKUP (1), nodeid: 1, insize: 52, pid: 53999
LOOKUP /onefile.txt
getattr /onefile.txt
   NODEID: 2
   unique: 10, success, outsize: 144
unique: 12, opcode: OPEN (14), nodeid: 2, insize: 48, pid: 53999
   unique: 12, success, outsize: 32
unique: 14, opcode: GETXATTR (22), nodeid: 2, insize: 68, pid: 53999
   unique: 14, error: -38 (Function not implemented), outsize: 16
unique: 16, opcode: WRITE (16), nodeid: 2, insize: 138, pid: 53999
write[0] 58 bytes to 8224 flags: 0x8002
   write[0] 58 bytes to 8224
   unique: 16, success, outsize: 24
unique: 18, opcode: FLUSH (25), nodeid: 2, insize: 64, pid: 53999
   unique: 18, error: -38 (Function not implemented), outsize: 16
unique: 20, opcode: RELEASE (18), nodeid: 2, insize: 64, pid: 0
   unique: 20, success, outsize: 16
unique: 22, opcode: GETATTR (3), nodeid: 2, insize: 56, pid: 53999
getattr /onefile.txt
   unique: 22, success, outsize: 120
unique: 24, opcode: STATFS (17), nodeid: 1, insize: 40, pid: 53999
statfs /
   unique: 24, success, outsize: 96
FUSE library version: 2.9.9
nullpath_ok: 0
nopath: 0
utime_omit_ok: 0
unique: 2, opcode: INIT (26), nodeid: 0, insize: 56, pid: 0
INIT: 7.34
flags=0x33fffffb
max_readahead=0x00020000
   INIT: 7.19
   flags=0x00000011
   max_readahead=0x00020000
   max_write=0x00001000
   max_background=0
   congestion_threshold=0
   unique: 2, success, outsize: 40
unique: 4, opcode: GETATTR (3), nodeid: 1, insize: 56, pid: 64053
getattr /
   unique: 4, success, outsize: 120
unique: 6, opcode: ACCESS (34), nodeid: 1, insize: 48, pid: 63576
   unique: 6, error: -38 (Function not implemented), outsize: 16
unique: 8, opcode: STATFS (17), nodeid: 1, insize: 40, pid: 64055
statfs /
   unique: 8, success, outsize: 96
unique: 10, opcode: LOOKUP (1), nodeid: 1, insize: 52, pid: 64055
LOOKUP /onefile.txt
getattr /onefile.txt
   NODEID: 2
   unique: 10, success, outsize: 144
unique: 12, opcode: OPEN (14), nodeid: 2, insize: 48, pid: 64055
   unique: 12, success, outsize: 32
unique: 14, opcode: GETXATTR (22), nodeid: 2, insize: 68, pid: 64055
   unique: 14, error: -38 (Function not implemented), outsize: 16
unique: 16, opcode: WRITE (16), nodeid: 2, insize: 138, pid: 64055
write[0] 58 bytes to 8224 flags: 0x8002
   write[0] 58 bytes to 8224
   unique: 16, success, outsize: 24
unique: 18, opcode: FLUSH (25), nodeid: 2, insize: 64, pid: 64055
   unique: 18, error: -38 (Function not implemented), outsize: 16
unique: 20, opcode: RELEASE (18), nodeid: 2, insize: 64, pid: 0
   unique: 20, success, outsize: 16
unique: 22, opcode: GETATTR (3), nodeid: 2, insize: 56, pid: 64055
getattr /onefile.txt
   unique: 22, success, outsize: 120
unique: 24, opcode: STATFS (17), nodeid: 1, insize: 40, pid: 64055
statfs /
   unique: 24, success, outsize: 96
FUSE library version: 2.9.9
nullpath_ok: 0
nopath: 0
utime_omit_ok: 0
unique: 2, opcode: INIT (26), nodeid: 0, insize: 56, pid: 0
INIT: 7.34
flags=0x33fffffb
max_readahead=0x00020000
   INIT: 7.19
   flags=0x00000011
   max_readahead=0x00020000
   max_write=0x00001000
   max_background=0
   congestion_threshold=0
   unique: 2, success, outsize: 40
unique: 4, opcode: GETATTR (3), nodeid: 1, insize: 56, pid: 33134
getattr /
   unique: 4, success, outsize: 120
unique: 6, opcode: ACCESS (34), nodeid: 1, insize: 48, pid: 31951
   unique: 6, error: -38 (Function not implemented), outsize: 16
unique: 8, opcode: STATFS (17), nodeid: 1, insize: 40, pid: 33137
statfs /
   unique: 8, success, outsize: 96
unique: 10, opcode: LOOKUP (1), nodeid: 1, insize: 52, pid: 33137
LOOKUP /onefile.txt
getattr /onefile.txt
   NODEID: 2
   unique: 10, success, outsize: 144
unique: 12, opcode: OPEN (14), nodeid: 2, insize: 48, pid: 33137
   unique: 12, success, outsize: 32
unique: 14, opcode: GETXATTR (22), nodeid: 2, insize: 68, pid: 33137
   unique: 14, error: -38 (Function not implemented), outsize: 16
unique: 16, opcode: WRITE (16), nodeid: 2, insize: 138, pid: 33137
write[0] 58 bytes to 8224 flags: 0x8002
   write[0] 58 bytes to 8224
   unique: 16, success, outsize: 24
unique: 18, opcode: FLUSH (25), nodeid: 2, insize: 64, pid: 33137
   unique: 18, error: -38 (Function not implemented), outsize: 16
unique: 20, opcode: RELEASE (18), nodeid: 2, insize: 64, pid: 0
   unique: 20, success, outsize: 16
unique: 22, opcode: GETATTR (3), nodeid: 2, insize: 56, pid: 33137
getattr /onefile.txt
   unique: 22, success, outsize: 120
unique: 24, opcode: STATFS (17), nodeid: 1, insize: 40, pid: 33137
statfs /
   unique: 24, success, outsize: 96
FUSE library version: 2.9.9
nullpath_ok: 0
nopath: 0
utime_omit_ok: 0
unique: 2, opcode: INIT (26), nodeid: 0, insize: 56, pid: 0
INIT: 7.34
flags=0x33fffffb
max_readahead=0x00020000
   INIT: 7.19
   flags=0x00000011
   max_readahead=0x00020000
   max_write=0x00001000
   max_background=0
   congestion_threshold=0
   unique: 2, success, outsize: 40
unique: 4, opcode: GETATTR (3), nodeid: 1, insize: 56, pid: 31937
getattr /
   unique: 4, success, outsize: 120
unique: 6, opcode: ACCESS (34), nodeid: 1, insize: 48, pid: 31357
   unique: 6, error: -38 (Function not implemented), outsize: 16
unique: 8, opcode: STATFS (17), nodeid: 1, insize: 40, pid: 31939
statfs /
   unique: 8, success, outsize: 96
unique: 10, opcode: LOOKUP (1), nodeid: 1, insize: 52, pid: 31939
LOOKUP /onefile.txt
getattr /onefile.txt
   NODEID: 2
   unique: 10, success, outsize: 144
unique: 12, opcode: OPEN (14), nodeid: 2, insize: 48, pid: 31939
   unique: 12, success, outsize: 32
unique: 14, opcode: GETXATTR (22), nodeid: 2, insize: 68, pid: 31939
   unique: 14, error: -38 (Function not implemented), outsize: 16
unique: 16, opcode: WRITE (16), nodeid: 2, insize: 138, pid: 31939
write[0] 58 bytes to 8224 flags: 0x8002
   write[0] 58 bytes to 8224
   unique: 16, success, outsize: 24
unique: 18, opcode: FLUSH (25), nodeid: 2, insize: 64, pid: 31939
   unique: 18, error: -38 (Function not implemented), outsize: 16
unique: 20, opcode: RELEASE (18), nodeid: 2, insize: 64, pid: 0
   unique: 20, success, outsize: 16
unique: 22, opcode: GETATTR (3), nodeid: 2, insize: 56, pid: 31939
getattr /onefile.txt
   unique: 22, success, outsize: 120
unique: 24, opcode: STATFS (17), nodeid: 1, insize: 40, pid: 31939
statfs /
   unique: 24, success, outsize: 96
FUSE library version: 2.9.9
nullpath_ok: 0
nopath: 0
utime_omit_ok: 0
unique: 2, opcode: INIT (26), nodeid: 0, insize: 56, pid: 0
INIT: 7.34
flags=0x33fffffb
max_readahead=0x00020000
   INIT: 7.19
   flags=0x00000011
   max_readahead=0x00020000
   max_write=0x00001000
   max_background=0
   congestion_threshold=0
   unique: 2, success, outsize: 40
unique: 4, opcode: GETATTR (3), nodeid: 1, insize: 56, pid: 30781
getattr /
   unique: 4, success, outsize: 120
unique: 6, opcode: ACCESS (34), nodeid: 1, insize: 48, pid: 30261
   unique: 6, error: -38 (Function not implemented), outsize: 16
unique: 8, opcode: STATFS (17), nodeid: 1, insize: 40, pid: 30783
statfs /
   unique: 8, success, outsize: 96
unique: 10, opcode: LOOKUP (1), nodeid: 1, insize: 52, pid: 30783
LOOKUP /onefile.txt
getattr /onefile.txt
   NODEID: 2
   unique: 10, success, outsize: 144
unique: 12, opcode: OPEN (14), nodeid: 2, insize: 48, pid: 30783
   unique: 12, success, outsize: 32
unique: 14, opcode: GETXATTR (22), nodeid: 2, insize: 68, pid: 30783
   unique: 14, error: -38 (Function not implemented), outsize: 16
unique: 16, opcode: WRITE (16), nodeid: 2, insize: 138, pid: 30783
write[0] 58 bytes to 8224 flags: 0x8002
   write[0] 58 bytes to 8224
   unique: 16, success, outsize: 24
unique: 18, opcode: FLUSH (25), nodeid: 2, insize: 64, pid: 30783
   unique: 18, error: -38 (Function not implemented), outsize: 16
unique: 20, opcode: RELEASE (18), nodeid: 2, insize: 64, pid: 0
   unique: 20, success, outsize: 16
unique: 22, opcode: GETATTR (3), nodeid: 2, insize: 56, pid: 30783
getattr /onefile.txt
   unique: 22, success, outsize: 120
unique: 24, opcode: STATFS (17), nodeid: 1, insize: 40, pid: 30783
statfs /
   unique: 24, success, outsize: 96
FUSE library version: 2.9.9
nullpath_ok: 0
nopath: 0
utime_omit_ok: 0
unique: 2, opcode: INIT (26), nodeid: 0, insize: 56, pid: 0
INIT: 7.34
flags=0x33fffffb
max_readahead=0x00020000
   INIT: 7.19
   flags=0x00000011
   max_readahead=0x00020000
   max_write=0x00001000
   max_background=0
   congestion_threshold=0
   unique: 2, success, outsize: 40
unique: 4, opcode: GETATTR (3), nodeid: 1, insize: 56, pid: 60031
getattr /
   unique: 4, success, outsize: 120
unique: 6, opcode: ACCESS (34), nodeid: 1, insize: 48, pid: 59312
   unique: 6, error: -38 (Function not implemented), outsize: 16
unique: 8, opcode: STATFS (17), nodeid: 1, insize: 40, pid: 60033
statfs /
   unique: 8, success, outsize: 96
unique: 10, opcode: LOOKUP (1), nodeid: 1, insize: 52, pid: 60033
LOOKUP /onefile.txt
getattr /onefile.txt
   NODEID: 2
   unique: 10, success, outsize: 144
unique: 12, opcode: OPEN (14), nodeid: 2, insize: 48, pid: 60033
   unique: 12, success, outsize: 32
unique: 14, opcode: GETXATTR (22), nodeid: 2, insize: 68, pid: 60033
   unique: 14, error: -38 (Function not implemented), outsize: 16
unique: 16, opcode: WRITE (16), nodeid: 2, insize: 138, pid: 60033
write[0] 58 bytes to 8224 flags: 0x8002
   write[0] 58 bytes to 8224
   unique: 16, success, outsize: 24
unique: 18, opcode: FLUSH (25), nodeid: 2, insize: 64, pid: 60033
   unique: 18, error: -38 (Function not implemented), outsize: 16
unique: 20, opcode: RELEASE (18), nodeid: 2, insize: 64, pid: 0
   unique: 20, success, outsize: 16
unique: 22, opcode: GETATTR (3), nodeid: 2, insize: 56, pid: 60033
getattr /onefile.txt
   unique: 22, success, outsize: 120
unique: 24, opcode: STATFS (17), nodeid: 1, insize: 40, pid: 60033
statfs /
   unique: 24, success, outsize: 96
FUSE library version: 2.9.9
nullpath_ok: 0
nopath: 0
utime_omit_ok: 0
unique: 2, opcode: INIT (26), nodeid: 0, insize: 56, pid: 0
INIT: 7.34
flags=0x33fffffb
max_readahead=0x00020000
   INIT: 7.19
   flags=0x00000011
   max_readahead=0x00020000
   max_write=0x00001000
   max_background=0
   congestion_threshold=0
   unique: 2, success, outsize: 40
unique: 4, opcode: GETATTR (3), nodeid: 1, insize: 56, pid: 21756
getattr /
   unique: 4, success, outsize: 120
unique: 6, opcode: ACCESS (34), nodeid: 1, insize: 48, pid: 20962
   unique: 6, error: -38 (Function not implemented), outsize: 16
unique: 8, opcode: STATFS (17), nodeid: 1, insize: 40, pid: 21758
statfs /
   unique: 8, success, outsize: 96
unique: 10, opcode: LOOKUP (1), nodeid: 1, insize: 52, pid: 21758
LOOKUP /onefile.txt
getattr /onefile.txt
   NODEID: 2
   unique: 10, success, outsize: 144
unique: 12, opcode: OPEN (14), nodeid: 2, insize: 48, pid: 21758
   unique: 12, success, outsize: 32
unique: 14, opcode: GETXATTR (22), nodeid: 2, insize: 68, pid: 21758
   unique: 14, error: -38 (Function not implemented), outsize: 16
unique: 16, opcode: WRITE (16), nodeid: 2, insize: 138, pid: 21758
write[0] 58 bytes to 8224 flags: 0x8002
   write[0] 58 bytes to 8224
   unique: 16, success, outsize: 24
unique: 18, opcode: FLUSH (25), nodeid: 2, insize: 64, pid: 21758
   unique: 18, error: -38 (Function not implemented), outsize: 16
unique: 20, opcode: RELEASE (18), nodeid: 2, insize: 64, pid: 0
   unique: 20, success, outsize: 16
unique: 22, opcode: GETATTR (3), nodeid: 2, insize: 56, pid: 21758
getattr /onefile.txt
   unique: 22, success, outsize: 120
unique: 24, opcode: STATFS (17), nodeid: 1, insize: 40, pid: 21758
statfs /
   unique: 24, success, outsize: 96
FUSE library version: 2.9.9
nullpath_ok: 0
nopath: 0
utime_omit_ok: 0
unique: 2, opcode: INIT (26), nodeid: 0, insize: 56, pid: 0
INIT: 7.34
flags=0x33fffffb
max_readahead=0x00020000
   INIT: 7.19
   flags=0x00000011
   max_readahead=0x00020000
   max_write=0x00001000
   max_background=0
   congestion_threshold=0
   unique: 2, success, outsize: 40
unique: 4, opcode: GETATTR (3), nodeid: 1, insize: 56, pid: 31381
getattr /
   unique: 4, success, outsize: 120
unique: 6, opcode: ACCESS (34), nodeid: 1, insize: 48, pid: 30711
   unique: 6, error: -38 (Function not implemented), outsize: 16
unique: 8, opcode: STATFS (17), nodeid: 1, insize: 40, pid: 31383
statfs /
   unique: 8, success, outsize: 96
unique: 10, opcode: LOOKUP (1), nodeid: 1, insize: 52, pid: 31383
LOOKUP /onefile.txt
getattr /onefile.txt
   NODEID: 2
   unique: 10, success, outsize: 144
unique: 12, opcode: OPEN (14), nodeid: 2, insize: 48, pid: 31383
   unique: 12, success, outsize: 32
unique: 14, opcode: GETXATTR (22), nodeid: 2, insize: 68, pid: 31383
   unique: 14, error: -38 (Function not implemented), outsize: 16
unique: 16, opcode: WRITE (16), nodeid: 2, insize: 138, pid: 31383
write[0] 58 bytes to 8224 flags: 0x8002
   write[0] 58 bytes to 8224
   unique: 16, success, outsize: 24
unique: 18, opcode: FLUSH (25), nodeid: 2, insize: 64, pid: 31383
   unique: 18, error: -38 (Function not implemented), outsize: 16
unique: 20, opcode: RELEASE (18), nodeid: 2, insize: 64, pid: 0
   unique: 20, success, outsize: 16
unique: 22, opcode: GETATTR (3), nodeid: 2, insize: 56, pid: 31383
getattr /onefile.txt
   unique: 22, success, outsize: 120
unique: 24, opcode: STATFS (17), nodeid: 1, insize: 40, pid: 31383
statfs /
   unique: 24, success, outsize: 96
FUSE library version: 2.9.9
nullpath_ok: 0
nopath: 0
utime_omit_ok: 0
unique: 2, opcode: INIT (26), nodeid: 0, insize: 56, pid: 0
INIT: 7.34
flags=0x33fffffb
max_readahead=0x00020000
   INIT: 7.19
   flags=0x00000011
   max_readahead=0x00020000
   max_write=0x00001000
   max_background=0
   congestion_threshold=0
   unique: 2, success, outsize: 40
unique: 4, opcode: GETATTR (3), nodeid: 1, insize: 56, pid: 34578
getattr /
   unique: 4, success, outsize: 120
unique: 6, opcode: ACCESS (34), nodeid: 1, insize: 48, pid: 33447
   unique: 6, error: -38 (Function not implemented), outsize: 16
unique: 8, opcode: STATFS (17), nodeid: 1, insize: 40, pid: 34580
statfs /
   unique: 8, success, outsize: 96
unique: 10, opcode: LOOKUP (1), nodeid: 1, insize: 52, pid: 34580
LOOKUP /onefile.txt
getattr /onefile.txt
   NODEID: 2
   unique: 10, success, outsize: 144
unique: 12, opcode: OPEN (14), nodeid: 2, insize: 48, pid: 34580
   unique: 12, success, outsize: 32
unique: 14, opcode: GETXATTR (22), nodeid: 2, insize: 68, pid: 34580
   unique: 14, error: -38 (Function not implemented), outsize: 16
unique: 16, opcode: WRITE (16), nodeid: 2, insize: 138, pid: 34580
write[0] 58 bytes to 8224 flags: 0x8002
   write[0] 58 bytes to 8224
   unique: 16, success, outsize: 24
unique: 18, opcode: FLUSH (25), nodeid: 2, insize: 64, pid: 34580
   unique: 18, error: -38 (Function not implemented), outsize: 16
unique: 20, opcode: RELEASE (18), nodeid: 2, insize: 64, pid: 0
   unique: 20, success, outsize: 16
unique: 22, opcode: GETATTR (3), nodeid: 2, insize: 56, pid: 34580
getattr /onefile.txt
   unique: 22, success, outsize: 120
unique: 24, opcode: STATFS (17), nodeid: 1, insize: 40, pid: 34580
statfs /
   unique: 24, success, outsize: 96
FUSE library version: 2.9.9
nullpath_ok: 0
nopath: 0
utime_omit_ok: 0
unique: 2, opcode: INIT (26), nodeid: 0, insize: 56, pid: 0
INIT: 7.34
flags=0x33fffffb
max_readahead=0x00020000
   INIT: 7.19
   flags=0x00000011
   max_readahead=0x00020000
   max_write=0x00001000
   max_background=0
   congestion_threshold=0
   unique: 2, success, outsize: 40
unique: 4, opcode: GETATTR (3), nodeid: 1, insize: 56, pid: 12923
getattr /
   unique: 4, success, outsize: 120
unique: 6, opcode: ACCESS (34), nodeid: 1, insize: 48, pid: 12081
   unique: 6, error: -38 (Function not implemented), outsize: 16
unique: 8, opcode: STATFS (17), nodeid: 1, insize: 40, pid: 12925
statfs /
   unique: 8, success, outsize: 96
unique: 10, opcode: LOOKUP (1), nodeid: 1, insize: 52, pid: 12925
LOOKUP /onefile.txt
getattr /onefile.txt
   NODEID: 2
   unique: 10, success, outsize: 144
unique: 12, opcode: OPEN (14), nodeid: 2, insize: 48, pid: 12925
   unique: 12, success, outsize: 32
unique: 14, opcode: GETXATTR (22), nodeid: 2, insize: 68, pid: 12925
   unique: 14, error: -38 (Function not implemented), outsize: 16
unique: 16, opcode: WRITE (16), nodeid: 2, insize: 138, pid: 12925
write[0] 58 bytes to 8224 flags: 0x8002
   write[0] 58 bytes to 8224
   unique: 16, success, outsize: 24
unique: 18, opcode: FLUSH (25), nodeid: 2, insize: 64, pid: 12925
   unique: 18, error: -38 (Function not implemented), outsize: 16
unique: 20, opcode: RELEASE (18), nodeid: 2, insize: 64, pid: 0
   unique: 20, success, outsize: 16
unique: 22, opcode: GETATTR (3), nodeid: 2, insize: 56, pid: 12925
getattr /onefile.txt
   unique: 22, success, outsize: 120
unique: 24, opcode: STATFS (17), nodeid: 1, insize: 40, pid: 12925
statfs /
   unique: 24, success, outsize: 96
FUSE library version: 2.9.9
nullpath_ok: 0
nopath: 0
utime_omit_ok: 0
unique: 2, opcode: INIT (26), nodeid: 0, insize: 56, pid: 0
INIT: 7.34
flags=0x33fffffb
max_readahead=0x00020000
   INIT: 7.19
   flags=0x00000011
   max_readahead=0x00020000
   max_write=0x00001000
   max_background=0
   congestion_threshold=0
   unique: 2, success, outsize: 40
unique: 4, opcode: GETATTR (3), nodeid: 1, insize: 56, pid: 12452
getattr /
   unique: 4, success, outsize: 120
unique: 6, opcode: ACCESS (34), nodeid: 1, insize: 48, pid: 11887
   unique: 6, error: -38 (Function not implemented), outsize: 16
unique: 8, opcode: STATFS (17), nodeid: 1, insize: 40, pid: 12454
statfs /
   unique: 8, success, outsize: 96
unique: 10, opcode: LOOKUP (1), nodeid: 1, insize: 52, pid: 12454
LOOKUP /onefile.txt
getattr /onefile.txt
   NODEID: 2
   unique: 10, success, outsize: 144
unique: 12, opcode: OPEN (14), nodeid: 2, insize: 48, pid: 12454
   unique: 12, success, outsize: 32
unique: 14, opcode: GETXATTR (22), nodeid: 2, insize: 68, pid: 12454
   unique: 14, error: -38 (Function not implemented), outsize: 16
unique: 16, opcode: WRITE (16), nodeid: 2, insize: 138, pid: 12454
write[0] 58 bytes to 8224 flags: 0x8002
   write[0] 58 bytes to 8224
   unique: 16, success, outsize: 24
unique: 18, opcode: FLUSH (25), nodeid: 2, insize: 64, pid: 12454
   unique: 18, error: -38 (Function not implemented), outsize: 16
unique: 20, opcode: RELEASE (18), nodeid: 2, insize: 64, pid: 0
   unique: 20, success, outsize: 16
unique: 22, opcode: GETATTR (3), nodeid: 2, insize: 56, pid: 12454
getattr /onefile.txt
   unique: 22, success, outsize: 120
unique: 24, opcode: STATFS (17), nodeid: 1, insize: 40, pid: 12454
statfs /
   unique: 24, success, outsize: 96
FUSE library version: 2.9.9
nullpath_ok: 0
nopath: 0
utime_omit_ok: 0
unique: 2, opcode: INIT (26), nodeid: 0, insize: 56, pid: 0
INIT: 7.34
flags=0x33fffffb
max_readahead=0x00020000
   INIT: 7.19
   flags=0x00000011
   max_readahead=0x00020000
   max_write=0x00001000
   max_background=0
   congestion_threshold=0
   unique: 2, success, outsize: 40
unique: 4, opcode: GETATTR (3), nodeid: 1, insize: 56, pid: 37860
getattr /
   unique: 4, success, outsize: 120
unique: 6, opcode: ACCESS (34), nodeid: 1, insize: 48, pid: 37326
   unique: 6, error: -38 (Function not implemented), outsize: 16
unique: 8, opcode: STATFS (17), nodeid: 1, insize: 40, pid: 37862
statfs /
   unique: 8, success, outsize: 96
unique: 10, opcode: LOOKUP (1), nodeid: 1, insize: 52, pid: 37862
LOOKUP /onefile.txt
getattr /onefile.txt
   NODEID: 2
   unique: 10, success, outsize: 144
unique: 12, opcode: OPEN (14), nodeid: 2, insize: 48, pid: 37862
   unique: 12, success, outsize: 32
unique: 14, opcode: GETXATTR (22), nodeid: 2, insize: 68, pid: 37862
   unique: 14, error: -38 (Function not implemented), outsize: 16
unique: 16, opcode: WRITE (16), nodeid: 2, insize: 138, pid: 37862
write[0] 58 bytes to 8224 flags: 0x8002
   write[0] 58 bytes to 8224
   unique: 16, success, outsize: 24
unique: 18, opcode: FLUSH (25), nodeid: 2, insize: 64, pid: 37862
   unique: 18, error: -38 (Function not implemented), outsize: 16
unique: 20, opcode: RELEASE (18), nodeid: 2, insize: 64, pid: 0
   unique: 20, success, outsize: 16
unique: 22, opcode: GETATTR (3), nodeid: 2, insize: 56, pid: 37862
getattr /onefile.txt
   unique: 22, success, outsize: 120
unique: 24, opcode: STATFS (17), nodeid: 1, insize: 40, pid: 37862
statfs /
   unique: 24, success, outsize: 96
FUSE library version: 2.9.9
nullpath_ok: 0
nopath: 0
utime_omit_ok: 0
unique: 2, opcode: INIT (26), nodeid: 0, insize: 56, pid: 0
INIT: 7.34
flags=0x33fffffb
max_readahead=0x00020000
   INIT: 7.19
   flags=0x00000011
   max_readahead=0x00020000
   max_write=0x00001000
   max_background=0
   congestion_threshold=0
   unique: 2, success, outsize: 40
unique: 4, opcode: GETATTR (3), nodeid: 1, insize: 56, pid: 41550
getattr /
   unique: 4, success, outsize: 120
unique: 6, opcode: ACCESS (34), nodeid: 1, insize: 48, pid: 40782
   unique: 6, error: -38 (Function not implemented), outsize: 16
unique: 8, opcode: STATFS (17), nodeid: 1, insize: 40, pid: 41552
statfs /
   unique: 8, success, outsize: 96
unique: 10, opcode: LOOKUP (1), nodeid: 1, insize: 52, pid: 41552
LOOKUP /onefile.txt
getattr /onefile.txt
   NODEID: 2
   unique: 10, success, outsize: 144
unique: 12, opcode: OPEN (14), nodeid: 2, insize: 48, pid: 41552
   unique: 12, success, outsize: 32
unique: 14, opcode: GETXATTR (22), nodeid: 2, insize: 68, pid: 41552
   unique: 14, error: -38 (Function not implemented), outsize: 16
unique: 16, opcode: WRITE (16), nodeid: 2, insize: 138, pid: 41552
write[0] 58 bytes to 8224 flags: 0x8002
   write[0] 58 bytes to 8224
   unique: 16, success, outsize: 24
unique: 18, opcode: FLUSH (25), nodeid: 2, insize: 64, pid: 41552
   unique: 18, error: -38 (Function not implemented), outsize: 16
unique: 20, opcode: RELEASE (18), nodeid: 2, insize: 64, pid: 0
   unique: 20, success, outsize: 16
unique: 22, opcode: GETATTR (3), nodeid: 2, insize: 56, pid: 41552
getattr /onefile.txt
   unique: 22, success, outsize: 120
unique: 24, opcode: STATFS (17), nodeid: 1, insize: 40, pid: 41552
statfs /
   unique: 24, success, outsize: 96
FUSE library version: 2.9.9
nullpath_ok: 0
nopath: 0
utime_omit_ok: 0
unique: 2, opcode: INIT (26), nodeid: 0, insize: 56, pid: 0
INIT: 7.34
flags=0x33fffffb
max_readahead=0x00020000
   INIT: 7.19
   flags=0x00000011
   max_readahead=0x00020000
   max_write=0x00001000
   max_background=0
   congestion_threshold=0
   unique: 2, success, outsize: 40
unique: 4, opcode: GETATTR (3), nodeid: 1, insize: 56, pid: 5775
getattr /
   unique: 4, success, outsize: 120
unique: 6, opcode: ACCESS (34), nodeid: 1, insize: 48, pid: 5358
   unique: 6, error: -38 (Function not implemented), outsize: 16
unique: 8, opcode: STATFS (17), nodeid: 1, insize: 40, pid: 5777
statfs /
   unique: 8, success, outsize: 96
unique: 10, opcode: LOOKUP (1), nodeid: 1, insize: 52, pid: 5777
LOOKUP /onefile.txt
getattr /onefile.txt
   NODEID: 2
   unique: 10, success, outsize: 144
unique: 12, opcode: OPEN (14), nodeid: 2, insize: 48, pid: 5777
   unique: 12, success, outsize: 32
unique: 14, opcode: GETXATTR (22), nodeid: 2, insize: 68, pid: 5777
   unique: 14, error: -38 (Function not implemented), outsize: 16
unique: 16, opcode: WRITE (16), nodeid: 2, insize: 138, pid: 5777
write[0] 58 bytes to 8224 flags: 0x8002
   write[0] 58 bytes to 8224
   unique: 16, success, outsize: 24
unique: 18, opcode: FLUSH (25), nodeid: 2, insize: 64, pid: 5777
   unique: 18, error: -38 (Function not implemented), outsize: 16
unique: 20, opcode: RELEASE (18), nodeid: 2, insize: 64, pid: 0
   unique: 20, success, outsize: 16
unique: 22, opcode: GETATTR (3), nodeid: 2, insize: 56, pid: 5777
getattr /onefile.txt
   unique: 22, success, outsize: 120
unique: 24, opcode: STATFS (17), nodeid: 1, insize: 40, pid: 5777
statfs /
   unique: 24, success, outsize: 96
FUSE library version: 2.9.9
nullpath_ok: 0
nopath: 0
utime_omit_ok: 0
unique: 2, opcode: INIT (26), nodeid: 0, insize: 56, pid: 0
INIT: 7.34
flags=0x33fffffb
max_readahead=0x00020000
   INIT: 7.19
   flags=0x00000011
   max_readahead=0x00020000
   max_write=0x00001000
   max_background=0
   congestion_threshold=0
   unique: 2, success, outsize: 40
unique: 4, opcode: GETATTR (3), nodeid: 1, insize: 56, pid: 7263
getattr /
   unique: 4, success, outsize: 120
unique: 6, opcode: ACCESS (34), nodeid: 1, insize: 48, pid: 6841
   unique: 6, error: -38 (Function not implemented), outsize: 16
unique: 8, opcode: STATFS (17), nodeid: 1, insize: 40, pid: 7265
statfs /
   unique: 8, success, outsize: 96
unique: 10, opcode: LOOKUP (1), nodeid: 1, insize: 52, pid: 7265
LOOKUP /onefile.txt
getattr /onefile.txt
   NODEID: 2
   unique: 10, success, outsize: 144
unique: 12, opcode: OPEN (14), nodeid: 2, insize: 48, pid: 7265
   unique: 12, success, outsize: 32
unique: 14, opcode: GETXATTR (22), nodeid: 2, insize: 68, pid: 7265
   unique: 14, error: -38 (Function not implemented), outsize: 16
unique: 16, opcode: WRITE (16), nodeid: 2, insize: 138, pid: 7265
write[0] 58 bytes to 8224 flags: 0x8002
   write[0] 58 bytes to 8224
   unique: 16, success, outsize: 24
unique: 18, opcode: FLUSH (25), nodeid: 2, insize: 64, pid: 7265
   unique: 18, error: -38 (Function not implemented), outsize: 16
unique: 20, opcode: RELEASE (18), nodeid: 2, insize: 64, pid: 0
   unique: 20, success, outsize: 16
unique: 22, opcode: GETATTR (3), nodeid: 2, insize: 56, pid: 7265
getattr /onefile.txt
   unique: 22, success, outsize: 120
unique: 24, opcode: STATFS (17), nodeid: 1, insize: 40, pid: 7265
statfs /
   unique: 24, success, outsize: 96
FUSE library version: 2.9.9
nullpath_ok: 0
nopath: 0
utime_omit_ok: 0
unique: 2, opcode: INIT (26), nodeid: 0, insize: 56, pid: 0
INIT: 7.34
flags=0x33fffffb
max_readahead=0x00020000
   INIT: 7.19
   flags=0x00000011
   max_readahead=0x00020000
   max_write=0x00001000
   max_background=0
   congestion_threshold=0
   unique: 2, success, outsize: 40
unique: 4, opcode: GETATTR (3), nodeid: 1, insize: 56, pid: 32129
getattr /
   unique: 4, success, outsize: 120
unique: 6, opcode: ACCESS (34), nodeid: 1, insize: 48, pid: 31566
   unique: 6, error: -38 (Function not implemented), outsize: 16
unique: 8, opcode: STATFS (17), nodeid: 1, insize: 40, pid: 32131
statfs /
   unique: 8, success, outsize: 96
unique: 10, opcode: LOOKUP (1), nodeid: 1, insize: 52, pid: 32131
LOOKUP /onefile.txt
getattr /onefile.txt
   NODEID: 2
   unique: 10, success, outsize: 144
unique: 12, opcode: OPEN (14), nodeid: 2, insize: 48, pid: 32131
   unique: 12, success, outsize: 32
unique: 14, opcode: GETXATTR (22), nodeid: 2, insize: 68, pid: 32131
   unique: 14, error: -38 (Function not implemented), outsize: 16
unique: 16, opcode: WRITE (16), nodeid: 2, insize: 138, pid: 32131
write[0] 58 bytes to 8224 flags: 0x8002
   write[0] 58 bytes to 8224
   unique: 16, success, outsize: 24
unique: 18, opcode: FLUSH (25), nodeid: 2, insize: 64, pid: 32131
   unique: 18, error: -38 (Function not implemented), outsize: 16
unique: 20, opcode: RELEASE (18), nodeid: 2, insize: 64, pid: 0
   unique: 20, success, outsize: 16
unique: 22, opcode: GETATTR (3), nodeid: 2, insize: 56, pid: 32131
getattr /onefile.txt
   unique: 22, success, outsize: 120
unique: 24, opcode: STATFS (17), nodeid: 1, insize: 40, pid: 32131
statfs /
   unique: 24, success, outsize: 96
FUSE library version: 2.9.9
nullpath_ok: 0
nopath: 0
utime_omit_ok: 0
unique: 2, opcode: INIT (26), nodeid: 0, insize: 56, pid: 0
INIT: 7.34
flags=0x33fffffb
max_readahead=0x00020000
   INIT: 7.19
   flags=0x00000011
   max_readahead=0x00020000
   max_write=0x00001000
   max_background=0
   congestion_threshold=0
   unique: 2, success, outsize: 40
unique: 4, opcode: GETATTR (3), nodeid: 1, insize: 56, pid: 27904
getattr /
   unique: 4, success, outsize: 120
unique: 6, opcode: ACCESS (34), nodeid: 1, insize: 48, pid: 27151
   unique: 6, error: -38 (Function not implemented), outsize: 16
unique: 8, opcode: STATFS (17), nodeid: 1, insize: 40, pid: 27906
statfs /
   unique: 8, success, outsize: 96
unique: 10, opcode: LOOKUP (1), nodeid: 1, insize: 52, pid: 27906
LOOKUP /onefile.txt
getattr /onefile.txt
   NODEID: 2
   unique: 10, success, outsize: 144
unique: 12, opcode: OPEN (14), nodeid: 2, insize: 48, pid: 27906
   unique: 12, success, outsize: 32
unique: 14, opcode: GETXATTR (22), nodeid: 2, insize: 68, pid: 27906
   unique: 14, error: -38 (Function not implemented), outsize: 16
unique: 16, opcode: WRITE (16), nodeid: 2, insize: 138, pid: 27906
write[0] 58 bytes to 8224 flags: 0x8002
   write[0] 58 bytes to 8224
   unique: 16, success, outsize: 24
unique: 18, opcode: FLUSH (25), nodeid: 2, insize: 64, pid: 27906
   unique: 18, error: -38 (Function not implemented), outsize: 16
unique: 20, opcode: RELEASE (18), nodeid: 2, insize: 64, pid: 0
   unique: 20, success, outsize: 16
unique: 22, opcode: GETATTR (3), nodeid: 2, insize: 56, pid: 27906
getattr /onefile.txt
   unique: 22, success, outsize: 120
unique: 24, opcode: STATFS (17), nodeid: 1, insize: 40, pid: 27906
statfs /
   unique: 24, success, outsize: 96
