DONE CHECKING SUPERBLOCK. NO ERRORS FOUND.
DONE CHECKING INODES. NO ERRORS FOUND.
DONE CHECKING DIRECTORIES. NO ERRORS FOUND.
ERROR: superblock free_inodes 63 is inconsistent with on-disk inode bitmap state (2 allocated, 62 free).
DONE CHECKING INODE BITMAP. ERRORS FOUND.
DONE CHECKING DATA BITMAP. NO ERRORS FOUND.
DONE CHECKING SUPERBLOCK. NO ERRORS FOUND.
DONE CHECKING INODES. NO ERRORS FOUND.
DONE CHECKING DIRECTORIES. NO ERRORS FOUND.
ERROR: superblock free_inodes 63 is inconsistent with on-disk inode bitmap state (2 allocated, 62 free).
DONE CHECKING INODE BITMAP. ERRORS FOUND.
DONE CHECKING DATA BITMAP. NO ERRORS FOUND.
DONE CHECKING SUPERBLOCK. NO ERRORS FOUND.
DONE CHECKING INODES. NO ERRORS FOUND.
DONE CHECKING DIRECTORIES. NO ERRORS FOUND.
ERROR: superblock free_inodes 63 is inconsistent with on-disk inode bitmap state (2 allocated, 62 free).
DONE CHECKING INODE BITMAP. ERRORS FOUND.
DONE CHECKING DATA BITMAP. NO ERRORS FOUND.
DONE CHECKING SUPERBLOCK. NO ERRORS FOUND.
ERROR: directory should have link count of 2, not 3 (subdirectories are not supported)
DONE CHECKING INODES. ERRORS FOUND.
DONE CHECKING DIRECTORIES. NO ERRORS FOUND.
File system is inconsistent, but checking bitmaps anyway.
DONE CHECKING INODE BITMAP. NO ERRORS FOUND.
DONE CHECKING DATA BITMAP. NO ERRORS FOUND.
