FUSE library version: 2.9.9
nullpath_ok: 0
nopath: 0
utime_omit_ok: 0
unique: 2, opcode: INIT (26), nodeid: 0, insize: 56, pid: 0
INIT: 7.34
flags=0x33fffffb
max_readahead=0x00020000
   INIT: 7.19
   flags=0x00000011
   max_readahead=0x00020000
   max_write=0x00001000
   max_background=0
   congestion_threshold=0
   unique: 2, success, outsize: 40
unique: 4, opcode: GETATTR (3), nodeid: 1, insize: 56, pid: 53526
getattr /
   unique: 4, success, outsize: 120
unique: 6, opcode: ACCESS (34), nodeid: 1, insize: 48, pid: 53228
   unique: 6, error: -38 (Function not implemented), outsize: 16
unique: 8, opcode: STATFS (17), nodeid: 1, insize: 40, pid: 53528
statfs /
   unique: 8, success, outsize: 96
unique: 10, opcode: LOOKUP (1), nodeid: 1, insize: 45, pid: 53528
LOOKUP /file
getattr /file
   unique: 10, error: -2 (No such file or directory), outsize: 16
unique: 12, opcode: LOOKUP (1), nodeid: 1, insize: 45, pid: 53528
LOOKUP /file
getattr /file
   unique: 12, error: -2 (No such file or directory), outsize: 16
unique: 14, opcode: CREATE (35), nodeid: 1, insize: 61, pid: 53528
create flags: 0x8041 /file 0100600 umask=0077
   create[0] flags: 0x8041 /file
getattr /file
   NODEID: 2
   unique: 14, success, outsize: 160
unique: 16, opcode: FLUSH (25), nodeid: 2, insize: 64, pid: 53528
   unique: 16, error: -38 (Function not implemented), outsize: 16
unique: 18, opcode: RELEASE (18), nodeid: 2, insize: 64, pid: 0
   unique: 18, success, outsize: 16
unique: 20, opcode: GETATTR (3), nodeid: 1, insize: 56, pid: 53528
getattr /
   unique: 20, success, outsize: 120
unique: 22, opcode: STATFS (17), nodeid: 1, insize: 40, pid: 53528
statfs /
   unique: 22, success, outsize: 96
FUSE library version: 2.9.9
nullpath_ok: 0
nopath: 0
utime_omit_ok: 0
unique: 2, opcode: INIT (26), nodeid: 0, insize: 56, pid: 0
INIT: 7.34
flags=0x33fffffb
max_readahead=0x00020000
   INIT: 7.19
   flags=0x00000011
   max_readahead=0x00020000
   max_write=0x00001000
   max_background=0
   congestion_threshold=0
   unique: 2, success, outsize: 40
unique: 4, opcode: GETATTR (3), nodeid: 1, insize: 56, pid: 42933
getattr /
   unique: 4, success, outsize: 120
unique: 6, opcode: ACCESS (34), nodeid: 1, insize: 48, pid: 42762
   unique: 6, error: -38 (Function not implemented), outsize: 16
unique: 8, opcode: STATFS (17), nodeid: 1, insize: 40, pid: 42935
statfs /
   unique: 8, success, outsize: 96
unique: 10, opcode: LOOKUP (1), nodeid: 1, insize: 45, pid: 42935
LOOKUP /file
getattr /file
   unique: 10, error: -2 (No such file or directory), outsize: 16
unique: 12, opcode: LOOKUP (1), nodeid: 1, insize: 45, pid: 42935
LOOKUP /file
getattr /file
   unique: 12, error: -2 (No such file or directory), outsize: 16
unique: 14, opcode: CREATE (35), nodeid: 1, insize: 61, pid: 42935
create flags: 0x8041 /file 0100600 umask=0077
   create[0] flags: 0x8041 /file
getattr /file
   NODEID: 2
   unique: 14, success, outsize: 160
unique: 16, opcode: FLUSH (25), nodeid: 2, insize: 64, pid: 42935
   unique: 16, error: -38 (Function not implemented), outsize: 16
unique: 18, opcode: RELEASE (18), nodeid: 2, insize: 64, pid: 0
   unique: 18, success, outsize: 16
unique: 20, opcode: GETATTR (3), nodeid: 1, insize: 56, pid: 42935
getattr /
   unique: 20, success, outsize: 120
unique: 22, opcode: STATFS (17), nodeid: 1, insize: 40, pid: 42935
statfs /
   unique: 22, success, outsize: 96
FUSE library version: 2.9.9
nullpath_ok: 0
nopath: 0
utime_omit_ok: 0
unique: 2, opcode: INIT (26), nodeid: 0, insize: 56, pid: 0
INIT: 7.34
flags=0x33fffffb
max_readahead=0x00020000
   INIT: 7.19
   flags=0x00000011
   max_readahead=0x00020000
   max_write=0x00001000
   max_background=0
   congestion_threshold=0
   unique: 2, success, outsize: 40
unique: 4, opcode: GETATTR (3), nodeid: 1, insize: 56, pid: 5943
getattr /
   unique: 4, success, outsize: 120
unique: 6, opcode: ACCESS (34), nodeid: 1, insize: 48, pid: 5601
   unique: 6, error: -38 (Function not implemented), outsize: 16
unique: 8, opcode: STATFS (17), nodeid: 1, insize: 40, pid: 5945
statfs /
   unique: 8, success, outsize: 96
unique: 10, opcode: LOOKUP (1), nodeid: 1, insize: 45, pid: 5945
LOOKUP /file
getattr /file
   unique: 10, error: -2 (No such file or directory), outsize: 16
unique: 12, opcode: LOOKUP (1), nodeid: 1, insize: 45, pid: 5945
LOOKUP /file
getattr /file
   unique: 12, error: -2 (No such file or directory), outsize: 16
unique: 14, opcode: CREATE (35), nodeid: 1, insize: 61, pid: 5945
create flags: 0x8041 /file 0100600 umask=0077
   create[0] flags: 0x8041 /file
getattr /file
   NODEID: 2
   unique: 14, success, outsize: 160
unique: 16, opcode: FLUSH (25), nodeid: 2, insize: 64, pid: 5945
   unique: 16, error: -38 (Function not implemented), outsize: 16
unique: 18, opcode: RELEASE (18), nodeid: 2, insize: 64, pid: 0
   unique: 18, success, outsize: 16
unique: 20, opcode: GETATTR (3), nodeid: 1, insize: 56, pid: 5945
getattr /
   unique: 20, success, outsize: 120
unique: 22, opcode: STATFS (17), nodeid: 1, insize: 40, pid: 5945
statfs /
   unique: 22, success, outsize: 96
FUSE library version: 2.9.9
nullpath_ok: 0
nopath: 0
utime_omit_ok: 0
unique: 2, opcode: INIT (26), nodeid: 0, insize: 56, pid: 0
INIT: 7.34
flags=0x33fffffb
max_readahead=0x00020000
   INIT: 7.19
   flags=0x00000011
   max_readahead=0x00020000
   max_write=0x00001000
   max_background=0
   congestion_threshold=0
   unique: 2, success, outsize: 40
unique: 4, opcode: GETATTR (3), nodeid: 1, insize: 56, pid: 33846
getattr /
   unique: 4, success, outsize: 120
unique: 6, opcode: ACCESS (34), nodeid: 1, insize: 48, pid: 33556
   unique: 6, error: -38 (Function not implemented), outsize: 16
unique: 8, opcode: STATFS (17), nodeid: 1, insize: 40, pid: 33848
statfs /
   unique: 8, success, outsize: 96
unique: 10, opcode: LOOKUP (1), nodeid: 1, insize: 45, pid: 33848
LOOKUP /file
getattr /file
   unique: 10, error: -2 (No such file or directory), outsize: 16
unique: 12, opcode: LOOKUP (1), nodeid: 1, insize: 45, pid: 33848
LOOKUP /file
getattr /file
   unique: 12, error: -2 (No such file or directory), outsize: 16
unique: 14, opcode: CREATE (35), nodeid: 1, insize: 61, pid: 33848
create flags: 0x8041 /file 0100600 umask=0077
   create[0] flags: 0x8041 /file
getattr /file
   NODEID: 2
   unique: 14, success, outsize: 160
unique: 16, opcode: FLUSH (25), nodeid: 2, insize: 64, pid: 33848
   unique: 16, error: -38 (Function not implemented), outsize: 16
unique: 18, opcode: RELEASE (18), nodeid: 2, insize: 64, pid: 0
   unique: 18, success, outsize: 16
unique: 20, opcode: GETATTR (3), nodeid: 1, insize: 56, pid: 33848
getattr /
   unique: 20, success, outsize: 120
unique: 22, opcode: STATFS (17), nodeid: 1, insize: 40, pid: 33848
statfs /
   unique: 22, success, outsize: 96
FUSE library version: 2.9.9
nullpath_ok: 0
nopath: 0
utime_omit_ok: 0
unique: 2, opcode: INIT (26), nodeid: 0, insize: 56, pid: 0
INIT: 7.34
flags=0x33fffffb
max_readahead=0x00020000
   INIT: 7.19
   flags=0x00000011
   max_readahead=0x00020000
   max_write=0x00001000
   max_background=0
   congestion_threshold=0
   unique: 2, success, outsize: 40
unique: 4, opcode: GETATTR (3), nodeid: 1, insize: 56, pid: 25785
getattr /
   unique: 4, success, outsize: 120
unique: 6, opcode: ACCESS (34), nodeid: 1, insize: 48, pid: 25620
   unique: 6, error: -38 (Function not implemented), outsize: 16
unique: 8, opcode: STATFS (17), nodeid: 1, insize: 40, pid: 25787
statfs /
   unique: 8, success, outsize: 96
unique: 10, opcode: LOOKUP (1), nodeid: 1, insize: 45, pid: 25787
LOOKUP /file
getattr /file
   unique: 10, error: -2 (No such file or directory), outsize: 16
unique: 12, opcode: LOOKUP (1), nodeid: 1, insize: 45, pid: 25787
LOOKUP /file
getattr /file
   unique: 12, error: -2 (No such file or directory), outsize: 16
unique: 14, opcode: CREATE (35), nodeid: 1, insize: 61, pid: 25787
create flags: 0x8041 /file 0100600 umask=0077
   create[0] flags: 0x8041 /file
getattr /file
   NODEID: 2
   unique: 14, success, outsize: 160
unique: 16, opcode: FLUSH (25), nodeid: 2, insize: 64, pid: 25787
   unique: 16, error: -38 (Function not implemented), outsize: 16
unique: 18, opcode: RELEASE (18), nodeid: 2, insize: 64, pid: 0
   unique: 18, success, outsize: 16
unique: 20, opcode: GETATTR (3), nodeid: 1, insize: 56, pid: 25787
getattr /
   unique: 20, success, outsize: 120
unique: 22, opcode: STATFS (17), nodeid: 1, insize: 40, pid: 25787
statfs /
   unique: 22, success, outsize: 96
FUSE library version: 2.9.9
nullpath_ok: 0
nopath: 0
utime_omit_ok: 0
unique: 2, opcode: INIT (26), nodeid: 0, insize: 56, pid: 0
INIT: 7.34
flags=0x33fffffb
max_readahead=0x00020000
   INIT: 7.19
   flags=0x00000011
   max_readahead=0x00020000
   max_write=0x00001000
   max_background=0
   congestion_threshold=0
   unique: 2, success, outsize: 40
unique: 4, opcode: GETATTR (3), nodeid: 1, insize: 56, pid: 2014
getattr /
   unique: 4, success, outsize: 120
unique: 6, opcode: ACCESS (34), nodeid: 1, insize: 48, pid: 1726
   unique: 6, error: -38 (Function not implemented), outsize: 16
unique: 8, opcode: STATFS (17), nodeid: 1, insize: 40, pid: 2016
statfs /
   unique: 8, success, outsize: 96
unique: 10, opcode: LOOKUP (1), nodeid: 1, insize: 45, pid: 2016
LOOKUP /file
getattr /file
   unique: 10, error: -2 (No such file or directory), outsize: 16
unique: 12, opcode: LOOKUP (1), nodeid: 1, insize: 45, pid: 2016
LOOKUP /file
getattr /file
   unique: 12, error: -2 (No such file or directory), outsize: 16
unique: 14, opcode: CREATE (35), nodeid: 1, insize: 61, pid: 2016
create flags: 0x8041 /file 0100600 umask=0077
   create[0] flags: 0x8041 /file
getattr /file
   NODEID: 2
   unique: 14, success, outsize: 160
unique: 16, opcode: FLUSH (25), nodeid: 2, insize: 64, pid: 2016
   unique: 16, error: -38 (Function not implemented), outsize: 16
unique: 18, opcode: RELEASE (18), nodeid: 2, insize: 64, pid: 0
   unique: 18, success, outsize: 16
unique: 20, opcode: STATFS (17), nodeid: 1, insize: 40, pid: 2016
statfs /
   unique: 20, success, outsize: 96
unique: 22, opcode: GETATTR (3), nodeid: 1, insize: 56, pid: 2016
getattr /
   unique: 22, success, outsize: 120
FUSE library version: 2.9.9
nullpath_ok: 0
nopath: 0
utime_omit_ok: 0
unique: 2, opcode: INIT (26), nodeid: 0, insize: 56, pid: 0
INIT: 7.34
flags=0x33fffffb
max_readahead=0x00020000
   INIT: 7.19
   flags=0x00000011
   max_readahead=0x00020000
   max_write=0x00001000
   max_background=0
   congestion_threshold=0
   unique: 2, success, outsize: 40
unique: 4, opcode: GETATTR (3), nodeid: 1, insize: 56, pid: 24486
getattr /
   unique: 4, success, outsize: 120
unique: 6, opcode: ACCESS (34), nodeid: 1, insize: 48, pid: 24199
   unique: 6, error: -38 (Function not implemented), outsize: 16
unique: 8, opcode: STATFS (17), nodeid: 1, insize: 40, pid: 24488
statfs /
   unique: 8, success, outsize: 96
unique: 10, opcode: LOOKUP (1), nodeid: 1, insize: 45, pid: 24488
LOOKUP /file
getattr /file
   unique: 10, error: -2 (No such file or directory), outsize: 16
unique: 12, opcode: LOOKUP (1), nodeid: 1, insize: 45, pid: 24488
LOOKUP /file
getattr /file
   unique: 12, error: -2 (No such file or directory), outsize: 16
unique: 14, opcode: CREATE (35), nodeid: 1, insize: 61, pid: 24488
create flags: 0x8041 /file 0100600 umask=0077
   create[0] flags: 0x8041 /file
getattr /file
   NODEID: 2
   unique: 14, success, outsize: 160
unique: 16, opcode: FLUSH (25), nodeid: 2, insize: 64, pid: 24488
   unique: 16, error: -38 (Function not implemented), outsize: 16
unique: 18, opcode: RELEASE (18), nodeid: 2, insize: 64, pid: 0
   unique: 18, success, outsize: 16
unique: 20, opcode: STATFS (17), nodeid: 1, insize: 40, pid: 24488
statfs /
   unique: 20, success, outsize: 96
unique: 22, opcode: GETATTR (3), nodeid: 1, insize: 56, pid: 24488
getattr /
   unique: 22, success, outsize: 120
FUSE library version: 2.9.9
nullpath_ok: 0
nopath: 0
utime_omit_ok: 0
unique: 2, opcode: INIT (26), nodeid: 0, insize: 56, pid: 0
INIT: 7.34
flags=0x33fffffb
max_readahead=0x00020000
   INIT: 7.19
   flags=0x00000011
   max_readahead=0x00020000
   max_write=0x00001000
   max_background=0
   congestion_threshold=0
   unique: 2, success, outsize: 40
unique: 4, opcode: GETATTR (3), nodeid: 1, insize: 56, pid: 35730
getattr /
   unique: 4, success, outsize: 120
unique: 6, opcode: ACCESS (34), nodeid: 1, insize: 48, pid: 35529
   unique: 6, error: -38 (Function not implemented), outsize: 16
unique: 8, opcode: STATFS (17), nodeid: 1, insize: 40, pid: 35732
statfs /
   unique: 8, success, outsize: 96
unique: 10, opcode: LOOKUP (1), nodeid: 1, insize: 45, pid: 35732
LOOKUP /file
getattr /file
   unique: 10, error: -2 (No such file or directory), outsize: 16
unique: 12, opcode: LOOKUP (1), nodeid: 1, insize: 45, pid: 35732
LOOKUP /file
getattr /file
   unique: 12, error: -2 (No such file or directory), outsize: 16
unique: 14, opcode: CREATE (35), nodeid: 1, insize: 61, pid: 35732
create flags: 0x8041 /file 0100600 umask=0077
   create[0] flags: 0x8041 /file
getattr /file
   NODEID: 2
   unique: 14, success, outsize: 160
unique: 16, opcode: FLUSH (25), nodeid: 2, insize: 64, pid: 35732
   unique: 16, error: -38 (Function not implemented), outsize: 16
unique: 18, opcode: RELEASE (18), nodeid: 2, insize: 64, pid: 0
   unique: 18, success, outsize: 16
unique: 20, opcode: STATFS (17), nodeid: 1, insize: 40, pid: 35732
statfs /
   unique: 20, success, outsize: 96
unique: 22, opcode: GETATTR (3), nodeid: 1, insize: 56, pid: 35732
getattr /
   unique: 22, success, outsize: 120
FUSE library version: 2.9.9
nullpath_ok: 0
nopath: 0
utime_omit_ok: 0
unique: 2, opcode: INIT (26), nodeid: 0, insize: 56, pid: 0
INIT: 7.34
flags=0x33fffffb
max_readahead=0x00020000
   INIT: 7.19
   flags=0x00000011
   max_readahead=0x00020000
   max_write=0x00001000
   max_background=0
   congestion_threshold=0
   unique: 2, success, outsize: 40
unique: 4, opcode: GETATTR (3), nodeid: 1, insize: 56, pid: 41072
getattr /
   unique: 4, success, outsize: 120
unique: 6, opcode: ACCESS (34), nodeid: 1, insize: 48, pid: 40899
   unique: 6, error: -38 (Function not implemented), outsize: 16
unique: 8, opcode: STATFS (17), nodeid: 1, insize: 40, pid: 41074
statfs /
   unique: 8, success, outsize: 96
unique: 10, opcode: LOOKUP (1), nodeid: 1, insize: 45, pid: 41074
LOOKUP /file
getattr /file
   unique: 10, error: -2 (No such file or directory), outsize: 16
unique: 12, opcode: LOOKUP (1), nodeid: 1, insize: 45, pid: 41074
LOOKUP /file
getattr /file
   unique: 12, error: -2 (No such file or directory), outsize: 16
unique: 14, opcode: CREATE (35), nodeid: 1, insize: 61, pid: 41074
create flags: 0x8041 /file 0100600 umask=0077
   create[0] flags: 0x8041 /file
getattr /file
   NODEID: 2
   unique: 14, success, outsize: 160
unique: 16, opcode: FLUSH (25), nodeid: 2, insize: 64, pid: 41074
   unique: 16, error: -38 (Function not implemented), outsize: 16
unique: 18, opcode: RELEASE (18), nodeid: 2, insize: 64, pid: 0
   unique: 18, success, outsize: 16
unique: 20, opcode: STATFS (17), nodeid: 1, insize: 40, pid: 41074
statfs /
   unique: 20, success, outsize: 96
unique: 22, opcode: GETATTR (3), nodeid: 1, insize: 56, pid: 41074
getattr /
   unique: 22, success, outsize: 120
FUSE library version: 2.9.9
nullpath_ok: 0
nopath: 0
utime_omit_ok: 0
unique: 2, opcode: INIT (26), nodeid: 0, insize: 56, pid: 0
INIT: 7.34
flags=0x33fffffb
max_readahead=0x00020000
   INIT: 7.19
   flags=0x00000011
   max_readahead=0x00020000
   max_write=0x00001000
   max_background=0
   congestion_threshold=0
   unique: 2, success, outsize: 40
unique: 4, opcode: GETATTR (3), nodeid: 1, insize: 56, pid: 49963
getattr /
   unique: 4, success, outsize: 120
unique: 6, opcode: ACCESS (34), nodeid: 1, insize: 48, pid: 49785
   unique: 6, error: -38 (Function not implemented), outsize: 16
unique: 8, opcode: STATFS (17), nodeid: 1, insize: 40, pid: 49965
statfs /
   unique: 8, success, outsize: 96
unique: 10, opcode: LOOKUP (1), nodeid: 1, insize: 45, pid: 49965
LOOKUP /file
getattr /file
   unique: 10, error: -2 (No such file or directory), outsize: 16
unique: 12, opcode: LOOKUP (1), nodeid: 1, insize: 45, pid: 49965
LOOKUP /file
getattr /file
   unique: 12, error: -2 (No such file or directory), outsize: 16
unique: 14, opcode: CREATE (35), nodeid: 1, insize: 61, pid: 49965
create flags: 0x8041 /file 0100600 umask=0077
   create[0] flags: 0x8041 /file
getattr /file
   NODEID: 2
   unique: 14, success, outsize: 160
unique: 16, opcode: FLUSH (25), nodeid: 2, insize: 64, pid: 49965
   unique: 16, error: -38 (Function not implemented), outsize: 16
unique: 18, opcode: RELEASE (18), nodeid: 2, insize: 64, pid: 0
   unique: 18, success, outsize: 16
unique: 20, opcode: STATFS (17), nodeid: 1, insize: 40, pid: 49965
statfs /
   unique: 20, success, outsize: 96
unique: 22, opcode: GETATTR (3), nodeid: 1, insize: 56, pid: 49965
getattr /
   unique: 22, success, outsize: 120
FUSE library version: 2.9.9
nullpath_ok: 0
nopath: 0
utime_omit_ok: 0
unique: 2, opcode: INIT (26), nodeid: 0, insize: 56, pid: 0
INIT: 7.34
flags=0x33fffffb
max_readahead=0x00020000
   INIT: 7.19
   flags=0x00000011
   max_readahead=0x00020000
   max_write=0x00001000
   max_background=0
   congestion_threshold=0
   unique: 2, success, outsize: 40
unique: 4, opcode: GETATTR (3), nodeid: 1, insize: 56, pid: 53693
getattr /
   unique: 4, success, outsize: 120
unique: 6, opcode: ACCESS (34), nodeid: 1, insize: 48, pid: 53528
   unique: 6, error: -38 (Function not implemented), outsize: 16
unique: 8, opcode: STATFS (17), nodeid: 1, insize: 40, pid: 53695
statfs /
   unique: 8, success, outsize: 96
unique: 10, opcode: LOOKUP (1), nodeid: 1, insize: 45, pid: 53695
LOOKUP /file
getattr /file
   unique: 10, error: -2 (No such file or directory), outsize: 16
unique: 12, opcode: LOOKUP (1), nodeid: 1, insize: 45, pid: 53695
LOOKUP /file
getattr /file
   unique: 12, error: -2 (No such file or directory), outsize: 16
unique: 14, opcode: CREATE (35), nodeid: 1, insize: 61, pid: 53695
create flags: 0x8041 /file 0100600 umask=0077
   create[0] flags: 0x8041 /file
getattr /file
   NODEID: 2
   unique: 14, success, outsize: 160
unique: 16, opcode: FLUSH (25), nodeid: 2, insize: 64, pid: 53695
   unique: 16, error: -38 (Function not implemented), outsize: 16
unique: 18, opcode: RELEASE (18), nodeid: 2, insize: 64, pid: 0
   unique: 18, success, outsize: 16
unique: 20, opcode: STATFS (17), nodeid: 1, insize: 40, pid: 53695
statfs /
   unique: 20, success, outsize: 96
unique: 22, opcode: GETATTR (3), nodeid: 1, insize: 56, pid: 53695
getattr /
   unique: 22, success, outsize: 120
FUSE library version: 2.9.9
nullpath_ok: 0
nopath: 0
utime_omit_ok: 0
unique: 2, opcode: INIT (26), nodeid: 0, insize: 56, pid: 0
INIT: 7.34
flags=0x33fffffb
max_readahead=0x00020000
   INIT: 7.19
   flags=0x00000011
   max_readahead=0x00020000
   max_write=0x00001000
   max_background=0
   congestion_threshold=0
   unique: 2, success, outsize: 40
unique: 4, opcode: GETATTR (3), nodeid: 1, insize: 56, pid: 63735
getattr /
   unique: 4, success, outsize: 120
unique: 6, opcode: ACCESS (34), nodeid: 1, insize: 48, pid: 63576
   unique: 6, error: -38 (Function not implemented), outsize: 16
unique: 8, opcode: STATFS (17), nodeid: 1, insize: 40, pid: 63737
statfs /
   unique: 8, success, outsize: 96
unique: 10, opcode: LOOKUP (1), nodeid: 1, insize: 45, pid: 63737
LOOKUP /file
getattr /file
   unique: 10, error: -2 (No such file or directory), outsize: 16
unique: 12, opcode: LOOKUP (1), nodeid: 1, insize: 45, pid: 63737
LOOKUP /file
getattr /file
   unique: 12, error: -2 (No such file or directory), outsize: 16
unique: 14, opcode: CREATE (35), nodeid: 1, insize: 61, pid: 63737
create flags: 0x8041 /file 0100600 umask=0077
   create[0] flags: 0x8041 /file
getattr /file
   NODEID: 2
   unique: 14, success, outsize: 160
unique: 16, opcode: FLUSH (25), nodeid: 2, insize: 64, pid: 63737
   unique: 16, error: -38 (Function not implemented), outsize: 16
unique: 18, opcode: RELEASE (18), nodeid: 2, insize: 64, pid: 0
   unique: 18, success, outsize: 16
unique: 20, opcode: STATFS (17), nodeid: 1, insize: 40, pid: 63737
statfs /
   unique: 20, success, outsize: 96
unique: 22, opcode: GETATTR (3), nodeid: 1, insize: 56, pid: 63737
getattr /
   unique: 22, success, outsize: 120
