DONE CHECKING SUPERBLOCK. NO ERRORS FOUND.
DONE CHECKING INODES. NO ERRORS FOUND.
DONE CHECKING DIRECTORIES. NO ERRORS FOUND.
DONE CHECKING INODE BITMAP. NO ERRORS FOUND.
DONE CHECKING DATA BITMAP. NO ERRORS FOUND.
DONE CHECKING SUPERBLOCK. NO ERRORS FOUND.
DONE CHECKING INODES. NO ERRORS FOUND.
DONE CHECKING DIRECTORIES. NO ERRORS FOUND.
DONE CHECKING INODE BITMAP. NO ERRORS FOUND.
DONE CHECKING DATA BITMAP. NO ERRORS FOUND.
DONE CHECKING SUPERBLOCK. NO ERRORS FOUND.
DONE CHECKING INODES. NO ERRORS FOUND.
DONE CHECKING DIRECTORIES. NO ERRORS FOUND.
DONE CHECKING INODE BITMAP. NO ERRORS FOUND.
DONE CHECKING DATA BITMAP. NO ERRORS FOUND.
DONE CHECKING SUPERBLOCK. NO ERRORS FOUND.
DONE CHECKING INODES. NO ERRORS FOUND.
DONE CHECKING DIRECTORIES. NO ERRORS FOUND.
DONE CHECKING INODE BITMAP. NO ERRORS FOUND.
DONE CHECKING DATA BITMAP. NO ERRORS FOUND.
DONE CHECKING SUPERBLOCK. NO ERRORS FOUND.
DONE CHECKING INODES. NO ERRORS FOUND.
DONE CHECKING DIRECTORIES. NO ERRORS FOUND.
DONE CHECKING INODE BITMAP. NO ERRORS FOUND.
DONE CHECKING DATA BITMAP. NO ERRORS FOUND.
DONE CHECKING SUPERBLOCK. NO ERRORS FOUND.
DONE CHECKING INODES. NO ERRORS FOUND.
DONE CHECKING DIRECTORIES. NO ERRORS FOUND.
DONE CHECKING INODE BITMAP. NO ERRORS FOUND.
DONE CHECKING DATA BITMAP. NO ERRORS FOUND.
DONE CHECKING SUPERBLOCK. NO ERRORS FOUND.
DONE CHECKING INODES. NO ERRORS FOUND.
DONE CHECKING DIRECTORIES. NO ERRORS FOUND.
DONE CHECKING INODE BITMAP. NO ERRORS FOUND.
DONE CHECKING DATA BITMAP. NO ERRORS FOUND.
DONE CHECKING SUPERBLOCK. NO ERRORS FOUND.
DONE CHECKING INODES. NO ERRORS FOUND.
DONE CHECKING DIRECTORIES. NO ERRORS FOUND.
DONE CHECKING INODE BITMAP. NO ERRORS FOUND.
DONE CHECKING DATA BITMAP. NO ERRORS FOUND.
DONE CHECKING SUPERBLOCK. NO ERRORS FOUND.
DONE CHECKING INODES. NO ERRORS FOUND.
DONE CHECKING DIRECTORIES. NO ERRORS FOUND.
DONE CHECKING INODE BITMAP. NO ERRORS FOUND.
DONE CHECKING DATA BITMAP. NO ERRORS FOUND.
DONE CHECKING SUPERBLOCK. NO ERRORS FOUND.
DONE CHECKING INODES. NO ERRORS FOUND.
DONE CHECKING DIRECTORIES. NO ERRORS FOUND.
DONE CHECKING INODE BITMAP. NO ERRORS FOUND.
DONE CHECKING DATA BITMAP. NO ERRORS FOUND.
DONE CHECKING SUPERBLOCK. NO ERRORS FOUND.
DONE CHECKING INODES. NO ERRORS FOUND.
DONE CHECKING DIRECTORIES. NO ERRORS FOUND.
DONE CHECKING INODE BITMAP. NO ERRORS FOUND.
DONE CHECKING DATA BITMAP. NO ERRORS FOUND.
DONE CHECKING SUPERBLOCK. NO ERRORS FOUND.
DONE CHECKING INODES. NO ERRORS FOUND.
DONE CHECKING DIRECTORIES. NO ERRORS FOUND.
DONE CHECKING INODE BITMAP. NO ERRORS FOUND.
DONE CHECKING DATA BITMAP. NO ERRORS FOUND.
DONE CHECKING SUPERBLOCK. NO ERRORS FOUND.
DONE CHECKING INODES. NO ERRORS FOUND.
DONE CHECKING DIRECTORIES. NO ERRORS FOUND.
DONE CHECKING INODE BITMAP. NO ERRORS FOUND.
DONE CHECKING DATA BITMAP. NO ERRORS FOUND.
DONE CHECKING SUPERBLOCK. NO ERRORS FOUND.
DONE CHECKING INODES. NO ERRORS FOUND.
DONE CHECKING DIRECTORIES. NO ERRORS FOUND.
DONE CHECKING INODE BITMAP. NO ERRORS FOUND.
DONE CHECKING DATA BITMAP. NO ERRORS FOUND.
