FUSE library version: 2.9.9
nullpath_ok: 0
nopath: 0
utime_omit_ok: 0
unique: 2, opcode: INIT (26), nodeid: 0, insize: 56, pid: 0
INIT: 7.34
flags=0x33fffffb
max_readahead=0x00020000
   INIT: 7.19
   flags=0x00000011
   max_readahead=0x00020000
   max_write=0x00001000
   max_background=0
   congestion_threshold=0
   unique: 2, success, outsize: 40
unique: 4, opcode: GETATTR (3), nodeid: 1, insize: 56, pid: 53767
getattr /
   unique: 4, success, outsize: 120
unique: 6, opcode: ACCESS (34), nodeid: 1, insize: 48, pid: 53228
   unique: 6, error: -38 (Function not implemented), outsize: 16
unique: 8, opcode: STATFS (17), nodeid: 1, insize: 40, pid: 53769
statfs /
   unique: 8, success, outsize: 96
unique: 10, opcode: LOOKUP (1), nodeid: 1, insize: 52, pid: 53769
LOOKUP /truncate_me
getattr /truncate_me
   NODEID: 2
   unique: 10, success, outsize: 144
unique: 12, opcode: GETXATTR (22), nodeid: 2, insize: 68, pid: 53769
   unique: 12, error: -38 (Function not implemented), outsize: 16
unique: 14, opcode: SETATTR (4), nodeid: 2, insize: 128, pid: 53769
truncate /truncate_me 32768
   unique: 14, error: -38 (Function not implemented), outsize: 16
FUSE library version: 2.9.9
nullpath_ok: 0
nopath: 0
utime_omit_ok: 0
unique: 2, opcode: INIT (26), nodeid: 0, insize: 56, pid: 0
INIT: 7.34
flags=0x33fffffb
max_readahead=0x00020000
   INIT: 7.19
   flags=0x00000011
   max_readahead=0x00020000
   max_write=0x00001000
   max_background=0
   congestion_threshold=0
   unique: 2, success, outsize: 40
unique: 4, opcode: GETATTR (3), nodeid: 1, insize: 56, pid: 43089
getattr /
   unique: 4, success, outsize: 120
unique: 6, opcode: ACCESS (34), nodeid: 1, insize: 48, pid: 42762
   unique: 6, error: -38 (Function not implemented), outsize: 16
unique: 8, opcode: STATFS (17), nodeid: 1, insize: 40, pid: 43091
statfs /
   unique: 8, success, outsize: 96
unique: 10, opcode: LOOKUP (1), nodeid: 1, insize: 52, pid: 43091
LOOKUP /truncate_me
getattr /truncate_me
   NODEID: 2
   unique: 10, success, outsize: 144
unique: 12, opcode: GETXATTR (22), nodeid: 2, insize: 68, pid: 43091
   unique: 12, error: -38 (Function not implemented), outsize: 16
unique: 14, opcode: SETATTR (4), nodeid: 2, insize: 128, pid: 43091
truncate /truncate_me 32768
   unique: 14, error: -27 (File too large), outsize: 16
FUSE library version: 2.9.9
nullpath_ok: 0
nopath: 0
utime_omit_ok: 0
unique: 2, opcode: INIT (26), nodeid: 0, insize: 56, pid: 0
INIT: 7.34
flags=0x33fffffb
max_readahead=0x00020000
   INIT: 7.19
   flags=0x00000011
   max_readahead=0x00020000
   max_write=0x00001000
   max_background=0
   congestion_threshold=0
   unique: 2, success, outsize: 40
unique: 4, opcode: GETATTR (3), nodeid: 1, insize: 56, pid: 6184
getattr /
   unique: 4, success, outsize: 120
unique: 6, opcode: ACCESS (34), nodeid: 1, insize: 48, pid: 5601
   unique: 6, error: -38 (Function not implemented), outsize: 16
unique: 8, opcode: STATFS (17), nodeid: 1, insize: 40, pid: 6186
statfs /
   unique: 8, success, outsize: 96
unique: 10, opcode: LOOKUP (1), nodeid: 1, insize: 52, pid: 6186
LOOKUP /truncate_me
getattr /truncate_me
   NODEID: 2
   unique: 10, success, outsize: 144
unique: 12, opcode: GETXATTR (22), nodeid: 2, insize: 68, pid: 6186
   unique: 12, error: -38 (Function not implemented), outsize: 16
unique: 14, opcode: SETATTR (4), nodeid: 2, insize: 128, pid: 6186
truncate /truncate_me 32768
   unique: 14, error: -27 (File too large), outsize: 16
FUSE library version: 2.9.9
nullpath_ok: 0
nopath: 0
utime_omit_ok: 0
unique: 2, opcode: INIT (26), nodeid: 0, insize: 56, pid: 0
INIT: 7.34
flags=0x33fffffb
max_readahead=0x00020000
   INIT: 7.19
   flags=0x00000011
   max_readahead=0x00020000
   max_write=0x00001000
   max_background=0
   congestion_threshold=0
   unique: 2, success, outsize: 40
unique: 4, opcode: GETATTR (3), nodeid: 1, insize: 56, pid: 34091
getattr /
   unique: 4, success, outsize: 120
unique: 6, opcode: ACCESS (34), nodeid: 1, insize: 48, pid: 33556
   unique: 6, error: -38 (Function not implemented), outsize: 16
unique: 8, opcode: STATFS (17), nodeid: 1, insize: 40, pid: 34093
statfs /
   unique: 8, success, outsize: 96
unique: 10, opcode: LOOKUP (1), nodeid: 1, insize: 52, pid: 34093
LOOKUP /truncate_me
getattr /truncate_me
   NODEID: 2
   unique: 10, success, outsize: 144
unique: 12, opcode: GETXATTR (22), nodeid: 2, insize: 68, pid: 34093
   unique: 12, error: -38 (Function not implemented), outsize: 16
unique: 14, opcode: SETATTR (4), nodeid: 2, insize: 128, pid: 34093
truncate /truncate_me 32768
   unique: 14, error: -27 (File too large), outsize: 16
FUSE library version: 2.9.9
nullpath_ok: 0
nopath: 0
utime_omit_ok: 0
unique: 2, opcode: INIT (26), nodeid: 0, insize: 56, pid: 0
INIT: 7.34
flags=0x33fffffb
max_readahead=0x00020000
   INIT: 7.19
   flags=0x00000011
   max_readahead=0x00020000
   max_write=0x00001000
   max_background=0
   congestion_threshold=0
   unique: 2, success, outsize: 40
unique: 4, opcode: GETATTR (3), nodeid: 1, insize: 56, pid: 25921
getattr /
   unique: 4, success, outsize: 120
unique: 6, opcode: ACCESS (34), nodeid: 1, insize: 48, pid: 25620
   unique: 6, error: -38 (Function not implemented), outsize: 16
unique: 8, opcode: STATFS (17), nodeid: 1, insize: 40, pid: 25923
statfs /
   unique: 8, success, outsize: 96
unique: 10, opcode: LOOKUP (1), nodeid: 1, insize: 52, pid: 25923
LOOKUP /truncate_me
getattr /truncate_me
   NODEID: 2
   unique: 10, success, outsize: 144
unique: 12, opcode: GETXATTR (22), nodeid: 2, insize: 68, pid: 25923
   unique: 12, error: -38 (Function not implemented), outsize: 16
unique: 14, opcode: SETATTR (4), nodeid: 2, insize: 128, pid: 25923
truncate /truncate_me 32768
   unique: 14, error: -27 (File too large), outsize: 16
FUSE library version: 2.9.9
nullpath_ok: 0
nopath: 0
utime_omit_ok: 0
unique: 2, opcode: INIT (26), nodeid: 0, insize: 56, pid: 0
INIT: 7.34
flags=0x33fffffb
max_readahead=0x00020000
   INIT: 7.19
   flags=0x00000011
   max_readahead=0x00020000
   max_write=0x00001000
   max_background=0
   congestion_threshold=0
   unique: 2, success, outsize: 40
unique: 4, opcode: GETATTR (3), nodeid: 1, insize: 56, pid: 2272
getattr /
   unique: 4, success, outsize: 120
unique: 6, opcode: ACCESS (34), nodeid: 1, insize: 48, pid: 1726
   unique: 6, error: -38 (Function not implemented), outsize: 16
unique: 8, opcode: STATFS (17), nodeid: 1, insize: 40, pid: 2274
statfs /
   unique: 8, success, outsize: 96
unique: 10, opcode: LOOKUP (1), nodeid: 1, insize: 52, pid: 2274
LOOKUP /truncate_me
getattr /truncate_me
   NODEID: 2
   unique: 10, success, outsize: 144
unique: 12, opcode: GETXATTR (22), nodeid: 2, insize: 68, pid: 2274
   unique: 12, error: -38 (Function not implemented), outsize: 16
unique: 14, opcode: SETATTR (4), nodeid: 2, insize: 128, pid: 2274
truncate /truncate_me 32768
   unique: 14, error: -27 (File too large), outsize: 16
FUSE library version: 2.9.9
nullpath_ok: 0
nopath: 0
utime_omit_ok: 0
unique: 2, opcode: INIT (26), nodeid: 0, insize: 56, pid: 0
INIT: 7.34
flags=0x33fffffb
max_readahead=0x00020000
   INIT: 7.19
   flags=0x00000011
   max_readahead=0x00020000
   max_write=0x00001000
   max_background=0
   congestion_threshold=0
   unique: 2, success, outsize: 40
unique: 4, opcode: GETATTR (3), nodeid: 1, insize: 56, pid: 24744
getattr /
   unique: 4, success, outsize: 120
unique: 6, opcode: ACCESS (34), nodeid: 1, insize: 48, pid: 24199
   unique: 6, error: -38 (Function not implemented), outsize: 16
unique: 8, opcode: STATFS (17), nodeid: 1, insize: 40, pid: 24746
statfs /
   unique: 8, success, outsize: 96
unique: 10, opcode: LOOKUP (1), nodeid: 1, insize: 52, pid: 24746
LOOKUP /truncate_me
getattr /truncate_me
   NODEID: 2
   unique: 10, success, outsize: 144
unique: 12, opcode: GETXATTR (22), nodeid: 2, insize: 68, pid: 24746
   unique: 12, error: -38 (Function not implemented), outsize: 16
unique: 14, opcode: SETATTR (4), nodeid: 2, insize: 128, pid: 24746
truncate /truncate_me 32768
   unique: 14, error: -27 (File too large), outsize: 16
FUSE library version: 2.9.9
nullpath_ok: 0
nopath: 0
utime_omit_ok: 0
unique: 2, opcode: INIT (26), nodeid: 0, insize: 56, pid: 0
INIT: 7.34
flags=0x33fffffb
max_readahead=0x00020000
   INIT: 7.19
   flags=0x00000011
   max_readahead=0x00020000
   max_write=0x00001000
   max_background=0
   congestion_threshold=0
   unique: 2, success, outsize: 40
unique: 4, opcode: GETATTR (3), nodeid: 1, insize: 56, pid: 35902
getattr /
   unique: 4, success, outsize: 120
unique: 6, opcode: ACCESS (34), nodeid: 1, insize: 48, pid: 35529
   unique: 6, error: -38 (Function not implemented), outsize: 16
unique: 8, opcode: STATFS (17), nodeid: 1, insize: 40, pid: 35904
statfs /
   unique: 8, success, outsize: 96
unique: 10, opcode: LOOKUP (1), nodeid: 1, insize: 52, pid: 35904
LOOKUP /truncate_me
getattr /truncate_me
   NODEID: 2
   unique: 10, success, outsize: 144
unique: 12, opcode: GETXATTR (22), nodeid: 2, insize: 68, pid: 35904
   unique: 12, error: -38 (Function not implemented), outsize: 16
unique: 14, opcode: SETATTR (4), nodeid: 2, insize: 128, pid: 35904
truncate /truncate_me 32768
   unique: 14, error: -27 (File too large), outsize: 16
FUSE library version: 2.9.9
nullpath_ok: 0
nopath: 0
utime_omit_ok: 0
unique: 2, opcode: INIT (26), nodeid: 0, insize: 56, pid: 0
INIT: 7.34
flags=0x33fffffb
max_readahead=0x00020000
   INIT: 7.19
   flags=0x00000011
   max_readahead=0x00020000
   max_write=0x00001000
   max_background=0
   congestion_threshold=0
   unique: 2, success, outsize: 40
unique: 4, opcode: GETATTR (3), nodeid: 1, insize: 56, pid: 41221
getattr /
   unique: 4, success, outsize: 120
unique: 6, opcode: ACCESS (34), nodeid: 1, insize: 48, pid: 40899
   unique: 6, error: -38 (Function not implemented), outsize: 16
unique: 8, opcode: STATFS (17), nodeid: 1, insize: 40, pid: 41223
statfs /
   unique: 8, success, outsize: 96
unique: 10, opcode: LOOKUP (1), nodeid: 1, insize: 52, pid: 41223
LOOKUP /truncate_me
getattr /truncate_me
   NODEID: 2
   unique: 10, success, outsize: 144
unique: 12, opcode: GETXATTR (22), nodeid: 2, insize: 68, pid: 41223
   unique: 12, error: -38 (Function not implemented), outsize: 16
unique: 14, opcode: SETATTR (4), nodeid: 2, insize: 128, pid: 41223
truncate /truncate_me 32768
   unique: 14, error: -27 (File too large), outsize: 16
FUSE library version: 2.9.9
nullpath_ok: 0
nopath: 0
utime_omit_ok: 0
unique: 2, opcode: INIT (26), nodeid: 0, insize: 56, pid: 0
INIT: 7.34
flags=0x33fffffb
max_readahead=0x00020000
   INIT: 7.19
   flags=0x00000011
   max_readahead=0x00020000
   max_write=0x00001000
   max_background=0
   congestion_threshold=0
   unique: 2, success, outsize: 40
unique: 4, opcode: GETATTR (3), nodeid: 1, insize: 56, pid: 50086
getattr /
   unique: 4, success, outsize: 120
unique: 6, opcode: ACCESS (34), nodeid: 1, insize: 48, pid: 49785
   unique: 6, error: -38 (Function not implemented), outsize: 16
unique: 8, opcode: STATFS (17), nodeid: 1, insize: 40, pid: 50088
statfs /
   unique: 8, success, outsize: 96
unique: 10, opcode: LOOKUP (1), nodeid: 1, insize: 52, pid: 50088
LOOKUP /truncate_me
getattr /truncate_me
   NODEID: 2
   unique: 10, success, outsize: 144
unique: 12, opcode: GETXATTR (22), nodeid: 2, insize: 68, pid: 50088
   unique: 12, error: -38 (Function not implemented), outsize: 16
unique: 14, opcode: SETATTR (4), nodeid: 2, insize: 128, pid: 50088
truncate /truncate_me 32768
   unique: 14, error: -27 (File too large), outsize: 16
FUSE library version: 2.9.9
nullpath_ok: 0
nopath: 0
utime_omit_ok: 0
unique: 2, opcode: INIT (26), nodeid: 0, insize: 56, pid: 0
INIT: 7.34
flags=0x33fffffb
max_readahead=0x00020000
   INIT: 7.19
   flags=0x00000011
   max_readahead=0x00020000
   max_write=0x00001000
   max_background=0
   congestion_threshold=0
   unique: 2, success, outsize: 40
unique: 4, opcode: GETATTR (3), nodeid: 1, insize: 56, pid: 53835
getattr /
   unique: 4, success, outsize: 120
unique: 6, opcode: ACCESS (34), nodeid: 1, insize: 48, pid: 53528
   unique: 6, error: -38 (Function not implemented), outsize: 16
unique: 8, opcode: STATFS (17), nodeid: 1, insize: 40, pid: 53837
statfs /
   unique: 8, success, outsize: 96
unique: 10, opcode: LOOKUP (1), nodeid: 1, insize: 52, pid: 53837
LOOKUP /truncate_me
getattr /truncate_me
   NODEID: 2
   unique: 10, success, outsize: 144
unique: 12, opcode: GETXATTR (22), nodeid: 2, insize: 68, pid: 53837
   unique: 12, error: -38 (Function not implemented), outsize: 16
unique: 14, opcode: SETATTR (4), nodeid: 2, insize: 128, pid: 53837
truncate /truncate_me 32768
   unique: 14, error: -27 (File too large), outsize: 16
FUSE library version: 2.9.9
nullpath_ok: 0
nopath: 0
utime_omit_ok: 0
unique: 2, opcode: INIT (26), nodeid: 0, insize: 56, pid: 0
INIT: 7.34
flags=0x33fffffb
max_readahead=0x00020000
   INIT: 7.19
   flags=0x00000011
   max_readahead=0x00020000
   max_write=0x00001000
   max_background=0
   congestion_threshold=0
   unique: 2, success, outsize: 40
unique: 4, opcode: GETATTR (3), nodeid: 1, insize: 56, pid: 63894
getattr /
   unique: 4, success, outsize: 120
unique: 6, opcode: ACCESS (34), nodeid: 1, insize: 48, pid: 63576
   unique: 6, error: -38 (Function not implemented), outsize: 16
unique: 8, opcode: STATFS (17), nodeid: 1, insize: 40, pid: 63896
statfs /
   unique: 8, success, outsize: 96
unique: 10, opcode: LOOKUP (1), nodeid: 1, insize: 52, pid: 63896
LOOKUP /truncate_me
getattr /truncate_me
   NODEID: 2
   unique: 10, success, outsize: 144
unique: 12, opcode: GETXATTR (22), nodeid: 2, insize: 68, pid: 63896
   unique: 12, error: -38 (Function not implemented), outsize: 16
unique: 14, opcode: SETATTR (4), nodeid: 2, insize: 128, pid: 63896
truncate /truncate_me 32768
   unique: 14, error: -27 (File too large), outsize: 16
FUSE library version: 2.9.9
nullpath_ok: 0
nopath: 0
utime_omit_ok: 0
unique: 2, opcode: INIT (26), nodeid: 0, insize: 56, pid: 0
INIT: 7.34
flags=0x33fffffb
max_readahead=0x00020000
   INIT: 7.19
   flags=0x00000011
   max_readahead=0x00020000
   max_write=0x00001000
   max_background=0
   congestion_threshold=0
   unique: 2, success, outsize: 40
unique: 4, opcode: GETATTR (3), nodeid: 1, insize: 56, pid: 32386
getattr /
   unique: 4, success, outsize: 120
unique: 6, opcode: ACCESS (34), nodeid: 1, insize: 48, pid: 31951
   unique: 6, error: -38 (Function not implemented), outsize: 16
unique: 8, opcode: STATFS (17), nodeid: 1, insize: 40, pid: 32388
statfs /
   unique: 8, success, outsize: 96
unique: 10, opcode: LOOKUP (1), nodeid: 1, insize: 52, pid: 32388
LOOKUP /truncate_me
getattr /truncate_me
   NODEID: 2
   unique: 10, success, outsize: 144
unique: 12, opcode: GETXATTR (22), nodeid: 2, insize: 68, pid: 32388
   unique: 12, error: -38 (Function not implemented), outsize: 16
unique: 14, opcode: SETATTR (4), nodeid: 2, insize: 128, pid: 32388
truncate /truncate_me 32768
getattr /truncate_me
   unique: 14, success, outsize: 120
unique: 16, opcode: STATFS (17), nodeid: 1, insize: 40, pid: 32388
statfs /
   unique: 16, success, outsize: 96
unique: 18, opcode: OPEN (14), nodeid: 2, insize: 48, pid: 32388
   unique: 18, success, outsize: 32
unique: 20, opcode: IOCTL (39), nodeid: 2, insize: 72, pid: 32388
   unique: 20, success, outsize: 32
unique: 22, opcode: READ (15), nodeid: 2, insize: 80, pid: 32388
read[0] 4096 bytes from 0 flags: 0x8000
   read[0] 4096 bytes from 0
   unique: 22, success, outsize: 4112
unique: 24, opcode: READ (15), nodeid: 2, insize: 80, pid: 32388
read[0] 4096 bytes from 4096 flags: 0x8000
   read[0] 4096 bytes from 4096
   unique: 24, success, outsize: 4112
unique: 26, opcode: READ (15), nodeid: 2, insize: 80, pid: 32388
read[0] 4096 bytes from 8192 flags: 0x8000
   read[0] 4096 bytes from 8192
   unique: 26, success, outsize: 4112
unique: 28, opcode: READ (15), nodeid: 2, insize: 80, pid: 32388
read[0] 4096 bytes from 12288 flags: 0x8000
   read[0] 4096 bytes from 12288
   unique: 28, success, outsize: 4112
unique: 30, opcode: READ (15), nodeid: 2, insize: 80, pid: 32388
read[0] 4096 bytes from 16384 flags: 0x8000
   read[0] 4096 bytes from 16384
   unique: 30, success, outsize: 4112
unique: 32, opcode: READ (15), nodeid: 2, insize: 80, pid: 32388
read[0] 4096 bytes from 20480 flags: 0x8000
   read[0] 4096 bytes from 20480
   unique: 32, success, outsize: 4112
unique: 34, opcode: READ (15), nodeid: 2, insize: 80, pid: 32388
read[0] 4096 bytes from 24576 flags: 0x8000
   read[0] 4096 bytes from 24576
   unique: 34, success, outsize: 4112
unique: 36, opcode: READ (15), nodeid: 2, insize: 80, pid: 32388
read[0] 4096 bytes from 28672 flags: 0x8000
   read[0] 4096 bytes from 28672
   unique: 36, success, outsize: 4112
unique: 38, opcode: FLUSH (25), nodeid: 2, insize: 64, pid: 32388
   unique: 38, error: -38 (Function not implemented), outsize: 16
unique: 40, opcode: RELEASE (18), nodeid: 2, insize: 64, pid: 0
   unique: 40, success, outsize: 16
FUSE library version: 2.9.9
nullpath_ok: 0
nopath: 0
utime_omit_ok: 0
unique: 2, opcode: INIT (26), nodeid: 0, insize: 56, pid: 0
INIT: 7.34
flags=0x33fffffb
max_readahead=0x00020000
   INIT: 7.19
   flags=0x00000011
   max_readahead=0x00020000
   max_write=0x00001000
   max_background=0
   congestion_threshold=0
   unique: 2, success, outsize: 40
unique: 4, opcode: GETATTR (3), nodeid: 1, insize: 56, pid: 31652
getattr /
   unique: 4, success, outsize: 120
unique: 6, opcode: ACCESS (34), nodeid: 1, insize: 48, pid: 31357
   unique: 6, error: -38 (Function not implemented), outsize: 16
unique: 8, opcode: STATFS (17), nodeid: 1, insize: 40, pid: 31654
statfs /
   unique: 8, success, outsize: 96
unique: 10, opcode: LOOKUP (1), nodeid: 1, insize: 52, pid: 31654
LOOKUP /truncate_me
getattr /truncate_me
   NODEID: 2
   unique: 10, success, outsize: 144
unique: 12, opcode: GETXATTR (22), nodeid: 2, insize: 68, pid: 31654
   unique: 12, error: -38 (Function not implemented), outsize: 16
unique: 14, opcode: SETATTR (4), nodeid: 2, insize: 128, pid: 31654
truncate /truncate_me 32768
getattr /truncate_me
   unique: 14, success, outsize: 120
unique: 16, opcode: STATFS (17), nodeid: 1, insize: 40, pid: 31654
statfs /
   unique: 16, success, outsize: 96
unique: 18, opcode: OPEN (14), nodeid: 2, insize: 48, pid: 31654
   unique: 18, success, outsize: 32
unique: 20, opcode: IOCTL (39), nodeid: 2, insize: 72, pid: 31654
   unique: 20, success, outsize: 32
unique: 22, opcode: READ (15), nodeid: 2, insize: 80, pid: 31654
read[0] 4096 bytes from 0 flags: 0x8000
   read[0] 4096 bytes from 0
   unique: 22, success, outsize: 4112
unique: 24, opcode: READ (15), nodeid: 2, insize: 80, pid: 31654
read[0] 4096 bytes from 4096 flags: 0x8000
   read[0] 4096 bytes from 4096
   unique: 24, success, outsize: 4112
unique: 26, opcode: READ (15), nodeid: 2, insize: 80, pid: 31654
read[0] 4096 bytes from 8192 flags: 0x8000
   read[0] 4096 bytes from 8192
   unique: 26, success, outsize: 4112
unique: 28, opcode: READ (15), nodeid: 2, insize: 80, pid: 31654
read[0] 4096 bytes from 12288 flags: 0x8000
   read[0] 4096 bytes from 12288
   unique: 28, success, outsize: 4112
unique: 30, opcode: READ (15), nodeid: 2, insize: 80, pid: 31654
read[0] 4096 bytes from 16384 flags: 0x8000
   read[0] 4096 bytes from 16384
   unique: 30, success, outsize: 4112
unique: 32, opcode: READ (15), nodeid: 2, insize: 80, pid: 31654
read[0] 4096 bytes from 20480 flags: 0x8000
   read[0] 4096 bytes from 20480
   unique: 32, success, outsize: 4112
unique: 34, opcode: READ (15), nodeid: 2, insize: 80, pid: 31654
read[0] 4096 bytes from 24576 flags: 0x8000
   read[0] 4096 bytes from 24576
   unique: 34, success, outsize: 4112
unique: 36, opcode: READ (15), nodeid: 2, insize: 80, pid: 31654
read[0] 4096 bytes from 28672 flags: 0x8000
   read[0] 4096 bytes from 28672
   unique: 36, success, outsize: 4112
unique: 38, opcode: FLUSH (25), nodeid: 2, insize: 64, pid: 31654
   unique: 38, error: -38 (Function not implemented), outsize: 16
unique: 40, opcode: RELEASE (18), nodeid: 2, insize: 64, pid: 0
   unique: 40, success, outsize: 16
FUSE library version: 2.9.9
nullpath_ok: 0
nopath: 0
utime_omit_ok: 0
unique: 2, opcode: INIT (26), nodeid: 0, insize: 56, pid: 0
INIT: 7.34
flags=0x33fffffb
max_readahead=0x00020000
   INIT: 7.19
   flags=0x00000011
   max_readahead=0x00020000
   max_write=0x00001000
   max_background=0
   congestion_threshold=0
   unique: 2, success, outsize: 40
unique: 4, opcode: GETATTR (3), nodeid: 1, insize: 56, pid: 30559
getattr /
   unique: 4, success, outsize: 120
unique: 6, opcode: ACCESS (34), nodeid: 1, insize: 48, pid: 30261
   unique: 6, error: -38 (Function not implemented), outsize: 16
unique: 8, opcode: STATFS (17), nodeid: 1, insize: 40, pid: 30561
statfs /
   unique: 8, success, outsize: 96
unique: 10, opcode: LOOKUP (1), nodeid: 1, insize: 52, pid: 30561
LOOKUP /truncate_me
getattr /truncate_me
   NODEID: 2
   unique: 10, success, outsize: 144
unique: 12, opcode: GETXATTR (22), nodeid: 2, insize: 68, pid: 30561
   unique: 12, error: -38 (Function not implemented), outsize: 16
unique: 14, opcode: SETATTR (4), nodeid: 2, insize: 128, pid: 30561
truncate /truncate_me 32768
getattr /truncate_me
   unique: 14, success, outsize: 120
unique: 16, opcode: STATFS (17), nodeid: 1, insize: 40, pid: 30561
statfs /
   unique: 16, success, outsize: 96
unique: 18, opcode: OPEN (14), nodeid: 2, insize: 48, pid: 30561
   unique: 18, success, outsize: 32
unique: 20, opcode: IOCTL (39), nodeid: 2, insize: 72, pid: 30561
   unique: 20, success, outsize: 32
unique: 22, opcode: READ (15), nodeid: 2, insize: 80, pid: 30561
read[0] 4096 bytes from 0 flags: 0x8000
   read[0] 4096 bytes from 0
   unique: 22, success, outsize: 4112
unique: 24, opcode: READ (15), nodeid: 2, insize: 80, pid: 30561
read[0] 4096 bytes from 4096 flags: 0x8000
   read[0] 4096 bytes from 4096
   unique: 24, success, outsize: 4112
unique: 26, opcode: READ (15), nodeid: 2, insize: 80, pid: 30561
read[0] 4096 bytes from 8192 flags: 0x8000
   read[0] 4096 bytes from 8192
   unique: 26, success, outsize: 4112
unique: 28, opcode: READ (15), nodeid: 2, insize: 80, pid: 30561
read[0] 4096 bytes from 12288 flags: 0x8000
   read[0] 4096 bytes from 12288
   unique: 28, success, outsize: 4112
unique: 30, opcode: READ (15), nodeid: 2, insize: 80, pid: 30561
read[0] 4096 bytes from 16384 flags: 0x8000
   read[0] 4096 bytes from 16384
   unique: 30, success, outsize: 4112
unique: 32, opcode: READ (15), nodeid: 2, insize: 80, pid: 30561
read[0] 4096 bytes from 20480 flags: 0x8000
   read[0] 4096 bytes from 20480
   unique: 32, success, outsize: 4112
unique: 34, opcode: READ (15), nodeid: 2, insize: 80, pid: 30561
read[0] 4096 bytes from 24576 flags: 0x8000
   read[0] 4096 bytes from 24576
   unique: 34, success, outsize: 4112
unique: 36, opcode: READ (15), nodeid: 2, insize: 80, pid: 30561
read[0] 4096 bytes from 28672 flags: 0x8000
   read[0] 4096 bytes from 28672
   unique: 36, success, outsize: 4112
unique: 38, opcode: FLUSH (25), nodeid: 2, insize: 64, pid: 30561
   unique: 38, error: -38 (Function not implemented), outsize: 16
unique: 40, opcode: RELEASE (18), nodeid: 2, insize: 64, pid: 0
   unique: 40, success, outsize: 16
FUSE library version: 2.9.9
nullpath_ok: 0
nopath: 0
utime_omit_ok: 0
unique: 2, opcode: INIT (26), nodeid: 0, insize: 56, pid: 0
INIT: 7.34
flags=0x33fffffb
max_readahead=0x00020000
   INIT: 7.19
   flags=0x00000011
   max_readahead=0x00020000
   max_write=0x00001000
   max_background=0
   congestion_threshold=0
   unique: 2, success, outsize: 40
unique: 4, opcode: GETATTR (3), nodeid: 1, insize: 56, pid: 59860
getattr /
   unique: 4, success, outsize: 120
unique: 6, opcode: ACCESS (34), nodeid: 1, insize: 48, pid: 59312
   unique: 6, error: -38 (Function not implemented), outsize: 16
unique: 8, opcode: STATFS (17), nodeid: 1, insize: 40, pid: 59862
statfs /
   unique: 8, success, outsize: 96
unique: 10, opcode: LOOKUP (1), nodeid: 1, insize: 52, pid: 59862
LOOKUP /truncate_me
getattr /truncate_me
   NODEID: 2
   unique: 10, success, outsize: 144
unique: 12, opcode: GETXATTR (22), nodeid: 2, insize: 68, pid: 59862
   unique: 12, error: -38 (Function not implemented), outsize: 16
unique: 14, opcode: SETATTR (4), nodeid: 2, insize: 128, pid: 59862
truncate /truncate_me 32768
getattr /truncate_me
   unique: 14, success, outsize: 120
unique: 16, opcode: STATFS (17), nodeid: 1, insize: 40, pid: 59862
statfs /
   unique: 16, success, outsize: 96
unique: 18, opcode: OPEN (14), nodeid: 2, insize: 48, pid: 59862
   unique: 18, success, outsize: 32
unique: 20, opcode: IOCTL (39), nodeid: 2, insize: 72, pid: 59862
   unique: 20, success, outsize: 32
unique: 22, opcode: READ (15), nodeid: 2, insize: 80, pid: 59862
read[0] 4096 bytes from 0 flags: 0x8000
   read[0] 4096 bytes from 0
   unique: 22, success, outsize: 4112
unique: 24, opcode: READ (15), nodeid: 2, insize: 80, pid: 59862
read[0] 4096 bytes from 4096 flags: 0x8000
   read[0] 4096 bytes from 4096
   unique: 24, success, outsize: 4112
unique: 26, opcode: READ (15), nodeid: 2, insize: 80, pid: 59862
read[0] 4096 bytes from 8192 flags: 0x8000
   read[0] 4096 bytes from 8192
   unique: 26, success, outsize: 4112
unique: 28, opcode: READ (15), nodeid: 2, insize: 80, pid: 59862
read[0] 4096 bytes from 12288 flags: 0x8000
   read[0] 4096 bytes from 12288
   unique: 28, success, outsize: 4112
unique: 30, opcode: READ (15), nodeid: 2, insize: 80, pid: 59862
read[0] 4096 bytes from 16384 flags: 0x8000
   read[0] 4096 bytes from 16384
   unique: 30, success, outsize: 4112
unique: 32, opcode: READ (15), nodeid: 2, insize: 80, pid: 59862
read[0] 4096 bytes from 20480 flags: 0x8000
   read[0] 4096 bytes from 20480
   unique: 32, success, outsize: 4112
unique: 34, opcode: READ (15), nodeid: 2, insize: 80, pid: 59862
read[0] 4096 bytes from 24576 flags: 0x8000
   read[0] 4096 bytes from 24576
   unique: 34, success, outsize: 4112
unique: 36, opcode: READ (15), nodeid: 2, insize: 80, pid: 59862
read[0] 4096 bytes from 28672 flags: 0x8000
   read[0] 4096 bytes from 28672
   unique: 36, success, outsize: 4112
unique: 38, opcode: FLUSH (25), nodeid: 2, insize: 64, pid: 59862
   unique: 38, error: -38 (Function not implemented), outsize: 16
unique: 40, opcode: RELEASE (18), nodeid: 2, insize: 64, pid: 0
   unique: 40, success, outsize: 16
FUSE library version: 2.9.9
nullpath_ok: 0
nopath: 0
utime_omit_ok: 0
unique: 2, opcode: INIT (26), nodeid: 0, insize: 56, pid: 0
INIT: 7.34
flags=0x33fffffb
max_readahead=0x00020000
   INIT: 7.19
   flags=0x00000011
   max_readahead=0x00020000
   max_write=0x00001000
   max_background=0
   congestion_threshold=0
   unique: 2, success, outsize: 40
unique: 4, opcode: GETATTR (3), nodeid: 1, insize: 56, pid: 21590
getattr /
   unique: 4, success, outsize: 120
unique: 6, opcode: ACCESS (34), nodeid: 1, insize: 48, pid: 20962
   unique: 6, error: -38 (Function not implemented), outsize: 16
unique: 8, opcode: STATFS (17), nodeid: 1, insize: 40, pid: 21592
statfs /
   unique: 8, success, outsize: 96
unique: 10, opcode: LOOKUP (1), nodeid: 1, insize: 52, pid: 21592
LOOKUP /truncate_me
getattr /truncate_me
   NODEID: 2
   unique: 10, success, outsize: 144
unique: 12, opcode: GETXATTR (22), nodeid: 2, insize: 68, pid: 21592
   unique: 12, error: -38 (Function not implemented), outsize: 16
unique: 14, opcode: SETATTR (4), nodeid: 2, insize: 128, pid: 21592
truncate /truncate_me 32768
getattr /truncate_me
   unique: 14, success, outsize: 120
unique: 16, opcode: STATFS (17), nodeid: 1, insize: 40, pid: 21592
statfs /
   unique: 16, success, outsize: 96
unique: 18, opcode: OPEN (14), nodeid: 2, insize: 48, pid: 21592
   unique: 18, success, outsize: 32
unique: 20, opcode: IOCTL (39), nodeid: 2, insize: 72, pid: 21592
   unique: 20, success, outsize: 32
unique: 22, opcode: READ (15), nodeid: 2, insize: 80, pid: 21592
read[0] 4096 bytes from 0 flags: 0x8000
   read[0] 4096 bytes from 0
   unique: 22, success, outsize: 4112
unique: 24, opcode: READ (15), nodeid: 2, insize: 80, pid: 21592
read[0] 4096 bytes from 4096 flags: 0x8000
   read[0] 4096 bytes from 4096
   unique: 24, success, outsize: 4112
unique: 26, opcode: READ (15), nodeid: 2, insize: 80, pid: 21592
read[0] 4096 bytes from 8192 flags: 0x8000
   read[0] 4096 bytes from 8192
   unique: 26, success, outsize: 4112
unique: 28, opcode: READ (15), nodeid: 2, insize: 80, pid: 21592
read[0] 4096 bytes from 12288 flags: 0x8000
   read[0] 4096 bytes from 12288
   unique: 28, success, outsize: 4112
unique: 30, opcode: READ (15), nodeid: 2, insize: 80, pid: 21592
read[0] 4096 bytes from 16384 flags: 0x8000
   read[0] 4096 bytes from 16384
   unique: 30, success, outsize: 4112
unique: 32, opcode: READ (15), nodeid: 2, insize: 80, pid: 21592
read[0] 4096 bytes from 20480 flags: 0x8000
   read[0] 4096 bytes from 20480
   unique: 32, success, outsize: 4112
unique: 34, opcode: READ (15), nodeid: 2, insize: 80, pid: 21592
read[0] 4096 bytes from 24576 flags: 0x8000
   read[0] 4096 bytes from 24576
   unique: 34, success, outsize: 4112
unique: 36, opcode: READ (15), nodeid: 2, insize: 80, pid: 21592
read[0] 4096 bytes from 28672 flags: 0x8000
   read[0] 4096 bytes from 28672
   unique: 36, success, outsize: 4112
unique: 38, opcode: FLUSH (25), nodeid: 2, insize: 64, pid: 21592
   unique: 38, error: -38 (Function not implemented), outsize: 16
unique: 40, opcode: RELEASE (18), nodeid: 2, insize: 64, pid: 0
   unique: 40, success, outsize: 16
