FUSE library version: 2.9.9
nullpath_ok: 0
nopath: 0
utime_omit_ok: 0
unique: 2, opcode: INIT (26), nodeid: 0, insize: 56, pid: 0
INIT: 7.34
flags=0x33fffffb
max_readahead=0x00020000
   INIT: 7.19
   flags=0x00000011
   max_readahead=0x00020000
   max_write=0x00001000
   max_background=0
   congestion_threshold=0
   unique: 2, success, outsize: 40
unique: 4, opcode: GETATTR (3), nodeid: 1, insize: 56, pid: 53718
getattr /
   unique: 4, success, outsize: 120
unique: 6, opcode: ACCESS (34), nodeid: 1, insize: 48, pid: 53228
   unique: 6, error: -38 (Function not implemented), outsize: 16
unique: 8, opcode: STATFS (17), nodeid: 1, insize: 40, pid: 53722
statfs /
   unique: 8, success, outsize: 96
unique: 10, opcode: LOOKUP (1), nodeid: 1, insize: 52, pid: 53722
LOOKUP /truncate_me
getattr /truncate_me
   NODEID: 2
   unique: 10, success, outsize: 144
unique: 12, opcode: GETXATTR (22), nodeid: 2, insize: 68, pid: 53722
   unique: 12, error: -38 (Function not implemented), outsize: 16
unique: 14, opcode: SETATTR (4), nodeid: 2, insize: 128, pid: 53722
truncate /truncate_me 5440
   unique: 14, error: -38 (Function not implemented), outsize: 16
FUSE library version: 2.9.9
nullpath_ok: 0
nopath: 0
utime_omit_ok: 0
unique: 2, opcode: INIT (26), nodeid: 0, insize: 56, pid: 0
INIT: 7.34
flags=0x33fffffb
max_readahead=0x00020000
   INIT: 7.19
   flags=0x00000011
   max_readahead=0x00020000
   max_write=0x00001000
   max_background=0
   congestion_threshold=0
   unique: 2, success, outsize: 40
unique: 4, opcode: GETATTR (3), nodeid: 1, insize: 56, pid: 43064
getattr /
   unique: 4, success, outsize: 120
unique: 6, opcode: ACCESS (34), nodeid: 1, insize: 48, pid: 42762
   unique: 6, error: -38 (Function not implemented), outsize: 16
unique: 8, opcode: STATFS (17), nodeid: 1, insize: 40, pid: 43066
statfs /
   unique: 8, success, outsize: 96
unique: 10, opcode: LOOKUP (1), nodeid: 1, insize: 52, pid: 43066
LOOKUP /truncate_me
getattr /truncate_me
   NODEID: 2
   unique: 10, success, outsize: 144
unique: 12, opcode: GETXATTR (22), nodeid: 2, insize: 68, pid: 43066
   unique: 12, error: -38 (Function not implemented), outsize: 16
unique: 14, opcode: SETATTR (4), nodeid: 2, insize: 128, pid: 43066
truncate /truncate_me 5440
getattr /truncate_me
   unique: 14, success, outsize: 120
unique: 16, opcode: OPEN (14), nodeid: 2, insize: 48, pid: 43066
   unique: 16, success, outsize: 32
unique: 18, opcode: IOCTL (39), nodeid: 2, insize: 72, pid: 43066
   unique: 18, success, outsize: 32
unique: 20, opcode: READ (15), nodeid: 2, insize: 80, pid: 43066
read[0] 4096 bytes from 0 flags: 0x8000
   unique: 20, error: -38 (Function not implemented), outsize: 16
unique: 22, opcode: READ (15), nodeid: 2, insize: 80, pid: 43066
read[0] 4096 bytes from 4096 flags: 0x8000
   unique: 22, error: -38 (Function not implemented), outsize: 16
unique: 24, opcode: READ (15), nodeid: 2, insize: 80, pid: 43066
read[0] 4096 bytes from 0 flags: 0x8000
   unique: 24, error: -38 (Function not implemented), outsize: 16
unique: 26, opcode: FLUSH (25), nodeid: 2, insize: 64, pid: 43066
   unique: 26, error: -38 (Function not implemented), outsize: 16
unique: 28, opcode: RELEASE (18), nodeid: 2, insize: 64, pid: 0
   unique: 28, success, outsize: 16
FUSE library version: 2.9.9
nullpath_ok: 0
nopath: 0
utime_omit_ok: 0
unique: 2, opcode: INIT (26), nodeid: 0, insize: 56, pid: 0
INIT: 7.34
flags=0x33fffffb
max_readahead=0x00020000
   INIT: 7.19
   flags=0x00000011
   max_readahead=0x00020000
   max_write=0x00001000
   max_background=0
   congestion_threshold=0
   unique: 2, success, outsize: 40
unique: 4, opcode: GETATTR (3), nodeid: 1, insize: 56, pid: 6147
getattr /
   unique: 4, success, outsize: 120
unique: 6, opcode: ACCESS (34), nodeid: 1, insize: 48, pid: 5601
   unique: 6, error: -38 (Function not implemented), outsize: 16
unique: 8, opcode: STATFS (17), nodeid: 1, insize: 40, pid: 6149
statfs /
   unique: 8, success, outsize: 96
unique: 10, opcode: LOOKUP (1), nodeid: 1, insize: 52, pid: 6149
LOOKUP /truncate_me
getattr /truncate_me
   NODEID: 2
   unique: 10, success, outsize: 144
unique: 12, opcode: GETXATTR (22), nodeid: 2, insize: 68, pid: 6149
   unique: 12, error: -38 (Function not implemented), outsize: 16
unique: 14, opcode: SETATTR (4), nodeid: 2, insize: 128, pid: 6149
truncate /truncate_me 5440
getattr /truncate_me
   unique: 14, success, outsize: 120
unique: 16, opcode: OPEN (14), nodeid: 2, insize: 48, pid: 6149
   unique: 16, success, outsize: 32
unique: 18, opcode: IOCTL (39), nodeid: 2, insize: 72, pid: 6149
   unique: 18, success, outsize: 32
unique: 20, opcode: READ (15), nodeid: 2, insize: 80, pid: 6149
read[0] 4096 bytes from 0 flags: 0x8000
   unique: 20, error: -38 (Function not implemented), outsize: 16
unique: 22, opcode: READ (15), nodeid: 2, insize: 80, pid: 6149
read[0] 4096 bytes from 4096 flags: 0x8000
   unique: 22, error: -38 (Function not implemented), outsize: 16
unique: 24, opcode: READ (15), nodeid: 2, insize: 80, pid: 6149
read[0] 4096 bytes from 0 flags: 0x8000
   unique: 24, error: -38 (Function not implemented), outsize: 16
unique: 26, opcode: FLUSH (25), nodeid: 2, insize: 64, pid: 6149
   unique: 26, error: -38 (Function not implemented), outsize: 16
unique: 28, opcode: RELEASE (18), nodeid: 2, insize: 64, pid: 0
   unique: 28, success, outsize: 16
FUSE library version: 2.9.9
nullpath_ok: 0
nopath: 0
utime_omit_ok: 0
unique: 2, opcode: INIT (26), nodeid: 0, insize: 56, pid: 0
INIT: 7.34
flags=0x33fffffb
max_readahead=0x00020000
   INIT: 7.19
   flags=0x00000011
   max_readahead=0x00020000
   max_write=0x00001000
   max_background=0
   congestion_threshold=0
   unique: 2, success, outsize: 40
unique: 4, opcode: GETATTR (3), nodeid: 1, insize: 56, pid: 34045
getattr /
   unique: 4, success, outsize: 120
unique: 6, opcode: ACCESS (34), nodeid: 1, insize: 48, pid: 33556
   unique: 6, error: -38 (Function not implemented), outsize: 16
unique: 8, opcode: STATFS (17), nodeid: 1, insize: 40, pid: 34047
statfs /
   unique: 8, success, outsize: 96
unique: 10, opcode: LOOKUP (1), nodeid: 1, insize: 52, pid: 34047
LOOKUP /truncate_me
getattr /truncate_me
   NODEID: 2
   unique: 10, success, outsize: 144
unique: 12, opcode: GETXATTR (22), nodeid: 2, insize: 68, pid: 34047
   unique: 12, error: -38 (Function not implemented), outsize: 16
unique: 14, opcode: SETATTR (4), nodeid: 2, insize: 128, pid: 34047
truncate /truncate_me 5440
getattr /truncate_me
   unique: 14, success, outsize: 120
unique: 16, opcode: OPEN (14), nodeid: 2, insize: 48, pid: 34047
   unique: 16, success, outsize: 32
unique: 18, opcode: IOCTL (39), nodeid: 2, insize: 72, pid: 34047
   unique: 18, success, outsize: 32
unique: 20, opcode: READ (15), nodeid: 2, insize: 80, pid: 34047
read[0] 4096 bytes from 0 flags: 0x8000
   unique: 20, error: -38 (Function not implemented), outsize: 16
unique: 22, opcode: READ (15), nodeid: 2, insize: 80, pid: 34047
read[0] 4096 bytes from 4096 flags: 0x8000
   unique: 22, error: -38 (Function not implemented), outsize: 16
unique: 24, opcode: READ (15), nodeid: 2, insize: 80, pid: 34047
read[0] 4096 bytes from 0 flags: 0x8000
   unique: 24, error: -38 (Function not implemented), outsize: 16
unique: 26, opcode: FLUSH (25), nodeid: 2, insize: 64, pid: 34047
   unique: 26, error: -38 (Function not implemented), outsize: 16
unique: 28, opcode: RELEASE (18), nodeid: 2, insize: 64, pid: 0
   unique: 28, success, outsize: 16
FUSE library version: 2.9.9
nullpath_ok: 0
nopath: 0
utime_omit_ok: 0
unique: 2, opcode: INIT (26), nodeid: 0, insize: 56, pid: 0
INIT: 7.34
flags=0x33fffffb
max_readahead=0x00020000
   INIT: 7.19
   flags=0x00000011
   max_readahead=0x00020000
   max_write=0x00001000
   max_background=0
   congestion_threshold=0
   unique: 2, success, outsize: 40
unique: 4, opcode: GETATTR (3), nodeid: 1, insize: 56, pid: 25881
getattr /
   unique: 4, success, outsize: 120
unique: 6, opcode: ACCESS (34), nodeid: 1, insize: 48, pid: 25620
   unique: 6, error: -38 (Function not implemented), outsize: 16
unique: 8, opcode: STATFS (17), nodeid: 1, insize: 40, pid: 25883
statfs /
   unique: 8, success, outsize: 96
unique: 10, opcode: LOOKUP (1), nodeid: 1, insize: 52, pid: 25883
LOOKUP /truncate_me
getattr /truncate_me
   NODEID: 2
   unique: 10, success, outsize: 144
unique: 12, opcode: GETXATTR (22), nodeid: 2, insize: 68, pid: 25883
   unique: 12, error: -38 (Function not implemented), outsize: 16
unique: 14, opcode: SETATTR (4), nodeid: 2, insize: 128, pid: 25883
truncate /truncate_me 5440
getattr /truncate_me
   unique: 14, success, outsize: 120
unique: 16, opcode: OPEN (14), nodeid: 2, insize: 48, pid: 25883
   unique: 16, success, outsize: 32
unique: 18, opcode: IOCTL (39), nodeid: 2, insize: 72, pid: 25883
   unique: 18, success, outsize: 32
unique: 20, opcode: READ (15), nodeid: 2, insize: 80, pid: 25883
read[0] 4096 bytes from 0 flags: 0x8000
   read[0] 4096 bytes from 0
   unique: 20, success, outsize: 4112
unique: 22, opcode: READ (15), nodeid: 2, insize: 80, pid: 25883
read[0] 4096 bytes from 4096 flags: 0x8000
   read[0] 1344 bytes from 4096
   unique: 22, success, outsize: 1360
unique: 24, opcode: FLUSH (25), nodeid: 2, insize: 64, pid: 25883
   unique: 24, error: -38 (Function not implemented), outsize: 16
unique: 26, opcode: RELEASE (18), nodeid: 2, insize: 64, pid: 0
   unique: 26, success, outsize: 16
unique: 28, opcode: STATFS (17), nodeid: 1, insize: 40, pid: 25883
statfs /
   unique: 28, success, outsize: 96
FUSE library version: 2.9.9
nullpath_ok: 0
nopath: 0
utime_omit_ok: 0
unique: 2, opcode: INIT (26), nodeid: 0, insize: 56, pid: 0
INIT: 7.34
flags=0x33fffffb
max_readahead=0x00020000
   INIT: 7.19
   flags=0x00000011
   max_readahead=0x00020000
   max_write=0x00001000
   max_background=0
   congestion_threshold=0
   unique: 2, success, outsize: 40
unique: 4, opcode: GETATTR (3), nodeid: 1, insize: 56, pid: 2222
getattr /
   unique: 4, success, outsize: 120
unique: 6, opcode: ACCESS (34), nodeid: 1, insize: 48, pid: 1726
   unique: 6, error: -38 (Function not implemented), outsize: 16
unique: 8, opcode: STATFS (17), nodeid: 1, insize: 40, pid: 2224
statfs /
   unique: 8, success, outsize: 96
unique: 10, opcode: LOOKUP (1), nodeid: 1, insize: 52, pid: 2224
LOOKUP /truncate_me
getattr /truncate_me
   NODEID: 2
   unique: 10, success, outsize: 144
unique: 12, opcode: GETXATTR (22), nodeid: 2, insize: 68, pid: 2224
   unique: 12, error: -38 (Function not implemented), outsize: 16
unique: 14, opcode: SETATTR (4), nodeid: 2, insize: 128, pid: 2224
truncate /truncate_me 5440
getattr /truncate_me
   unique: 14, success, outsize: 120
unique: 16, opcode: STATFS (17), nodeid: 1, insize: 40, pid: 2224
statfs /
   unique: 16, success, outsize: 96
unique: 18, opcode: OPEN (14), nodeid: 2, insize: 48, pid: 2224
   unique: 18, success, outsize: 32
unique: 20, opcode: IOCTL (39), nodeid: 2, insize: 72, pid: 2224
   unique: 20, success, outsize: 32
unique: 22, opcode: READ (15), nodeid: 2, insize: 80, pid: 2224
read[0] 4096 bytes from 0 flags: 0x8000
   read[0] 4096 bytes from 0
   unique: 22, success, outsize: 4112
unique: 24, opcode: READ (15), nodeid: 2, insize: 80, pid: 2224
read[0] 4096 bytes from 4096 flags: 0x8000
   read[0] 1344 bytes from 4096
   unique: 24, success, outsize: 1360
unique: 26, opcode: FLUSH (25), nodeid: 2, insize: 64, pid: 2224
   unique: 26, error: -38 (Function not implemented), outsize: 16
unique: 28, opcode: RELEASE (18), nodeid: 2, insize: 64, pid: 0
   unique: 28, success, outsize: 16
FUSE library version: 2.9.9
nullpath_ok: 0
nopath: 0
utime_omit_ok: 0
unique: 2, opcode: INIT (26), nodeid: 0, insize: 56, pid: 0
INIT: 7.34
flags=0x33fffffb
max_readahead=0x00020000
   INIT: 7.19
   flags=0x00000011
   max_readahead=0x00020000
   max_write=0x00001000
   max_background=0
   congestion_threshold=0
   unique: 2, success, outsize: 40
unique: 4, opcode: GETATTR (3), nodeid: 1, insize: 56, pid: 24690
getattr /
   unique: 4, success, outsize: 120
unique: 6, opcode: ACCESS (34), nodeid: 1, insize: 48, pid: 24199
   unique: 6, error: -38 (Function not implemented), outsize: 16
unique: 8, opcode: STATFS (17), nodeid: 1, insize: 40, pid: 24692
statfs /
   unique: 8, success, outsize: 96
unique: 10, opcode: LOOKUP (1), nodeid: 1, insize: 52, pid: 24692
LOOKUP /truncate_me
getattr /truncate_me
   NODEID: 2
   unique: 10, success, outsize: 144
unique: 12, opcode: GETXATTR (22), nodeid: 2, insize: 68, pid: 24692
   unique: 12, error: -38 (Function not implemented), outsize: 16
unique: 14, opcode: SETATTR (4), nodeid: 2, insize: 128, pid: 24692
truncate /truncate_me 5440
getattr /truncate_me
   unique: 14, success, outsize: 120
unique: 16, opcode: STATFS (17), nodeid: 1, insize: 40, pid: 24692
statfs /
   unique: 16, success, outsize: 96
unique: 18, opcode: OPEN (14), nodeid: 2, insize: 48, pid: 24692
   unique: 18, success, outsize: 32
unique: 20, opcode: IOCTL (39), nodeid: 2, insize: 72, pid: 24692
   unique: 20, success, outsize: 32
unique: 22, opcode: READ (15), nodeid: 2, insize: 80, pid: 24692
read[0] 4096 bytes from 0 flags: 0x8000
   read[0] 4096 bytes from 0
   unique: 22, success, outsize: 4112
unique: 24, opcode: READ (15), nodeid: 2, insize: 80, pid: 24692
read[0] 4096 bytes from 4096 flags: 0x8000
   read[0] 1344 bytes from 4096
   unique: 24, success, outsize: 1360
unique: 26, opcode: FLUSH (25), nodeid: 2, insize: 64, pid: 24692
   unique: 26, error: -38 (Function not implemented), outsize: 16
unique: 28, opcode: RELEASE (18), nodeid: 2, insize: 64, pid: 0
   unique: 28, success, outsize: 16
FUSE library version: 2.9.9
nullpath_ok: 0
nopath: 0
utime_omit_ok: 0
unique: 2, opcode: INIT (26), nodeid: 0, insize: 56, pid: 0
INIT: 7.34
flags=0x33fffffb
max_readahead=0x00020000
   INIT: 7.19
   flags=0x00000011
   max_readahead=0x00020000
   max_write=0x00001000
   max_background=0
   congestion_threshold=0
   unique: 2, success, outsize: 40
unique: 4, opcode: GETATTR (3), nodeid: 1, insize: 56, pid: 35853
getattr /
   unique: 4, success, outsize: 120
unique: 6, opcode: ACCESS (34), nodeid: 1, insize: 48, pid: 35529
   unique: 6, error: -38 (Function not implemented), outsize: 16
unique: 8, opcode: STATFS (17), nodeid: 1, insize: 40, pid: 35855
statfs /
   unique: 8, success, outsize: 96
unique: 10, opcode: LOOKUP (1), nodeid: 1, insize: 52, pid: 35855
LOOKUP /truncate_me
getattr /truncate_me
   NODEID: 2
   unique: 10, success, outsize: 144
unique: 12, opcode: GETXATTR (22), nodeid: 2, insize: 68, pid: 35855
   unique: 12, error: -38 (Function not implemented), outsize: 16
unique: 14, opcode: SETATTR (4), nodeid: 2, insize: 128, pid: 35855
truncate /truncate_me 5440
getattr /truncate_me
   unique: 14, success, outsize: 120
unique: 16, opcode: STATFS (17), nodeid: 1, insize: 40, pid: 35855
statfs /
   unique: 16, success, outsize: 96
unique: 18, opcode: OPEN (14), nodeid: 2, insize: 48, pid: 35855
   unique: 18, success, outsize: 32
unique: 20, opcode: IOCTL (39), nodeid: 2, insize: 72, pid: 35855
   unique: 20, success, outsize: 32
unique: 22, opcode: READ (15), nodeid: 2, insize: 80, pid: 35855
read[0] 4096 bytes from 0 flags: 0x8000
   read[0] 4096 bytes from 0
   unique: 22, success, outsize: 4112
unique: 24, opcode: READ (15), nodeid: 2, insize: 80, pid: 35855
read[0] 4096 bytes from 4096 flags: 0x8000
   read[0] 1344 bytes from 4096
   unique: 24, success, outsize: 1360
unique: 26, opcode: FLUSH (25), nodeid: 2, insize: 64, pid: 35855
   unique: 26, error: -38 (Function not implemented), outsize: 16
unique: 28, opcode: RELEASE (18), nodeid: 2, insize: 64, pid: 0
   unique: 28, success, outsize: 16
FUSE library version: 2.9.9
nullpath_ok: 0
nopath: 0
utime_omit_ok: 0
unique: 2, opcode: INIT (26), nodeid: 0, insize: 56, pid: 0
INIT: 7.34
flags=0x33fffffb
max_readahead=0x00020000
   INIT: 7.19
   flags=0x00000011
   max_readahead=0x00020000
   max_write=0x00001000
   max_background=0
   congestion_threshold=0
   unique: 2, success, outsize: 40
unique: 4, opcode: GETATTR (3), nodeid: 1, insize: 56, pid: 41180
getattr /
   unique: 4, success, outsize: 120
unique: 6, opcode: ACCESS (34), nodeid: 1, insize: 48, pid: 40899
   unique: 6, error: -38 (Function not implemented), outsize: 16
unique: 8, opcode: STATFS (17), nodeid: 1, insize: 40, pid: 41182
statfs /
   unique: 8, success, outsize: 96
unique: 10, opcode: LOOKUP (1), nodeid: 1, insize: 52, pid: 41182
LOOKUP /truncate_me
getattr /truncate_me
   NODEID: 2
   unique: 10, success, outsize: 144
unique: 12, opcode: GETXATTR (22), nodeid: 2, insize: 68, pid: 41182
   unique: 12, error: -38 (Function not implemented), outsize: 16
unique: 14, opcode: SETATTR (4), nodeid: 2, insize: 128, pid: 41182
truncate /truncate_me 5440
getattr /truncate_me
   unique: 14, success, outsize: 120
unique: 16, opcode: STATFS (17), nodeid: 1, insize: 40, pid: 41182
statfs /
   unique: 16, success, outsize: 96
unique: 18, opcode: OPEN (14), nodeid: 2, insize: 48, pid: 41182
   unique: 18, success, outsize: 32
unique: 20, opcode: IOCTL (39), nodeid: 2, insize: 72, pid: 41182
   unique: 20, success, outsize: 32
unique: 22, opcode: READ (15), nodeid: 2, insize: 80, pid: 41182
read[0] 4096 bytes from 0 flags: 0x8000
   read[0] 4096 bytes from 0
   unique: 22, success, outsize: 4112
unique: 24, opcode: READ (15), nodeid: 2, insize: 80, pid: 41182
read[0] 4096 bytes from 4096 flags: 0x8000
   read[0] 1344 bytes from 4096
   unique: 24, success, outsize: 1360
unique: 26, opcode: FLUSH (25), nodeid: 2, insize: 64, pid: 41182
   unique: 26, error: -38 (Function not implemented), outsize: 16
unique: 28, opcode: RELEASE (18), nodeid: 2, insize: 64, pid: 0
   unique: 28, success, outsize: 16
FUSE library version: 2.9.9
nullpath_ok: 0
nopath: 0
utime_omit_ok: 0
unique: 2, opcode: INIT (26), nodeid: 0, insize: 56, pid: 0
INIT: 7.34
flags=0x33fffffb
max_readahead=0x00020000
   INIT: 7.19
   flags=0x00000011
   max_readahead=0x00020000
   max_write=0x00001000
   max_background=0
   congestion_threshold=0
   unique: 2, success, outsize: 40
unique: 4, opcode: GETATTR (3), nodeid: 1, insize: 56, pid: 50060
getattr /
   unique: 4, success, outsize: 120
unique: 6, opcode: ACCESS (34), nodeid: 1, insize: 48, pid: 49785
   unique: 6, error: -38 (Function not implemented), outsize: 16
unique: 8, opcode: STATFS (17), nodeid: 1, insize: 40, pid: 50062
statfs /
   unique: 8, success, outsize: 96
unique: 10, opcode: LOOKUP (1), nodeid: 1, insize: 52, pid: 50062
LOOKUP /truncate_me
getattr /truncate_me
   NODEID: 2
   unique: 10, success, outsize: 144
unique: 12, opcode: GETXATTR (22), nodeid: 2, insize: 68, pid: 50062
   unique: 12, error: -38 (Function not implemented), outsize: 16
unique: 14, opcode: SETATTR (4), nodeid: 2, insize: 128, pid: 50062
truncate /truncate_me 5440
getattr /truncate_me
   unique: 14, success, outsize: 120
unique: 16, opcode: STATFS (17), nodeid: 1, insize: 40, pid: 50062
statfs /
   unique: 16, success, outsize: 96
unique: 18, opcode: OPEN (14), nodeid: 2, insize: 48, pid: 50062
   unique: 18, success, outsize: 32
unique: 20, opcode: IOCTL (39), nodeid: 2, insize: 72, pid: 50062
   unique: 20, success, outsize: 32
unique: 22, opcode: READ (15), nodeid: 2, insize: 80, pid: 50062
read[0] 4096 bytes from 0 flags: 0x8000
   read[0] 4096 bytes from 0
   unique: 22, success, outsize: 4112
unique: 24, opcode: READ (15), nodeid: 2, insize: 80, pid: 50062
read[0] 4096 bytes from 4096 flags: 0x8000
   read[0] 1344 bytes from 4096
   unique: 24, success, outsize: 1360
unique: 26, opcode: FLUSH (25), nodeid: 2, insize: 64, pid: 50062
   unique: 26, error: -38 (Function not implemented), outsize: 16
unique: 28, opcode: RELEASE (18), nodeid: 2, insize: 64, pid: 0
   unique: 28, success, outsize: 16
FUSE library version: 2.9.9
nullpath_ok: 0
nopath: 0
utime_omit_ok: 0
unique: 2, opcode: INIT (26), nodeid: 0, insize: 56, pid: 0
INIT: 7.34
flags=0x33fffffb
max_readahead=0x00020000
   INIT: 7.19
   flags=0x00000011
   max_readahead=0x00020000
   max_write=0x00001000
   max_background=0
   congestion_threshold=0
   unique: 2, success, outsize: 40
unique: 4, opcode: GETATTR (3), nodeid: 1, insize: 56, pid: 53810
getattr /
   unique: 4, success, outsize: 120
unique: 6, opcode: ACCESS (34), nodeid: 1, insize: 48, pid: 53528
   unique: 6, error: -38 (Function not implemented), outsize: 16
unique: 8, opcode: STATFS (17), nodeid: 1, insize: 40, pid: 53812
statfs /
   unique: 8, success, outsize: 96
unique: 10, opcode: LOOKUP (1), nodeid: 1, insize: 52, pid: 53812
LOOKUP /truncate_me
getattr /truncate_me
   NODEID: 2
   unique: 10, success, outsize: 144
unique: 12, opcode: GETXATTR (22), nodeid: 2, insize: 68, pid: 53812
   unique: 12, error: -38 (Function not implemented), outsize: 16
unique: 14, opcode: SETATTR (4), nodeid: 2, insize: 128, pid: 53812
truncate /truncate_me 5440
getattr /truncate_me
   unique: 14, success, outsize: 120
unique: 16, opcode: STATFS (17), nodeid: 1, insize: 40, pid: 53812
statfs /
   unique: 16, success, outsize: 96
unique: 18, opcode: OPEN (14), nodeid: 2, insize: 48, pid: 53812
   unique: 18, success, outsize: 32
unique: 20, opcode: IOCTL (39), nodeid: 2, insize: 72, pid: 53812
   unique: 20, success, outsize: 32
unique: 22, opcode: READ (15), nodeid: 2, insize: 80, pid: 53812
read[0] 4096 bytes from 0 flags: 0x8000
   read[0] 4096 bytes from 0
   unique: 22, success, outsize: 4112
unique: 24, opcode: READ (15), nodeid: 2, insize: 80, pid: 53812
read[0] 4096 bytes from 4096 flags: 0x8000
   read[0] 1344 bytes from 4096
   unique: 24, success, outsize: 1360
unique: 26, opcode: FLUSH (25), nodeid: 2, insize: 64, pid: 53812
   unique: 26, error: -38 (Function not implemented), outsize: 16
unique: 28, opcode: RELEASE (18), nodeid: 2, insize: 64, pid: 0
   unique: 28, success, outsize: 16
FUSE library version: 2.9.9
nullpath_ok: 0
nopath: 0
utime_omit_ok: 0
unique: 2, opcode: INIT (26), nodeid: 0, insize: 56, pid: 0
INIT: 7.34
flags=0x33fffffb
max_readahead=0x00020000
   INIT: 7.19
   flags=0x00000011
   max_readahead=0x00020000
   max_write=0x00001000
   max_background=0
   congestion_threshold=0
   unique: 2, success, outsize: 40
unique: 4, opcode: GETATTR (3), nodeid: 1, insize: 56, pid: 63853
getattr /
   unique: 4, success, outsize: 120
unique: 6, opcode: ACCESS (34), nodeid: 1, insize: 48, pid: 63576
   unique: 6, error: -38 (Function not implemented), outsize: 16
unique: 8, opcode: STATFS (17), nodeid: 1, insize: 40, pid: 63855
statfs /
   unique: 8, success, outsize: 96
unique: 10, opcode: LOOKUP (1), nodeid: 1, insize: 52, pid: 63855
LOOKUP /truncate_me
getattr /truncate_me
   NODEID: 2
   unique: 10, success, outsize: 144
unique: 12, opcode: GETXATTR (22), nodeid: 2, insize: 68, pid: 63855
   unique: 12, error: -38 (Function not implemented), outsize: 16
unique: 14, opcode: SETATTR (4), nodeid: 2, insize: 128, pid: 63855
truncate /truncate_me 5440
getattr /truncate_me
   unique: 14, success, outsize: 120
unique: 16, opcode: STATFS (17), nodeid: 1, insize: 40, pid: 63855
statfs /
   unique: 16, success, outsize: 96
unique: 18, opcode: OPEN (14), nodeid: 2, insize: 48, pid: 63855
   unique: 18, success, outsize: 32
unique: 20, opcode: IOCTL (39), nodeid: 2, insize: 72, pid: 63855
   unique: 20, success, outsize: 32
unique: 22, opcode: READ (15), nodeid: 2, insize: 80, pid: 63855
read[0] 4096 bytes from 0 flags: 0x8000
   read[0] 4096 bytes from 0
   unique: 22, success, outsize: 4112
unique: 24, opcode: READ (15), nodeid: 2, insize: 80, pid: 63855
read[0] 4096 bytes from 4096 flags: 0x8000
   read[0] 1344 bytes from 4096
   unique: 24, success, outsize: 1360
unique: 26, opcode: FLUSH (25), nodeid: 2, insize: 64, pid: 63855
   unique: 26, error: -38 (Function not implemented), outsize: 16
unique: 28, opcode: RELEASE (18), nodeid: 2, insize: 64, pid: 0
   unique: 28, success, outsize: 16
FUSE library version: 2.9.9
nullpath_ok: 0
nopath: 0
utime_omit_ok: 0
unique: 2, opcode: INIT (26), nodeid: 0, insize: 56, pid: 0
INIT: 7.34
flags=0x33fffffb
max_readahead=0x00020000
   INIT: 7.19
   flags=0x00000011
   max_readahead=0x00020000
   max_write=0x00001000
   max_background=0
   congestion_threshold=0
   unique: 2, success, outsize: 40
unique: 4, opcode: GETATTR (3), nodeid: 1, insize: 56, pid: 32335
getattr /
   unique: 4, success, outsize: 120
unique: 6, opcode: ACCESS (34), nodeid: 1, insize: 48, pid: 31951
   unique: 6, error: -38 (Function not implemented), outsize: 16
unique: 8, opcode: STATFS (17), nodeid: 1, insize: 40, pid: 32337
statfs /
   unique: 8, success, outsize: 96
unique: 10, opcode: LOOKUP (1), nodeid: 1, insize: 52, pid: 32337
LOOKUP /truncate_me
getattr /truncate_me
   NODEID: 2
   unique: 10, success, outsize: 144
unique: 12, opcode: GETXATTR (22), nodeid: 2, insize: 68, pid: 32337
   unique: 12, error: -38 (Function not implemented), outsize: 16
unique: 14, opcode: SETATTR (4), nodeid: 2, insize: 128, pid: 32337
truncate /truncate_me 5440
getattr /truncate_me
   unique: 14, success, outsize: 120
unique: 16, opcode: STATFS (17), nodeid: 1, insize: 40, pid: 32337
statfs /
   unique: 16, success, outsize: 96
unique: 18, opcode: OPEN (14), nodeid: 2, insize: 48, pid: 32337
   unique: 18, success, outsize: 32
unique: 20, opcode: IOCTL (39), nodeid: 2, insize: 72, pid: 32337
   unique: 20, success, outsize: 32
unique: 22, opcode: READ (15), nodeid: 2, insize: 80, pid: 32337
read[0] 4096 bytes from 0 flags: 0x8000
   read[0] 4096 bytes from 0
   unique: 22, success, outsize: 4112
unique: 24, opcode: READ (15), nodeid: 2, insize: 80, pid: 32337
read[0] 4096 bytes from 4096 flags: 0x8000
   read[0] 1344 bytes from 4096
   unique: 24, success, outsize: 1360
unique: 26, opcode: FLUSH (25), nodeid: 2, insize: 64, pid: 32337
   unique: 26, error: -38 (Function not implemented), outsize: 16
unique: 28, opcode: RELEASE (18), nodeid: 2, insize: 64, pid: 0
   unique: 28, success, outsize: 16
FUSE library version: 2.9.9
nullpath_ok: 0
nopath: 0
utime_omit_ok: 0
unique: 2, opcode: INIT (26), nodeid: 0, insize: 56, pid: 0
INIT: 7.34
flags=0x33fffffb
max_readahead=0x00020000
   INIT: 7.19
   flags=0x00000011
   max_readahead=0x00020000
   max_write=0x00001000
   max_background=0
   congestion_threshold=0
   unique: 2, success, outsize: 40
unique: 4, opcode: GETATTR (3), nodeid: 1, insize: 56, pid: 31618
getattr /
   unique: 4, success, outsize: 120
unique: 6, opcode: ACCESS (34), nodeid: 1, insize: 48, pid: 31357
   unique: 6, error: -38 (Function not implemented), outsize: 16
unique: 8, opcode: STATFS (17), nodeid: 1, insize: 40, pid: 31620
statfs /
   unique: 8, success, outsize: 96
unique: 10, opcode: LOOKUP (1), nodeid: 1, insize: 52, pid: 31620
LOOKUP /truncate_me
getattr /truncate_me
   NODEID: 2
   unique: 10, success, outsize: 144
unique: 12, opcode: GETXATTR (22), nodeid: 2, insize: 68, pid: 31620
   unique: 12, error: -38 (Function not implemented), outsize: 16
unique: 14, opcode: SETATTR (4), nodeid: 2, insize: 128, pid: 31620
truncate /truncate_me 5440
getattr /truncate_me
   unique: 14, success, outsize: 120
unique: 16, opcode: STATFS (17), nodeid: 1, insize: 40, pid: 31620
statfs /
   unique: 16, success, outsize: 96
unique: 18, opcode: OPEN (14), nodeid: 2, insize: 48, pid: 31620
   unique: 18, success, outsize: 32
unique: 20, opcode: IOCTL (39), nodeid: 2, insize: 72, pid: 31620
   unique: 20, success, outsize: 32
unique: 22, opcode: READ (15), nodeid: 2, insize: 80, pid: 31620
read[0] 4096 bytes from 0 flags: 0x8000
   read[0] 4096 bytes from 0
   unique: 22, success, outsize: 4112
unique: 24, opcode: READ (15), nodeid: 2, insize: 80, pid: 31620
read[0] 4096 bytes from 4096 flags: 0x8000
   read[0] 1344 bytes from 4096
   unique: 24, success, outsize: 1360
unique: 26, opcode: FLUSH (25), nodeid: 2, insize: 64, pid: 31620
   unique: 26, error: -38 (Function not implemented), outsize: 16
unique: 28, opcode: RELEASE (18), nodeid: 2, insize: 64, pid: 0
   unique: 28, success, outsize: 16
FUSE library version: 2.9.9
nullpath_ok: 0
nopath: 0
utime_omit_ok: 0
unique: 2, opcode: INIT (26), nodeid: 0, insize: 56, pid: 0
INIT: 7.34
flags=0x33fffffb
max_readahead=0x00020000
   INIT: 7.19
   flags=0x00000011
   max_readahead=0x00020000
   max_write=0x00001000
   max_background=0
   congestion_threshold=0
   unique: 2, success, outsize: 40
unique: 4, opcode: GETATTR (3), nodeid: 1, insize: 56, pid: 30527
getattr /
   unique: 4, success, outsize: 120
unique: 6, opcode: ACCESS (34), nodeid: 1, insize: 48, pid: 30261
   unique: 6, error: -38 (Function not implemented), outsize: 16
unique: 8, opcode: STATFS (17), nodeid: 1, insize: 40, pid: 30529
statfs /
   unique: 8, success, outsize: 96
unique: 10, opcode: LOOKUP (1), nodeid: 1, insize: 52, pid: 30529
LOOKUP /truncate_me
getattr /truncate_me
   NODEID: 2
   unique: 10, success, outsize: 144
unique: 12, opcode: GETXATTR (22), nodeid: 2, insize: 68, pid: 30529
   unique: 12, error: -38 (Function not implemented), outsize: 16
unique: 14, opcode: SETATTR (4), nodeid: 2, insize: 128, pid: 30529
truncate /truncate_me 5440
getattr /truncate_me
   unique: 14, success, outsize: 120
unique: 16, opcode: STATFS (17), nodeid: 1, insize: 40, pid: 30529
statfs /
   unique: 16, success, outsize: 96
unique: 18, opcode: OPEN (14), nodeid: 2, insize: 48, pid: 30529
   unique: 18, success, outsize: 32
unique: 20, opcode: IOCTL (39), nodeid: 2, insize: 72, pid: 30529
   unique: 20, success, outsize: 32
unique: 22, opcode: READ (15), nodeid: 2, insize: 80, pid: 30529
read[0] 4096 bytes from 0 flags: 0x8000
   read[0] 4096 bytes from 0
   unique: 22, success, outsize: 4112
unique: 24, opcode: READ (15), nodeid: 2, insize: 80, pid: 30529
read[0] 4096 bytes from 4096 flags: 0x8000
   read[0] 1344 bytes from 4096
   unique: 24, success, outsize: 1360
unique: 26, opcode: FLUSH (25), nodeid: 2, insize: 64, pid: 30529
   unique: 26, error: -38 (Function not implemented), outsize: 16
unique: 28, opcode: RELEASE (18), nodeid: 2, insize: 64, pid: 0
   unique: 28, success, outsize: 16
FUSE library version: 2.9.9
nullpath_ok: 0
nopath: 0
utime_omit_ok: 0
unique: 2, opcode: INIT (26), nodeid: 0, insize: 56, pid: 0
INIT: 7.34
flags=0x33fffffb
max_readahead=0x00020000
   INIT: 7.19
   flags=0x00000011
   max_readahead=0x00020000
   max_write=0x00001000
   max_background=0
   congestion_threshold=0
   unique: 2, success, outsize: 40
unique: 4, opcode: GETATTR (3), nodeid: 1, insize: 56, pid: 59815
getattr /
   unique: 4, success, outsize: 120
unique: 6, opcode: ACCESS (34), nodeid: 1, insize: 48, pid: 59312
   unique: 6, error: -38 (Function not implemented), outsize: 16
unique: 8, opcode: STATFS (17), nodeid: 1, insize: 40, pid: 59819
statfs /
   unique: 8, success, outsize: 96
unique: 10, opcode: LOOKUP (1), nodeid: 1, insize: 52, pid: 59819
LOOKUP /truncate_me
getattr /truncate_me
   NODEID: 2
   unique: 10, success, outsize: 144
unique: 12, opcode: GETXATTR (22), nodeid: 2, insize: 68, pid: 59819
   unique: 12, error: -38 (Function not implemented), outsize: 16
unique: 14, opcode: SETATTR (4), nodeid: 2, insize: 128, pid: 59819
truncate /truncate_me 5440
getattr /truncate_me
   unique: 14, success, outsize: 120
unique: 16, opcode: STATFS (17), nodeid: 1, insize: 40, pid: 59819
statfs /
   unique: 16, success, outsize: 96
unique: 18, opcode: OPEN (14), nodeid: 2, insize: 48, pid: 59819
   unique: 18, success, outsize: 32
unique: 20, opcode: IOCTL (39), nodeid: 2, insize: 72, pid: 59819
   unique: 20, success, outsize: 32
unique: 22, opcode: READ (15), nodeid: 2, insize: 80, pid: 59819
read[0] 4096 bytes from 0 flags: 0x8000
   read[0] 4096 bytes from 0
   unique: 22, success, outsize: 4112
unique: 24, opcode: READ (15), nodeid: 2, insize: 80, pid: 59819
read[0] 4096 bytes from 4096 flags: 0x8000
   read[0] 1344 bytes from 4096
   unique: 24, success, outsize: 1360
unique: 26, opcode: FLUSH (25), nodeid: 2, insize: 64, pid: 59819
   unique: 26, error: -38 (Function not implemented), outsize: 16
unique: 28, opcode: RELEASE (18), nodeid: 2, insize: 64, pid: 0
   unique: 28, success, outsize: 16
FUSE library version: 2.9.9
nullpath_ok: 0
nopath: 0
utime_omit_ok: 0
unique: 2, opcode: INIT (26), nodeid: 0, insize: 56, pid: 0
INIT: 7.34
flags=0x33fffffb
max_readahead=0x00020000
   INIT: 7.19
   flags=0x00000011
   max_readahead=0x00020000
   max_write=0x00001000
   max_background=0
   congestion_threshold=0
   unique: 2, success, outsize: 40
unique: 4, opcode: GETATTR (3), nodeid: 1, insize: 56, pid: 21556
getattr /
   unique: 4, success, outsize: 120
unique: 6, opcode: ACCESS (34), nodeid: 1, insize: 48, pid: 20962
   unique: 6, error: -38 (Function not implemented), outsize: 16
unique: 8, opcode: STATFS (17), nodeid: 1, insize: 40, pid: 21558
statfs /
   unique: 8, success, outsize: 96
unique: 10, opcode: LOOKUP (1), nodeid: 1, insize: 52, pid: 21558
LOOKUP /truncate_me
getattr /truncate_me
   NODEID: 2
   unique: 10, success, outsize: 144
unique: 12, opcode: GETXATTR (22), nodeid: 2, insize: 68, pid: 21558
   unique: 12, error: -38 (Function not implemented), outsize: 16
unique: 14, opcode: SETATTR (4), nodeid: 2, insize: 128, pid: 21558
truncate /truncate_me 5440
getattr /truncate_me
   unique: 14, success, outsize: 120
unique: 16, opcode: STATFS (17), nodeid: 1, insize: 40, pid: 21558
statfs /
   unique: 16, success, outsize: 96
unique: 18, opcode: OPEN (14), nodeid: 2, insize: 48, pid: 21558
   unique: 18, success, outsize: 32
unique: 20, opcode: IOCTL (39), nodeid: 2, insize: 72, pid: 21558
   unique: 20, success, outsize: 32
unique: 22, opcode: READ (15), nodeid: 2, insize: 80, pid: 21558
read[0] 4096 bytes from 0 flags: 0x8000
   read[0] 4096 bytes from 0
   unique: 22, success, outsize: 4112
unique: 24, opcode: READ (15), nodeid: 2, insize: 80, pid: 21558
read[0] 4096 bytes from 4096 flags: 0x8000
   read[0] 1344 bytes from 4096
   unique: 24, success, outsize: 1360
unique: 26, opcode: FLUSH (25), nodeid: 2, insize: 64, pid: 21558
   unique: 26, error: -38 (Function not implemented), outsize: 16
unique: 28, opcode: RELEASE (18), nodeid: 2, insize: 64, pid: 0
   unique: 28, success, outsize: 16
FUSE library version: 2.9.9
nullpath_ok: 0
nopath: 0
utime_omit_ok: 0
unique: 2, opcode: INIT (26), nodeid: 0, insize: 56, pid: 0
INIT: 7.34
flags=0x33fffffb
max_readahead=0x00020000
   INIT: 7.19
   flags=0x00000011
   max_readahead=0x00020000
   max_write=0x00001000
   max_background=0
   congestion_threshold=0
   unique: 2, success, outsize: 40
unique: 4, opcode: GETATTR (3), nodeid: 1, insize: 56, pid: 31088
getattr /
   unique: 4, success, outsize: 120
unique: 6, opcode: ACCESS (34), nodeid: 1, insize: 48, pid: 30711
   unique: 6, error: -38 (Function not implemented), outsize: 16
unique: 8, opcode: STATFS (17), nodeid: 1, insize: 40, pid: 31090
statfs /
   unique: 8, success, outsize: 96
unique: 10, opcode: LOOKUP (1), nodeid: 1, insize: 52, pid: 31090
LOOKUP /truncate_me
getattr /truncate_me
   NODEID: 2
   unique: 10, success, outsize: 144
unique: 12, opcode: GETXATTR (22), nodeid: 2, insize: 68, pid: 31090
   unique: 12, error: -38 (Function not implemented), outsize: 16
unique: 14, opcode: SETATTR (4), nodeid: 2, insize: 128, pid: 31090
truncate /truncate_me 5440
getattr /truncate_me
   unique: 14, success, outsize: 120
unique: 16, opcode: STATFS (17), nodeid: 1, insize: 40, pid: 31090
statfs /
   unique: 16, success, outsize: 96
unique: 18, opcode: OPEN (14), nodeid: 2, insize: 48, pid: 31090
   unique: 18, success, outsize: 32
unique: 20, opcode: IOCTL (39), nodeid: 2, insize: 72, pid: 31090
   unique: 20, success, outsize: 32
unique: 22, opcode: READ (15), nodeid: 2, insize: 80, pid: 31090
read[0] 4096 bytes from 0 flags: 0x8000
   read[0] 4096 bytes from 0
   unique: 22, success, outsize: 4112
unique: 24, opcode: READ (15), nodeid: 2, insize: 80, pid: 31090
read[0] 4096 bytes from 4096 flags: 0x8000
   read[0] 1344 bytes from 4096
   unique: 24, success, outsize: 1360
unique: 26, opcode: FLUSH (25), nodeid: 2, insize: 64, pid: 31090
   unique: 26, error: -38 (Function not implemented), outsize: 16
unique: 28, opcode: RELEASE (18), nodeid: 2, insize: 64, pid: 0
   unique: 28, success, outsize: 16
FUSE library version: 2.9.9
nullpath_ok: 0
nopath: 0
utime_omit_ok: 0
unique: 2, opcode: INIT (26), nodeid: 0, insize: 56, pid: 0
INIT: 7.34
flags=0x33fffffb
max_readahead=0x00020000
   INIT: 7.19
   flags=0x00000011
   max_readahead=0x00020000
   max_write=0x00001000
   max_background=0
   congestion_threshold=0
   unique: 2, success, outsize: 40
unique: 4, opcode: GETATTR (3), nodeid: 1, insize: 56, pid: 34036
getattr /
   unique: 4, success, outsize: 120
unique: 6, opcode: ACCESS (34), nodeid: 1, insize: 48, pid: 33447
   unique: 6, error: -38 (Function not implemented), outsize: 16
unique: 8, opcode: STATFS (17), nodeid: 1, insize: 40, pid: 34039
statfs /
   unique: 8, success, outsize: 96
unique: 10, opcode: LOOKUP (1), nodeid: 1, insize: 52, pid: 34039
LOOKUP /truncate_me
getattr /truncate_me
   NODEID: 2
   unique: 10, success, outsize: 144
unique: 12, opcode: GETXATTR (22), nodeid: 2, insize: 68, pid: 34039
   unique: 12, error: -38 (Function not implemented), outsize: 16
unique: 14, opcode: SETATTR (4), nodeid: 2, insize: 128, pid: 34039
truncate /truncate_me 5440
getattr /truncate_me
   unique: 14, success, outsize: 120
unique: 16, opcode: STATFS (17), nodeid: 1, insize: 40, pid: 34039
statfs /
   unique: 16, success, outsize: 96
unique: 18, opcode: OPEN (14), nodeid: 2, insize: 48, pid: 34039
   unique: 18, success, outsize: 32
unique: 20, opcode: IOCTL (39), nodeid: 2, insize: 72, pid: 34039
   unique: 20, success, outsize: 32
unique: 22, opcode: READ (15), nodeid: 2, insize: 80, pid: 34039
read[0] 4096 bytes from 0 flags: 0x8000
   read[0] 4096 bytes from 0
   unique: 22, success, outsize: 4112
unique: 24, opcode: READ (15), nodeid: 2, insize: 80, pid: 34039
read[0] 4096 bytes from 4096 flags: 0x8000
   read[0] 1344 bytes from 4096
   unique: 24, success, outsize: 1360
unique: 26, opcode: FLUSH (25), nodeid: 2, insize: 64, pid: 34039
   unique: 26, error: -38 (Function not implemented), outsize: 16
unique: 28, opcode: RELEASE (18), nodeid: 2, insize: 64, pid: 0
   unique: 28, success, outsize: 16
FUSE library version: 2.9.9
nullpath_ok: 0
nopath: 0
utime_omit_ok: 0
unique: 2, opcode: INIT (26), nodeid: 0, insize: 56, pid: 0
INIT: 7.34
flags=0x33fffffb
max_readahead=0x00020000
   INIT: 7.19
   flags=0x00000011
   max_readahead=0x00020000
   max_write=0x00001000
   max_background=0
   congestion_threshold=0
   unique: 2, success, outsize: 40
unique: 4, opcode: GETATTR (3), nodeid: 1, insize: 56, pid: 12640
getattr /
   unique: 4, success, outsize: 120
unique: 6, opcode: ACCESS (34), nodeid: 1, insize: 48, pid: 12081
   unique: 6, error: -38 (Function not implemented), outsize: 16
unique: 8, opcode: STATFS (17), nodeid: 1, insize: 40, pid: 12642
statfs /
   unique: 8, success, outsize: 96
unique: 10, opcode: LOOKUP (1), nodeid: 1, insize: 52, pid: 12642
LOOKUP /truncate_me
getattr /truncate_me
   NODEID: 2
   unique: 10, success, outsize: 144
unique: 12, opcode: GETXATTR (22), nodeid: 2, insize: 68, pid: 12642
   unique: 12, error: -38 (Function not implemented), outsize: 16
unique: 14, opcode: SETATTR (4), nodeid: 2, insize: 128, pid: 12642
truncate /truncate_me 5440
getattr /truncate_me
   unique: 14, success, outsize: 120
unique: 16, opcode: STATFS (17), nodeid: 1, insize: 40, pid: 12642
statfs /
   unique: 16, success, outsize: 96
unique: 18, opcode: OPEN (14), nodeid: 2, insize: 48, pid: 12642
   unique: 18, success, outsize: 32
unique: 20, opcode: IOCTL (39), nodeid: 2, insize: 72, pid: 12642
   unique: 20, success, outsize: 32
unique: 22, opcode: READ (15), nodeid: 2, insize: 80, pid: 12642
read[0] 4096 bytes from 0 flags: 0x8000
   read[0] 4096 bytes from 0
   unique: 22, success, outsize: 4112
unique: 24, opcode: READ (15), nodeid: 2, insize: 80, pid: 12642
read[0] 4096 bytes from 4096 flags: 0x8000
   read[0] 1344 bytes from 4096
   unique: 24, success, outsize: 1360
unique: 26, opcode: FLUSH (25), nodeid: 2, insize: 64, pid: 12642
   unique: 26, error: -38 (Function not implemented), outsize: 16
unique: 28, opcode: RELEASE (18), nodeid: 2, insize: 64, pid: 0
   unique: 28, success, outsize: 16
FUSE library version: 2.9.9
nullpath_ok: 0
nopath: 0
utime_omit_ok: 0
unique: 2, opcode: INIT (26), nodeid: 0, insize: 56, pid: 0
INIT: 7.34
flags=0x33fffffb
max_readahead=0x00020000
   INIT: 7.19
   flags=0x00000011
   max_readahead=0x00020000
   max_write=0x00001000
   max_background=0
   congestion_threshold=0
   unique: 2, success, outsize: 40
unique: 4, opcode: GETATTR (3), nodeid: 1, insize: 56, pid: 12206
getattr /
   unique: 4, success, outsize: 120
unique: 6, opcode: ACCESS (34), nodeid: 1, insize: 48, pid: 11887
   unique: 6, error: -38 (Function not implemented), outsize: 16
unique: 8, opcode: STATFS (17), nodeid: 1, insize: 40, pid: 12208
statfs /
   unique: 8, success, outsize: 96
unique: 10, opcode: LOOKUP (1), nodeid: 1, insize: 52, pid: 12208
LOOKUP /truncate_me
getattr /truncate_me
   NODEID: 2
   unique: 10, success, outsize: 144
unique: 12, opcode: GETXATTR (22), nodeid: 2, insize: 68, pid: 12208
   unique: 12, error: -38 (Function not implemented), outsize: 16
unique: 14, opcode: SETATTR (4), nodeid: 2, insize: 128, pid: 12208
truncate /truncate_me 5440
getattr /truncate_me
   unique: 14, success, outsize: 120
unique: 16, opcode: STATFS (17), nodeid: 1, insize: 40, pid: 12208
statfs /
   unique: 16, success, outsize: 96
unique: 18, opcode: OPEN (14), nodeid: 2, insize: 48, pid: 12208
   unique: 18, success, outsize: 32
unique: 20, opcode: IOCTL (39), nodeid: 2, insize: 72, pid: 12208
   unique: 20, success, outsize: 32
unique: 22, opcode: READ (15), nodeid: 2, insize: 80, pid: 12208
read[0] 4096 bytes from 0 flags: 0x8000
   read[0] 4096 bytes from 0
   unique: 22, success, outsize: 4112
unique: 24, opcode: READ (15), nodeid: 2, insize: 80, pid: 12208
read[0] 4096 bytes from 4096 flags: 0x8000
   read[0] 1344 bytes from 4096
   unique: 24, success, outsize: 1360
unique: 26, opcode: FLUSH (25), nodeid: 2, insize: 64, pid: 12208
   unique: 26, error: -38 (Function not implemented), outsize: 16
unique: 28, opcode: RELEASE (18), nodeid: 2, insize: 64, pid: 0
   unique: 28, success, outsize: 16
FUSE library version: 2.9.9
nullpath_ok: 0
nopath: 0
utime_omit_ok: 0
unique: 2, opcode: INIT (26), nodeid: 0, insize: 56, pid: 0
INIT: 7.34
flags=0x33fffffb
max_readahead=0x00020000
   INIT: 7.19
   flags=0x00000011
   max_readahead=0x00020000
   max_write=0x00001000
   max_background=0
   congestion_threshold=0
   unique: 2, success, outsize: 40
unique: 4, opcode: GETATTR (3), nodeid: 1, insize: 56, pid: 37628
getattr /
   unique: 4, success, outsize: 120
unique: 6, opcode: ACCESS (34), nodeid: 1, insize: 48, pid: 37326
   unique: 6, error: -38 (Function not implemented), outsize: 16
unique: 8, opcode: STATFS (17), nodeid: 1, insize: 40, pid: 37630
statfs /
   unique: 8, success, outsize: 96
unique: 10, opcode: LOOKUP (1), nodeid: 1, insize: 52, pid: 37630
LOOKUP /truncate_me
getattr /truncate_me
   NODEID: 2
   unique: 10, success, outsize: 144
unique: 12, opcode: GETXATTR (22), nodeid: 2, insize: 68, pid: 37630
   unique: 12, error: -38 (Function not implemented), outsize: 16
unique: 14, opcode: SETATTR (4), nodeid: 2, insize: 128, pid: 37630
truncate /truncate_me 5440
getattr /truncate_me
   unique: 14, success, outsize: 120
unique: 16, opcode: STATFS (17), nodeid: 1, insize: 40, pid: 37630
statfs /
   unique: 16, success, outsize: 96
unique: 18, opcode: OPEN (14), nodeid: 2, insize: 48, pid: 37630
   unique: 18, success, outsize: 32
unique: 20, opcode: IOCTL (39), nodeid: 2, insize: 72, pid: 37630
   unique: 20, success, outsize: 32
unique: 22, opcode: READ (15), nodeid: 2, insize: 80, pid: 37630
read[0] 4096 bytes from 0 flags: 0x8000
   read[0] 4096 bytes from 0
   unique: 22, success, outsize: 4112
unique: 24, opcode: READ (15), nodeid: 2, insize: 80, pid: 37630
read[0] 4096 bytes from 4096 flags: 0x8000
   read[0] 1344 bytes from 4096
   unique: 24, success, outsize: 1360
unique: 26, opcode: FLUSH (25), nodeid: 2, insize: 64, pid: 37630
   unique: 26, error: -38 (Function not implemented), outsize: 16
unique: 28, opcode: RELEASE (18), nodeid: 2, insize: 64, pid: 0
   unique: 28, success, outsize: 16
FUSE library version: 2.9.9
nullpath_ok: 0
nopath: 0
utime_omit_ok: 0
unique: 2, opcode: INIT (26), nodeid: 0, insize: 56, pid: 0
INIT: 7.34
flags=0x33fffffb
max_readahead=0x00020000
   INIT: 7.19
   flags=0x00000011
   max_readahead=0x00020000
   max_write=0x00001000
   max_background=0
   congestion_threshold=0
   unique: 2, success, outsize: 40
unique: 4, opcode: GETATTR (3), nodeid: 1, insize: 56, pid: 41243
getattr /
   unique: 4, success, outsize: 120
unique: 6, opcode: ACCESS (34), nodeid: 1, insize: 48, pid: 40782
   unique: 6, error: -38 (Function not implemented), outsize: 16
unique: 8, opcode: STATFS (17), nodeid: 1, insize: 40, pid: 41245
statfs /
   unique: 8, success, outsize: 96
unique: 10, opcode: LOOKUP (1), nodeid: 1, insize: 52, pid: 41245
LOOKUP /truncate_me
getattr /truncate_me
   NODEID: 2
   unique: 10, success, outsize: 144
unique: 12, opcode: GETXATTR (22), nodeid: 2, insize: 68, pid: 41245
   unique: 12, error: -38 (Function not implemented), outsize: 16
unique: 14, opcode: SETATTR (4), nodeid: 2, insize: 128, pid: 41245
truncate /truncate_me 5440
getattr /truncate_me
   unique: 14, success, outsize: 120
unique: 16, opcode: STATFS (17), nodeid: 1, insize: 40, pid: 41245
statfs /
   unique: 16, success, outsize: 96
unique: 18, opcode: OPEN (14), nodeid: 2, insize: 48, pid: 41245
   unique: 18, success, outsize: 32
unique: 20, opcode: IOCTL (39), nodeid: 2, insize: 72, pid: 41245
   unique: 20, success, outsize: 32
unique: 22, opcode: READ (15), nodeid: 2, insize: 80, pid: 41245
read[0] 4096 bytes from 0 flags: 0x8000
   read[0] 4096 bytes from 0
   unique: 22, success, outsize: 4112
unique: 24, opcode: READ (15), nodeid: 2, insize: 80, pid: 41245
read[0] 4096 bytes from 4096 flags: 0x8000
   read[0] 1344 bytes from 4096
   unique: 24, success, outsize: 1360
unique: 26, opcode: FLUSH (25), nodeid: 2, insize: 64, pid: 41245
   unique: 26, error: -38 (Function not implemented), outsize: 16
unique: 28, opcode: RELEASE (18), nodeid: 2, insize: 64, pid: 0
   unique: 28, success, outsize: 16
FUSE library version: 2.9.9
nullpath_ok: 0
nopath: 0
utime_omit_ok: 0
unique: 2, opcode: INIT (26), nodeid: 0, insize: 56, pid: 0
INIT: 7.34
flags=0x33fffffb
max_readahead=0x00020000
   INIT: 7.19
   flags=0x00000011
   max_readahead=0x00020000
   max_write=0x00001000
   max_background=0
   congestion_threshold=0
   unique: 2, success, outsize: 40
unique: 4, opcode: GETATTR (3), nodeid: 1, insize: 56, pid: 5603
getattr /
   unique: 4, success, outsize: 120
unique: 6, opcode: ACCESS (34), nodeid: 1, insize: 48, pid: 5358
   unique: 6, error: -38 (Function not implemented), outsize: 16
unique: 8, opcode: STATFS (17), nodeid: 1, insize: 40, pid: 5605
statfs /
   unique: 8, success, outsize: 96
unique: 10, opcode: LOOKUP (1), nodeid: 1, insize: 52, pid: 5605
LOOKUP /truncate_me
getattr /truncate_me
   NODEID: 2
   unique: 10, success, outsize: 144
unique: 12, opcode: GETXATTR (22), nodeid: 2, insize: 68, pid: 5605
   unique: 12, error: -38 (Function not implemented), outsize: 16
unique: 14, opcode: SETATTR (4), nodeid: 2, insize: 128, pid: 5605
truncate /truncate_me 5440
getattr /truncate_me
   unique: 14, success, outsize: 120
unique: 16, opcode: STATFS (17), nodeid: 1, insize: 40, pid: 5605
statfs /
   unique: 16, success, outsize: 96
unique: 18, opcode: OPEN (14), nodeid: 2, insize: 48, pid: 5605
   unique: 18, success, outsize: 32
unique: 20, opcode: IOCTL (39), nodeid: 2, insize: 72, pid: 5605
   unique: 20, success, outsize: 32
unique: 22, opcode: READ (15), nodeid: 2, insize: 80, pid: 5605
read[0] 4096 bytes from 0 flags: 0x8000
   read[0] 4096 bytes from 0
   unique: 22, success, outsize: 4112
unique: 24, opcode: READ (15), nodeid: 2, insize: 80, pid: 5605
read[0] 4096 bytes from 4096 flags: 0x8000
   read[0] 1344 bytes from 4096
   unique: 24, success, outsize: 1360
unique: 26, opcode: FLUSH (25), nodeid: 2, insize: 64, pid: 5605
   unique: 26, error: -38 (Function not implemented), outsize: 16
unique: 28, opcode: RELEASE (18), nodeid: 2, insize: 64, pid: 0
   unique: 28, success, outsize: 16
