FUSE library version: 2.9.9
nullpath_ok: 0
nopath: 0
utime_omit_ok: 0
unique: 2, opcode: INIT (26), nodeid: 0, insize: 56, pid: 0
INIT: 7.34
flags=0x33fffffb
max_readahead=0x00020000
   INIT: 7.19
   flags=0x00000011
   max_readahead=0x00020000
   max_write=0x00001000
   max_background=0
   congestion_threshold=0
   unique: 2, success, outsize: 40
unique: 4, opcode: GETATTR (3), nodeid: 1, insize: 56, pid: 53986
getattr /
   unique: 4, success, outsize: 120
unique: 6, opcode: ACCESS (34), nodeid: 1, insize: 48, pid: 53228
   unique: 6, error: -38 (Function not implemented), outsize: 16
unique: 8, opcode: STATFS (17), nodeid: 1, insize: 40, pid: 53988
statfs /
   unique: 8, success, outsize: 96
unique: 10, opcode: LOOKUP (1), nodeid: 1, insize: 52, pid: 53988
LOOKUP /truncate_me
getattr /truncate_me
   NODEID: 2
   unique: 10, success, outsize: 144
unique: 12, opcode: UNLINK (10), nodeid: 1, insize: 52, pid: 53988
unlink /truncate_me
   unique: 12, success, outsize: 16
unique: 14, opcode: FORGET (2), nodeid: 2, insize: 48, pid: 0
FORGET 2/1
DELETE: 2
unique: 16, opcode: LOOKUP (1), nodeid: 1, insize: 52, pid: 53988
LOOKUP /truncate_me
getattr /truncate_me
   NODEID: 3
   unique: 16, success, outsize: 144
unique: 18, opcode: GETATTR (3), nodeid: 1, insize: 56, pid: 53988
getattr /
   unique: 18, success, outsize: 120
unique: 20, opcode: STATFS (17), nodeid: 1, insize: 40, pid: 53988
statfs /
   unique: 20, success, outsize: 96
FUSE library version: 2.9.9
nullpath_ok: 0
nopath: 0
utime_omit_ok: 0
unique: 2, opcode: INIT (26), nodeid: 0, insize: 56, pid: 0
INIT: 7.34
flags=0x33fffffb
max_readahead=0x00020000
   INIT: 7.19
   flags=0x00000011
   max_readahead=0x00020000
   max_write=0x00001000
   max_background=0
   congestion_threshold=0
   unique: 2, success, outsize: 40
unique: 4, opcode: GETATTR (3), nodeid: 1, insize: 56, pid: 43260
getattr /
   unique: 4, success, outsize: 120
unique: 6, opcode: ACCESS (34), nodeid: 1, insize: 48, pid: 42762
   unique: 6, error: -38 (Function not implemented), outsize: 16
unique: 8, opcode: STATFS (17), nodeid: 1, insize: 40, pid: 43262
statfs /
   unique: 8, success, outsize: 96
unique: 10, opcode: LOOKUP (1), nodeid: 1, insize: 52, pid: 43262
LOOKUP /truncate_me
getattr /truncate_me
   NODEID: 2
   unique: 10, success, outsize: 144
unique: 12, opcode: UNLINK (10), nodeid: 1, insize: 52, pid: 43262
unlink /truncate_me
   unique: 12, success, outsize: 16
unique: 14, opcode: FORGET (2), nodeid: 2, insize: 48, pid: 0
FORGET 2/1
DELETE: 2
unique: 16, opcode: LOOKUP (1), nodeid: 1, insize: 52, pid: 43262
LOOKUP /truncate_me
getattr /truncate_me
   NODEID: 3
   unique: 16, success, outsize: 144
unique: 18, opcode: GETATTR (3), nodeid: 1, insize: 56, pid: 43262
getattr /
   unique: 18, success, outsize: 120
unique: 20, opcode: STATFS (17), nodeid: 1, insize: 40, pid: 43262
statfs /
   unique: 20, success, outsize: 96
FUSE library version: 2.9.9
nullpath_ok: 0
nopath: 0
utime_omit_ok: 0
unique: 2, opcode: INIT (26), nodeid: 0, insize: 56, pid: 0
INIT: 7.34
flags=0x33fffffb
max_readahead=0x00020000
   INIT: 7.19
   flags=0x00000011
   max_readahead=0x00020000
   max_write=0x00001000
   max_background=0
   congestion_threshold=0
   unique: 2, success, outsize: 40
unique: 4, opcode: GETATTR (3), nodeid: 1, insize: 56, pid: 6356
getattr /
   unique: 4, success, outsize: 120
unique: 6, opcode: ACCESS (34), nodeid: 1, insize: 48, pid: 5601
   unique: 6, error: -38 (Function not implemented), outsize: 16
unique: 8, opcode: STATFS (17), nodeid: 1, insize: 40, pid: 6358
statfs /
   unique: 8, success, outsize: 96
unique: 10, opcode: LOOKUP (1), nodeid: 1, insize: 52, pid: 6358
LOOKUP /truncate_me
getattr /truncate_me
   NODEID: 2
   unique: 10, success, outsize: 144
unique: 12, opcode: UNLINK (10), nodeid: 1, insize: 52, pid: 6358
unlink /truncate_me
   unique: 12, success, outsize: 16
unique: 14, opcode: FORGET (2), nodeid: 2, insize: 48, pid: 0
FORGET 2/1
DELETE: 2
unique: 16, opcode: LOOKUP (1), nodeid: 1, insize: 52, pid: 6358
LOOKUP /truncate_me
getattr /truncate_me
   NODEID: 3
   unique: 16, success, outsize: 144
unique: 18, opcode: GETATTR (3), nodeid: 1, insize: 56, pid: 6358
getattr /
   unique: 18, success, outsize: 120
unique: 20, opcode: STATFS (17), nodeid: 1, insize: 40, pid: 6358
statfs /
   unique: 20, success, outsize: 96
FUSE library version: 2.9.9
nullpath_ok: 0
nopath: 0
utime_omit_ok: 0
unique: 2, opcode: INIT (26), nodeid: 0, insize: 56, pid: 0
INIT: 7.34
flags=0x33fffffb
max_readahead=0x00020000
   INIT: 7.19
   flags=0x00000011
   max_readahead=0x00020000
   max_write=0x00001000
   max_background=0
   congestion_threshold=0
   unique: 2, success, outsize: 40
unique: 4, opcode: GETATTR (3), nodeid: 1, insize: 56, pid: 34404
getattr /
   unique: 4, success, outsize: 120
unique: 6, opcode: ACCESS (34), nodeid: 1, insize: 48, pid: 33556
   unique: 6, error: -38 (Function not implemented), outsize: 16
unique: 8, opcode: STATFS (17), nodeid: 1, insize: 40, pid: 34406
statfs /
   unique: 8, success, outsize: 96
unique: 10, opcode: LOOKUP (1), nodeid: 1, insize: 52, pid: 34406
LOOKUP /truncate_me
getattr /truncate_me
   NODEID: 2
   unique: 10, success, outsize: 144
unique: 12, opcode: UNLINK (10), nodeid: 1, insize: 52, pid: 34406
unlink /truncate_me
   unique: 12, success, outsize: 16
unique: 14, opcode: FORGET (2), nodeid: 2, insize: 48, pid: 0
FORGET 2/1
DELETE: 2
unique: 16, opcode: LOOKUP (1), nodeid: 1, insize: 52, pid: 34406
LOOKUP /truncate_me
getattr /truncate_me
   NODEID: 3
   unique: 16, success, outsize: 144
unique: 18, opcode: GETATTR (3), nodeid: 1, insize: 56, pid: 34406
getattr /
   unique: 18, success, outsize: 120
unique: 20, opcode: STATFS (17), nodeid: 1, insize: 40, pid: 34406
statfs /
   unique: 20, success, outsize: 96
FUSE library version: 2.9.9
nullpath_ok: 0
nopath: 0
utime_omit_ok: 0
unique: 2, opcode: INIT (26), nodeid: 0, insize: 56, pid: 0
INIT: 7.34
flags=0x33fffffb
max_readahead=0x00020000
   INIT: 7.19
   flags=0x00000011
   max_readahead=0x00020000
   max_write=0x00001000
   max_background=0
   congestion_threshold=0
   unique: 2, success, outsize: 40
unique: 4, opcode: GETATTR (3), nodeid: 1, insize: 56, pid: 26103
getattr /
   unique: 4, success, outsize: 120
unique: 6, opcode: ACCESS (34), nodeid: 1, insize: 48, pid: 25620
   unique: 6, error: -38 (Function not implemented), outsize: 16
unique: 8, opcode: STATFS (17), nodeid: 1, insize: 40, pid: 26105
statfs /
   unique: 8, success, outsize: 96
unique: 10, opcode: LOOKUP (1), nodeid: 1, insize: 52, pid: 26105
LOOKUP /truncate_me
getattr /truncate_me
   NODEID: 2
   unique: 10, success, outsize: 144
unique: 12, opcode: UNLINK (10), nodeid: 1, insize: 52, pid: 26105
unlink /truncate_me
   unique: 12, success, outsize: 16
unique: 14, opcode: FORGET (2), nodeid: 2, insize: 48, pid: 0
FORGET 2/1
DELETE: 2
unique: 16, opcode: LOOKUP (1), nodeid: 1, insize: 52, pid: 26105
LOOKUP /truncate_me
getattr /truncate_me
   NODEID: 3
   unique: 16, success, outsize: 144
unique: 18, opcode: GETATTR (3), nodeid: 1, insize: 56, pid: 26105
getattr /
   unique: 18, success, outsize: 120
unique: 20, opcode: STATFS (17), nodeid: 1, insize: 40, pid: 26105
statfs /
   unique: 20, success, outsize: 96
FUSE library version: 2.9.9
nullpath_ok: 0
nopath: 0
utime_omit_ok: 0
unique: 2, opcode: INIT (26), nodeid: 0, insize: 56, pid: 0
INIT: 7.34
flags=0x33fffffb
max_readahead=0x00020000
   INIT: 7.19
   flags=0x00000011
   max_readahead=0x00020000
   max_write=0x00001000
   max_background=0
   congestion_threshold=0
   unique: 2, success, outsize: 40
unique: 4, opcode: GETATTR (3), nodeid: 1, insize: 56, pid: 2685
getattr /
   unique: 4, success, outsize: 120
unique: 6, opcode: ACCESS (34), nodeid: 1, insize: 48, pid: 1726
   unique: 6, error: -38 (Function not implemented), outsize: 16
unique: 8, opcode: STATFS (17), nodeid: 1, insize: 40, pid: 2688
statfs /
   unique: 8, success, outsize: 96
unique: 10, opcode: LOOKUP (1), nodeid: 1, insize: 52, pid: 2688
LOOKUP /truncate_me
getattr /truncate_me
   NODEID: 2
   unique: 10, success, outsize: 144
unique: 12, opcode: UNLINK (10), nodeid: 1, insize: 52, pid: 2688
unlink /truncate_me
   unique: 12, success, outsize: 16
unique: 14, opcode: FORGET (2), nodeid: 2, insize: 48, pid: 0
FORGET 2/1
DELETE: 2
unique: 16, opcode: STATFS (17), nodeid: 1, insize: 40, pid: 2688
statfs /
   unique: 16, success, outsize: 96
unique: 18, opcode: LOOKUP (1), nodeid: 1, insize: 52, pid: 2688
LOOKUP /truncate_me
getattr /truncate_me
   NODEID: 3
   unique: 18, success, outsize: 144
unique: 20, opcode: GETATTR (3), nodeid: 1, insize: 56, pid: 2688
getattr /
   unique: 20, success, outsize: 120
FUSE library version: 2.9.9
nullpath_ok: 0
nopath: 0
utime_omit_ok: 0
unique: 2, opcode: INIT (26), nodeid: 0, insize: 56, pid: 0
INIT: 7.34
flags=0x33fffffb
max_readahead=0x00020000
   INIT: 7.19
   flags=0x00000011
   max_readahead=0x00020000
   max_write=0x00001000
   max_background=0
   congestion_threshold=0
   unique: 2, success, outsize: 40
unique: 4, opcode: GETATTR (3), nodeid: 1, insize: 56, pid: 25318
getattr /
   unique: 4, success, outsize: 120
unique: 6, opcode: ACCESS (34), nodeid: 1, insize: 48, pid: 24199
   unique: 6, error: -38 (Function not implemented), outsize: 16
unique: 8, opcode: STATFS (17), nodeid: 1, insize: 40, pid: 25320
statfs /
   unique: 8, success, outsize: 96
unique: 10, opcode: LOOKUP (1), nodeid: 1, insize: 52, pid: 25320
LOOKUP /truncate_me
getattr /truncate_me
   NODEID: 2
   unique: 10, success, outsize: 144
unique: 12, opcode: UNLINK (10), nodeid: 1, insize: 52, pid: 25320
unlink /truncate_me
   unique: 12, success, outsize: 16
unique: 14, opcode: FORGET (2), nodeid: 2, insize: 48, pid: 0
FORGET 2/1
DELETE: 2
unique: 16, opcode: STATFS (17), nodeid: 1, insize: 40, pid: 25320
statfs /
   unique: 16, success, outsize: 96
unique: 18, opcode: LOOKUP (1), nodeid: 1, insize: 52, pid: 25320
LOOKUP /truncate_me
getattr /truncate_me
   NODEID: 3
   unique: 18, success, outsize: 144
unique: 20, opcode: GETATTR (3), nodeid: 1, insize: 56, pid: 25320
getattr /
   unique: 20, success, outsize: 120
FUSE library version: 2.9.9
nullpath_ok: 0
nopath: 0
utime_omit_ok: 0
unique: 2, opcode: INIT (26), nodeid: 0, insize: 56, pid: 0
INIT: 7.34
flags=0x33fffffb
max_readahead=0x00020000
   INIT: 7.19
   flags=0x00000011
   max_readahead=0x00020000
   max_write=0x00001000
   max_background=0
   congestion_threshold=0
   unique: 2, success, outsize: 40
unique: 4, opcode: GETATTR (3), nodeid: 1, insize: 56, pid: 36113
getattr /
   unique: 4, success, outsize: 120
unique: 6, opcode: ACCESS (34), nodeid: 1, insize: 48, pid: 35529
   unique: 6, error: -38 (Function not implemented), outsize: 16
unique: 8, opcode: STATFS (17), nodeid: 1, insize: 40, pid: 36115
statfs /
   unique: 8, success, outsize: 96
unique: 10, opcode: LOOKUP (1), nodeid: 1, insize: 52, pid: 36115
LOOKUP /truncate_me
getattr /truncate_me
   NODEID: 2
   unique: 10, success, outsize: 144
unique: 12, opcode: UNLINK (10), nodeid: 1, insize: 52, pid: 36115
unlink /truncate_me
   unique: 12, success, outsize: 16
unique: 14, opcode: FORGET (2), nodeid: 2, insize: 48, pid: 0
FORGET 2/1
DELETE: 2
unique: 16, opcode: STATFS (17), nodeid: 1, insize: 40, pid: 36115
statfs /
   unique: 16, success, outsize: 96
unique: 18, opcode: LOOKUP (1), nodeid: 1, insize: 52, pid: 36115
LOOKUP /truncate_me
getattr /truncate_me
   NODEID: 3
   unique: 18, success, outsize: 144
unique: 20, opcode: GETATTR (3), nodeid: 1, insize: 56, pid: 36115
getattr /
   unique: 20, success, outsize: 120
FUSE library version: 2.9.9
nullpath_ok: 0
nopath: 0
utime_omit_ok: 0
unique: 2, opcode: INIT (26), nodeid: 0, insize: 56, pid: 0
INIT: 7.34
flags=0x33fffffb
max_readahead=0x00020000
   INIT: 7.19
   flags=0x00000011
   max_readahead=0x00020000
   max_write=0x00001000
   max_background=0
   congestion_threshold=0
   unique: 2, success, outsize: 40
unique: 4, opcode: GETATTR (3), nodeid: 1, insize: 56, pid: 41638
getattr /
   unique: 4, success, outsize: 120
unique: 6, opcode: ACCESS (34), nodeid: 1, insize: 48, pid: 40899
   unique: 6, error: -38 (Function not implemented), outsize: 16
unique: 8, opcode: STATFS (17), nodeid: 1, insize: 40, pid: 41640
statfs /
   unique: 8, success, outsize: 96
unique: 10, opcode: LOOKUP (1), nodeid: 1, insize: 52, pid: 41640
LOOKUP /truncate_me
getattr /truncate_me
   NODEID: 2
   unique: 10, success, outsize: 144
unique: 12, opcode: UNLINK (10), nodeid: 1, insize: 52, pid: 41640
unlink /truncate_me
   unique: 12, success, outsize: 16
unique: 14, opcode: FORGET (2), nodeid: 2, insize: 48, pid: 0
FORGET 2/1
DELETE: 2
unique: 16, opcode: STATFS (17), nodeid: 1, insize: 40, pid: 41640
statfs /
   unique: 16, success, outsize: 96
unique: 18, opcode: LOOKUP (1), nodeid: 1, insize: 52, pid: 41640
LOOKUP /truncate_me
getattr /truncate_me
   NODEID: 3
   unique: 18, success, outsize: 144
unique: 20, opcode: GETATTR (3), nodeid: 1, insize: 56, pid: 41640
getattr /
   unique: 20, success, outsize: 120
FUSE library version: 2.9.9
nullpath_ok: 0
nopath: 0
utime_omit_ok: 0
unique: 2, opcode: INIT (26), nodeid: 0, insize: 56, pid: 0
INIT: 7.34
flags=0x33fffffb
max_readahead=0x00020000
   INIT: 7.19
   flags=0x00000011
   max_readahead=0x00020000
   max_write=0x00001000
   max_background=0
   congestion_threshold=0
   unique: 2, success, outsize: 40
unique: 4, opcode: GETATTR (3), nodeid: 1, insize: 56, pid: 50298
getattr /
   unique: 4, success, outsize: 120
unique: 6, opcode: ACCESS (34), nodeid: 1, insize: 48, pid: 49785
   unique: 6, error: -38 (Function not implemented), outsize: 16
unique: 8, opcode: STATFS (17), nodeid: 1, insize: 40, pid: 50300
statfs /
   unique: 8, success, outsize: 96
unique: 10, opcode: LOOKUP (1), nodeid: 1, insize: 52, pid: 50300
LOOKUP /truncate_me
getattr /truncate_me
   NODEID: 2
   unique: 10, success, outsize: 144
unique: 12, opcode: UNLINK (10), nodeid: 1, insize: 52, pid: 50300
unlink /truncate_me
   unique: 12, success, outsize: 16
unique: 14, opcode: FORGET (2), nodeid: 2, insize: 48, pid: 0
FORGET 2/1
DELETE: 2
unique: 16, opcode: STATFS (17), nodeid: 1, insize: 40, pid: 50300
statfs /
   unique: 16, success, outsize: 96
unique: 18, opcode: LOOKUP (1), nodeid: 1, insize: 52, pid: 50300
LOOKUP /truncate_me
getattr /truncate_me
   NODEID: 3
   unique: 18, success, outsize: 144
unique: 20, opcode: GETATTR (3), nodeid: 1, insize: 56, pid: 50300
getattr /
   unique: 20, success, outsize: 120
FUSE library version: 2.9.9
nullpath_ok: 0
nopath: 0
utime_omit_ok: 0
unique: 2, opcode: INIT (26), nodeid: 0, insize: 56, pid: 0
INIT: 7.34
flags=0x33fffffb
max_readahead=0x00020000
   INIT: 7.19
   flags=0x00000011
   max_readahead=0x00020000
   max_write=0x00001000
   max_background=0
   congestion_threshold=0
   unique: 2, success, outsize: 40
unique: 4, opcode: GETATTR (3), nodeid: 1, insize: 56, pid: 54051
getattr /
   unique: 4, success, outsize: 120
unique: 6, opcode: ACCESS (34), nodeid: 1, insize: 48, pid: 53528
   unique: 6, error: -38 (Function not implemented), outsize: 16
unique: 8, opcode: STATFS (17), nodeid: 1, insize: 40, pid: 54053
statfs /
   unique: 8, success, outsize: 96
unique: 10, opcode: LOOKUP (1), nodeid: 1, insize: 52, pid: 54053
LOOKUP /truncate_me
getattr /truncate_me
   NODEID: 2
   unique: 10, success, outsize: 144
unique: 12, opcode: UNLINK (10), nodeid: 1, insize: 52, pid: 54053
unlink /truncate_me
   unique: 12, success, outsize: 16
unique: 14, opcode: FORGET (2), nodeid: 2, insize: 48, pid: 0
FORGET 2/1
DELETE: 2
unique: 16, opcode: STATFS (17), nodeid: 1, insize: 40, pid: 54053
statfs /
   unique: 16, success, outsize: 96
unique: 18, opcode: LOOKUP (1), nodeid: 1, insize: 52, pid: 54053
LOOKUP /truncate_me
getattr /truncate_me
   NODEID: 3
   unique: 18, success, outsize: 144
unique: 20, opcode: GETATTR (3), nodeid: 1, insize: 56, pid: 54053
getattr /
   unique: 20, success, outsize: 120
FUSE library version: 2.9.9
nullpath_ok: 0
nopath: 0
utime_omit_ok: 0
unique: 2, opcode: INIT (26), nodeid: 0, insize: 56, pid: 0
INIT: 7.34
flags=0x33fffffb
max_readahead=0x00020000
   INIT: 7.19
   flags=0x00000011
   max_readahead=0x00020000
   max_write=0x00001000
   max_background=0
   congestion_threshold=0
   unique: 2, success, outsize: 40
unique: 4, opcode: GETATTR (3), nodeid: 1, insize: 56, pid: 64101
getattr /
   unique: 4, success, outsize: 120
unique: 6, opcode: ACCESS (34), nodeid: 1, insize: 48, pid: 63576
   unique: 6, error: -38 (Function not implemented), outsize: 16
unique: 8, opcode: STATFS (17), nodeid: 1, insize: 40, pid: 64103
statfs /
   unique: 8, success, outsize: 96
unique: 10, opcode: LOOKUP (1), nodeid: 1, insize: 52, pid: 64103
LOOKUP /truncate_me
getattr /truncate_me
   NODEID: 2
   unique: 10, success, outsize: 144
unique: 12, opcode: UNLINK (10), nodeid: 1, insize: 52, pid: 64103
unlink /truncate_me
   unique: 12, success, outsize: 16
unique: 14, opcode: FORGET (2), nodeid: 2, insize: 48, pid: 0
FORGET 2/1
DELETE: 2
unique: 16, opcode: STATFS (17), nodeid: 1, insize: 40, pid: 64103
statfs /
   unique: 16, success, outsize: 96
unique: 18, opcode: LOOKUP (1), nodeid: 1, insize: 52, pid: 64103
LOOKUP /truncate_me
getattr /truncate_me
   NODEID: 3
   unique: 18, success, outsize: 144
unique: 20, opcode: GETATTR (3), nodeid: 1, insize: 56, pid: 64103
getattr /
   unique: 20, success, outsize: 120
FUSE library version: 2.9.9
nullpath_ok: 0
nopath: 0
utime_omit_ok: 0
unique: 2, opcode: INIT (26), nodeid: 0, insize: 56, pid: 0
INIT: 7.34
flags=0x33fffffb
max_readahead=0x00020000
   INIT: 7.19
   flags=0x00000011
   max_readahead=0x00020000
   max_write=0x00001000
   max_background=0
   congestion_threshold=0
   unique: 2, success, outsize: 40
unique: 4, opcode: GETATTR (3), nodeid: 1, insize: 56, pid: 33463
getattr /
   unique: 4, success, outsize: 120
unique: 6, opcode: ACCESS (34), nodeid: 1, insize: 48, pid: 31951
   unique: 6, error: -38 (Function not implemented), outsize: 16
unique: 8, opcode: STATFS (17), nodeid: 1, insize: 40, pid: 33465
statfs /
   unique: 8, success, outsize: 96
unique: 10, opcode: LOOKUP (1), nodeid: 1, insize: 52, pid: 33465
LOOKUP /truncate_me
getattr /truncate_me
   NODEID: 2
   unique: 10, success, outsize: 144
unique: 12, opcode: UNLINK (10), nodeid: 1, insize: 52, pid: 33465
unlink /truncate_me
   unique: 12, success, outsize: 16
unique: 14, opcode: FORGET (2), nodeid: 2, insize: 48, pid: 0
FORGET 2/1
DELETE: 2
unique: 16, opcode: STATFS (17), nodeid: 1, insize: 40, pid: 33465
statfs /
   unique: 16, success, outsize: 96
unique: 18, opcode: LOOKUP (1), nodeid: 1, insize: 52, pid: 33465
LOOKUP /truncate_me
getattr /truncate_me
   NODEID: 3
   unique: 18, success, outsize: 144
unique: 20, opcode: GETATTR (3), nodeid: 1, insize: 56, pid: 33465
getattr /
   unique: 20, success, outsize: 120
FUSE library version: 2.9.9
nullpath_ok: 0
nopath: 0
utime_omit_ok: 0
unique: 2, opcode: INIT (26), nodeid: 0, insize: 56, pid: 0
INIT: 7.34
flags=0x33fffffb
max_readahead=0x00020000
   INIT: 7.19
   flags=0x00000011
   max_readahead=0x00020000
   max_write=0x00001000
   max_background=0
   congestion_threshold=0
   unique: 2, success, outsize: 40
unique: 4, opcode: GETATTR (3), nodeid: 1, insize: 56, pid: 31979
getattr /
   unique: 4, success, outsize: 120
unique: 6, opcode: ACCESS (34), nodeid: 1, insize: 48, pid: 31357
   unique: 6, error: -38 (Function not implemented), outsize: 16
unique: 8, opcode: STATFS (17), nodeid: 1, insize: 40, pid: 31981
statfs /
   unique: 8, success, outsize: 96
unique: 10, opcode: LOOKUP (1), nodeid: 1, insize: 52, pid: 31981
LOOKUP /truncate_me
getattr /truncate_me
   NODEID: 2
   unique: 10, success, outsize: 144
unique: 12, opcode: UNLINK (10), nodeid: 1, insize: 52, pid: 31981
unlink /truncate_me
   unique: 12, success, outsize: 16
unique: 14, opcode: FORGET (2), nodeid: 2, insize: 48, pid: 0
FORGET 2/1
DELETE: 2
unique: 16, opcode: STATFS (17), nodeid: 1, insize: 40, pid: 31981
statfs /
   unique: 16, success, outsize: 96
unique: 18, opcode: LOOKUP (1), nodeid: 1, insize: 52, pid: 31981
LOOKUP /truncate_me
getattr /truncate_me
   NODEID: 3
   unique: 18, success, outsize: 144
unique: 20, opcode: GETATTR (3), nodeid: 1, insize: 56, pid: 31981
getattr /
   unique: 20, success, outsize: 120
FUSE library version: 2.9.9
nullpath_ok: 0
nopath: 0
utime_omit_ok: 0
unique: 2, opcode: INIT (26), nodeid: 0, insize: 56, pid: 0
INIT: 7.34
flags=0x33fffffb
max_readahead=0x00020000
   INIT: 7.19
   flags=0x00000011
   max_readahead=0x00020000
   max_write=0x00001000
   max_background=0
   congestion_threshold=0
   unique: 2, success, outsize: 40
unique: 4, opcode: GETATTR (3), nodeid: 1, insize: 56, pid: 30822
getattr /
   unique: 4, success, outsize: 120
unique: 6, opcode: ACCESS (34), nodeid: 1, insize: 48, pid: 30261
   unique: 6, error: -38 (Function not implemented), outsize: 16
unique: 8, opcode: STATFS (17), nodeid: 1, insize: 40, pid: 30824
statfs /
   unique: 8, success, outsize: 96
unique: 10, opcode: LOOKUP (1), nodeid: 1, insize: 52, pid: 30824
LOOKUP /truncate_me
getattr /truncate_me
   NODEID: 2
   unique: 10, success, outsize: 144
unique: 12, opcode: UNLINK (10), nodeid: 1, insize: 52, pid: 30824
unlink /truncate_me
   unique: 12, success, outsize: 16
unique: 14, opcode: FORGET (2), nodeid: 2, insize: 48, pid: 0
FORGET 2/1
DELETE: 2
unique: 16, opcode: STATFS (17), nodeid: 1, insize: 40, pid: 30824
statfs /
   unique: 16, success, outsize: 96
unique: 18, opcode: LOOKUP (1), nodeid: 1, insize: 52, pid: 30824
LOOKUP /truncate_me
getattr /truncate_me
   NODEID: 3
   unique: 18, success, outsize: 144
unique: 20, opcode: GETATTR (3), nodeid: 1, insize: 56, pid: 30824
getattr /
   unique: 20, success, outsize: 120
FUSE library version: 2.9.9
nullpath_ok: 0
nopath: 0
utime_omit_ok: 0
unique: 2, opcode: INIT (26), nodeid: 0, insize: 56, pid: 0
INIT: 7.34
flags=0x33fffffb
max_readahead=0x00020000
   INIT: 7.19
   flags=0x00000011
   max_readahead=0x00020000
   max_write=0x00001000
   max_background=0
   congestion_threshold=0
   unique: 2, success, outsize: 40
unique: 4, opcode: GETATTR (3), nodeid: 1, insize: 56, pid: 60073
getattr /
   unique: 4, success, outsize: 120
unique: 6, opcode: ACCESS (34), nodeid: 1, insize: 48, pid: 59312
   unique: 6, error: -38 (Function not implemented), outsize: 16
unique: 8, opcode: STATFS (17), nodeid: 1, insize: 40, pid: 60075
statfs /
   unique: 8, success, outsize: 96
unique: 10, opcode: LOOKUP (1), nodeid: 1, insize: 52, pid: 60075
LOOKUP /truncate_me
getattr /truncate_me
   NODEID: 2
   unique: 10, success, outsize: 144
unique: 12, opcode: UNLINK (10), nodeid: 1, insize: 52, pid: 60075
unlink /truncate_me
   unique: 12, success, outsize: 16
unique: 14, opcode: FORGET (2), nodeid: 2, insize: 48, pid: 0
FORGET 2/1
DELETE: 2
unique: 16, opcode: STATFS (17), nodeid: 1, insize: 40, pid: 60075
statfs /
   unique: 16, success, outsize: 96
unique: 18, opcode: LOOKUP (1), nodeid: 1, insize: 52, pid: 60075
LOOKUP /truncate_me
getattr /truncate_me
   NODEID: 3
   unique: 18, success, outsize: 144
unique: 20, opcode: GETATTR (3), nodeid: 1, insize: 56, pid: 60075
getattr /
   unique: 20, success, outsize: 120
FUSE library version: 2.9.9
nullpath_ok: 0
nopath: 0
utime_omit_ok: 0
unique: 2, opcode: INIT (26), nodeid: 0, insize: 56, pid: 0
INIT: 7.34
flags=0x33fffffb
max_readahead=0x00020000
   INIT: 7.19
   flags=0x00000011
   max_readahead=0x00020000
   max_write=0x00001000
   max_background=0
   congestion_threshold=0
   unique: 2, success, outsize: 40
unique: 4, opcode: GETATTR (3), nodeid: 1, insize: 56, pid: 21798
getattr /
   unique: 4, success, outsize: 120
unique: 6, opcode: ACCESS (34), nodeid: 1, insize: 48, pid: 20962
   unique: 6, error: -38 (Function not implemented), outsize: 16
unique: 8, opcode: STATFS (17), nodeid: 1, insize: 40, pid: 21800
statfs /
   unique: 8, success, outsize: 96
unique: 10, opcode: LOOKUP (1), nodeid: 1, insize: 52, pid: 21800
LOOKUP /truncate_me
getattr /truncate_me
   NODEID: 2
   unique: 10, success, outsize: 144
unique: 12, opcode: UNLINK (10), nodeid: 1, insize: 52, pid: 21800
unlink /truncate_me
   unique: 12, success, outsize: 16
unique: 14, opcode: FORGET (2), nodeid: 2, insize: 48, pid: 0
FORGET 2/1
DELETE: 2
unique: 16, opcode: STATFS (17), nodeid: 1, insize: 40, pid: 21800
statfs /
   unique: 16, success, outsize: 96
unique: 18, opcode: LOOKUP (1), nodeid: 1, insize: 52, pid: 21800
LOOKUP /truncate_me
getattr /truncate_me
   NODEID: 3
   unique: 18, success, outsize: 144
unique: 20, opcode: GETATTR (3), nodeid: 1, insize: 56, pid: 21800
getattr /
   unique: 20, success, outsize: 120
FUSE library version: 2.9.9
nullpath_ok: 0
nopath: 0
utime_omit_ok: 0
unique: 2, opcode: INIT (26), nodeid: 0, insize: 56, pid: 0
INIT: 7.34
flags=0x33fffffb
max_readahead=0x00020000
   INIT: 7.19
   flags=0x00000011
   max_readahead=0x00020000
   max_write=0x00001000
   max_background=0
   congestion_threshold=0
   unique: 2, success, outsize: 40
unique: 4, opcode: GETATTR (3), nodeid: 1, insize: 56, pid: 31459
getattr /
   unique: 4, success, outsize: 120
unique: 6, opcode: ACCESS (34), nodeid: 1, insize: 48, pid: 30711
   unique: 6, error: -38 (Function not implemented), outsize: 16
unique: 8, opcode: STATFS (17), nodeid: 1, insize: 40, pid: 31461
statfs /
   unique: 8, success, outsize: 96
unique: 10, opcode: LOOKUP (1), nodeid: 1, insize: 52, pid: 31461
LOOKUP /truncate_me
getattr /truncate_me
   NODEID: 2
   unique: 10, success, outsize: 144
unique: 12, opcode: UNLINK (10), nodeid: 1, insize: 52, pid: 31461
unlink /truncate_me
   unique: 12, success, outsize: 16
unique: 14, opcode: FORGET (2), nodeid: 2, insize: 48, pid: 0
FORGET 2/1
DELETE: 2
unique: 16, opcode: STATFS (17), nodeid: 1, insize: 40, pid: 31461
statfs /
   unique: 16, success, outsize: 96
unique: 18, opcode: LOOKUP (1), nodeid: 1, insize: 52, pid: 31461
LOOKUP /truncate_me
getattr /truncate_me
   NODEID: 3
   unique: 18, success, outsize: 144
unique: 20, opcode: GETATTR (3), nodeid: 1, insize: 56, pid: 31461
getattr /
   unique: 20, success, outsize: 120
FUSE library version: 2.9.9
nullpath_ok: 0
nopath: 0
utime_omit_ok: 0
unique: 2, opcode: INIT (26), nodeid: 0, insize: 56, pid: 0
INIT: 7.34
flags=0x33fffffb
max_readahead=0x00020000
   INIT: 7.19
   flags=0x00000011
   max_readahead=0x00020000
   max_write=0x00001000
   max_background=0
   congestion_threshold=0
   unique: 2, success, outsize: 40
unique: 4, opcode: GETATTR (3), nodeid: 1, insize: 56, pid: 34728
getattr /
   unique: 4, success, outsize: 120
unique: 6, opcode: ACCESS (34), nodeid: 1, insize: 48, pid: 33447
   unique: 6, error: -38 (Function not implemented), outsize: 16
unique: 8, opcode: STATFS (17), nodeid: 1, insize: 40, pid: 34730
statfs /
   unique: 8, success, outsize: 96
unique: 10, opcode: LOOKUP (1), nodeid: 1, insize: 52, pid: 34730
LOOKUP /truncate_me
getattr /truncate_me
   NODEID: 2
   unique: 10, success, outsize: 144
unique: 12, opcode: UNLINK (10), nodeid: 1, insize: 52, pid: 34730
unlink /truncate_me
   unique: 12, success, outsize: 16
unique: 14, opcode: FORGET (2), nodeid: 2, insize: 48, pid: 0
FORGET 2/1
DELETE: 2
unique: 16, opcode: STATFS (17), nodeid: 1, insize: 40, pid: 34730
statfs /
   unique: 16, success, outsize: 96
unique: 18, opcode: LOOKUP (1), nodeid: 1, insize: 52, pid: 34730
LOOKUP /truncate_me
getattr /truncate_me
   NODEID: 3
   unique: 18, success, outsize: 144
unique: 20, opcode: GETATTR (3), nodeid: 1, insize: 56, pid: 34730
getattr /
   unique: 20, success, outsize: 120
FUSE library version: 2.9.9
nullpath_ok: 0
nopath: 0
utime_omit_ok: 0
unique: 2, opcode: INIT (26), nodeid: 0, insize: 56, pid: 0
INIT: 7.34
flags=0x33fffffb
max_readahead=0x00020000
   INIT: 7.19
   flags=0x00000011
   max_readahead=0x00020000
   max_write=0x00001000
   max_background=0
   congestion_threshold=0
   unique: 2, success, outsize: 40
unique: 4, opcode: GETATTR (3), nodeid: 1, insize: 56, pid: 12964
getattr /
   unique: 4, success, outsize: 120
unique: 6, opcode: ACCESS (34), nodeid: 1, insize: 48, pid: 12081
   unique: 6, error: -38 (Function not implemented), outsize: 16
unique: 8, opcode: STATFS (17), nodeid: 1, insize: 40, pid: 12966
statfs /
   unique: 8, success, outsize: 96
unique: 10, opcode: LOOKUP (1), nodeid: 1, insize: 52, pid: 12966
LOOKUP /truncate_me
getattr /truncate_me
   NODEID: 2
   unique: 10, success, outsize: 144
unique: 12, opcode: UNLINK (10), nodeid: 1, insize: 52, pid: 12966
unlink /truncate_me
   unique: 12, success, outsize: 16
unique: 14, opcode: FORGET (2), nodeid: 2, insize: 48, pid: 0
FORGET 2/1
DELETE: 2
unique: 16, opcode: STATFS (17), nodeid: 1, insize: 40, pid: 12966
statfs /
   unique: 16, success, outsize: 96
unique: 18, opcode: LOOKUP (1), nodeid: 1, insize: 52, pid: 12966
LOOKUP /truncate_me
getattr /truncate_me
   NODEID: 3
   unique: 18, success, outsize: 144
unique: 20, opcode: GETATTR (3), nodeid: 1, insize: 56, pid: 12966
getattr /
   unique: 20, success, outsize: 120
FUSE library version: 2.9.9
nullpath_ok: 0
nopath: 0
utime_omit_ok: 0
unique: 2, opcode: INIT (26), nodeid: 0, insize: 56, pid: 0
INIT: 7.34
flags=0x33fffffb
max_readahead=0x00020000
   INIT: 7.19
   flags=0x00000011
   max_readahead=0x00020000
   max_write=0x00001000
   max_background=0
   congestion_threshold=0
   unique: 2, success, outsize: 40
unique: 4, opcode: GETATTR (3), nodeid: 1, insize: 56, pid: 12497
getattr /
   unique: 4, success, outsize: 120
unique: 6, opcode: ACCESS (34), nodeid: 1, insize: 48, pid: 11887
   unique: 6, error: -38 (Function not implemented), outsize: 16
unique: 8, opcode: STATFS (17), nodeid: 1, insize: 40, pid: 12499
statfs /
   unique: 8, success, outsize: 96
unique: 10, opcode: LOOKUP (1), nodeid: 1, insize: 52, pid: 12499
LOOKUP /truncate_me
getattr /truncate_me
   NODEID: 2
   unique: 10, success, outsize: 144
unique: 12, opcode: UNLINK (10), nodeid: 1, insize: 52, pid: 12499
unlink /truncate_me
   unique: 12, success, outsize: 16
unique: 14, opcode: FORGET (2), nodeid: 2, insize: 48, pid: 0
FORGET 2/1
DELETE: 2
unique: 16, opcode: STATFS (17), nodeid: 1, insize: 40, pid: 12499
statfs /
   unique: 16, success, outsize: 96
unique: 18, opcode: LOOKUP (1), nodeid: 1, insize: 52, pid: 12499
LOOKUP /truncate_me
getattr /truncate_me
   NODEID: 3
   unique: 18, success, outsize: 144
unique: 20, opcode: GETATTR (3), nodeid: 1, insize: 56, pid: 12499
getattr /
   unique: 20, success, outsize: 120
FUSE library version: 2.9.9
nullpath_ok: 0
nopath: 0
utime_omit_ok: 0
unique: 2, opcode: INIT (26), nodeid: 0, insize: 56, pid: 0
INIT: 7.34
flags=0x33fffffb
max_readahead=0x00020000
   INIT: 7.19
   flags=0x00000011
   max_readahead=0x00020000
   max_write=0x00001000
   max_background=0
   congestion_threshold=0
   unique: 2, success, outsize: 40
unique: 4, opcode: GETATTR (3), nodeid: 1, insize: 56, pid: 37902
getattr /
   unique: 4, success, outsize: 120
unique: 6, opcode: ACCESS (34), nodeid: 1, insize: 48, pid: 37326
   unique: 6, error: -38 (Function not implemented), outsize: 16
unique: 8, opcode: STATFS (17), nodeid: 1, insize: 40, pid: 37904
statfs /
   unique: 8, success, outsize: 96
unique: 10, opcode: LOOKUP (1), nodeid: 1, insize: 52, pid: 37904
LOOKUP /truncate_me
getattr /truncate_me
   NODEID: 2
   unique: 10, success, outsize: 144
unique: 12, opcode: UNLINK (10), nodeid: 1, insize: 52, pid: 37904
unlink /truncate_me
   unique: 12, success, outsize: 16
unique: 14, opcode: FORGET (2), nodeid: 2, insize: 48, pid: 0
FORGET 2/1
DELETE: 2
unique: 16, opcode: STATFS (17), nodeid: 1, insize: 40, pid: 37904
statfs /
   unique: 16, success, outsize: 96
unique: 18, opcode: LOOKUP (1), nodeid: 1, insize: 52, pid: 37904
LOOKUP /truncate_me
getattr /truncate_me
   NODEID: 3
   unique: 18, success, outsize: 144
unique: 20, opcode: GETATTR (3), nodeid: 1, insize: 56, pid: 37904
getattr /
   unique: 20, success, outsize: 120
FUSE library version: 2.9.9
nullpath_ok: 0
nopath: 0
utime_omit_ok: 0
unique: 2, opcode: INIT (26), nodeid: 0, insize: 56, pid: 0
INIT: 7.34
flags=0x33fffffb
max_readahead=0x00020000
   INIT: 7.19
   flags=0x00000011
   max_readahead=0x00020000
   max_write=0x00001000
   max_background=0
   congestion_threshold=0
   unique: 2, success, outsize: 40
unique: 4, opcode: GETATTR (3), nodeid: 1, insize: 56, pid: 41660
getattr /
   unique: 4, success, outsize: 120
unique: 6, opcode: ACCESS (34), nodeid: 1, insize: 48, pid: 40782
   unique: 6, error: -38 (Function not implemented), outsize: 16
unique: 8, opcode: STATFS (17), nodeid: 1, insize: 40, pid: 41662
statfs /
   unique: 8, success, outsize: 96
unique: 10, opcode: LOOKUP (1), nodeid: 1, insize: 52, pid: 41662
LOOKUP /truncate_me
getattr /truncate_me
   NODEID: 2
   unique: 10, success, outsize: 144
unique: 12, opcode: UNLINK (10), nodeid: 1, insize: 52, pid: 41662
unlink /truncate_me
   unique: 12, success, outsize: 16
unique: 14, opcode: FORGET (2), nodeid: 2, insize: 48, pid: 0
FORGET 2/1
DELETE: 2
unique: 16, opcode: STATFS (17), nodeid: 1, insize: 40, pid: 41662
statfs /
   unique: 16, success, outsize: 96
unique: 18, opcode: LOOKUP (1), nodeid: 1, insize: 52, pid: 41662
LOOKUP /truncate_me
getattr /truncate_me
   NODEID: 3
   unique: 18, success, outsize: 144
unique: 20, opcode: GETATTR (3), nodeid: 1, insize: 56, pid: 41662
getattr /
   unique: 20, success, outsize: 120
FUSE library version: 2.9.9
nullpath_ok: 0
nopath: 0
utime_omit_ok: 0
unique: 2, opcode: INIT (26), nodeid: 0, insize: 56, pid: 0
INIT: 7.34
flags=0x33fffffb
max_readahead=0x00020000
   INIT: 7.19
   flags=0x00000011
   max_readahead=0x00020000
   max_write=0x00001000
   max_background=0
   congestion_threshold=0
   unique: 2, success, outsize: 40
unique: 4, opcode: GETATTR (3), nodeid: 1, insize: 56, pid: 5816
getattr /
   unique: 4, success, outsize: 120
unique: 6, opcode: ACCESS (34), nodeid: 1, insize: 48, pid: 5358
   unique: 6, error: -38 (Function not implemented), outsize: 16
unique: 8, opcode: STATFS (17), nodeid: 1, insize: 40, pid: 5818
statfs /
   unique: 8, success, outsize: 96
unique: 10, opcode: LOOKUP (1), nodeid: 1, insize: 52, pid: 5818
LOOKUP /truncate_me
getattr /truncate_me
   NODEID: 2
   unique: 10, success, outsize: 144
unique: 12, opcode: UNLINK (10), nodeid: 1, insize: 52, pid: 5818
unlink /truncate_me
   unique: 12, success, outsize: 16
unique: 14, opcode: FORGET (2), nodeid: 2, insize: 48, pid: 0
FORGET 2/1
DELETE: 2
unique: 16, opcode: STATFS (17), nodeid: 1, insize: 40, pid: 5818
statfs /
   unique: 16, success, outsize: 96
unique: 18, opcode: LOOKUP (1), nodeid: 1, insize: 52, pid: 5818
LOOKUP /truncate_me
getattr /truncate_me
   NODEID: 3
   unique: 18, success, outsize: 144
unique: 20, opcode: GETATTR (3), nodeid: 1, insize: 56, pid: 5818
getattr /
   unique: 20, success, outsize: 120
FUSE library version: 2.9.9
nullpath_ok: 0
nopath: 0
utime_omit_ok: 0
unique: 2, opcode: INIT (26), nodeid: 0, insize: 56, pid: 0
INIT: 7.34
flags=0x33fffffb
max_readahead=0x00020000
   INIT: 7.19
   flags=0x00000011
   max_readahead=0x00020000
   max_write=0x00001000
   max_background=0
   congestion_threshold=0
   unique: 2, success, outsize: 40
unique: 4, opcode: GETATTR (3), nodeid: 1, insize: 56, pid: 7305
getattr /
   unique: 4, success, outsize: 120
unique: 6, opcode: ACCESS (34), nodeid: 1, insize: 48, pid: 6841
   unique: 6, error: -38 (Function not implemented), outsize: 16
unique: 8, opcode: STATFS (17), nodeid: 1, insize: 40, pid: 7307
statfs /
   unique: 8, success, outsize: 96
unique: 10, opcode: LOOKUP (1), nodeid: 1, insize: 52, pid: 7307
LOOKUP /truncate_me
getattr /truncate_me
   NODEID: 2
   unique: 10, success, outsize: 144
unique: 12, opcode: UNLINK (10), nodeid: 1, insize: 52, pid: 7307
unlink /truncate_me
   unique: 12, success, outsize: 16
unique: 14, opcode: FORGET (2), nodeid: 2, insize: 48, pid: 0
FORGET 2/1
DELETE: 2
unique: 16, opcode: STATFS (17), nodeid: 1, insize: 40, pid: 7307
statfs /
   unique: 16, success, outsize: 96
unique: 18, opcode: LOOKUP (1), nodeid: 1, insize: 52, pid: 7307
LOOKUP /truncate_me
getattr /truncate_me
   NODEID: 3
   unique: 18, success, outsize: 144
unique: 20, opcode: GETATTR (3), nodeid: 1, insize: 56, pid: 7307
getattr /
   unique: 20, success, outsize: 120
FUSE library version: 2.9.9
nullpath_ok: 0
nopath: 0
utime_omit_ok: 0
unique: 2, opcode: INIT (26), nodeid: 0, insize: 56, pid: 0
INIT: 7.34
flags=0x33fffffb
max_readahead=0x00020000
   INIT: 7.19
   flags=0x00000011
   max_readahead=0x00020000
   max_write=0x00001000
   max_background=0
   congestion_threshold=0
   unique: 2, success, outsize: 40
unique: 4, opcode: GETATTR (3), nodeid: 1, insize: 56, pid: 32224
getattr /
   unique: 4, success, outsize: 120
unique: 6, opcode: ACCESS (34), nodeid: 1, insize: 48, pid: 31566
   unique: 6, error: -38 (Function not implemented), outsize: 16
unique: 8, opcode: STATFS (17), nodeid: 1, insize: 40, pid: 32226
statfs /
   unique: 8, success, outsize: 96
unique: 10, opcode: LOOKUP (1), nodeid: 1, insize: 52, pid: 32226
LOOKUP /truncate_me
getattr /truncate_me
   NODEID: 2
   unique: 10, success, outsize: 144
unique: 12, opcode: UNLINK (10), nodeid: 1, insize: 52, pid: 32226
unlink /truncate_me
   unique: 12, success, outsize: 16
unique: 14, opcode: FORGET (2), nodeid: 2, insize: 48, pid: 0
FORGET 2/1
DELETE: 2
unique: 16, opcode: STATFS (17), nodeid: 1, insize: 40, pid: 32226
statfs /
   unique: 16, success, outsize: 96
unique: 18, opcode: LOOKUP (1), nodeid: 1, insize: 52, pid: 32226
LOOKUP /truncate_me
getattr /truncate_me
   NODEID: 3
   unique: 18, success, outsize: 144
unique: 20, opcode: GETATTR (3), nodeid: 1, insize: 56, pid: 32226
getattr /
   unique: 20, success, outsize: 120
FUSE library version: 2.9.9
nullpath_ok: 0
nopath: 0
utime_omit_ok: 0
unique: 2, opcode: INIT (26), nodeid: 0, insize: 56, pid: 0
INIT: 7.34
flags=0x33fffffb
max_readahead=0x00020000
   INIT: 7.19
   flags=0x00000011
   max_readahead=0x00020000
   max_write=0x00001000
   max_background=0
   congestion_threshold=0
   unique: 2, success, outsize: 40
unique: 4, opcode: GETATTR (3), nodeid: 1, insize: 56, pid: 27955
getattr /
   unique: 4, success, outsize: 120
unique: 6, opcode: ACCESS (34), nodeid: 1, insize: 48, pid: 27151
   unique: 6, error: -38 (Function not implemented), outsize: 16
unique: 8, opcode: STATFS (17), nodeid: 1, insize: 40, pid: 27957
statfs /
   unique: 8, success, outsize: 96
unique: 10, opcode: LOOKUP (1), nodeid: 1, insize: 52, pid: 27957
LOOKUP /truncate_me
getattr /truncate_me
   NODEID: 2
   unique: 10, success, outsize: 144
unique: 12, opcode: UNLINK (10), nodeid: 1, insize: 52, pid: 27957
unlink /truncate_me
   unique: 12, success, outsize: 16
unique: 14, opcode: FORGET (2), nodeid: 2, insize: 48, pid: 0
FORGET 2/1
DELETE: 2
unique: 16, opcode: STATFS (17), nodeid: 1, insize: 40, pid: 27957
statfs /
   unique: 16, success, outsize: 96
unique: 18, opcode: LOOKUP (1), nodeid: 1, insize: 52, pid: 27957
LOOKUP /truncate_me
getattr /truncate_me
   NODEID: 3
   unique: 18, success, outsize: 144
unique: 20, opcode: GETATTR (3), nodeid: 1, insize: 56, pid: 27957
getattr /
   unique: 20, success, outsize: 120
FUSE library version: 2.9.9
nullpath_ok: 0
nopath: 0
utime_omit_ok: 0
unique: 2, opcode: INIT (26), nodeid: 0, insize: 56, pid: 0
INIT: 7.34
flags=0x33fffffb
max_readahead=0x00020000
   INIT: 7.19
   flags=0x00000011
   max_readahead=0x00020000
   max_write=0x00001000
   max_background=0
   congestion_threshold=0
   unique: 2, success, outsize: 40
unique: 4, opcode: GETATTR (3), nodeid: 1, insize: 56, pid: 33740
getattr /
   unique: 4, success, outsize: 120
unique: 6, opcode: ACCESS (34), nodeid: 1, insize: 48, pid: 33049
   unique: 6, error: -38 (Function not implemented), outsize: 16
unique: 8, opcode: STATFS (17), nodeid: 1, insize: 40, pid: 33742
statfs /
   unique: 8, success, outsize: 96
unique: 10, opcode: LOOKUP (1), nodeid: 1, insize: 52, pid: 33742
LOOKUP /truncate_me
getattr /truncate_me
   NODEID: 2
   unique: 10, success, outsize: 144
unique: 12, opcode: UNLINK (10), nodeid: 1, insize: 52, pid: 33742
unlink /truncate_me
   unique: 12, success, outsize: 16
unique: 14, opcode: FORGET (2), nodeid: 2, insize: 48, pid: 0
FORGET 2/1
DELETE: 2
unique: 16, opcode: STATFS (17), nodeid: 1, insize: 40, pid: 33742
statfs /
   unique: 16, success, outsize: 96
unique: 18, opcode: LOOKUP (1), nodeid: 1, insize: 52, pid: 33742
LOOKUP /truncate_me
getattr /truncate_me
   NODEID: 3
   unique: 18, success, outsize: 144
unique: 20, opcode: GETATTR (3), nodeid: 1, insize: 56, pid: 33742
getattr /
   unique: 20, success, outsize: 120
FUSE library version: 2.9.9
nullpath_ok: 0
nopath: 0
utime_omit_ok: 0
unique: 2, opcode: INIT (26), nodeid: 0, insize: 56, pid: 0
INIT: 7.34
flags=0x33fffffb
max_readahead=0x00020000
   INIT: 7.19
   flags=0x00000011
   max_readahead=0x00020000
   max_write=0x00001000
   max_background=0
   congestion_threshold=0
   unique: 2, success, outsize: 40
unique: 4, opcode: GETATTR (3), nodeid: 1, insize: 56, pid: 35689
getattr /
   unique: 4, success, outsize: 120
unique: 6, opcode: ACCESS (34), nodeid: 1, insize: 48, pid: 35202
   unique: 6, error: -38 (Function not implemented), outsize: 16
unique: 8, opcode: STATFS (17), nodeid: 1, insize: 40, pid: 35691
statfs /
   unique: 8, success, outsize: 96
unique: 10, opcode: LOOKUP (1), nodeid: 1, insize: 52, pid: 35691
LOOKUP /truncate_me
getattr /truncate_me
   NODEID: 2
   unique: 10, success, outsize: 144
unique: 12, opcode: UNLINK (10), nodeid: 1, insize: 52, pid: 35691
unlink /truncate_me
   unique: 12, success, outsize: 16
unique: 14, opcode: FORGET (2), nodeid: 2, insize: 48, pid: 0
FORGET 2/1
DELETE: 2
unique: 16, opcode: STATFS (17), nodeid: 1, insize: 40, pid: 35691
statfs /
   unique: 16, success, outsize: 96
unique: 18, opcode: LOOKUP (1), nodeid: 1, insize: 52, pid: 35691
LOOKUP /truncate_me
getattr /truncate_me
   NODEID: 3
   unique: 18, success, outsize: 144
unique: 20, opcode: GETATTR (3), nodeid: 1, insize: 56, pid: 35691
getattr /
   unique: 20, success, outsize: 120
FUSE library version: 2.9.9
nullpath_ok: 0
nopath: 0
utime_omit_ok: 0
unique: 2, opcode: INIT (26), nodeid: 0, insize: 56, pid: 0
INIT: 7.34
flags=0x33fffffb
max_readahead=0x00020000
   INIT: 7.19
   flags=0x00000011
   max_readahead=0x00020000
   max_write=0x00001000
   max_background=0
   congestion_threshold=0
   unique: 2, success, outsize: 40
unique: 4, opcode: GETATTR (3), nodeid: 1, insize: 56, pid: 53734
getattr /
   unique: 4, success, outsize: 120
unique: 6, opcode: ACCESS (34), nodeid: 1, insize: 48, pid: 53252
   unique: 6, error: -38 (Function not implemented), outsize: 16
unique: 8, opcode: STATFS (17), nodeid: 1, insize: 40, pid: 53736
statfs /
   unique: 8, success, outsize: 96
unique: 10, opcode: LOOKUP (1), nodeid: 1, insize: 52, pid: 53736
LOOKUP /truncate_me
getattr /truncate_me
   NODEID: 2
   unique: 10, success, outsize: 144
unique: 12, opcode: UNLINK (10), nodeid: 1, insize: 52, pid: 53736
unlink /truncate_me
   unique: 12, success, outsize: 16
unique: 14, opcode: FORGET (2), nodeid: 2, insize: 48, pid: 0
FORGET 2/1
DELETE: 2
unique: 16, opcode: STATFS (17), nodeid: 1, insize: 40, pid: 53736
statfs /
   unique: 16, success, outsize: 96
unique: 18, opcode: LOOKUP (1), nodeid: 1, insize: 52, pid: 53736
LOOKUP /truncate_me
getattr /truncate_me
   NODEID: 3
   unique: 18, success, outsize: 144
unique: 20, opcode: GETATTR (3), nodeid: 1, insize: 56, pid: 53736
getattr /
   unique: 20, success, outsize: 120
FUSE library version: 2.9.9
nullpath_ok: 0
nopath: 0
utime_omit_ok: 0
unique: 2, opcode: INIT (26), nodeid: 0, insize: 56, pid: 0
INIT: 7.34
flags=0x33fffffb
max_readahead=0x00020000
   INIT: 7.19
   flags=0x00000011
   max_readahead=0x00020000
   max_write=0x00001000
   max_background=0
   congestion_threshold=0
   unique: 2, success, outsize: 40
unique: 4, opcode: GETATTR (3), nodeid: 1, insize: 56, pid: 62793
getattr /
   unique: 4, success, outsize: 120
unique: 6, opcode: ACCESS (34), nodeid: 1, insize: 48, pid: 61884
   unique: 6, error: -38 (Function not implemented), outsize: 16
unique: 8, opcode: STATFS (17), nodeid: 1, insize: 40, pid: 62795
statfs /
   unique: 8, success, outsize: 96
unique: 10, opcode: LOOKUP (1), nodeid: 1, insize: 52, pid: 62795
LOOKUP /truncate_me
getattr /truncate_me
   NODEID: 2
   unique: 10, success, outsize: 144
unique: 12, opcode: UNLINK (10), nodeid: 1, insize: 52, pid: 62795
unlink /truncate_me
   unique: 12, success, outsize: 16
unique: 14, opcode: FORGET (2), nodeid: 2, insize: 48, pid: 0
FORGET 2/1
DELETE: 2
unique: 16, opcode: STATFS (17), nodeid: 1, insize: 40, pid: 62795
statfs /
   unique: 16, success, outsize: 96
unique: 18, opcode: LOOKUP (1), nodeid: 1, insize: 52, pid: 62795
LOOKUP /truncate_me
getattr /truncate_me
   NODEID: 3
   unique: 18, success, outsize: 144
unique: 20, opcode: GETATTR (3), nodeid: 1, insize: 56, pid: 62795
getattr /
   unique: 20, success, outsize: 120
FUSE library version: 2.9.9
nullpath_ok: 0
nopath: 0
utime_omit_ok: 0
unique: 2, opcode: INIT (26), nodeid: 0, insize: 56, pid: 0
INIT: 7.34
flags=0x33fffffb
max_readahead=0x00020000
   INIT: 7.19
   flags=0x00000011
   max_readahead=0x00020000
   max_write=0x00001000
   max_background=0
   congestion_threshold=0
   unique: 2, success, outsize: 40
unique: 4, opcode: GETATTR (3), nodeid: 1, insize: 56, pid: 5606
getattr /
   unique: 4, success, outsize: 120
unique: 6, opcode: ACCESS (34), nodeid: 1, insize: 48, pid: 4901
   unique: 6, error: -38 (Function not implemented), outsize: 16
unique: 8, opcode: STATFS (17), nodeid: 1, insize: 40, pid: 5608
statfs /
   unique: 8, success, outsize: 96
unique: 10, opcode: LOOKUP (1), nodeid: 1, insize: 52, pid: 5608
LOOKUP /truncate_me
getattr /truncate_me
   NODEID: 2
   unique: 10, success, outsize: 144
unique: 12, opcode: UNLINK (10), nodeid: 1, insize: 52, pid: 5608
unlink /truncate_me
   unique: 12, success, outsize: 16
unique: 14, opcode: FORGET (2), nodeid: 2, insize: 48, pid: 0
FORGET 2/1
DELETE: 2
unique: 16, opcode: STATFS (17), nodeid: 1, insize: 40, pid: 5608
statfs /
   unique: 16, success, outsize: 96
unique: 18, opcode: LOOKUP (1), nodeid: 1, insize: 52, pid: 5608
LOOKUP /truncate_me
getattr /truncate_me
   NODEID: 3
   unique: 18, success, outsize: 144
unique: 20, opcode: GETATTR (3), nodeid: 1, insize: 56, pid: 5608
getattr /
   unique: 20, success, outsize: 120
FUSE library version: 2.9.9
nullpath_ok: 0
nopath: 0
utime_omit_ok: 0
unique: 2, opcode: INIT (26), nodeid: 0, insize: 56, pid: 0
INIT: 7.34
flags=0x33fffffb
max_readahead=0x00020000
   INIT: 7.19
   flags=0x00000011
   max_readahead=0x00020000
   max_write=0x00001000
   max_background=0
   congestion_threshold=0
   unique: 2, success, outsize: 40
unique: 4, opcode: GETATTR (3), nodeid: 1, insize: 56, pid: 8583
getattr /
   unique: 4, success, outsize: 120
unique: 6, opcode: ACCESS (34), nodeid: 1, insize: 48, pid: 8005
   unique: 6, error: -38 (Function not implemented), outsize: 16
unique: 8, opcode: STATFS (17), nodeid: 1, insize: 40, pid: 8585
statfs /
   unique: 8, success, outsize: 96
unique: 10, opcode: LOOKUP (1), nodeid: 1, insize: 52, pid: 8585
LOOKUP /truncate_me
getattr /truncate_me
   NODEID: 2
   unique: 10, success, outsize: 144
unique: 12, opcode: UNLINK (10), nodeid: 1, insize: 52, pid: 8585
unlink /truncate_me
   unique: 12, success, outsize: 16
unique: 14, opcode: FORGET (2), nodeid: 2, insize: 48, pid: 0
FORGET 2/1
DELETE: 2
unique: 16, opcode: STATFS (17), nodeid: 1, insize: 40, pid: 8585
statfs /
   unique: 16, success, outsize: 96
unique: 18, opcode: LOOKUP (1), nodeid: 1, insize: 52, pid: 8585
LOOKUP /truncate_me
getattr /truncate_me
   NODEID: 3
   unique: 18, success, outsize: 144
unique: 20, opcode: GETATTR (3), nodeid: 1, insize: 56, pid: 8585
getattr /
   unique: 20, success, outsize: 120
FUSE library version: 2.9.9
nullpath_ok: 0
nopath: 0
utime_omit_ok: 0
unique: 2, opcode: INIT (26), nodeid: 0, insize: 56, pid: 0
INIT: 7.34
flags=0x33fffffb
max_readahead=0x00020000
   INIT: 7.19
   flags=0x00000011
   max_readahead=0x00020000
   max_write=0x00001000
   max_background=0
   congestion_threshold=0
   unique: 2, success, outsize: 40
unique: 4, opcode: GETATTR (3), nodeid: 1, insize: 56, pid: 40151
getattr /
   unique: 4, success, outsize: 120
unique: 6, opcode: ACCESS (34), nodeid: 1, insize: 48, pid: 39638
   unique: 6, error: -38 (Function not implemented), outsize: 16
unique: 8, opcode: STATFS (17), nodeid: 1, insize: 40, pid: 40153
statfs /
   unique: 8, success, outsize: 96
unique: 10, opcode: LOOKUP (1), nodeid: 1, insize: 52, pid: 40153
LOOKUP /truncate_me
getattr /truncate_me
   NODEID: 2
   unique: 10, success, outsize: 144
unique: 12, opcode: UNLINK (10), nodeid: 1, insize: 52, pid: 40153
unlink /truncate_me
   unique: 12, success, outsize: 16
unique: 14, opcode: FORGET (2), nodeid: 2, insize: 48, pid: 0
FORGET 2/1
DELETE: 2
unique: 16, opcode: STATFS (17), nodeid: 1, insize: 40, pid: 40153
statfs /
   unique: 16, success, outsize: 96
unique: 18, opcode: LOOKUP (1), nodeid: 1, insize: 52, pid: 40153
LOOKUP /truncate_me
getattr /truncate_me
   NODEID: 3
   unique: 18, success, outsize: 144
unique: 20, opcode: GETATTR (3), nodeid: 1, insize: 56, pid: 40153
getattr /
   unique: 20, success, outsize: 120
