FUSE library version: 2.9.9
nullpath_ok: 0
nopath: 0
utime_omit_ok: 0
unique: 2, opcode: INIT (26), nodeid: 0, insize: 56, pid: 0
INIT: 7.34
flags=0x33fffffb
max_readahead=0x00020000
   INIT: 7.19
   flags=0x00000011
   max_readahead=0x00020000
   max_write=0x00001000
   max_background=0
   congestion_threshold=0
   unique: 2, success, outsize: 40
unique: 4, opcode: GETATTR (3), nodeid: 1, insize: 56, pid: 53911
getattr /
   unique: 4, success, outsize: 120
unique: 6, opcode: ACCESS (34), nodeid: 1, insize: 48, pid: 53228
   unique: 6, error: -38 (Function not implemented), outsize: 16
unique: 8, opcode: STATFS (17), nodeid: 1, insize: 40, pid: 53913
statfs /
   unique: 8, success, outsize: 96
unique: 10, opcode: LOOKUP (1), nodeid: 1, insize: 52, pid: 53913
LOOKUP /onefile.txt
getattr /onefile.txt
   NODEID: 2
   unique: 10, success, outsize: 144
unique: 12, opcode: OPEN (14), nodeid: 2, insize: 48, pid: 53913
   unique: 12, success, outsize: 32
unique: 14, opcode: IOCTL (39), nodeid: 2, insize: 72, pid: 53913
   unique: 14, success, outsize: 32
unique: 16, opcode: IOCTL (39), nodeid: 2, insize: 72, pid: 53913
   unique: 16, success, outsize: 32
unique: 18, opcode: GETXATTR (22), nodeid: 2, insize: 68, pid: 53913
   unique: 18, error: -38 (Function not implemented), outsize: 16
unique: 20, opcode: WRITE (16), nodeid: 2, insize: 126, pid: 53913
write[0] 46 bytes to 35 flags: 0x8401
   unique: 20, error: -38 (Function not implemented), outsize: 16
unique: 22, opcode: WRITE (16), nodeid: 2, insize: 126, pid: 53913
write[0] 46 bytes to 35 flags: 0x8401
   unique: 22, error: -38 (Function not implemented), outsize: 16
unique: 24, opcode: FLUSH (25), nodeid: 2, insize: 64, pid: 53913
   unique: 24, error: -38 (Function not implemented), outsize: 16
unique: 26, opcode: RELEASE (18), nodeid: 2, insize: 64, pid: 0
   unique: 26, success, outsize: 16
FUSE library version: 2.9.9
nullpath_ok: 0
nopath: 0
utime_omit_ok: 0
unique: 2, opcode: INIT (26), nodeid: 0, insize: 56, pid: 0
INIT: 7.34
flags=0x33fffffb
max_readahead=0x00020000
   INIT: 7.19
   flags=0x00000011
   max_readahead=0x00020000
   max_write=0x00001000
   max_background=0
   congestion_threshold=0
   unique: 2, success, outsize: 40
unique: 4, opcode: GETATTR (3), nodeid: 1, insize: 56, pid: 43198
getattr /
   unique: 4, success, outsize: 120
unique: 6, opcode: ACCESS (34), nodeid: 1, insize: 48, pid: 42762
   unique: 6, error: -38 (Function not implemented), outsize: 16
unique: 8, opcode: STATFS (17), nodeid: 1, insize: 40, pid: 43200
statfs /
   unique: 8, success, outsize: 96
unique: 10, opcode: LOOKUP (1), nodeid: 1, insize: 52, pid: 43200
LOOKUP /onefile.txt
getattr /onefile.txt
   NODEID: 2
   unique: 10, success, outsize: 144
unique: 12, opcode: OPEN (14), nodeid: 2, insize: 48, pid: 43200
   unique: 12, success, outsize: 32
unique: 14, opcode: IOCTL (39), nodeid: 2, insize: 72, pid: 43200
   unique: 14, success, outsize: 32
unique: 16, opcode: IOCTL (39), nodeid: 2, insize: 72, pid: 43200
   unique: 16, success, outsize: 32
unique: 18, opcode: GETXATTR (22), nodeid: 2, insize: 68, pid: 43200
   unique: 18, error: -38 (Function not implemented), outsize: 16
unique: 20, opcode: WRITE (16), nodeid: 2, insize: 126, pid: 43200
write[0] 46 bytes to 35 flags: 0x8401
   unique: 20, error: -38 (Function not implemented), outsize: 16
unique: 22, opcode: WRITE (16), nodeid: 2, insize: 126, pid: 43200
write[0] 46 bytes to 35 flags: 0x8401
   unique: 22, error: -38 (Function not implemented), outsize: 16
unique: 24, opcode: FLUSH (25), nodeid: 2, insize: 64, pid: 43200
   unique: 24, error: -38 (Function not implemented), outsize: 16
unique: 26, opcode: RELEASE (18), nodeid: 2, insize: 64, pid: 0
   unique: 26, success, outsize: 16
FUSE library version: 2.9.9
nullpath_ok: 0
nopath: 0
utime_omit_ok: 0
unique: 2, opcode: INIT (26), nodeid: 0, insize: 56, pid: 0
INIT: 7.34
flags=0x33fffffb
max_readahead=0x00020000
   INIT: 7.19
   flags=0x00000011
   max_readahead=0x00020000
   max_write=0x00001000
   max_background=0
   congestion_threshold=0
   unique: 2, success, outsize: 40
unique: 4, opcode: GETATTR (3), nodeid: 1, insize: 56, pid: 6290
getattr /
   unique: 4, success, outsize: 120
unique: 6, opcode: ACCESS (34), nodeid: 1, insize: 48, pid: 5601
   unique: 6, error: -38 (Function not implemented), outsize: 16
unique: 8, opcode: STATFS (17), nodeid: 1, insize: 40, pid: 6292
statfs /
   unique: 8, success, outsize: 96
unique: 10, opcode: LOOKUP (1), nodeid: 1, insize: 52, pid: 6292
LOOKUP /onefile.txt
getattr /onefile.txt
   NODEID: 2
   unique: 10, success, outsize: 144
unique: 12, opcode: OPEN (14), nodeid: 2, insize: 48, pid: 6292
   unique: 12, success, outsize: 32
unique: 14, opcode: IOCTL (39), nodeid: 2, insize: 72, pid: 6292
   unique: 14, success, outsize: 32
unique: 16, opcode: IOCTL (39), nodeid: 2, insize: 72, pid: 6292
   unique: 16, success, outsize: 32
unique: 18, opcode: GETXATTR (22), nodeid: 2, insize: 68, pid: 6292
   unique: 18, error: -38 (Function not implemented), outsize: 16
unique: 20, opcode: WRITE (16), nodeid: 2, insize: 126, pid: 6292
write[0] 46 bytes to 35 flags: 0x8401
   unique: 20, error: -38 (Function not implemented), outsize: 16
unique: 22, opcode: WRITE (16), nodeid: 2, insize: 126, pid: 6292
write[0] 46 bytes to 35 flags: 0x8401
   unique: 22, error: -38 (Function not implemented), outsize: 16
unique: 24, opcode: FLUSH (25), nodeid: 2, insize: 64, pid: 6292
   unique: 24, error: -38 (Function not implemented), outsize: 16
unique: 26, opcode: RELEASE (18), nodeid: 2, insize: 64, pid: 0
   unique: 26, success, outsize: 16
FUSE library version: 2.9.9
nullpath_ok: 0
nopath: 0
utime_omit_ok: 0
unique: 2, opcode: INIT (26), nodeid: 0, insize: 56, pid: 0
INIT: 7.34
flags=0x33fffffb
max_readahead=0x00020000
   INIT: 7.19
   flags=0x00000011
   max_readahead=0x00020000
   max_write=0x00001000
   max_background=0
   congestion_threshold=0
   unique: 2, success, outsize: 40
unique: 4, opcode: GETATTR (3), nodeid: 1, insize: 56, pid: 34284
getattr /
   unique: 4, success, outsize: 120
unique: 6, opcode: ACCESS (34), nodeid: 1, insize: 48, pid: 33556
   unique: 6, error: -38 (Function not implemented), outsize: 16
unique: 8, opcode: STATFS (17), nodeid: 1, insize: 40, pid: 34286
statfs /
   unique: 8, success, outsize: 96
unique: 10, opcode: LOOKUP (1), nodeid: 1, insize: 52, pid: 34286
LOOKUP /onefile.txt
getattr /onefile.txt
   NODEID: 2
   unique: 10, success, outsize: 144
unique: 12, opcode: OPEN (14), nodeid: 2, insize: 48, pid: 34286
   unique: 12, success, outsize: 32
unique: 14, opcode: IOCTL (39), nodeid: 2, insize: 72, pid: 34286
   unique: 14, success, outsize: 32
unique: 16, opcode: IOCTL (39), nodeid: 2, insize: 72, pid: 34286
   unique: 16, success, outsize: 32
unique: 18, opcode: GETXATTR (22), nodeid: 2, insize: 68, pid: 34286
   unique: 18, error: -38 (Function not implemented), outsize: 16
unique: 20, opcode: WRITE (16), nodeid: 2, insize: 126, pid: 34286
write[0] 46 bytes to 35 flags: 0x8401
   unique: 20, error: -38 (Function not implemented), outsize: 16
unique: 22, opcode: WRITE (16), nodeid: 2, insize: 126, pid: 34286
write[0] 46 bytes to 35 flags: 0x8401
   unique: 22, error: -38 (Function not implemented), outsize: 16
unique: 24, opcode: FLUSH (25), nodeid: 2, insize: 64, pid: 34286
   unique: 24, error: -38 (Function not implemented), outsize: 16
unique: 26, opcode: RELEASE (18), nodeid: 2, insize: 64, pid: 0
   unique: 26, success, outsize: 16
FUSE library version: 2.9.9
nullpath_ok: 0
nopath: 0
utime_omit_ok: 0
unique: 2, opcode: INIT (26), nodeid: 0, insize: 56, pid: 0
INIT: 7.34
flags=0x33fffffb
max_readahead=0x00020000
   INIT: 7.19
   flags=0x00000011
   max_readahead=0x00020000
   max_write=0x00001000
   max_background=0
   congestion_threshold=0
   unique: 2, success, outsize: 40
unique: 4, opcode: GETATTR (3), nodeid: 1, insize: 56, pid: 26047
getattr /
   unique: 4, success, outsize: 120
unique: 6, opcode: ACCESS (34), nodeid: 1, insize: 48, pid: 25620
   unique: 6, error: -38 (Function not implemented), outsize: 16
unique: 8, opcode: STATFS (17), nodeid: 1, insize: 40, pid: 26049
statfs /
   unique: 8, success, outsize: 96
unique: 10, opcode: LOOKUP (1), nodeid: 1, insize: 52, pid: 26049
LOOKUP /onefile.txt
getattr /onefile.txt
   NODEID: 2
   unique: 10, success, outsize: 144
unique: 12, opcode: OPEN (14), nodeid: 2, insize: 48, pid: 26049
   unique: 12, success, outsize: 32
unique: 14, opcode: IOCTL (39), nodeid: 2, insize: 72, pid: 26049
   unique: 14, success, outsize: 32
unique: 16, opcode: IOCTL (39), nodeid: 2, insize: 72, pid: 26049
   unique: 16, success, outsize: 32
unique: 18, opcode: GETXATTR (22), nodeid: 2, insize: 68, pid: 26049
   unique: 18, error: -38 (Function not implemented), outsize: 16
unique: 20, opcode: WRITE (16), nodeid: 2, insize: 126, pid: 26049
write[0] 46 bytes to 35 flags: 0x8401
   unique: 20, error: -38 (Function not implemented), outsize: 16
unique: 22, opcode: WRITE (16), nodeid: 2, insize: 126, pid: 26049
write[0] 46 bytes to 35 flags: 0x8401
   unique: 22, error: -38 (Function not implemented), outsize: 16
unique: 24, opcode: FLUSH (25), nodeid: 2, insize: 64, pid: 26049
   unique: 24, error: -38 (Function not implemented), outsize: 16
unique: 26, opcode: RELEASE (18), nodeid: 2, insize: 64, pid: 0
   unique: 26, success, outsize: 16
FUSE library version: 2.9.9
nullpath_ok: 0
nopath: 0
utime_omit_ok: 0
unique: 2, opcode: INIT (26), nodeid: 0, insize: 56, pid: 0
INIT: 7.34
flags=0x33fffffb
max_readahead=0x00020000
   INIT: 7.19
   flags=0x00000011
   max_readahead=0x00020000
   max_write=0x00001000
   max_background=0
   congestion_threshold=0
   unique: 2, success, outsize: 40
unique: 4, opcode: GETATTR (3), nodeid: 1, insize: 56, pid: 2473
getattr /
   unique: 4, success, outsize: 120
unique: 6, opcode: ACCESS (34), nodeid: 1, insize: 48, pid: 1726
   unique: 6, error: -38 (Function not implemented), outsize: 16
unique: 8, opcode: STATFS (17), nodeid: 1, insize: 40, pid: 2475
statfs /
   unique: 8, success, outsize: 96
unique: 10, opcode: LOOKUP (1), nodeid: 1, insize: 52, pid: 2475
LOOKUP /onefile.txt
getattr /onefile.txt
   NODEID: 2
   unique: 10, success, outsize: 144
unique: 12, opcode: OPEN (14), nodeid: 2, insize: 48, pid: 2475
   unique: 12, success, outsize: 32
unique: 14, opcode: IOCTL (39), nodeid: 2, insize: 72, pid: 2475
   unique: 14, success, outsize: 32
unique: 16, opcode: IOCTL (39), nodeid: 2, insize: 72, pid: 2475
   unique: 16, success, outsize: 32
unique: 18, opcode: GETXATTR (22), nodeid: 2, insize: 68, pid: 2475
   unique: 18, error: -38 (Function not implemented), outsize: 16
unique: 20, opcode: WRITE (16), nodeid: 2, insize: 126, pid: 2475
write[0] 46 bytes to 35 flags: 0x8401
   write[0] 46 bytes to 35
   unique: 20, success, outsize: 24
unique: 22, opcode: FLUSH (25), nodeid: 2, insize: 64, pid: 2475
   unique: 22, error: -38 (Function not implemented), outsize: 16
unique: 24, opcode: RELEASE (18), nodeid: 2, insize: 64, pid: 0
   unique: 24, success, outsize: 16
unique: 26, opcode: GETATTR (3), nodeid: 2, insize: 56, pid: 2475
getattr /onefile.txt
   unique: 26, success, outsize: 120
unique: 28, opcode: STATFS (17), nodeid: 1, insize: 40, pid: 2475
statfs /
   unique: 28, success, outsize: 96
FUSE library version: 2.9.9
nullpath_ok: 0
nopath: 0
utime_omit_ok: 0
unique: 2, opcode: INIT (26), nodeid: 0, insize: 56, pid: 0
INIT: 7.34
flags=0x33fffffb
max_readahead=0x00020000
   INIT: 7.19
   flags=0x00000011
   max_readahead=0x00020000
   max_write=0x00001000
   max_background=0
   congestion_threshold=0
   unique: 2, success, outsize: 40
unique: 4, opcode: GETATTR (3), nodeid: 1, insize: 56, pid: 25077
getattr /
   unique: 4, success, outsize: 120
unique: 6, opcode: ACCESS (34), nodeid: 1, insize: 48, pid: 24199
   unique: 6, error: -38 (Function not implemented), outsize: 16
unique: 8, opcode: STATFS (17), nodeid: 1, insize: 40, pid: 25079
statfs /
   unique: 8, success, outsize: 96
unique: 10, opcode: LOOKUP (1), nodeid: 1, insize: 52, pid: 25079
LOOKUP /onefile.txt
getattr /onefile.txt
   NODEID: 2
   unique: 10, success, outsize: 144
unique: 12, opcode: OPEN (14), nodeid: 2, insize: 48, pid: 25079
   unique: 12, success, outsize: 32
unique: 14, opcode: IOCTL (39), nodeid: 2, insize: 72, pid: 25079
   unique: 14, success, outsize: 32
unique: 16, opcode: IOCTL (39), nodeid: 2, insize: 72, pid: 25079
   unique: 16, success, outsize: 32
unique: 18, opcode: GETXATTR (22), nodeid: 2, insize: 68, pid: 25079
   unique: 18, error: -38 (Function not implemented), outsize: 16
unique: 20, opcode: WRITE (16), nodeid: 2, insize: 126, pid: 25079
write[0] 46 bytes to 35 flags: 0x8401
   write[0] 46 bytes to 35
   unique: 20, success, outsize: 24
unique: 22, opcode: FLUSH (25), nodeid: 2, insize: 64, pid: 25079
   unique: 22, error: -38 (Function not implemented), outsize: 16
unique: 24, opcode: RELEASE (18), nodeid: 2, insize: 64, pid: 0
   unique: 24, success, outsize: 16
unique: 26, opcode: GETATTR (3), nodeid: 2, insize: 56, pid: 25079
getattr /onefile.txt
   unique: 26, success, outsize: 120
unique: 28, opcode: STATFS (17), nodeid: 1, insize: 40, pid: 25079
statfs /
   unique: 28, success, outsize: 96
FUSE library version: 2.9.9
nullpath_ok: 0
nopath: 0
utime_omit_ok: 0
unique: 2, opcode: INIT (26), nodeid: 0, insize: 56, pid: 0
INIT: 7.34
flags=0x33fffffb
max_readahead=0x00020000
   INIT: 7.19
   flags=0x00000011
   max_readahead=0x00020000
   max_write=0x00001000
   max_background=0
   congestion_threshold=0
   unique: 2, success, outsize: 40
unique: 4, opcode: GETATTR (3), nodeid: 1, insize: 56, pid: 36010
getattr /
   unique: 4, success, outsize: 120
unique: 6, opcode: ACCESS (34), nodeid: 1, insize: 48, pid: 35529
   unique: 6, error: -38 (Function not implemented), outsize: 16
unique: 8, opcode: STATFS (17), nodeid: 1, insize: 40, pid: 36012
statfs /
   unique: 8, success, outsize: 96
unique: 10, opcode: LOOKUP (1), nodeid: 1, insize: 52, pid: 36012
LOOKUP /onefile.txt
getattr /onefile.txt
   NODEID: 2
   unique: 10, success, outsize: 144
unique: 12, opcode: OPEN (14), nodeid: 2, insize: 48, pid: 36012
   unique: 12, success, outsize: 32
unique: 14, opcode: IOCTL (39), nodeid: 2, insize: 72, pid: 36012
   unique: 14, success, outsize: 32
unique: 16, opcode: IOCTL (39), nodeid: 2, insize: 72, pid: 36012
   unique: 16, success, outsize: 32
unique: 18, opcode: GETXATTR (22), nodeid: 2, insize: 68, pid: 36012
   unique: 18, error: -38 (Function not implemented), outsize: 16
unique: 20, opcode: WRITE (16), nodeid: 2, insize: 126, pid: 36012
write[0] 46 bytes to 35 flags: 0x8401
   write[0] 46 bytes to 35
   unique: 20, success, outsize: 24
unique: 22, opcode: FLUSH (25), nodeid: 2, insize: 64, pid: 36012
   unique: 22, error: -38 (Function not implemented), outsize: 16
unique: 24, opcode: RELEASE (18), nodeid: 2, insize: 64, pid: 0
   unique: 24, success, outsize: 16
unique: 26, opcode: GETATTR (3), nodeid: 2, insize: 56, pid: 36012
getattr /onefile.txt
   unique: 26, success, outsize: 120
unique: 28, opcode: STATFS (17), nodeid: 1, insize: 40, pid: 36012
statfs /
   unique: 28, success, outsize: 96
FUSE library version: 2.9.9
nullpath_ok: 0
nopath: 0
utime_omit_ok: 0
unique: 2, opcode: INIT (26), nodeid: 0, insize: 56, pid: 0
INIT: 7.34
flags=0x33fffffb
max_readahead=0x00020000
   INIT: 7.19
   flags=0x00000011
   max_readahead=0x00020000
   max_write=0x00001000
   max_background=0
   congestion_threshold=0
   unique: 2, success, outsize: 40
unique: 4, opcode: GETATTR (3), nodeid: 1, insize: 56, pid: 41419
getattr /
   unique: 4, success, outsize: 120
unique: 6, opcode: ACCESS (34), nodeid: 1, insize: 48, pid: 40899
   unique: 6, error: -38 (Function not implemented), outsize: 16
unique: 8, opcode: STATFS (17), nodeid: 1, insize: 40, pid: 41421
statfs /
   unique: 8, success, outsize: 96
unique: 10, opcode: LOOKUP (1), nodeid: 1, insize: 52, pid: 41421
LOOKUP /onefile.txt
getattr /onefile.txt
   NODEID: 2
   unique: 10, success, outsize: 144
unique: 12, opcode: OPEN (14), nodeid: 2, insize: 48, pid: 41421
   unique: 12, success, outsize: 32
unique: 14, opcode: IOCTL (39), nodeid: 2, insize: 72, pid: 41421
   unique: 14, success, outsize: 32
unique: 16, opcode: IOCTL (39), nodeid: 2, insize: 72, pid: 41421
   unique: 16, success, outsize: 32
unique: 18, opcode: GETXATTR (22), nodeid: 2, insize: 68, pid: 41421
   unique: 18, error: -38 (Function not implemented), outsize: 16
unique: 20, opcode: WRITE (16), nodeid: 2, insize: 126, pid: 41421
write[0] 46 bytes to 35 flags: 0x8401
   write[0] 46 bytes to 35
   unique: 20, success, outsize: 24
unique: 22, opcode: FLUSH (25), nodeid: 2, insize: 64, pid: 41421
   unique: 22, error: -38 (Function not implemented), outsize: 16
unique: 24, opcode: RELEASE (18), nodeid: 2, insize: 64, pid: 0
   unique: 24, success, outsize: 16
unique: 26, opcode: GETATTR (3), nodeid: 2, insize: 56, pid: 41421
getattr /onefile.txt
   unique: 26, success, outsize: 120
unique: 28, opcode: STATFS (17), nodeid: 1, insize: 40, pid: 41421
statfs /
   unique: 28, success, outsize: 96
FUSE library version: 2.9.9
nullpath_ok: 0
nopath: 0
utime_omit_ok: 0
unique: 2, opcode: INIT (26), nodeid: 0, insize: 56, pid: 0
INIT: 7.34
flags=0x33fffffb
max_readahead=0x00020000
   INIT: 7.19
   flags=0x00000011
   max_readahead=0x00020000
   max_write=0x00001000
   max_background=0
   congestion_threshold=0
   unique: 2, success, outsize: 40
unique: 4, opcode: GETATTR (3), nodeid: 1, insize: 56, pid: 50200
getattr /
   unique: 4, success, outsize: 120
unique: 6, opcode: ACCESS (34), nodeid: 1, insize: 48, pid: 49785
   unique: 6, error: -38 (Function not implemented), outsize: 16
unique: 8, opcode: STATFS (17), nodeid: 1, insize: 40, pid: 50202
statfs /
   unique: 8, success, outsize: 96
unique: 10, opcode: LOOKUP (1), nodeid: 1, insize: 52, pid: 50202
LOOKUP /onefile.txt
getattr /onefile.txt
   NODEID: 2
   unique: 10, success, outsize: 144
unique: 12, opcode: OPEN (14), nodeid: 2, insize: 48, pid: 50202
   unique: 12, success, outsize: 32
unique: 14, opcode: IOCTL (39), nodeid: 2, insize: 72, pid: 50202
   unique: 14, success, outsize: 32
unique: 16, opcode: IOCTL (39), nodeid: 2, insize: 72, pid: 50202
   unique: 16, success, outsize: 32
unique: 18, opcode: GETXATTR (22), nodeid: 2, insize: 68, pid: 50202
   unique: 18, error: -38 (Function not implemented), outsize: 16
unique: 20, opcode: WRITE (16), nodeid: 2, insize: 126, pid: 50202
write[0] 46 bytes to 35 flags: 0x8401
   write[0] 46 bytes to 35
   unique: 20, success, outsize: 24
unique: 22, opcode: FLUSH (25), nodeid: 2, insize: 64, pid: 50202
   unique: 22, error: -38 (Function not implemented), outsize: 16
unique: 24, opcode: RELEASE (18), nodeid: 2, insize: 64, pid: 0
   unique: 24, success, outsize: 16
unique: 26, opcode: GETATTR (3), nodeid: 2, insize: 56, pid: 50202
getattr /onefile.txt
   unique: 26, success, outsize: 120
unique: 28, opcode: STATFS (17), nodeid: 1, insize: 40, pid: 50202
statfs /
   unique: 28, success, outsize: 96
FUSE library version: 2.9.9
nullpath_ok: 0
nopath: 0
utime_omit_ok: 0
unique: 2, opcode: INIT (26), nodeid: 0, insize: 56, pid: 0
INIT: 7.34
flags=0x33fffffb
max_readahead=0x00020000
   INIT: 7.19
   flags=0x00000011
   max_readahead=0x00020000
   max_write=0x00001000
   max_background=0
   congestion_threshold=0
   unique: 2, success, outsize: 40
unique: 4, opcode: GETATTR (3), nodeid: 1, insize: 56, pid: 53942
getattr /
   unique: 4, success, outsize: 120
unique: 6, opcode: ACCESS (34), nodeid: 1, insize: 48, pid: 53528
   unique: 6, error: -38 (Function not implemented), outsize: 16
unique: 8, opcode: STATFS (17), nodeid: 1, insize: 40, pid: 53944
statfs /
   unique: 8, success, outsize: 96
unique: 10, opcode: LOOKUP (1), nodeid: 1, insize: 52, pid: 53944
LOOKUP /onefile.txt
getattr /onefile.txt
   NODEID: 2
   unique: 10, success, outsize: 144
unique: 12, opcode: OPEN (14), nodeid: 2, insize: 48, pid: 53944
   unique: 12, success, outsize: 32
unique: 14, opcode: IOCTL (39), nodeid: 2, insize: 72, pid: 53944
   unique: 14, success, outsize: 32
unique: 16, opcode: IOCTL (39), nodeid: 2, insize: 72, pid: 53944
   unique: 16, success, outsize: 32
unique: 18, opcode: GETXATTR (22), nodeid: 2, insize: 68, pid: 53944
   unique: 18, error: -38 (Function not implemented), outsize: 16
unique: 20, opcode: WRITE (16), nodeid: 2, insize: 126, pid: 53944
write[0] 46 bytes to 35 flags: 0x8401
   write[0] 46 bytes to 35
   unique: 20, success, outsize: 24
unique: 22, opcode: FLUSH (25), nodeid: 2, insize: 64, pid: 53944
   unique: 22, error: -38 (Function not implemented), outsize: 16
unique: 24, opcode: RELEASE (18), nodeid: 2, insize: 64, pid: 0
   unique: 24, success, outsize: 16
unique: 26, opcode: GETATTR (3), nodeid: 2, insize: 56, pid: 53944
getattr /onefile.txt
   unique: 26, success, outsize: 120
unique: 28, opcode: STATFS (17), nodeid: 1, insize: 40, pid: 53944
statfs /
   unique: 28, success, outsize: 96
FUSE library version: 2.9.9
nullpath_ok: 0
nopath: 0
utime_omit_ok: 0
unique: 2, opcode: INIT (26), nodeid: 0, insize: 56, pid: 0
INIT: 7.34
flags=0x33fffffb
max_readahead=0x00020000
   INIT: 7.19
   flags=0x00000011
   max_readahead=0x00020000
   max_write=0x00001000
   max_background=0
   congestion_threshold=0
   unique: 2, success, outsize: 40
unique: 4, opcode: GETATTR (3), nodeid: 1, insize: 56, pid: 64004
getattr /
   unique: 4, success, outsize: 120
unique: 6, opcode: ACCESS (34), nodeid: 1, insize: 48, pid: 63576
   unique: 6, error: -38 (Function not implemented), outsize: 16
unique: 8, opcode: STATFS (17), nodeid: 1, insize: 40, pid: 64006
statfs /
   unique: 8, success, outsize: 96
unique: 10, opcode: LOOKUP (1), nodeid: 1, insize: 52, pid: 64006
LOOKUP /onefile.txt
getattr /onefile.txt
   NODEID: 2
   unique: 10, success, outsize: 144
unique: 12, opcode: OPEN (14), nodeid: 2, insize: 48, pid: 64006
   unique: 12, success, outsize: 32
unique: 14, opcode: IOCTL (39), nodeid: 2, insize: 72, pid: 64006
   unique: 14, success, outsize: 32
unique: 16, opcode: IOCTL (39), nodeid: 2, insize: 72, pid: 64006
   unique: 16, success, outsize: 32
unique: 18, opcode: GETXATTR (22), nodeid: 2, insize: 68, pid: 64006
   unique: 18, error: -38 (Function not implemented), outsize: 16
unique: 20, opcode: WRITE (16), nodeid: 2, insize: 126, pid: 64006
write[0] 46 bytes to 35 flags: 0x8401
   write[0] 46 bytes to 35
   unique: 20, success, outsize: 24
unique: 22, opcode: FLUSH (25), nodeid: 2, insize: 64, pid: 64006
   unique: 22, error: -38 (Function not implemented), outsize: 16
unique: 24, opcode: RELEASE (18), nodeid: 2, insize: 64, pid: 0
   unique: 24, success, outsize: 16
unique: 26, opcode: GETATTR (3), nodeid: 2, insize: 56, pid: 64006
getattr /onefile.txt
   unique: 26, success, outsize: 120
unique: 28, opcode: STATFS (17), nodeid: 1, insize: 40, pid: 64006
statfs /
   unique: 28, success, outsize: 96
FUSE library version: 2.9.9
nullpath_ok: 0
nopath: 0
utime_omit_ok: 0
unique: 2, opcode: INIT (26), nodeid: 0, insize: 56, pid: 0
INIT: 7.34
flags=0x33fffffb
max_readahead=0x00020000
   INIT: 7.19
   flags=0x00000011
   max_readahead=0x00020000
   max_write=0x00001000
   max_background=0
   congestion_threshold=0
   unique: 2, success, outsize: 40
unique: 4, opcode: GETATTR (3), nodeid: 1, insize: 56, pid: 32694
getattr /
   unique: 4, success, outsize: 120
unique: 6, opcode: ACCESS (34), nodeid: 1, insize: 48, pid: 31951
   unique: 6, error: -38 (Function not implemented), outsize: 16
unique: 8, opcode: STATFS (17), nodeid: 1, insize: 40, pid: 32697
statfs /
   unique: 8, success, outsize: 96
unique: 10, opcode: LOOKUP (1), nodeid: 1, insize: 52, pid: 32697
LOOKUP /onefile.txt
getattr /onefile.txt
   NODEID: 2
   unique: 10, success, outsize: 144
unique: 12, opcode: OPEN (14), nodeid: 2, insize: 48, pid: 32697
   unique: 12, success, outsize: 32
unique: 14, opcode: IOCTL (39), nodeid: 2, insize: 72, pid: 32697
   unique: 14, success, outsize: 32
unique: 16, opcode: IOCTL (39), nodeid: 2, insize: 72, pid: 32697
   unique: 16, success, outsize: 32
unique: 18, opcode: GETXATTR (22), nodeid: 2, insize: 68, pid: 32697
   unique: 18, error: -38 (Function not implemented), outsize: 16
unique: 20, opcode: WRITE (16), nodeid: 2, insize: 126, pid: 32697
write[0] 46 bytes to 35 flags: 0x8401
   write[0] 46 bytes to 35
   unique: 20, success, outsize: 24
unique: 22, opcode: FLUSH (25), nodeid: 2, insize: 64, pid: 32697
   unique: 22, error: -38 (Function not implemented), outsize: 16
unique: 24, opcode: RELEASE (18), nodeid: 2, insize: 64, pid: 0
   unique: 24, success, outsize: 16
unique: 26, opcode: GETATTR (3), nodeid: 2, insize: 56, pid: 32697
getattr /onefile.txt
   unique: 26, success, outsize: 120
unique: 28, opcode: STATFS (17), nodeid: 1, insize: 40, pid: 32697
statfs /
   unique: 28, success, outsize: 96
FUSE library version: 2.9.9
nullpath_ok: 0
nopath: 0
utime_omit_ok: 0
unique: 2, opcode: INIT (26), nodeid: 0, insize: 56, pid: 0
INIT: 7.34
flags=0x33fffffb
max_readahead=0x00020000
   INIT: 7.19
   flags=0x00000011
   max_readahead=0x00020000
   max_write=0x00001000
   max_background=0
   congestion_threshold=0
   unique: 2, success, outsize: 40
unique: 4, opcode: GETATTR (3), nodeid: 1, insize: 56, pid: 31843
getattr /
   unique: 4, success, outsize: 120
unique: 6, opcode: ACCESS (34), nodeid: 1, insize: 48, pid: 31357
   unique: 6, error: -38 (Function not implemented), outsize: 16
unique: 8, opcode: STATFS (17), nodeid: 1, insize: 40, pid: 31845
statfs /
   unique: 8, success, outsize: 96
unique: 10, opcode: LOOKUP (1), nodeid: 1, insize: 52, pid: 31845
LOOKUP /onefile.txt
getattr /onefile.txt
   NODEID: 2
   unique: 10, success, outsize: 144
unique: 12, opcode: OPEN (14), nodeid: 2, insize: 48, pid: 31845
   unique: 12, success, outsize: 32
unique: 14, opcode: IOCTL (39), nodeid: 2, insize: 72, pid: 31845
   unique: 14, success, outsize: 32
unique: 16, opcode: IOCTL (39), nodeid: 2, insize: 72, pid: 31845
   unique: 16, success, outsize: 32
unique: 18, opcode: GETXATTR (22), nodeid: 2, insize: 68, pid: 31845
   unique: 18, error: -38 (Function not implemented), outsize: 16
unique: 20, opcode: WRITE (16), nodeid: 2, insize: 126, pid: 31845
write[0] 46 bytes to 35 flags: 0x8401
   write[0] 46 bytes to 35
   unique: 20, success, outsize: 24
unique: 22, opcode: FLUSH (25), nodeid: 2, insize: 64, pid: 31845
   unique: 22, error: -38 (Function not implemented), outsize: 16
unique: 24, opcode: RELEASE (18), nodeid: 2, insize: 64, pid: 0
   unique: 24, success, outsize: 16
unique: 26, opcode: GETATTR (3), nodeid: 2, insize: 56, pid: 31845
getattr /onefile.txt
   unique: 26, success, outsize: 120
unique: 28, opcode: STATFS (17), nodeid: 1, insize: 40, pid: 31845
statfs /
   unique: 28, success, outsize: 96
FUSE library version: 2.9.9
nullpath_ok: 0
nopath: 0
utime_omit_ok: 0
unique: 2, opcode: INIT (26), nodeid: 0, insize: 56, pid: 0
INIT: 7.34
flags=0x33fffffb
max_readahead=0x00020000
   INIT: 7.19
   flags=0x00000011
   max_readahead=0x00020000
   max_write=0x00001000
   max_background=0
   congestion_threshold=0
   unique: 2, success, outsize: 40
unique: 4, opcode: GETATTR (3), nodeid: 1, insize: 56, pid: 30722
getattr /
   unique: 4, success, outsize: 120
unique: 6, opcode: ACCESS (34), nodeid: 1, insize: 48, pid: 30261
   unique: 6, error: -38 (Function not implemented), outsize: 16
unique: 8, opcode: STATFS (17), nodeid: 1, insize: 40, pid: 30724
statfs /
   unique: 8, success, outsize: 96
unique: 10, opcode: LOOKUP (1), nodeid: 1, insize: 52, pid: 30724
LOOKUP /onefile.txt
getattr /onefile.txt
   NODEID: 2
   unique: 10, success, outsize: 144
unique: 12, opcode: OPEN (14), nodeid: 2, insize: 48, pid: 30724
   unique: 12, success, outsize: 32
unique: 14, opcode: IOCTL (39), nodeid: 2, insize: 72, pid: 30724
   unique: 14, success, outsize: 32
unique: 16, opcode: IOCTL (39), nodeid: 2, insize: 72, pid: 30724
   unique: 16, success, outsize: 32
unique: 18, opcode: GETXATTR (22), nodeid: 2, insize: 68, pid: 30724
   unique: 18, error: -38 (Function not implemented), outsize: 16
unique: 20, opcode: WRITE (16), nodeid: 2, insize: 126, pid: 30724
write[0] 46 bytes to 35 flags: 0x8401
   write[0] 46 bytes to 35
   unique: 20, success, outsize: 24
unique: 22, opcode: FLUSH (25), nodeid: 2, insize: 64, pid: 30724
   unique: 22, error: -38 (Function not implemented), outsize: 16
unique: 24, opcode: RELEASE (18), nodeid: 2, insize: 64, pid: 0
   unique: 24, success, outsize: 16
unique: 26, opcode: GETATTR (3), nodeid: 2, insize: 56, pid: 30724
getattr /onefile.txt
   unique: 26, success, outsize: 120
unique: 28, opcode: STATFS (17), nodeid: 1, insize: 40, pid: 30724
statfs /
   unique: 28, success, outsize: 96
FUSE library version: 2.9.9
nullpath_ok: 0
nopath: 0
utime_omit_ok: 0
unique: 2, opcode: INIT (26), nodeid: 0, insize: 56, pid: 0
INIT: 7.34
flags=0x33fffffb
max_readahead=0x00020000
   INIT: 7.19
   flags=0x00000011
   max_readahead=0x00020000
   max_write=0x00001000
   max_background=0
   congestion_threshold=0
   unique: 2, success, outsize: 40
unique: 4, opcode: GETATTR (3), nodeid: 1, insize: 56, pid: 59989
getattr /
   unique: 4, success, outsize: 120
unique: 6, opcode: ACCESS (34), nodeid: 1, insize: 48, pid: 59312
   unique: 6, error: -38 (Function not implemented), outsize: 16
unique: 8, opcode: STATFS (17), nodeid: 1, insize: 40, pid: 59991
statfs /
   unique: 8, success, outsize: 96
unique: 10, opcode: LOOKUP (1), nodeid: 1, insize: 52, pid: 59991
LOOKUP /onefile.txt
getattr /onefile.txt
   NODEID: 2
   unique: 10, success, outsize: 144
unique: 12, opcode: OPEN (14), nodeid: 2, insize: 48, pid: 59991
   unique: 12, success, outsize: 32
unique: 14, opcode: IOCTL (39), nodeid: 2, insize: 72, pid: 59991
   unique: 14, success, outsize: 32
unique: 16, opcode: IOCTL (39), nodeid: 2, insize: 72, pid: 59991
   unique: 16, success, outsize: 32
unique: 18, opcode: GETXATTR (22), nodeid: 2, insize: 68, pid: 59991
   unique: 18, error: -38 (Function not implemented), outsize: 16
unique: 20, opcode: WRITE (16), nodeid: 2, insize: 126, pid: 59991
write[0] 46 bytes to 35 flags: 0x8401
   write[0] 46 bytes to 35
   unique: 20, success, outsize: 24
unique: 22, opcode: FLUSH (25), nodeid: 2, insize: 64, pid: 59991
   unique: 22, error: -38 (Function not implemented), outsize: 16
unique: 24, opcode: RELEASE (18), nodeid: 2, insize: 64, pid: 0
   unique: 24, success, outsize: 16
unique: 26, opcode: GETATTR (3), nodeid: 2, insize: 56, pid: 59991
getattr /onefile.txt
   unique: 26, success, outsize: 120
unique: 28, opcode: STATFS (17), nodeid: 1, insize: 40, pid: 59991
statfs /
   unique: 28, success, outsize: 96
FUSE library version: 2.9.9
nullpath_ok: 0
nopath: 0
utime_omit_ok: 0
unique: 2, opcode: INIT (26), nodeid: 0, insize: 56, pid: 0
INIT: 7.34
flags=0x33fffffb
max_readahead=0x00020000
   INIT: 7.19
   flags=0x00000011
   max_readahead=0x00020000
   max_write=0x00001000
   max_background=0
   congestion_threshold=0
   unique: 2, success, outsize: 40
unique: 4, opcode: GETATTR (3), nodeid: 1, insize: 56, pid: 21716
getattr /
   unique: 4, success, outsize: 120
unique: 6, opcode: ACCESS (34), nodeid: 1, insize: 48, pid: 20962
   unique: 6, error: -38 (Function not implemented), outsize: 16
unique: 8, opcode: STATFS (17), nodeid: 1, insize: 40, pid: 21718
statfs /
   unique: 8, success, outsize: 96
unique: 10, opcode: LOOKUP (1), nodeid: 1, insize: 52, pid: 21718
LOOKUP /onefile.txt
getattr /onefile.txt
   NODEID: 2
   unique: 10, success, outsize: 144
unique: 12, opcode: OPEN (14), nodeid: 2, insize: 48, pid: 21718
   unique: 12, success, outsize: 32
unique: 14, opcode: IOCTL (39), nodeid: 2, insize: 72, pid: 21718
   unique: 14, success, outsize: 32
unique: 16, opcode: IOCTL (39), nodeid: 2, insize: 72, pid: 21718
   unique: 16, success, outsize: 32
unique: 18, opcode: GETXATTR (22), nodeid: 2, insize: 68, pid: 21718
   unique: 18, error: -38 (Function not implemented), outsize: 16
unique: 20, opcode: WRITE (16), nodeid: 2, insize: 126, pid: 21718
write[0] 46 bytes to 35 flags: 0x8401
   write[0] 46 bytes to 35
   unique: 20, success, outsize: 24
unique: 22, opcode: FLUSH (25), nodeid: 2, insize: 64, pid: 21718
   unique: 22, error: -38 (Function not implemented), outsize: 16
unique: 24, opcode: RELEASE (18), nodeid: 2, insize: 64, pid: 0
   unique: 24, success, outsize: 16
unique: 26, opcode: GETATTR (3), nodeid: 2, insize: 56, pid: 21718
getattr /onefile.txt
   unique: 26, success, outsize: 120
unique: 28, opcode: STATFS (17), nodeid: 1, insize: 40, pid: 21718
statfs /
   unique: 28, success, outsize: 96
FUSE library version: 2.9.9
nullpath_ok: 0
nopath: 0
utime_omit_ok: 0
unique: 2, opcode: INIT (26), nodeid: 0, insize: 56, pid: 0
INIT: 7.34
flags=0x33fffffb
max_readahead=0x00020000
   INIT: 7.19
   flags=0x00000011
   max_readahead=0x00020000
   max_write=0x00001000
   max_background=0
   congestion_threshold=0
   unique: 2, success, outsize: 40
unique: 4, opcode: GETATTR (3), nodeid: 1, insize: 56, pid: 31313
getattr /
   unique: 4, success, outsize: 120
unique: 6, opcode: ACCESS (34), nodeid: 1, insize: 48, pid: 30711
   unique: 6, error: -38 (Function not implemented), outsize: 16
unique: 8, opcode: STATFS (17), nodeid: 1, insize: 40, pid: 31315
statfs /
   unique: 8, success, outsize: 96
unique: 10, opcode: LOOKUP (1), nodeid: 1, insize: 52, pid: 31315
LOOKUP /onefile.txt
getattr /onefile.txt
   NODEID: 2
   unique: 10, success, outsize: 144
unique: 12, opcode: OPEN (14), nodeid: 2, insize: 48, pid: 31315
   unique: 12, success, outsize: 32
unique: 14, opcode: IOCTL (39), nodeid: 2, insize: 72, pid: 31315
   unique: 14, success, outsize: 32
unique: 16, opcode: IOCTL (39), nodeid: 2, insize: 72, pid: 31315
   unique: 16, success, outsize: 32
unique: 18, opcode: GETXATTR (22), nodeid: 2, insize: 68, pid: 31315
   unique: 18, error: -38 (Function not implemented), outsize: 16
unique: 20, opcode: WRITE (16), nodeid: 2, insize: 126, pid: 31315
write[0] 46 bytes to 35 flags: 0x8401
   write[0] 46 bytes to 35
   unique: 20, success, outsize: 24
unique: 22, opcode: FLUSH (25), nodeid: 2, insize: 64, pid: 31315
   unique: 22, error: -38 (Function not implemented), outsize: 16
unique: 24, opcode: RELEASE (18), nodeid: 2, insize: 64, pid: 0
   unique: 24, success, outsize: 16
unique: 26, opcode: GETATTR (3), nodeid: 2, insize: 56, pid: 31315
getattr /onefile.txt
   unique: 26, success, outsize: 120
unique: 28, opcode: STATFS (17), nodeid: 1, insize: 40, pid: 31315
statfs /
   unique: 28, success, outsize: 96
FUSE library version: 2.9.9
nullpath_ok: 0
nopath: 0
utime_omit_ok: 0
unique: 2, opcode: INIT (26), nodeid: 0, insize: 56, pid: 0
INIT: 7.34
flags=0x33fffffb
max_readahead=0x00020000
   INIT: 7.19
   flags=0x00000011
   max_readahead=0x00020000
   max_write=0x00001000
   max_background=0
   congestion_threshold=0
   unique: 2, success, outsize: 40
unique: 4, opcode: GETATTR (3), nodeid: 1, insize: 56, pid: 34432
getattr /
   unique: 4, success, outsize: 120
unique: 6, opcode: ACCESS (34), nodeid: 1, insize: 48, pid: 33447
   unique: 6, error: -38 (Function not implemented), outsize: 16
unique: 8, opcode: STATFS (17), nodeid: 1, insize: 40, pid: 34434
statfs /
   unique: 8, success, outsize: 96
unique: 10, opcode: LOOKUP (1), nodeid: 1, insize: 52, pid: 34434
LOOKUP /onefile.txt
getattr /onefile.txt
   NODEID: 2
   unique: 10, success, outsize: 144
unique: 12, opcode: OPEN (14), nodeid: 2, insize: 48, pid: 34434
   unique: 12, success, outsize: 32
unique: 14, opcode: IOCTL (39), nodeid: 2, insize: 72, pid: 34434
   unique: 14, success, outsize: 32
unique: 16, opcode: IOCTL (39), nodeid: 2, insize: 72, pid: 34434
   unique: 16, success, outsize: 32
unique: 18, opcode: GETXATTR (22), nodeid: 2, insize: 68, pid: 34434
   unique: 18, error: -38 (Function not implemented), outsize: 16
unique: 20, opcode: WRITE (16), nodeid: 2, insize: 126, pid: 34434
write[0] 46 bytes to 35 flags: 0x8401
   write[0] 46 bytes to 35
   unique: 20, success, outsize: 24
unique: 22, opcode: FLUSH (25), nodeid: 2, insize: 64, pid: 34434
   unique: 22, error: -38 (Function not implemented), outsize: 16
unique: 24, opcode: RELEASE (18), nodeid: 2, insize: 64, pid: 0
   unique: 24, success, outsize: 16
unique: 26, opcode: GETATTR (3), nodeid: 2, insize: 56, pid: 34434
getattr /onefile.txt
   unique: 26, success, outsize: 120
unique: 28, opcode: STATFS (17), nodeid: 1, insize: 40, pid: 34434
statfs /
   unique: 28, success, outsize: 96
FUSE library version: 2.9.9
nullpath_ok: 0
nopath: 0
utime_omit_ok: 0
unique: 2, opcode: INIT (26), nodeid: 0, insize: 56, pid: 0
INIT: 7.34
flags=0x33fffffb
max_readahead=0x00020000
   INIT: 7.19
   flags=0x00000011
   max_readahead=0x00020000
   max_write=0x00001000
   max_background=0
   congestion_threshold=0
   unique: 2, success, outsize: 40
unique: 4, opcode: GETATTR (3), nodeid: 1, insize: 56, pid: 12879
getattr /
   unique: 4, success, outsize: 120
unique: 6, opcode: ACCESS (34), nodeid: 1, insize: 48, pid: 12081
   unique: 6, error: -38 (Function not implemented), outsize: 16
unique: 8, opcode: STATFS (17), nodeid: 1, insize: 40, pid: 12881
statfs /
   unique: 8, success, outsize: 96
unique: 10, opcode: LOOKUP (1), nodeid: 1, insize: 52, pid: 12881
LOOKUP /onefile.txt
getattr /onefile.txt
   NODEID: 2
   unique: 10, success, outsize: 144
unique: 12, opcode: OPEN (14), nodeid: 2, insize: 48, pid: 12881
   unique: 12, success, outsize: 32
unique: 14, opcode: IOCTL (39), nodeid: 2, insize: 72, pid: 12881
   unique: 14, success, outsize: 32
unique: 16, opcode: IOCTL (39), nodeid: 2, insize: 72, pid: 12881
   unique: 16, success, outsize: 32
unique: 18, opcode: GETXATTR (22), nodeid: 2, insize: 68, pid: 12881
   unique: 18, error: -38 (Function not implemented), outsize: 16
unique: 20, opcode: WRITE (16), nodeid: 2, insize: 126, pid: 12881
write[0] 46 bytes to 35 flags: 0x8401
   write[0] 46 bytes to 35
   unique: 20, success, outsize: 24
unique: 22, opcode: FLUSH (25), nodeid: 2, insize: 64, pid: 12881
   unique: 22, error: -38 (Function not implemented), outsize: 16
unique: 24, opcode: RELEASE (18), nodeid: 2, insize: 64, pid: 0
   unique: 24, success, outsize: 16
unique: 26, opcode: GETATTR (3), nodeid: 2, insize: 56, pid: 12881
getattr /onefile.txt
   unique: 26, success, outsize: 120
unique: 28, opcode: STATFS (17), nodeid: 1, insize: 40, pid: 12881
statfs /
   unique: 28, success, outsize: 96
FUSE library version: 2.9.9
nullpath_ok: 0
nopath: 0
utime_omit_ok: 0
unique: 2, opcode: INIT (26), nodeid: 0, insize: 56, pid: 0
INIT: 7.34
flags=0x33fffffb
max_readahead=0x00020000
   INIT: 7.19
   flags=0x00000011
   max_readahead=0x00020000
   max_write=0x00001000
   max_background=0
   congestion_threshold=0
   unique: 2, success, outsize: 40
unique: 4, opcode: GETATTR (3), nodeid: 1, insize: 56, pid: 12383
getattr /
   unique: 4, success, outsize: 120
unique: 6, opcode: ACCESS (34), nodeid: 1, insize: 48, pid: 11887
   unique: 6, error: -38 (Function not implemented), outsize: 16
unique: 8, opcode: STATFS (17), nodeid: 1, insize: 40, pid: 12385
statfs /
   unique: 8, success, outsize: 96
unique: 10, opcode: LOOKUP (1), nodeid: 1, insize: 52, pid: 12385
LOOKUP /onefile.txt
getattr /onefile.txt
   NODEID: 2
   unique: 10, success, outsize: 144
unique: 12, opcode: OPEN (14), nodeid: 2, insize: 48, pid: 12385
   unique: 12, success, outsize: 32
unique: 14, opcode: IOCTL (39), nodeid: 2, insize: 72, pid: 12385
   unique: 14, success, outsize: 32
unique: 16, opcode: IOCTL (39), nodeid: 2, insize: 72, pid: 12385
   unique: 16, success, outsize: 32
unique: 18, opcode: GETXATTR (22), nodeid: 2, insize: 68, pid: 12385
   unique: 18, error: -38 (Function not implemented), outsize: 16
unique: 20, opcode: WRITE (16), nodeid: 2, insize: 126, pid: 12385
write[0] 46 bytes to 35 flags: 0x8401
   write[0] 46 bytes to 35
   unique: 20, success, outsize: 24
unique: 22, opcode: FLUSH (25), nodeid: 2, insize: 64, pid: 12385
   unique: 22, error: -38 (Function not implemented), outsize: 16
unique: 24, opcode: RELEASE (18), nodeid: 2, insize: 64, pid: 0
   unique: 24, success, outsize: 16
unique: 26, opcode: GETATTR (3), nodeid: 2, insize: 56, pid: 12385
getattr /onefile.txt
   unique: 26, success, outsize: 120
unique: 28, opcode: STATFS (17), nodeid: 1, insize: 40, pid: 12385
statfs /
   unique: 28, success, outsize: 96
FUSE library version: 2.9.9
nullpath_ok: 0
nopath: 0
utime_omit_ok: 0
unique: 2, opcode: INIT (26), nodeid: 0, insize: 56, pid: 0
INIT: 7.34
flags=0x33fffffb
max_readahead=0x00020000
   INIT: 7.19
   flags=0x00000011
   max_readahead=0x00020000
   max_write=0x00001000
   max_background=0
   congestion_threshold=0
   unique: 2, success, outsize: 40
unique: 4, opcode: GETATTR (3), nodeid: 1, insize: 56, pid: 37824
getattr /
   unique: 4, success, outsize: 120
unique: 6, opcode: ACCESS (34), nodeid: 1, insize: 48, pid: 37326
   unique: 6, error: -38 (Function not implemented), outsize: 16
unique: 8, opcode: STATFS (17), nodeid: 1, insize: 40, pid: 37826
statfs /
   unique: 8, success, outsize: 96
unique: 10, opcode: LOOKUP (1), nodeid: 1, insize: 52, pid: 37826
LOOKUP /onefile.txt
getattr /onefile.txt
   NODEID: 2
   unique: 10, success, outsize: 144
unique: 12, opcode: OPEN (14), nodeid: 2, insize: 48, pid: 37826
   unique: 12, success, outsize: 32
unique: 14, opcode: IOCTL (39), nodeid: 2, insize: 72, pid: 37826
   unique: 14, success, outsize: 32
unique: 16, opcode: IOCTL (39), nodeid: 2, insize: 72, pid: 37826
   unique: 16, success, outsize: 32
unique: 18, opcode: GETXATTR (22), nodeid: 2, insize: 68, pid: 37826
   unique: 18, error: -38 (Function not implemented), outsize: 16
unique: 20, opcode: WRITE (16), nodeid: 2, insize: 126, pid: 37826
write[0] 46 bytes to 35 flags: 0x8401
   write[0] 46 bytes to 35
   unique: 20, success, outsize: 24
unique: 22, opcode: FLUSH (25), nodeid: 2, insize: 64, pid: 37826
   unique: 22, error: -38 (Function not implemented), outsize: 16
unique: 24, opcode: RELEASE (18), nodeid: 2, insize: 64, pid: 0
   unique: 24, success, outsize: 16
unique: 26, opcode: GETATTR (3), nodeid: 2, insize: 56, pid: 37826
getattr /onefile.txt
   unique: 26, success, outsize: 120
unique: 28, opcode: STATFS (17), nodeid: 1, insize: 40, pid: 37826
statfs /
   unique: 28, success, outsize: 96
FUSE library version: 2.9.9
nullpath_ok: 0
nopath: 0
utime_omit_ok: 0
unique: 2, opcode: INIT (26), nodeid: 0, insize: 56, pid: 0
INIT: 7.34
flags=0x33fffffb
max_readahead=0x00020000
   INIT: 7.19
   flags=0x00000011
   max_readahead=0x00020000
   max_write=0x00001000
   max_background=0
   congestion_threshold=0
   unique: 2, success, outsize: 40
unique: 4, opcode: GETATTR (3), nodeid: 1, insize: 56, pid: 41481
getattr /
   unique: 4, success, outsize: 120
unique: 6, opcode: ACCESS (34), nodeid: 1, insize: 48, pid: 40782
   unique: 6, error: -38 (Function not implemented), outsize: 16
unique: 8, opcode: STATFS (17), nodeid: 1, insize: 40, pid: 41483
statfs /
   unique: 8, success, outsize: 96
unique: 10, opcode: LOOKUP (1), nodeid: 1, insize: 52, pid: 41483
LOOKUP /onefile.txt
getattr /onefile.txt
   NODEID: 2
   unique: 10, success, outsize: 144
unique: 12, opcode: OPEN (14), nodeid: 2, insize: 48, pid: 41483
   unique: 12, success, outsize: 32
unique: 14, opcode: IOCTL (39), nodeid: 2, insize: 72, pid: 41483
   unique: 14, success, outsize: 32
unique: 16, opcode: IOCTL (39), nodeid: 2, insize: 72, pid: 41483
   unique: 16, success, outsize: 32
unique: 18, opcode: GETXATTR (22), nodeid: 2, insize: 68, pid: 41483
   unique: 18, error: -38 (Function not implemented), outsize: 16
unique: 20, opcode: WRITE (16), nodeid: 2, insize: 126, pid: 41483
write[0] 46 bytes to 35 flags: 0x8401
   write[0] 46 bytes to 35
   unique: 20, success, outsize: 24
unique: 22, opcode: FLUSH (25), nodeid: 2, insize: 64, pid: 41483
   unique: 22, error: -38 (Function not implemented), outsize: 16
unique: 24, opcode: RELEASE (18), nodeid: 2, insize: 64, pid: 0
   unique: 24, success, outsize: 16
unique: 26, opcode: GETATTR (3), nodeid: 2, insize: 56, pid: 41483
getattr /onefile.txt
   unique: 26, success, outsize: 120
unique: 28, opcode: STATFS (17), nodeid: 1, insize: 40, pid: 41483
statfs /
   unique: 28, success, outsize: 96
FUSE library version: 2.9.9
nullpath_ok: 0
nopath: 0
utime_omit_ok: 0
unique: 2, opcode: INIT (26), nodeid: 0, insize: 56, pid: 0
INIT: 7.34
flags=0x33fffffb
max_readahead=0x00020000
   INIT: 7.19
   flags=0x00000011
   max_readahead=0x00020000
   max_write=0x00001000
   max_background=0
   congestion_threshold=0
   unique: 2, success, outsize: 40
unique: 4, opcode: GETATTR (3), nodeid: 1, insize: 56, pid: 5739
getattr /
   unique: 4, success, outsize: 120
unique: 6, opcode: ACCESS (34), nodeid: 1, insize: 48, pid: 5358
   unique: 6, error: -38 (Function not implemented), outsize: 16
unique: 8, opcode: STATFS (17), nodeid: 1, insize: 40, pid: 5741
statfs /
   unique: 8, success, outsize: 96
unique: 10, opcode: LOOKUP (1), nodeid: 1, insize: 52, pid: 5741
LOOKUP /onefile.txt
getattr /onefile.txt
   NODEID: 2
   unique: 10, success, outsize: 144
unique: 12, opcode: OPEN (14), nodeid: 2, insize: 48, pid: 5741
   unique: 12, success, outsize: 32
unique: 14, opcode: IOCTL (39), nodeid: 2, insize: 72, pid: 5741
   unique: 14, success, outsize: 32
unique: 16, opcode: IOCTL (39), nodeid: 2, insize: 72, pid: 5741
   unique: 16, success, outsize: 32
unique: 18, opcode: GETXATTR (22), nodeid: 2, insize: 68, pid: 5741
   unique: 18, error: -38 (Function not implemented), outsize: 16
unique: 20, opcode: WRITE (16), nodeid: 2, insize: 126, pid: 5741
write[0] 46 bytes to 35 flags: 0x8401
   write[0] 46 bytes to 35
   unique: 20, success, outsize: 24
unique: 22, opcode: FLUSH (25), nodeid: 2, insize: 64, pid: 5741
   unique: 22, error: -38 (Function not implemented), outsize: 16
unique: 24, opcode: RELEASE (18), nodeid: 2, insize: 64, pid: 0
   unique: 24, success, outsize: 16
unique: 26, opcode: GETATTR (3), nodeid: 2, insize: 56, pid: 5741
getattr /onefile.txt
   unique: 26, success, outsize: 120
unique: 28, opcode: STATFS (17), nodeid: 1, insize: 40, pid: 5741
statfs /
   unique: 28, success, outsize: 96
FUSE library version: 2.9.9
nullpath_ok: 0
nopath: 0
utime_omit_ok: 0
unique: 2, opcode: INIT (26), nodeid: 0, insize: 56, pid: 0
INIT: 7.34
flags=0x33fffffb
max_readahead=0x00020000
   INIT: 7.19
   flags=0x00000011
   max_readahead=0x00020000
   max_write=0x00001000
   max_background=0
   congestion_threshold=0
   unique: 2, success, outsize: 40
unique: 4, opcode: GETATTR (3), nodeid: 1, insize: 56, pid: 7227
getattr /
   unique: 4, success, outsize: 120
unique: 6, opcode: ACCESS (34), nodeid: 1, insize: 48, pid: 6841
   unique: 6, error: -38 (Function not implemented), outsize: 16
unique: 8, opcode: STATFS (17), nodeid: 1, insize: 40, pid: 7229
statfs /
   unique: 8, success, outsize: 96
unique: 10, opcode: LOOKUP (1), nodeid: 1, insize: 52, pid: 7229
LOOKUP /onefile.txt
getattr /onefile.txt
   NODEID: 2
   unique: 10, success, outsize: 144
unique: 12, opcode: OPEN (14), nodeid: 2, insize: 48, pid: 7229
   unique: 12, success, outsize: 32
unique: 14, opcode: IOCTL (39), nodeid: 2, insize: 72, pid: 7229
   unique: 14, success, outsize: 32
unique: 16, opcode: IOCTL (39), nodeid: 2, insize: 72, pid: 7229
   unique: 16, success, outsize: 32
unique: 18, opcode: GETXATTR (22), nodeid: 2, insize: 68, pid: 7229
   unique: 18, error: -38 (Function not implemented), outsize: 16
unique: 20, opcode: WRITE (16), nodeid: 2, insize: 126, pid: 7229
write[0] 46 bytes to 35 flags: 0x8401
   write[0] 46 bytes to 35
   unique: 20, success, outsize: 24
unique: 22, opcode: FLUSH (25), nodeid: 2, insize: 64, pid: 7229
   unique: 22, error: -38 (Function not implemented), outsize: 16
unique: 24, opcode: RELEASE (18), nodeid: 2, insize: 64, pid: 0
   unique: 24, success, outsize: 16
unique: 26, opcode: GETATTR (3), nodeid: 2, insize: 56, pid: 7229
getattr /onefile.txt
   unique: 26, success, outsize: 120
unique: 28, opcode: STATFS (17), nodeid: 1, insize: 40, pid: 7229
statfs /
   unique: 28, success, outsize: 96
FUSE library version: 2.9.9
nullpath_ok: 0
nopath: 0
utime_omit_ok: 0
unique: 2, opcode: INIT (26), nodeid: 0, insize: 56, pid: 0
INIT: 7.34
flags=0x33fffffb
max_readahead=0x00020000
   INIT: 7.19
   flags=0x00000011
   max_readahead=0x00020000
   max_write=0x00001000
   max_background=0
   congestion_threshold=0
   unique: 2, success, outsize: 40
unique: 4, opcode: GETATTR (3), nodeid: 1, insize: 56, pid: 32054
getattr /
   unique: 4, success, outsize: 120
unique: 6, opcode: ACCESS (34), nodeid: 1, insize: 48, pid: 31566
   unique: 6, error: -38 (Function not implemented), outsize: 16
unique: 8, opcode: STATFS (17), nodeid: 1, insize: 40, pid: 32056
statfs /
   unique: 8, success, outsize: 96
unique: 10, opcode: LOOKUP (1), nodeid: 1, insize: 52, pid: 32056
LOOKUP /onefile.txt
getattr /onefile.txt
   NODEID: 2
   unique: 10, success, outsize: 144
unique: 12, opcode: OPEN (14), nodeid: 2, insize: 48, pid: 32056
   unique: 12, success, outsize: 32
unique: 14, opcode: IOCTL (39), nodeid: 2, insize: 72, pid: 32056
   unique: 14, success, outsize: 32
unique: 16, opcode: IOCTL (39), nodeid: 2, insize: 72, pid: 32056
   unique: 16, success, outsize: 32
unique: 18, opcode: GETXATTR (22), nodeid: 2, insize: 68, pid: 32056
   unique: 18, error: -38 (Function not implemented), outsize: 16
unique: 20, opcode: WRITE (16), nodeid: 2, insize: 126, pid: 32056
write[0] 46 bytes to 35 flags: 0x8401
   write[0] 46 bytes to 35
   unique: 20, success, outsize: 24
unique: 22, opcode: FLUSH (25), nodeid: 2, insize: 64, pid: 32056
   unique: 22, error: -38 (Function not implemented), outsize: 16
unique: 24, opcode: RELEASE (18), nodeid: 2, insize: 64, pid: 0
   unique: 24, success, outsize: 16
unique: 26, opcode: GETATTR (3), nodeid: 2, insize: 56, pid: 32056
getattr /onefile.txt
   unique: 26, success, outsize: 120
unique: 28, opcode: STATFS (17), nodeid: 1, insize: 40, pid: 32056
statfs /
   unique: 28, success, outsize: 96
FUSE library version: 2.9.9
nullpath_ok: 0
nopath: 0
utime_omit_ok: 0
unique: 2, opcode: INIT (26), nodeid: 0, insize: 56, pid: 0
INIT: 7.34
flags=0x33fffffb
max_readahead=0x00020000
   INIT: 7.19
   flags=0x00000011
   max_readahead=0x00020000
   max_write=0x00001000
   max_background=0
   congestion_threshold=0
   unique: 2, success, outsize: 40
unique: 4, opcode: GETATTR (3), nodeid: 1, insize: 56, pid: 27808
getattr /
   unique: 4, success, outsize: 120
unique: 6, opcode: ACCESS (34), nodeid: 1, insize: 48, pid: 27151
   unique: 6, error: -38 (Function not implemented), outsize: 16
unique: 8, opcode: STATFS (17), nodeid: 1, insize: 40, pid: 27810
statfs /
   unique: 8, success, outsize: 96
unique: 10, opcode: LOOKUP (1), nodeid: 1, insize: 52, pid: 27810
LOOKUP /onefile.txt
getattr /onefile.txt
   NODEID: 2
   unique: 10, success, outsize: 144
unique: 12, opcode: OPEN (14), nodeid: 2, insize: 48, pid: 27810
   unique: 12, success, outsize: 32
unique: 14, opcode: IOCTL (39), nodeid: 2, insize: 72, pid: 27810
   unique: 14, success, outsize: 32
unique: 16, opcode: IOCTL (39), nodeid: 2, insize: 72, pid: 27810
   unique: 16, success, outsize: 32
unique: 18, opcode: GETXATTR (22), nodeid: 2, insize: 68, pid: 27810
   unique: 18, error: -38 (Function not implemented), outsize: 16
unique: 20, opcode: WRITE (16), nodeid: 2, insize: 126, pid: 27810
write[0] 46 bytes to 35 flags: 0x8401
   write[0] 46 bytes to 35
   unique: 20, success, outsize: 24
unique: 22, opcode: FLUSH (25), nodeid: 2, insize: 64, pid: 27810
   unique: 22, error: -38 (Function not implemented), outsize: 16
unique: 24, opcode: RELEASE (18), nodeid: 2, insize: 64, pid: 0
   unique: 24, success, outsize: 16
unique: 26, opcode: GETATTR (3), nodeid: 2, insize: 56, pid: 27810
getattr /onefile.txt
   unique: 26, success, outsize: 120
unique: 28, opcode: STATFS (17), nodeid: 1, insize: 40, pid: 27810
statfs /
   unique: 28, success, outsize: 96
FUSE library version: 2.9.9
nullpath_ok: 0
nopath: 0
utime_omit_ok: 0
unique: 2, opcode: INIT (26), nodeid: 0, insize: 56, pid: 0
INIT: 7.34
flags=0x33fffffb
max_readahead=0x00020000
   INIT: 7.19
   flags=0x00000011
   max_readahead=0x00020000
   max_write=0x00001000
   max_background=0
   congestion_threshold=0
   unique: 2, success, outsize: 40
unique: 4, opcode: GETATTR (3), nodeid: 1, insize: 56, pid: 33663
getattr /
   unique: 4, success, outsize: 120
unique: 6, opcode: ACCESS (34), nodeid: 1, insize: 48, pid: 33049
   unique: 6, error: -38 (Function not implemented), outsize: 16
unique: 8, opcode: STATFS (17), nodeid: 1, insize: 40, pid: 33665
statfs /
   unique: 8, success, outsize: 96
unique: 10, opcode: LOOKUP (1), nodeid: 1, insize: 52, pid: 33665
LOOKUP /onefile.txt
getattr /onefile.txt
   NODEID: 2
   unique: 10, success, outsize: 144
unique: 12, opcode: OPEN (14), nodeid: 2, insize: 48, pid: 33665
   unique: 12, success, outsize: 32
unique: 14, opcode: IOCTL (39), nodeid: 2, insize: 72, pid: 33665
   unique: 14, success, outsize: 32
unique: 16, opcode: IOCTL (39), nodeid: 2, insize: 72, pid: 33665
   unique: 16, success, outsize: 32
unique: 18, opcode: GETXATTR (22), nodeid: 2, insize: 68, pid: 33665
   unique: 18, error: -38 (Function not implemented), outsize: 16
unique: 20, opcode: WRITE (16), nodeid: 2, insize: 126, pid: 33665
write[0] 46 bytes to 35 flags: 0x8401
   write[0] 46 bytes to 35
   unique: 20, success, outsize: 24
unique: 22, opcode: FLUSH (25), nodeid: 2, insize: 64, pid: 33665
   unique: 22, error: -38 (Function not implemented), outsize: 16
unique: 24, opcode: RELEASE (18), nodeid: 2, insize: 64, pid: 0
   unique: 24, success, outsize: 16
unique: 26, opcode: GETATTR (3), nodeid: 2, insize: 56, pid: 33665
getattr /onefile.txt
   unique: 26, success, outsize: 120
unique: 28, opcode: STATFS (17), nodeid: 1, insize: 40, pid: 33665
statfs /
   unique: 28, success, outsize: 96
FUSE library version: 2.9.9
nullpath_ok: 0
nopath: 0
utime_omit_ok: 0
unique: 2, opcode: INIT (26), nodeid: 0, insize: 56, pid: 0
INIT: 7.34
flags=0x33fffffb
max_readahead=0x00020000
   INIT: 7.19
   flags=0x00000011
   max_readahead=0x00020000
   max_write=0x00001000
   max_background=0
   congestion_threshold=0
   unique: 2, success, outsize: 40
unique: 4, opcode: GETATTR (3), nodeid: 1, insize: 56, pid: 35592
getattr /
   unique: 4, success, outsize: 120
unique: 6, opcode: ACCESS (34), nodeid: 1, insize: 48, pid: 35202
   unique: 6, error: -38 (Function not implemented), outsize: 16
unique: 8, opcode: STATFS (17), nodeid: 1, insize: 40, pid: 35594
statfs /
   unique: 8, success, outsize: 96
unique: 10, opcode: LOOKUP (1), nodeid: 1, insize: 52, pid: 35594
LOOKUP /onefile.txt
getattr /onefile.txt
   NODEID: 2
   unique: 10, success, outsize: 144
unique: 12, opcode: OPEN (14), nodeid: 2, insize: 48, pid: 35594
   unique: 12, success, outsize: 32
unique: 14, opcode: IOCTL (39), nodeid: 2, insize: 72, pid: 35594
   unique: 14, success, outsize: 32
unique: 16, opcode: IOCTL (39), nodeid: 2, insize: 72, pid: 35594
   unique: 16, success, outsize: 32
unique: 18, opcode: GETXATTR (22), nodeid: 2, insize: 68, pid: 35594
   unique: 18, error: -38 (Function not implemented), outsize: 16
unique: 20, opcode: WRITE (16), nodeid: 2, insize: 126, pid: 35594
write[0] 46 bytes to 35 flags: 0x8401
   write[0] 46 bytes to 35
   unique: 20, success, outsize: 24
unique: 22, opcode: FLUSH (25), nodeid: 2, insize: 64, pid: 35594
   unique: 22, error: -38 (Function not implemented), outsize: 16
unique: 24, opcode: RELEASE (18), nodeid: 2, insize: 64, pid: 0
   unique: 24, success, outsize: 16
unique: 26, opcode: GETATTR (3), nodeid: 2, insize: 56, pid: 35594
getattr /onefile.txt
   unique: 26, success, outsize: 120
unique: 28, opcode: STATFS (17), nodeid: 1, insize: 40, pid: 35594
statfs /
   unique: 28, success, outsize: 96
FUSE library version: 2.9.9
nullpath_ok: 0
nopath: 0
utime_omit_ok: 0
unique: 2, opcode: INIT (26), nodeid: 0, insize: 56, pid: 0
INIT: 7.34
flags=0x33fffffb
max_readahead=0x00020000
   INIT: 7.19
   flags=0x00000011
   max_readahead=0x00020000
   max_write=0x00001000
   max_background=0
   congestion_threshold=0
   unique: 2, success, outsize: 40
unique: 4, opcode: GETATTR (3), nodeid: 1, insize: 56, pid: 53628
getattr /
   unique: 4, success, outsize: 120
unique: 6, opcode: ACCESS (34), nodeid: 1, insize: 48, pid: 53252
   unique: 6, error: -38 (Function not implemented), outsize: 16
unique: 8, opcode: STATFS (17), nodeid: 1, insize: 40, pid: 53630
statfs /
   unique: 8, success, outsize: 96
unique: 10, opcode: LOOKUP (1), nodeid: 1, insize: 52, pid: 53630
LOOKUP /onefile.txt
getattr /onefile.txt
   NODEID: 2
   unique: 10, success, outsize: 144
unique: 12, opcode: OPEN (14), nodeid: 2, insize: 48, pid: 53630
   unique: 12, success, outsize: 32
unique: 14, opcode: IOCTL (39), nodeid: 2, insize: 72, pid: 53630
   unique: 14, success, outsize: 32
unique: 16, opcode: IOCTL (39), nodeid: 2, insize: 72, pid: 53630
   unique: 16, success, outsize: 32
unique: 18, opcode: GETXATTR (22), nodeid: 2, insize: 68, pid: 53630
   unique: 18, error: -38 (Function not implemented), outsize: 16
unique: 20, opcode: WRITE (16), nodeid: 2, insize: 126, pid: 53630
write[0] 46 bytes to 35 flags: 0x8401
   write[0] 46 bytes to 35
   unique: 20, success, outsize: 24
unique: 22, opcode: FLUSH (25), nodeid: 2, insize: 64, pid: 53630
   unique: 22, error: -38 (Function not implemented), outsize: 16
unique: 24, opcode: RELEASE (18), nodeid: 2, insize: 64, pid: 0
   unique: 24, success, outsize: 16
unique: 26, opcode: GETATTR (3), nodeid: 2, insize: 56, pid: 53630
getattr /onefile.txt
   unique: 26, success, outsize: 120
unique: 28, opcode: STATFS (17), nodeid: 1, insize: 40, pid: 53630
statfs /
   unique: 28, success, outsize: 96
FUSE library version: 2.9.9
nullpath_ok: 0
nopath: 0
utime_omit_ok: 0
unique: 2, opcode: INIT (26), nodeid: 0, insize: 56, pid: 0
INIT: 7.34
flags=0x33fffffb
max_readahead=0x00020000
   INIT: 7.19
   flags=0x00000011
   max_readahead=0x00020000
   max_write=0x00001000
   max_background=0
   congestion_threshold=0
   unique: 2, success, outsize: 40
unique: 4, opcode: GETATTR (3), nodeid: 1, insize: 56, pid: 62654
getattr /
   unique: 4, success, outsize: 120
unique: 6, opcode: ACCESS (34), nodeid: 1, insize: 48, pid: 61884
   unique: 6, error: -38 (Function not implemented), outsize: 16
unique: 8, opcode: STATFS (17), nodeid: 1, insize: 40, pid: 62656
statfs /
   unique: 8, success, outsize: 96
unique: 10, opcode: LOOKUP (1), nodeid: 1, insize: 52, pid: 62656
LOOKUP /onefile.txt
getattr /onefile.txt
   NODEID: 2
   unique: 10, success, outsize: 144
unique: 12, opcode: OPEN (14), nodeid: 2, insize: 48, pid: 62656
   unique: 12, success, outsize: 32
unique: 14, opcode: IOCTL (39), nodeid: 2, insize: 72, pid: 62656
   unique: 14, success, outsize: 32
unique: 16, opcode: IOCTL (39), nodeid: 2, insize: 72, pid: 62656
   unique: 16, success, outsize: 32
unique: 18, opcode: GETXATTR (22), nodeid: 2, insize: 68, pid: 62656
   unique: 18, error: -38 (Function not implemented), outsize: 16
unique: 20, opcode: WRITE (16), nodeid: 2, insize: 126, pid: 62656
write[0] 46 bytes to 35 flags: 0x8401
   write[0] 46 bytes to 35
   unique: 20, success, outsize: 24
unique: 22, opcode: FLUSH (25), nodeid: 2, insize: 64, pid: 62656
   unique: 22, error: -38 (Function not implemented), outsize: 16
unique: 24, opcode: RELEASE (18), nodeid: 2, insize: 64, pid: 0
   unique: 24, success, outsize: 16
unique: 26, opcode: GETATTR (3), nodeid: 2, insize: 56, pid: 62656
getattr /onefile.txt
   unique: 26, success, outsize: 120
unique: 28, opcode: STATFS (17), nodeid: 1, insize: 40, pid: 62656
statfs /
   unique: 28, success, outsize: 96
FUSE library version: 2.9.9
nullpath_ok: 0
nopath: 0
utime_omit_ok: 0
unique: 2, opcode: INIT (26), nodeid: 0, insize: 56, pid: 0
INIT: 7.34
flags=0x33fffffb
max_readahead=0x00020000
   INIT: 7.19
   flags=0x00000011
   max_readahead=0x00020000
   max_write=0x00001000
   max_background=0
   congestion_threshold=0
   unique: 2, success, outsize: 40
unique: 4, opcode: GETATTR (3), nodeid: 1, insize: 56, pid: 5512
getattr /
   unique: 4, success, outsize: 120
unique: 6, opcode: ACCESS (34), nodeid: 1, insize: 48, pid: 4901
   unique: 6, error: -38 (Function not implemented), outsize: 16
unique: 8, opcode: STATFS (17), nodeid: 1, insize: 40, pid: 5514
statfs /
   unique: 8, success, outsize: 96
unique: 10, opcode: LOOKUP (1), nodeid: 1, insize: 52, pid: 5514
LOOKUP /onefile.txt
getattr /onefile.txt
   NODEID: 2
   unique: 10, success, outsize: 144
unique: 12, opcode: OPEN (14), nodeid: 2, insize: 48, pid: 5514
   unique: 12, success, outsize: 32
unique: 14, opcode: IOCTL (39), nodeid: 2, insize: 72, pid: 5514
   unique: 14, success, outsize: 32
unique: 16, opcode: IOCTL (39), nodeid: 2, insize: 72, pid: 5514
   unique: 16, success, outsize: 32
unique: 18, opcode: GETXATTR (22), nodeid: 2, insize: 68, pid: 5514
   unique: 18, error: -38 (Function not implemented), outsize: 16
unique: 20, opcode: WRITE (16), nodeid: 2, insize: 126, pid: 5514
write[0] 46 bytes to 35 flags: 0x8401
   write[0] 46 bytes to 35
   unique: 20, success, outsize: 24
unique: 22, opcode: FLUSH (25), nodeid: 2, insize: 64, pid: 5514
   unique: 22, error: -38 (Function not implemented), outsize: 16
unique: 24, opcode: RELEASE (18), nodeid: 2, insize: 64, pid: 0
   unique: 24, success, outsize: 16
unique: 26, opcode: GETATTR (3), nodeid: 2, insize: 56, pid: 5514
getattr /onefile.txt
   unique: 26, success, outsize: 120
unique: 28, opcode: STATFS (17), nodeid: 1, insize: 40, pid: 5514
statfs /
   unique: 28, success, outsize: 96
FUSE library version: 2.9.9
nullpath_ok: 0
nopath: 0
utime_omit_ok: 0
unique: 2, opcode: INIT (26), nodeid: 0, insize: 56, pid: 0
INIT: 7.34
flags=0x33fffffb
max_readahead=0x00020000
   INIT: 7.19
   flags=0x00000011
   max_readahead=0x00020000
   max_write=0x00001000
   max_background=0
   congestion_threshold=0
   unique: 2, success, outsize: 40
unique: 4, opcode: GETATTR (3), nodeid: 1, insize: 56, pid: 8461
getattr /
   unique: 4, success, outsize: 120
unique: 6, opcode: ACCESS (34), nodeid: 1, insize: 48, pid: 8005
   unique: 6, error: -38 (Function not implemented), outsize: 16
unique: 8, opcode: STATFS (17), nodeid: 1, insize: 40, pid: 8464
statfs /
   unique: 8, success, outsize: 96
unique: 10, opcode: LOOKUP (1), nodeid: 1, insize: 52, pid: 8464
LOOKUP /onefile.txt
getattr /onefile.txt
   NODEID: 2
   unique: 10, success, outsize: 144
unique: 12, opcode: OPEN (14), nodeid: 2, insize: 48, pid: 8464
   unique: 12, success, outsize: 32
unique: 14, opcode: IOCTL (39), nodeid: 2, insize: 72, pid: 8464
   unique: 14, success, outsize: 32
unique: 16, opcode: IOCTL (39), nodeid: 2, insize: 72, pid: 8464
   unique: 16, success, outsize: 32
unique: 18, opcode: GETXATTR (22), nodeid: 2, insize: 68, pid: 8464
   unique: 18, error: -38 (Function not implemented), outsize: 16
unique: 20, opcode: WRITE (16), nodeid: 2, insize: 126, pid: 8464
write[0] 46 bytes to 35 flags: 0x8401
   write[0] 46 bytes to 35
   unique: 20, success, outsize: 24
unique: 22, opcode: FLUSH (25), nodeid: 2, insize: 64, pid: 8464
   unique: 22, error: -38 (Function not implemented), outsize: 16
unique: 24, opcode: RELEASE (18), nodeid: 2, insize: 64, pid: 0
   unique: 24, success, outsize: 16
unique: 26, opcode: GETATTR (3), nodeid: 2, insize: 56, pid: 8464
getattr /onefile.txt
   unique: 26, success, outsize: 120
unique: 28, opcode: STATFS (17), nodeid: 1, insize: 40, pid: 8464
statfs /
   unique: 28, success, outsize: 96
FUSE library version: 2.9.9
nullpath_ok: 0
nopath: 0
utime_omit_ok: 0
unique: 2, opcode: INIT (26), nodeid: 0, insize: 56, pid: 0
INIT: 7.34
flags=0x33fffffb
max_readahead=0x00020000
   INIT: 7.19
   flags=0x00000011
   max_readahead=0x00020000
   max_write=0x00001000
   max_background=0
   congestion_threshold=0
   unique: 2, success, outsize: 40
unique: 4, opcode: GETATTR (3), nodeid: 1, insize: 56, pid: 40040
getattr /
   unique: 4, success, outsize: 120
unique: 6, opcode: ACCESS (34), nodeid: 1, insize: 48, pid: 39638
   unique: 6, error: -38 (Function not implemented), outsize: 16
unique: 8, opcode: STATFS (17), nodeid: 1, insize: 40, pid: 40042
statfs /
   unique: 8, success, outsize: 96
unique: 10, opcode: LOOKUP (1), nodeid: 1, insize: 52, pid: 40042
LOOKUP /onefile.txt
getattr /onefile.txt
   NODEID: 2
   unique: 10, success, outsize: 144
unique: 12, opcode: OPEN (14), nodeid: 2, insize: 48, pid: 40042
   unique: 12, success, outsize: 32
unique: 14, opcode: IOCTL (39), nodeid: 2, insize: 72, pid: 40042
   unique: 14, success, outsize: 32
unique: 16, opcode: IOCTL (39), nodeid: 2, insize: 72, pid: 40042
   unique: 16, success, outsize: 32
unique: 18, opcode: GETXATTR (22), nodeid: 2, insize: 68, pid: 40042
   unique: 18, error: -38 (Function not implemented), outsize: 16
unique: 20, opcode: WRITE (16), nodeid: 2, insize: 126, pid: 40042
write[0] 46 bytes to 35 flags: 0x8401
   write[0] 46 bytes to 35
   unique: 20, success, outsize: 24
unique: 22, opcode: FLUSH (25), nodeid: 2, insize: 64, pid: 40042
   unique: 22, error: -38 (Function not implemented), outsize: 16
unique: 24, opcode: RELEASE (18), nodeid: 2, insize: 64, pid: 0
   unique: 24, success, outsize: 16
unique: 26, opcode: GETATTR (3), nodeid: 2, insize: 56, pid: 40042
getattr /onefile.txt
   unique: 26, success, outsize: 120
unique: 28, opcode: STATFS (17), nodeid: 1, insize: 40, pid: 40042
statfs /
   unique: 28, success, outsize: 96
FUSE library version: 2.9.9
nullpath_ok: 0
nopath: 0
utime_omit_ok: 0
unique: 2, opcode: INIT (26), nodeid: 0, insize: 56, pid: 0
INIT: 7.34
flags=0x33fffffb
max_readahead=0x00020000
   INIT: 7.19
   flags=0x00000011
   max_readahead=0x00020000
   max_write=0x00001000
   max_background=0
   congestion_threshold=0
   unique: 2, success, outsize: 40
unique: 4, opcode: GETATTR (3), nodeid: 1, insize: 56, pid: 5101
getattr /
   unique: 4, success, outsize: 120
unique: 6, opcode: ACCESS (34), nodeid: 1, insize: 48, pid: 4690
   unique: 6, error: -38 (Function not implemented), outsize: 16
unique: 8, opcode: STATFS (17), nodeid: 1, insize: 40, pid: 5103
statfs /
   unique: 8, success, outsize: 96
unique: 10, opcode: LOOKUP (1), nodeid: 1, insize: 52, pid: 5103
LOOKUP /onefile.txt
getattr /onefile.txt
   NODEID: 2
   unique: 10, success, outsize: 144
unique: 12, opcode: OPEN (14), nodeid: 2, insize: 48, pid: 5103
   unique: 12, success, outsize: 32
unique: 14, opcode: IOCTL (39), nodeid: 2, insize: 72, pid: 5103
   unique: 14, success, outsize: 32
unique: 16, opcode: IOCTL (39), nodeid: 2, insize: 72, pid: 5103
   unique: 16, success, outsize: 32
unique: 18, opcode: GETXATTR (22), nodeid: 2, insize: 68, pid: 5103
   unique: 18, error: -38 (Function not implemented), outsize: 16
unique: 20, opcode: WRITE (16), nodeid: 2, insize: 126, pid: 5103
write[0] 46 bytes to 35 flags: 0x8401
   write[0] 46 bytes to 35
   unique: 20, success, outsize: 24
unique: 22, opcode: FLUSH (25), nodeid: 2, insize: 64, pid: 5103
   unique: 22, error: -38 (Function not implemented), outsize: 16
unique: 24, opcode: RELEASE (18), nodeid: 2, insize: 64, pid: 0
   unique: 24, success, outsize: 16
unique: 26, opcode: GETATTR (3), nodeid: 2, insize: 56, pid: 5103
getattr /onefile.txt
   unique: 26, success, outsize: 120
unique: 28, opcode: STATFS (17), nodeid: 1, insize: 40, pid: 5103
statfs /
   unique: 28, success, outsize: 96
FUSE library version: 2.9.9
nullpath_ok: 0
nopath: 0
utime_omit_ok: 0
unique: 2, opcode: INIT (26), nodeid: 0, insize: 56, pid: 0
INIT: 7.34
flags=0x33fffffb
max_readahead=0x00020000
   INIT: 7.19
   flags=0x00000011
   max_readahead=0x00020000
   max_write=0x00001000
   max_background=0
   congestion_threshold=0
   unique: 2, success, outsize: 40
unique: 4, opcode: GETATTR (3), nodeid: 1, insize: 56, pid: 14457
getattr /
   unique: 4, success, outsize: 120
unique: 6, opcode: ACCESS (34), nodeid: 1, insize: 48, pid: 13666
   unique: 6, error: -38 (Function not implemented), outsize: 16
unique: 8, opcode: STATFS (17), nodeid: 1, insize: 40, pid: 14459
statfs /
   unique: 8, success, outsize: 96
unique: 10, opcode: LOOKUP (1), nodeid: 1, insize: 52, pid: 14459
LOOKUP /onefile.txt
getattr /onefile.txt
   NODEID: 2
   unique: 10, success, outsize: 144
unique: 12, opcode: OPEN (14), nodeid: 2, insize: 48, pid: 14459
   unique: 12, success, outsize: 32
unique: 14, opcode: IOCTL (39), nodeid: 2, insize: 72, pid: 14459
   unique: 14, success, outsize: 32
unique: 16, opcode: IOCTL (39), nodeid: 2, insize: 72, pid: 14459
   unique: 16, success, outsize: 32
unique: 18, opcode: GETXATTR (22), nodeid: 2, insize: 68, pid: 14459
   unique: 18, error: -38 (Function not implemented), outsize: 16
unique: 20, opcode: WRITE (16), nodeid: 2, insize: 126, pid: 14459
write[0] 46 bytes to 35 flags: 0x8401
   write[0] 46 bytes to 35
   unique: 20, success, outsize: 24
unique: 22, opcode: FLUSH (25), nodeid: 2, insize: 64, pid: 14459
   unique: 22, error: -38 (Function not implemented), outsize: 16
unique: 24, opcode: RELEASE (18), nodeid: 2, insize: 64, pid: 0
   unique: 24, success, outsize: 16
unique: 26, opcode: GETATTR (3), nodeid: 2, insize: 56, pid: 14459
getattr /onefile.txt
   unique: 26, success, outsize: 120
unique: 28, opcode: STATFS (17), nodeid: 1, insize: 40, pid: 14459
statfs /
   unique: 28, success, outsize: 96
FUSE library version: 2.9.9
nullpath_ok: 0
nopath: 0
utime_omit_ok: 0
unique: 2, opcode: INIT (26), nodeid: 0, insize: 56, pid: 0
INIT: 7.34
flags=0x33fffffb
max_readahead=0x00020000
   INIT: 7.19
   flags=0x00000011
   max_readahead=0x00020000
   max_write=0x00001000
   max_background=0
   congestion_threshold=0
   unique: 2, success, outsize: 40
unique: 4, opcode: GETATTR (3), nodeid: 1, insize: 56, pid: 20413
getattr /
   unique: 4, success, outsize: 120
unique: 6, opcode: ACCESS (34), nodeid: 1, insize: 48, pid: 19552
   unique: 6, error: -38 (Function not implemented), outsize: 16
unique: 8, opcode: STATFS (17), nodeid: 1, insize: 40, pid: 20415
statfs /
   unique: 8, success, outsize: 96
unique: 10, opcode: LOOKUP (1), nodeid: 1, insize: 52, pid: 20415
LOOKUP /onefile.txt
getattr /onefile.txt
   NODEID: 2
   unique: 10, success, outsize: 144
unique: 12, opcode: OPEN (14), nodeid: 2, insize: 48, pid: 20415
   unique: 12, success, outsize: 32
unique: 14, opcode: IOCTL (39), nodeid: 2, insize: 72, pid: 20415
   unique: 14, success, outsize: 32
unique: 16, opcode: IOCTL (39), nodeid: 2, insize: 72, pid: 20415
   unique: 16, success, outsize: 32
unique: 18, opcode: GETXATTR (22), nodeid: 2, insize: 68, pid: 20415
   unique: 18, error: -38 (Function not implemented), outsize: 16
unique: 20, opcode: WRITE (16), nodeid: 2, insize: 126, pid: 20415
write[0] 46 bytes to 35 flags: 0x8401
   write[0] 46 bytes to 35
   unique: 20, success, outsize: 24
unique: 22, opcode: FLUSH (25), nodeid: 2, insize: 64, pid: 20415
   unique: 22, error: -38 (Function not implemented), outsize: 16
unique: 24, opcode: RELEASE (18), nodeid: 2, insize: 64, pid: 0
   unique: 24, success, outsize: 16
unique: 26, opcode: GETATTR (3), nodeid: 2, insize: 56, pid: 20415
getattr /onefile.txt
   unique: 26, success, outsize: 120
unique: 28, opcode: STATFS (17), nodeid: 1, insize: 40, pid: 20415
statfs /
   unique: 28, success, outsize: 96
FUSE library version: 2.9.9
nullpath_ok: 0
nopath: 0
utime_omit_ok: 0
unique: 2, opcode: INIT (26), nodeid: 0, insize: 56, pid: 0
INIT: 7.34
flags=0x33fffffb
max_readahead=0x00020000
   INIT: 7.19
   flags=0x00000011
   max_readahead=0x00020000
   max_write=0x00001000
   max_background=0
   congestion_threshold=0
   unique: 2, success, outsize: 40
unique: 4, opcode: GETATTR (3), nodeid: 1, insize: 56, pid: 15846
getattr /
   unique: 4, success, outsize: 120
unique: 6, opcode: ACCESS (34), nodeid: 1, insize: 48, pid: 15450
   unique: 6, error: -38 (Function not implemented), outsize: 16
unique: 8, opcode: STATFS (17), nodeid: 1, insize: 40, pid: 15848
statfs /
   unique: 8, success, outsize: 96
unique: 10, opcode: LOOKUP (1), nodeid: 1, insize: 52, pid: 15848
LOOKUP /onefile.txt
getattr /onefile.txt
   NODEID: 2
   unique: 10, success, outsize: 144
unique: 12, opcode: OPEN (14), nodeid: 2, insize: 48, pid: 15848
   unique: 12, success, outsize: 32
unique: 14, opcode: IOCTL (39), nodeid: 2, insize: 72, pid: 15848
   unique: 14, success, outsize: 32
unique: 16, opcode: IOCTL (39), nodeid: 2, insize: 72, pid: 15848
   unique: 16, success, outsize: 32
unique: 18, opcode: GETXATTR (22), nodeid: 2, insize: 68, pid: 15848
   unique: 18, error: -38 (Function not implemented), outsize: 16
unique: 20, opcode: WRITE (16), nodeid: 2, insize: 126, pid: 15848
write[0] 46 bytes to 35 flags: 0x8401
   write[0] 46 bytes to 35
   unique: 20, success, outsize: 24
unique: 22, opcode: FLUSH (25), nodeid: 2, insize: 64, pid: 15848
   unique: 22, error: -38 (Function not implemented), outsize: 16
unique: 24, opcode: RELEASE (18), nodeid: 2, insize: 64, pid: 0
   unique: 24, success, outsize: 16
unique: 26, opcode: GETATTR (3), nodeid: 2, insize: 56, pid: 15848
getattr /onefile.txt
   unique: 26, success, outsize: 120
unique: 28, opcode: STATFS (17), nodeid: 1, insize: 40, pid: 15848
statfs /
   unique: 28, success, outsize: 96
FUSE library version: 2.9.9
nullpath_ok: 0
nopath: 0
utime_omit_ok: 0
unique: 2, opcode: INIT (26), nodeid: 0, insize: 56, pid: 0
INIT: 7.34
flags=0x33fffffb
max_readahead=0x00020000
   INIT: 7.19
   flags=0x00000011
   max_readahead=0x00020000
   max_write=0x00001000
   max_background=0
   congestion_threshold=0
   unique: 2, success, outsize: 40
unique: 4, opcode: GETATTR (3), nodeid: 1, insize: 56, pid: 33676
getattr /
   unique: 4, success, outsize: 120
unique: 6, opcode: ACCESS (34), nodeid: 1, insize: 48, pid: 33258
   unique: 6, error: -38 (Function not implemented), outsize: 16
unique: 8, opcode: STATFS (17), nodeid: 1, insize: 40, pid: 33678
statfs /
   unique: 8, success, outsize: 96
unique: 10, opcode: LOOKUP (1), nodeid: 1, insize: 52, pid: 33678
LOOKUP /onefile.txt
getattr /onefile.txt
   NODEID: 2
   unique: 10, success, outsize: 144
unique: 12, opcode: OPEN (14), nodeid: 2, insize: 48, pid: 33678
   unique: 12, success, outsize: 32
unique: 14, opcode: IOCTL (39), nodeid: 2, insize: 72, pid: 33678
   unique: 14, success, outsize: 32
unique: 16, opcode: IOCTL (39), nodeid: 2, insize: 72, pid: 33678
   unique: 16, success, outsize: 32
unique: 18, opcode: GETXATTR (22), nodeid: 2, insize: 68, pid: 33678
   unique: 18, error: -38 (Function not implemented), outsize: 16
unique: 20, opcode: WRITE (16), nodeid: 2, insize: 126, pid: 33678
write[0] 46 bytes to 35 flags: 0x8401
   write[0] 46 bytes to 35
   unique: 20, success, outsize: 24
unique: 22, opcode: FLUSH (25), nodeid: 2, insize: 64, pid: 33678
   unique: 22, error: -38 (Function not implemented), outsize: 16
unique: 24, opcode: RELEASE (18), nodeid: 2, insize: 64, pid: 0
   unique: 24, success, outsize: 16
unique: 26, opcode: GETATTR (3), nodeid: 2, insize: 56, pid: 33678
getattr /onefile.txt
   unique: 26, success, outsize: 120
unique: 28, opcode: STATFS (17), nodeid: 1, insize: 40, pid: 33678
statfs /
   unique: 28, success, outsize: 96
FUSE library version: 2.9.9
nullpath_ok: 0
nopath: 0
utime_omit_ok: 0
unique: 2, opcode: INIT (26), nodeid: 0, insize: 56, pid: 0
INIT: 7.34
flags=0x33fffffb
max_readahead=0x00020000
   INIT: 7.19
   flags=0x00000011
   max_readahead=0x00020000
   max_write=0x00001000
   max_background=0
   congestion_threshold=0
   unique: 2, success, outsize: 40
unique: 4, opcode: GETATTR (3), nodeid: 1, insize: 56, pid: 58052
getattr /
   unique: 4, success, outsize: 120
unique: 6, opcode: ACCESS (34), nodeid: 1, insize: 48, pid: 57345
   unique: 6, error: -38 (Function not implemented), outsize: 16
unique: 8, opcode: STATFS (17), nodeid: 1, insize: 40, pid: 58054
statfs /
   unique: 8, success, outsize: 96
unique: 10, opcode: LOOKUP (1), nodeid: 1, insize: 52, pid: 58054
LOOKUP /onefile.txt
getattr /onefile.txt
   NODEID: 2
   unique: 10, success, outsize: 144
unique: 12, opcode: OPEN (14), nodeid: 2, insize: 48, pid: 58054
   unique: 12, success, outsize: 32
unique: 14, opcode: IOCTL (39), nodeid: 2, insize: 72, pid: 58054
   unique: 14, success, outsize: 32
unique: 16, opcode: IOCTL (39), nodeid: 2, insize: 72, pid: 58054
   unique: 16, success, outsize: 32
unique: 18, opcode: GETXATTR (22), nodeid: 2, insize: 68, pid: 58054
   unique: 18, error: -38 (Function not implemented), outsize: 16
unique: 20, opcode: WRITE (16), nodeid: 2, insize: 126, pid: 58054
write[0] 46 bytes to 35 flags: 0x8401
   write[0] 46 bytes to 35
   unique: 20, success, outsize: 24
unique: 22, opcode: FLUSH (25), nodeid: 2, insize: 64, pid: 58054
   unique: 22, error: -38 (Function not implemented), outsize: 16
unique: 24, opcode: RELEASE (18), nodeid: 2, insize: 64, pid: 0
   unique: 24, success, outsize: 16
unique: 26, opcode: GETATTR (3), nodeid: 2, insize: 56, pid: 58054
getattr /onefile.txt
   unique: 26, success, outsize: 120
unique: 28, opcode: STATFS (17), nodeid: 1, insize: 40, pid: 58054
statfs /
   unique: 28, success, outsize: 96
