FUSE library version: 2.9.9
nullpath_ok: 0
nopath: 0
utime_omit_ok: 0
unique: 2, opcode: INIT (26), nodeid: 0, insize: 56, pid: 0
INIT: 7.34
flags=0x33fffffb
max_readahead=0x00020000
   INIT: 7.19
   flags=0x00000011
   max_readahead=0x00020000
   max_write=0x00001000
   max_background=0
   congestion_threshold=0
   unique: 2, success, outsize: 40
unique: 4, opcode: GETATTR (3), nodeid: 1, insize: 56, pid: 54022
getattr /
   unique: 4, success, outsize: 120
unique: 6, opcode: OPENDIR (27), nodeid: 1, insize: 48, pid: 53228
   unique: 6, success, outsize: 32
unique: 8, opcode: READDIR (28), nodeid: 1, insize: 80, pid: 53228
readdir[0] from 0
   unique: 8, success, outsize: 200
unique: 10, opcode: READDIR (28), nodeid: 1, insize: 80, pid: 53228
   unique: 10, success, outsize: 16
unique: 12, opcode: RELEASEDIR (29), nodeid: 1, insize: 64, pid: 0
   unique: 12, success, outsize: 16
unique: 14, opcode: STATFS (17), nodeid: 1, insize: 40, pid: 53228
statfs /
   unique: 14, success, outsize: 96
FUSE library version: 2.9.9
nullpath_ok: 0
nopath: 0
utime_omit_ok: 0
unique: 2, opcode: INIT (26), nodeid: 0, insize: 56, pid: 0
INIT: 7.34
flags=0x33fffffb
max_readahead=0x00020000
   INIT: 7.19
   flags=0x00000011
   max_readahead=0x00020000
   max_write=0x00001000
   max_background=0
   congestion_threshold=0
   unique: 2, success, outsize: 40
unique: 4, opcode: GETATTR (3), nodeid: 1, insize: 56, pid: 43297
getattr /
   unique: 4, success, outsize: 120
unique: 6, opcode: OPENDIR (27), nodeid: 1, insize: 48, pid: 42762
   unique: 6, success, outsize: 32
unique: 8, opcode: READDIR (28), nodeid: 1, insize: 80, pid: 42762
readdir[0] from 0
   unique: 8, success, outsize: 200
unique: 10, opcode: READDIR (28), nodeid: 1, insize: 80, pid: 42762
   unique: 10, success, outsize: 16
unique: 12, opcode: RELEASEDIR (29), nodeid: 1, insize: 64, pid: 0
   unique: 12, success, outsize: 16
unique: 14, opcode: STATFS (17), nodeid: 1, insize: 40, pid: 42762
statfs /
   unique: 14, success, outsize: 96
FUSE library version: 2.9.9
nullpath_ok: 0
nopath: 0
utime_omit_ok: 0
unique: 2, opcode: INIT (26), nodeid: 0, insize: 56, pid: 0
INIT: 7.34
flags=0x33fffffb
max_readahead=0x00020000
   INIT: 7.19
   flags=0x00000011
   max_readahead=0x00020000
   max_write=0x00001000
   max_background=0
   congestion_threshold=0
   unique: 2, success, outsize: 40
unique: 4, opcode: GETATTR (3), nodeid: 1, insize: 56, pid: 6393
getattr /
   unique: 4, success, outsize: 120
unique: 6, opcode: OPENDIR (27), nodeid: 1, insize: 48, pid: 5601
   unique: 6, success, outsize: 32
unique: 8, opcode: READDIR (28), nodeid: 1, insize: 80, pid: 5601
readdir[0] from 0
   unique: 8, success, outsize: 200
unique: 10, opcode: READDIR (28), nodeid: 1, insize: 80, pid: 5601
   unique: 10, success, outsize: 16
unique: 12, opcode: RELEASEDIR (29), nodeid: 1, insize: 64, pid: 0
   unique: 12, success, outsize: 16
unique: 14, opcode: STATFS (17), nodeid: 1, insize: 40, pid: 5601
statfs /
   unique: 14, success, outsize: 96
FUSE library version: 2.9.9
nullpath_ok: 0
nopath: 0
utime_omit_ok: 0
unique: 2, opcode: INIT (26), nodeid: 0, insize: 56, pid: 0
INIT: 7.34
flags=0x33fffffb
max_readahead=0x00020000
   INIT: 7.19
   flags=0x00000011
   max_readahead=0x00020000
   max_write=0x00001000
   max_background=0
   congestion_threshold=0
   unique: 2, success, outsize: 40
unique: 4, opcode: GETATTR (3), nodeid: 1, insize: 56, pid: 34474
getattr /
   unique: 4, success, outsize: 120
unique: 6, opcode: OPENDIR (27), nodeid: 1, insize: 48, pid: 33556
   unique: 6, success, outsize: 32
unique: 8, opcode: READDIR (28), nodeid: 1, insize: 80, pid: 33556
readdir[0] from 0
   unique: 8, success, outsize: 200
unique: 10, opcode: READDIR (28), nodeid: 1, insize: 80, pid: 33556
   unique: 10, success, outsize: 16
unique: 12, opcode: RELEASEDIR (29), nodeid: 1, insize: 64, pid: 0
   unique: 12, success, outsize: 16
unique: 14, opcode: STATFS (17), nodeid: 1, insize: 40, pid: 33556
statfs /
   unique: 14, success, outsize: 96
FUSE library version: 2.9.9
nullpath_ok: 0
nopath: 0
utime_omit_ok: 0
unique: 2, opcode: INIT (26), nodeid: 0, insize: 56, pid: 0
INIT: 7.34
flags=0x33fffffb
max_readahead=0x00020000
   INIT: 7.19
   flags=0x00000011
   max_readahead=0x00020000
   max_write=0x00001000
   max_background=0
   congestion_threshold=0
   unique: 2, success, outsize: 40
unique: 4, opcode: GETATTR (3), nodeid: 1, insize: 56, pid: 26131
getattr /
   unique: 4, success, outsize: 120
unique: 6, opcode: OPENDIR (27), nodeid: 1, insize: 48, pid: 25620
   unique: 6, success, outsize: 32
unique: 8, opcode: READDIR (28), nodeid: 1, insize: 80, pid: 25620
readdir[0] from 0
   unique: 8, success, outsize: 200
unique: 10, opcode: READDIR (28), nodeid: 1, insize: 80, pid: 25620
   unique: 10, success, outsize: 16
unique: 12, opcode: RELEASEDIR (29), nodeid: 1, insize: 64, pid: 0
   unique: 12, success, outsize: 16
unique: 14, opcode: STATFS (17), nodeid: 1, insize: 40, pid: 25620
statfs /
   unique: 14, success, outsize: 96
FUSE library version: 2.9.9
nullpath_ok: 0
nopath: 0
utime_omit_ok: 0
unique: 2, opcode: INIT (26), nodeid: 0, insize: 56, pid: 0
INIT: 7.34
flags=0x33fffffb
max_readahead=0x00020000
   INIT: 7.19
   flags=0x00000011
   max_readahead=0x00020000
   max_write=0x00001000
   max_background=0
   congestion_threshold=0
   unique: 2, success, outsize: 40
unique: 4, opcode: GETATTR (3), nodeid: 1, insize: 56, pid: 2756
getattr /
   unique: 4, success, outsize: 120
unique: 6, opcode: OPENDIR (27), nodeid: 1, insize: 48, pid: 1726
   unique: 6, success, outsize: 32
unique: 8, opcode: READDIR (28), nodeid: 1, insize: 80, pid: 1726
readdir[0] from 0
   unique: 8, success, outsize: 200
unique: 10, opcode: READDIR (28), nodeid: 1, insize: 80, pid: 1726
   unique: 10, success, outsize: 16
unique: 12, opcode: RELEASEDIR (29), nodeid: 1, insize: 64, pid: 0
   unique: 12, success, outsize: 16
unique: 14, opcode: STATFS (17), nodeid: 1, insize: 40, pid: 1726
statfs /
   unique: 14, success, outsize: 96
FUSE library version: 2.9.9
nullpath_ok: 0
nopath: 0
utime_omit_ok: 0
unique: 2, opcode: INIT (26), nodeid: 0, insize: 56, pid: 0
INIT: 7.34
flags=0x33fffffb
max_readahead=0x00020000
   INIT: 7.19
   flags=0x00000011
   max_readahead=0x00020000
   max_write=0x00001000
   max_background=0
   congestion_threshold=0
   unique: 2, success, outsize: 40
unique: 4, opcode: GETATTR (3), nodeid: 1, insize: 56, pid: 25388
getattr /
   unique: 4, success, outsize: 120
unique: 6, opcode: OPENDIR (27), nodeid: 1, insize: 48, pid: 24199
   unique: 6, success, outsize: 32
unique: 8, opcode: READDIR (28), nodeid: 1, insize: 80, pid: 24199
readdir[0] from 0
   unique: 8, success, outsize: 200
unique: 10, opcode: READDIR (28), nodeid: 1, insize: 80, pid: 24199
   unique: 10, success, outsize: 16
unique: 12, opcode: RELEASEDIR (29), nodeid: 1, insize: 64, pid: 0
   unique: 12, success, outsize: 16
unique: 14, opcode: STATFS (17), nodeid: 1, insize: 40, pid: 24199
statfs /
   unique: 14, success, outsize: 96
FUSE library version: 2.9.9
nullpath_ok: 0
nopath: 0
utime_omit_ok: 0
unique: 2, opcode: INIT (26), nodeid: 0, insize: 56, pid: 0
INIT: 7.34
flags=0x33fffffb
max_readahead=0x00020000
   INIT: 7.19
   flags=0x00000011
   max_readahead=0x00020000
   max_write=0x00001000
   max_background=0
   congestion_threshold=0
   unique: 2, success, outsize: 40
unique: 4, opcode: GETATTR (3), nodeid: 1, insize: 56, pid: 36141
getattr /
   unique: 4, success, outsize: 120
unique: 6, opcode: OPENDIR (27), nodeid: 1, insize: 48, pid: 35529
   unique: 6, success, outsize: 32
unique: 8, opcode: READDIR (28), nodeid: 1, insize: 80, pid: 35529
readdir[0] from 0
   unique: 8, success, outsize: 200
unique: 10, opcode: READDIR (28), nodeid: 1, insize: 80, pid: 35529
   unique: 10, success, outsize: 16
unique: 12, opcode: RELEASEDIR (29), nodeid: 1, insize: 64, pid: 0
   unique: 12, success, outsize: 16
unique: 14, opcode: STATFS (17), nodeid: 1, insize: 40, pid: 35529
statfs /
   unique: 14, success, outsize: 96
FUSE library version: 2.9.9
nullpath_ok: 0
nopath: 0
utime_omit_ok: 0
unique: 2, opcode: INIT (26), nodeid: 0, insize: 56, pid: 0
INIT: 7.34
flags=0x33fffffb
max_readahead=0x00020000
   INIT: 7.19
   flags=0x00000011
   max_readahead=0x00020000
   max_write=0x00001000
   max_background=0
   congestion_threshold=0
   unique: 2, success, outsize: 40
unique: 4, opcode: GETATTR (3), nodeid: 1, insize: 56, pid: 41699
getattr /
   unique: 4, success, outsize: 120
unique: 6, opcode: OPENDIR (27), nodeid: 1, insize: 48, pid: 40899
   unique: 6, success, outsize: 32
unique: 8, opcode: READDIR (28), nodeid: 1, insize: 80, pid: 40899
readdir[0] from 0
   unique: 8, success, outsize: 200
unique: 10, opcode: READDIR (28), nodeid: 1, insize: 80, pid: 40899
   unique: 10, success, outsize: 16
unique: 12, opcode: RELEASEDIR (29), nodeid: 1, insize: 64, pid: 0
   unique: 12, success, outsize: 16
unique: 14, opcode: STATFS (17), nodeid: 1, insize: 40, pid: 40899
statfs /
   unique: 14, success, outsize: 96
FUSE library version: 2.9.9
nullpath_ok: 0
nopath: 0
utime_omit_ok: 0
unique: 2, opcode: INIT (26), nodeid: 0, insize: 56, pid: 0
INIT: 7.34
flags=0x33fffffb
max_readahead=0x00020000
   INIT: 7.19
   flags=0x00000011
   max_readahead=0x00020000
   max_write=0x00001000
   max_background=0
   congestion_threshold=0
   unique: 2, success, outsize: 40
unique: 4, opcode: GETATTR (3), nodeid: 1, insize: 56, pid: 50331
getattr /
   unique: 4, success, outsize: 120
unique: 6, opcode: OPENDIR (27), nodeid: 1, insize: 48, pid: 49785
   unique: 6, success, outsize: 32
unique: 8, opcode: READDIR (28), nodeid: 1, insize: 80, pid: 49785
readdir[0] from 0
   unique: 8, success, outsize: 200
unique: 10, opcode: READDIR (28), nodeid: 1, insize: 80, pid: 49785
   unique: 10, success, outsize: 16
unique: 12, opcode: RELEASEDIR (29), nodeid: 1, insize: 64, pid: 0
   unique: 12, success, outsize: 16
unique: 14, opcode: STATFS (17), nodeid: 1, insize: 40, pid: 49785
statfs /
   unique: 14, success, outsize: 96
FUSE library version: 2.9.9
nullpath_ok: 0
nopath: 0
utime_omit_ok: 0
unique: 2, opcode: INIT (26), nodeid: 0, insize: 56, pid: 0
INIT: 7.34
flags=0x33fffffb
max_readahead=0x00020000
   INIT: 7.19
   flags=0x00000011
   max_readahead=0x00020000
   max_write=0x00001000
   max_background=0
   congestion_threshold=0
   unique: 2, success, outsize: 40
unique: 4, opcode: GETATTR (3), nodeid: 1, insize: 56, pid: 54079
getattr /
   unique: 4, success, outsize: 120
unique: 6, opcode: OPENDIR (27), nodeid: 1, insize: 48, pid: 53528
   unique: 6, success, outsize: 32
unique: 8, opcode: READDIR (28), nodeid: 1, insize: 80, pid: 53528
readdir[0] from 0
   unique: 8, success, outsize: 200
unique: 10, opcode: READDIR (28), nodeid: 1, insize: 80, pid: 53528
   unique: 10, success, outsize: 16
unique: 12, opcode: RELEASEDIR (29), nodeid: 1, insize: 64, pid: 0
   unique: 12, success, outsize: 16
unique: 14, opcode: STATFS (17), nodeid: 1, insize: 40, pid: 53528
statfs /
   unique: 14, success, outsize: 96
FUSE library version: 2.9.9
nullpath_ok: 0
nopath: 0
utime_omit_ok: 0
unique: 2, opcode: INIT (26), nodeid: 0, insize: 56, pid: 0
INIT: 7.34
flags=0x33fffffb
max_readahead=0x00020000
   INIT: 7.19
   flags=0x00000011
   max_readahead=0x00020000
   max_write=0x00001000
   max_background=0
   congestion_threshold=0
   unique: 2, success, outsize: 40
unique: 4, opcode: GETATTR (3), nodeid: 1, insize: 56, pid: 64128
getattr /
   unique: 4, success, outsize: 120
unique: 6, opcode: OPENDIR (27), nodeid: 1, insize: 48, pid: 63576
   unique: 6, success, outsize: 32
unique: 8, opcode: READDIR (28), nodeid: 1, insize: 80, pid: 63576
readdir[0] from 0
   unique: 8, success, outsize: 200
unique: 10, opcode: READDIR (28), nodeid: 1, insize: 80, pid: 63576
   unique: 10, success, outsize: 16
unique: 12, opcode: RELEASEDIR (29), nodeid: 1, insize: 64, pid: 0
   unique: 12, success, outsize: 16
unique: 14, opcode: STATFS (17), nodeid: 1, insize: 40, pid: 63576
statfs /
   unique: 14, success, outsize: 96
FUSE library version: 2.9.9
nullpath_ok: 0
nopath: 0
utime_omit_ok: 0
unique: 2, opcode: INIT (26), nodeid: 0, insize: 56, pid: 0
INIT: 7.34
flags=0x33fffffb
max_readahead=0x00020000
   INIT: 7.19
   flags=0x00000011
   max_readahead=0x00020000
   max_write=0x00001000
   max_background=0
   congestion_threshold=0
   unique: 2, success, outsize: 40
unique: 4, opcode: GETATTR (3), nodeid: 1, insize: 56, pid: 33511
getattr /
   unique: 4, success, outsize: 120
unique: 6, opcode: OPENDIR (27), nodeid: 1, insize: 48, pid: 31951
   unique: 6, success, outsize: 32
unique: 8, opcode: READDIR (28), nodeid: 1, insize: 80, pid: 31951
readdir[0] from 0
   unique: 8, success, outsize: 200
unique: 10, opcode: READDIR (28), nodeid: 1, insize: 80, pid: 31951
   unique: 10, success, outsize: 16
unique: 12, opcode: RELEASEDIR (29), nodeid: 1, insize: 64, pid: 0
   unique: 12, success, outsize: 16
unique: 14, opcode: STATFS (17), nodeid: 1, insize: 40, pid: 31951
statfs /
   unique: 14, success, outsize: 96
FUSE library version: 2.9.9
nullpath_ok: 0
nopath: 0
utime_omit_ok: 0
unique: 2, opcode: INIT (26), nodeid: 0, insize: 56, pid: 0
INIT: 7.34
flags=0x33fffffb
max_readahead=0x00020000
   INIT: 7.19
   flags=0x00000011
   max_readahead=0x00020000
   max_write=0x00001000
   max_background=0
   congestion_threshold=0
   unique: 2, success, outsize: 40
unique: 4, opcode: GETATTR (3), nodeid: 1, insize: 56, pid: 32006
getattr /
   unique: 4, success, outsize: 120
unique: 6, opcode: OPENDIR (27), nodeid: 1, insize: 48, pid: 31357
   unique: 6, success, outsize: 32
unique: 8, opcode: READDIR (28), nodeid: 1, insize: 80, pid: 31357
readdir[0] from 0
   unique: 8, success, outsize: 200
unique: 10, opcode: READDIR (28), nodeid: 1, insize: 80, pid: 31357
   unique: 10, success, outsize: 16
unique: 12, opcode: RELEASEDIR (29), nodeid: 1, insize: 64, pid: 0
   unique: 12, success, outsize: 16
unique: 14, opcode: STATFS (17), nodeid: 1, insize: 40, pid: 31357
statfs /
   unique: 14, success, outsize: 96
FUSE library version: 2.9.9
nullpath_ok: 0
nopath: 0
utime_omit_ok: 0
unique: 2, opcode: INIT (26), nodeid: 0, insize: 56, pid: 0
INIT: 7.34
flags=0x33fffffb
max_readahead=0x00020000
   INIT: 7.19
   flags=0x00000011
   max_readahead=0x00020000
   max_write=0x00001000
   max_background=0
   congestion_threshold=0
   unique: 2, success, outsize: 40
unique: 4, opcode: GETATTR (3), nodeid: 1, insize: 56, pid: 30849
getattr /
   unique: 4, success, outsize: 120
unique: 6, opcode: OPENDIR (27), nodeid: 1, insize: 48, pid: 30261
   unique: 6, success, outsize: 32
unique: 8, opcode: READDIR (28), nodeid: 1, insize: 80, pid: 30261
readdir[0] from 0
   unique: 8, success, outsize: 200
unique: 10, opcode: READDIR (28), nodeid: 1, insize: 80, pid: 30261
   unique: 10, success, outsize: 16
unique: 12, opcode: RELEASEDIR (29), nodeid: 1, insize: 64, pid: 0
   unique: 12, success, outsize: 16
unique: 14, opcode: STATFS (17), nodeid: 1, insize: 40, pid: 30261
statfs /
   unique: 14, success, outsize: 96
FUSE library version: 2.9.9
nullpath_ok: 0
nopath: 0
utime_omit_ok: 0
unique: 2, opcode: INIT (26), nodeid: 0, insize: 56, pid: 0
INIT: 7.34
flags=0x33fffffb
max_readahead=0x00020000
   INIT: 7.19
   flags=0x00000011
   max_readahead=0x00020000
   max_write=0x00001000
   max_background=0
   congestion_threshold=0
   unique: 2, success, outsize: 40
unique: 4, opcode: GETATTR (3), nodeid: 1, insize: 56, pid: 60100
getattr /
   unique: 4, success, outsize: 120
unique: 6, opcode: OPENDIR (27), nodeid: 1, insize: 48, pid: 59312
   unique: 6, success, outsize: 32
unique: 8, opcode: READDIR (28), nodeid: 1, insize: 80, pid: 59312
readdir[0] from 0
   unique: 8, success, outsize: 200
unique: 10, opcode: READDIR (28), nodeid: 1, insize: 80, pid: 59312
   unique: 10, success, outsize: 16
unique: 12, opcode: RELEASEDIR (29), nodeid: 1, insize: 64, pid: 0
   unique: 12, success, outsize: 16
unique: 14, opcode: STATFS (17), nodeid: 1, insize: 40, pid: 59312
statfs /
   unique: 14, success, outsize: 96
FUSE library version: 2.9.9
nullpath_ok: 0
nopath: 0
utime_omit_ok: 0
unique: 2, opcode: INIT (26), nodeid: 0, insize: 56, pid: 0
INIT: 7.34
flags=0x33fffffb
max_readahead=0x00020000
   INIT: 7.19
   flags=0x00000011
   max_readahead=0x00020000
   max_write=0x00001000
   max_background=0
   congestion_threshold=0
   unique: 2, success, outsize: 40
unique: 4, opcode: GETATTR (3), nodeid: 1, insize: 56, pid: 21825
getattr /
   unique: 4, success, outsize: 120
unique: 6, opcode: OPENDIR (27), nodeid: 1, insize: 48, pid: 20962
   unique: 6, success, outsize: 32
unique: 8, opcode: READDIR (28), nodeid: 1, insize: 80, pid: 20962
readdir[0] from 0
   unique: 8, success, outsize: 200
unique: 10, opcode: READDIR (28), nodeid: 1, insize: 80, pid: 20962
   unique: 10, success, outsize: 16
unique: 12, opcode: RELEASEDIR (29), nodeid: 1, insize: 64, pid: 0
   unique: 12, success, outsize: 16
unique: 14, opcode: STATFS (17), nodeid: 1, insize: 40, pid: 20962
statfs /
   unique: 14, success, outsize: 96
FUSE library version: 2.9.9
nullpath_ok: 0
nopath: 0
utime_omit_ok: 0
unique: 2, opcode: INIT (26), nodeid: 0, insize: 56, pid: 0
INIT: 7.34
flags=0x33fffffb
max_readahead=0x00020000
   INIT: 7.19
   flags=0x00000011
   max_readahead=0x00020000
   max_write=0x00001000
   max_background=0
   congestion_threshold=0
   unique: 2, success, outsize: 40
unique: 4, opcode: GETATTR (3), nodeid: 1, insize: 56, pid: 31514
getattr /
   unique: 4, success, outsize: 120
unique: 6, opcode: OPENDIR (27), nodeid: 1, insize: 48, pid: 30711
   unique: 6, success, outsize: 32
unique: 8, opcode: READDIR (28), nodeid: 1, insize: 80, pid: 30711
readdir[0] from 0
   unique: 8, success, outsize: 240
unique: 10, opcode: READDIR (28), nodeid: 1, insize: 80, pid: 30711
   unique: 10, success, outsize: 16
unique: 12, opcode: RELEASEDIR (29), nodeid: 1, insize: 64, pid: 0
   unique: 12, success, outsize: 16
unique: 14, opcode: STATFS (17), nodeid: 1, insize: 40, pid: 30711
statfs /
   unique: 14, success, outsize: 96
FUSE library version: 2.9.9
nullpath_ok: 0
nopath: 0
utime_omit_ok: 0
unique: 2, opcode: INIT (26), nodeid: 0, insize: 56, pid: 0
INIT: 7.34
flags=0x33fffffb
max_readahead=0x00020000
   INIT: 7.19
   flags=0x00000011
   max_readahead=0x00020000
   max_write=0x00001000
   max_background=0
   congestion_threshold=0
   unique: 2, success, outsize: 40
unique: 4, opcode: GETATTR (3), nodeid: 1, insize: 56, pid: 34804
getattr /
   unique: 4, success, outsize: 120
unique: 6, opcode: OPENDIR (27), nodeid: 1, insize: 48, pid: 33447
   unique: 6, success, outsize: 32
unique: 8, opcode: READDIR (28), nodeid: 1, insize: 80, pid: 33447
readdir[0] from 0
   unique: 8, success, outsize: 200
unique: 10, opcode: READDIR (28), nodeid: 1, insize: 80, pid: 33447
   unique: 10, success, outsize: 16
unique: 12, opcode: RELEASEDIR (29), nodeid: 1, insize: 64, pid: 0
   unique: 12, success, outsize: 16
unique: 14, opcode: STATFS (17), nodeid: 1, insize: 40, pid: 33447
statfs /
   unique: 14, success, outsize: 96
FUSE library version: 2.9.9
nullpath_ok: 0
nopath: 0
utime_omit_ok: 0
unique: 2, opcode: INIT (26), nodeid: 0, insize: 56, pid: 0
INIT: 7.34
flags=0x33fffffb
max_readahead=0x00020000
   INIT: 7.19
   flags=0x00000011
   max_readahead=0x00020000
   max_write=0x00001000
   max_background=0
   congestion_threshold=0
   unique: 2, success, outsize: 40
unique: 4, opcode: GETATTR (3), nodeid: 1, insize: 56, pid: 12991
getattr /
   unique: 4, success, outsize: 120
unique: 6, opcode: OPENDIR (27), nodeid: 1, insize: 48, pid: 12081
   unique: 6, success, outsize: 32
unique: 8, opcode: READDIR (28), nodeid: 1, insize: 80, pid: 12081
readdir[0] from 0
   unique: 8, success, outsize: 200
unique: 10, opcode: READDIR (28), nodeid: 1, insize: 80, pid: 12081
   unique: 10, success, outsize: 16
unique: 12, opcode: RELEASEDIR (29), nodeid: 1, insize: 64, pid: 0
   unique: 12, success, outsize: 16
unique: 14, opcode: STATFS (17), nodeid: 1, insize: 40, pid: 12081
statfs /
   unique: 14, success, outsize: 96
FUSE library version: 2.9.9
nullpath_ok: 0
nopath: 0
utime_omit_ok: 0
unique: 2, opcode: INIT (26), nodeid: 0, insize: 56, pid: 0
INIT: 7.34
flags=0x33fffffb
max_readahead=0x00020000
   INIT: 7.19
   flags=0x00000011
   max_readahead=0x00020000
   max_write=0x00001000
   max_background=0
   congestion_threshold=0
   unique: 2, success, outsize: 40
unique: 4, opcode: GETATTR (3), nodeid: 1, insize: 56, pid: 12524
getattr /
   unique: 4, success, outsize: 120
unique: 6, opcode: OPENDIR (27), nodeid: 1, insize: 48, pid: 11887
   unique: 6, success, outsize: 32
unique: 8, opcode: READDIR (28), nodeid: 1, insize: 80, pid: 11887
readdir[0] from 0
   unique: 8, success, outsize: 200
unique: 10, opcode: READDIR (28), nodeid: 1, insize: 80, pid: 11887
   unique: 10, success, outsize: 16
unique: 12, opcode: RELEASEDIR (29), nodeid: 1, insize: 64, pid: 0
   unique: 12, success, outsize: 16
unique: 14, opcode: STATFS (17), nodeid: 1, insize: 40, pid: 11887
statfs /
   unique: 14, success, outsize: 96
FUSE library version: 2.9.9
nullpath_ok: 0
nopath: 0
utime_omit_ok: 0
unique: 2, opcode: INIT (26), nodeid: 0, insize: 56, pid: 0
INIT: 7.34
flags=0x33fffffb
max_readahead=0x00020000
   INIT: 7.19
   flags=0x00000011
   max_readahead=0x00020000
   max_write=0x00001000
   max_background=0
   congestion_threshold=0
   unique: 2, success, outsize: 40
unique: 4, opcode: GETATTR (3), nodeid: 1, insize: 56, pid: 37938
getattr /
   unique: 4, success, outsize: 120
unique: 6, opcode: OPENDIR (27), nodeid: 1, insize: 48, pid: 37326
   unique: 6, success, outsize: 32
unique: 8, opcode: READDIR (28), nodeid: 1, insize: 80, pid: 37326
readdir[0] from 0
   unique: 8, success, outsize: 200
unique: 10, opcode: READDIR (28), nodeid: 1, insize: 80, pid: 37326
   unique: 10, success, outsize: 16
unique: 12, opcode: RELEASEDIR (29), nodeid: 1, insize: 64, pid: 0
   unique: 12, success, outsize: 16
unique: 14, opcode: STATFS (17), nodeid: 1, insize: 40, pid: 37326
statfs /
   unique: 14, success, outsize: 96
FUSE library version: 2.9.9
nullpath_ok: 0
nopath: 0
utime_omit_ok: 0
unique: 2, opcode: INIT (26), nodeid: 0, insize: 56, pid: 0
INIT: 7.34
flags=0x33fffffb
max_readahead=0x00020000
   INIT: 7.19
   flags=0x00000011
   max_readahead=0x00020000
   max_write=0x00001000
   max_background=0
   congestion_threshold=0
   unique: 2, success, outsize: 40
unique: 4, opcode: GETATTR (3), nodeid: 1, insize: 56, pid: 41718
getattr /
   unique: 4, success, outsize: 120
unique: 6, opcode: OPENDIR (27), nodeid: 1, insize: 48, pid: 40782
   unique: 6, success, outsize: 32
unique: 8, opcode: READDIR (28), nodeid: 1, insize: 80, pid: 40782
readdir[0] from 0
   unique: 8, success, outsize: 200
unique: 10, opcode: READDIR (28), nodeid: 1, insize: 80, pid: 40782
   unique: 10, success, outsize: 16
unique: 12, opcode: RELEASEDIR (29), nodeid: 1, insize: 64, pid: 0
   unique: 12, success, outsize: 16
unique: 14, opcode: STATFS (17), nodeid: 1, insize: 40, pid: 40782
statfs /
   unique: 14, success, outsize: 96
FUSE library version: 2.9.9
nullpath_ok: 0
nopath: 0
utime_omit_ok: 0
unique: 2, opcode: INIT (26), nodeid: 0, insize: 56, pid: 0
INIT: 7.34
flags=0x33fffffb
max_readahead=0x00020000
   INIT: 7.19
   flags=0x00000011
   max_readahead=0x00020000
   max_write=0x00001000
   max_background=0
   congestion_threshold=0
   unique: 2, success, outsize: 40
unique: 4, opcode: GETATTR (3), nodeid: 1, insize: 56, pid: 5844
getattr /
   unique: 4, success, outsize: 120
unique: 6, opcode: OPENDIR (27), nodeid: 1, insize: 48, pid: 5358
   unique: 6, success, outsize: 32
unique: 8, opcode: READDIR (28), nodeid: 1, insize: 80, pid: 5358
readdir[0] from 0
   unique: 8, success, outsize: 200
unique: 10, opcode: READDIR (28), nodeid: 1, insize: 80, pid: 5358
   unique: 10, success, outsize: 16
unique: 12, opcode: RELEASEDIR (29), nodeid: 1, insize: 64, pid: 0
   unique: 12, success, outsize: 16
unique: 14, opcode: STATFS (17), nodeid: 1, insize: 40, pid: 5358
statfs /
   unique: 14, success, outsize: 96
FUSE library version: 2.9.9
nullpath_ok: 0
nopath: 0
utime_omit_ok: 0
unique: 2, opcode: INIT (26), nodeid: 0, insize: 56, pid: 0
INIT: 7.34
flags=0x33fffffb
max_readahead=0x00020000
   INIT: 7.19
   flags=0x00000011
   max_readahead=0x00020000
   max_write=0x00001000
   max_background=0
   congestion_threshold=0
   unique: 2, success, outsize: 40
unique: 4, opcode: GETATTR (3), nodeid: 1, insize: 56, pid: 7341
getattr /
   unique: 4, success, outsize: 120
unique: 6, opcode: OPENDIR (27), nodeid: 1, insize: 48, pid: 6841
   unique: 6, success, outsize: 32
unique: 8, opcode: READDIR (28), nodeid: 1, insize: 80, pid: 6841
readdir[0] from 0
   unique: 8, success, outsize: 200
unique: 10, opcode: READDIR (28), nodeid: 1, insize: 80, pid: 6841
   unique: 10, success, outsize: 16
unique: 12, opcode: RELEASEDIR (29), nodeid: 1, insize: 64, pid: 0
   unique: 12, success, outsize: 16
unique: 14, opcode: STATFS (17), nodeid: 1, insize: 40, pid: 6841
statfs /
   unique: 14, success, outsize: 96
FUSE library version: 2.9.9
nullpath_ok: 0
nopath: 0
utime_omit_ok: 0
unique: 2, opcode: INIT (26), nodeid: 0, insize: 56, pid: 0
INIT: 7.34
flags=0x33fffffb
max_readahead=0x00020000
   INIT: 7.19
   flags=0x00000011
   max_readahead=0x00020000
   max_write=0x00001000
   max_background=0
   congestion_threshold=0
   unique: 2, success, outsize: 40
unique: 4, opcode: GETATTR (3), nodeid: 1, insize: 56, pid: 32287
getattr /
   unique: 4, success, outsize: 120
unique: 6, opcode: OPENDIR (27), nodeid: 1, insize: 48, pid: 31566
   unique: 6, success, outsize: 32
unique: 8, opcode: READDIR (28), nodeid: 1, insize: 80, pid: 31566
readdir[0] from 0
   unique: 8, success, outsize: 200
unique: 10, opcode: READDIR (28), nodeid: 1, insize: 80, pid: 31566
   unique: 10, success, outsize: 16
unique: 12, opcode: RELEASEDIR (29), nodeid: 1, insize: 64, pid: 0
   unique: 12, success, outsize: 16
unique: 14, opcode: STATFS (17), nodeid: 1, insize: 40, pid: 31566
statfs /
   unique: 14, success, outsize: 96
FUSE library version: 2.9.9
nullpath_ok: 0
nopath: 0
utime_omit_ok: 0
unique: 2, opcode: INIT (26), nodeid: 0, insize: 56, pid: 0
INIT: 7.34
flags=0x33fffffb
max_readahead=0x00020000
   INIT: 7.19
   flags=0x00000011
   max_readahead=0x00020000
   max_write=0x00001000
   max_background=0
   congestion_threshold=0
   unique: 2, success, outsize: 40
unique: 4, opcode: GETATTR (3), nodeid: 1, insize: 56, pid: 27982
getattr /
   unique: 4, success, outsize: 120
unique: 6, opcode: OPENDIR (27), nodeid: 1, insize: 48, pid: 27151
   unique: 6, success, outsize: 32
unique: 8, opcode: READDIR (28), nodeid: 1, insize: 80, pid: 27151
readdir[0] from 0
   unique: 8, success, outsize: 200
unique: 10, opcode: READDIR (28), nodeid: 1, insize: 80, pid: 27151
   unique: 10, success, outsize: 16
unique: 12, opcode: RELEASEDIR (29), nodeid: 1, insize: 64, pid: 0
   unique: 12, success, outsize: 16
unique: 14, opcode: STATFS (17), nodeid: 1, insize: 40, pid: 27151
statfs /
   unique: 14, success, outsize: 96
FUSE library version: 2.9.9
nullpath_ok: 0
nopath: 0
utime_omit_ok: 0
unique: 2, opcode: INIT (26), nodeid: 0, insize: 56, pid: 0
INIT: 7.34
flags=0x33fffffb
max_readahead=0x00020000
   INIT: 7.19
   flags=0x00000011
   max_readahead=0x00020000
   max_write=0x00001000
   max_background=0
   congestion_threshold=0
   unique: 2, success, outsize: 40
unique: 4, opcode: GETATTR (3), nodeid: 1, insize: 56, pid: 33767
getattr /
   unique: 4, success, outsize: 120
unique: 6, opcode: OPENDIR (27), nodeid: 1, insize: 48, pid: 33049
   unique: 6, success, outsize: 32
unique: 8, opcode: READDIR (28), nodeid: 1, insize: 80, pid: 33049
readdir[0] from 0
   unique: 8, success, outsize: 200
unique: 10, opcode: READDIR (28), nodeid: 1, insize: 80, pid: 33049
   unique: 10, success, outsize: 16
unique: 12, opcode: RELEASEDIR (29), nodeid: 1, insize: 64, pid: 0
   unique: 12, success, outsize: 16
unique: 14, opcode: STATFS (17), nodeid: 1, insize: 40, pid: 33049
statfs /
   unique: 14, success, outsize: 96
FUSE library version: 2.9.9
nullpath_ok: 0
nopath: 0
utime_omit_ok: 0
unique: 2, opcode: INIT (26), nodeid: 0, insize: 56, pid: 0
INIT: 7.34
flags=0x33fffffb
max_readahead=0x00020000
   INIT: 7.19
   flags=0x00000011
   max_readahead=0x00020000
   max_write=0x00001000
   max_background=0
   congestion_threshold=0
   unique: 2, success, outsize: 40
unique: 4, opcode: GETATTR (3), nodeid: 1, insize: 56, pid: 35716
getattr /
   unique: 4, success, outsize: 120
unique: 6, opcode: OPENDIR (27), nodeid: 1, insize: 48, pid: 35202
   unique: 6, success, outsize: 32
unique: 8, opcode: READDIR (28), nodeid: 1, insize: 80, pid: 35202
readdir[0] from 0
   unique: 8, success, outsize: 200
unique: 10, opcode: READDIR (28), nodeid: 1, insize: 80, pid: 35202
   unique: 10, success, outsize: 16
unique: 12, opcode: RELEASEDIR (29), nodeid: 1, insize: 64, pid: 0
   unique: 12, success, outsize: 16
unique: 14, opcode: STATFS (17), nodeid: 1, insize: 40, pid: 35202
statfs /
   unique: 14, success, outsize: 96
FUSE library version: 2.9.9
nullpath_ok: 0
nopath: 0
utime_omit_ok: 0
unique: 2, opcode: INIT (26), nodeid: 0, insize: 56, pid: 0
INIT: 7.34
flags=0x33fffffb
max_readahead=0x00020000
   INIT: 7.19
   flags=0x00000011
   max_readahead=0x00020000
   max_write=0x00001000
   max_background=0
   congestion_threshold=0
   unique: 2, success, outsize: 40
unique: 4, opcode: GETATTR (3), nodeid: 1, insize: 56, pid: 53761
getattr /
   unique: 4, success, outsize: 120
unique: 6, opcode: OPENDIR (27), nodeid: 1, insize: 48, pid: 53252
   unique: 6, success, outsize: 32
unique: 8, opcode: READDIR (28), nodeid: 1, insize: 80, pid: 53252
readdir[0] from 0
   unique: 8, success, outsize: 200
unique: 10, opcode: READDIR (28), nodeid: 1, insize: 80, pid: 53252
   unique: 10, success, outsize: 16
unique: 12, opcode: RELEASEDIR (29), nodeid: 1, insize: 64, pid: 0
   unique: 12, success, outsize: 16
unique: 14, opcode: STATFS (17), nodeid: 1, insize: 40, pid: 53252
statfs /
   unique: 14, success, outsize: 96
FUSE library version: 2.9.9
nullpath_ok: 0
nopath: 0
utime_omit_ok: 0
unique: 2, opcode: INIT (26), nodeid: 0, insize: 56, pid: 0
INIT: 7.34
flags=0x33fffffb
max_readahead=0x00020000
   INIT: 7.19
   flags=0x00000011
   max_readahead=0x00020000
   max_write=0x00001000
   max_background=0
   congestion_threshold=0
   unique: 2, success, outsize: 40
unique: 4, opcode: GETATTR (3), nodeid: 1, insize: 56, pid: 62820
getattr /
   unique: 4, success, outsize: 120
unique: 6, opcode: OPENDIR (27), nodeid: 1, insize: 48, pid: 61884
   unique: 6, success, outsize: 32
unique: 8, opcode: READDIR (28), nodeid: 1, insize: 80, pid: 61884
readdir[0] from 0
   unique: 8, success, outsize: 200
unique: 10, opcode: READDIR (28), nodeid: 1, insize: 80, pid: 61884
   unique: 10, success, outsize: 16
unique: 12, opcode: RELEASEDIR (29), nodeid: 1, insize: 64, pid: 0
   unique: 12, success, outsize: 16
unique: 14, opcode: STATFS (17), nodeid: 1, insize: 40, pid: 61884
statfs /
   unique: 14, success, outsize: 96
FUSE library version: 2.9.9
nullpath_ok: 0
nopath: 0
utime_omit_ok: 0
unique: 2, opcode: INIT (26), nodeid: 0, insize: 56, pid: 0
INIT: 7.34
flags=0x33fffffb
max_readahead=0x00020000
   INIT: 7.19
   flags=0x00000011
   max_readahead=0x00020000
   max_write=0x00001000
   max_background=0
   congestion_threshold=0
   unique: 2, success, outsize: 40
unique: 4, opcode: GETATTR (3), nodeid: 1, insize: 56, pid: 5641
getattr /
   unique: 4, success, outsize: 120
unique: 6, opcode: OPENDIR (27), nodeid: 1, insize: 48, pid: 4901
   unique: 6, success, outsize: 32
unique: 8, opcode: READDIR (28), nodeid: 1, insize: 80, pid: 4901
readdir[0] from 0
   unique: 8, success, outsize: 200
unique: 10, opcode: READDIR (28), nodeid: 1, insize: 80, pid: 4901
   unique: 10, success, outsize: 16
unique: 12, opcode: RELEASEDIR (29), nodeid: 1, insize: 64, pid: 0
   unique: 12, success, outsize: 16
unique: 14, opcode: STATFS (17), nodeid: 1, insize: 40, pid: 4901
statfs /
   unique: 14, success, outsize: 96
FUSE library version: 2.9.9
nullpath_ok: 0
nopath: 0
utime_omit_ok: 0
unique: 2, opcode: INIT (26), nodeid: 0, insize: 56, pid: 0
INIT: 7.34
flags=0x33fffffb
max_readahead=0x00020000
   INIT: 7.19
   flags=0x00000011
   max_readahead=0x00020000
   max_write=0x00001000
   max_background=0
   congestion_threshold=0
   unique: 2, success, outsize: 40
unique: 4, opcode: GETATTR (3), nodeid: 1, insize: 56, pid: 8612
getattr /
   unique: 4, success, outsize: 120
unique: 6, opcode: OPENDIR (27), nodeid: 1, insize: 48, pid: 8005
   unique: 6, success, outsize: 32
unique: 8, opcode: READDIR (28), nodeid: 1, insize: 80, pid: 8005
readdir[0] from 0
   unique: 8, success, outsize: 200
unique: 10, opcode: READDIR (28), nodeid: 1, insize: 80, pid: 8005
   unique: 10, success, outsize: 16
unique: 12, opcode: RELEASEDIR (29), nodeid: 1, insize: 64, pid: 0
   unique: 12, success, outsize: 16
unique: 14, opcode: STATFS (17), nodeid: 1, insize: 40, pid: 8005
statfs /
   unique: 14, success, outsize: 96
FUSE library version: 2.9.9
nullpath_ok: 0
nopath: 0
utime_omit_ok: 0
unique: 2, opcode: INIT (26), nodeid: 0, insize: 56, pid: 0
INIT: 7.34
flags=0x33fffffb
max_readahead=0x00020000
   INIT: 7.19
   flags=0x00000011
   max_readahead=0x00020000
   max_write=0x00001000
   max_background=0
   congestion_threshold=0
   unique: 2, success, outsize: 40
unique: 4, opcode: GETATTR (3), nodeid: 1, insize: 56, pid: 40203
getattr /
   unique: 4, success, outsize: 120
unique: 6, opcode: OPENDIR (27), nodeid: 1, insize: 48, pid: 39638
   unique: 6, success, outsize: 32
unique: 8, opcode: READDIR (28), nodeid: 1, insize: 80, pid: 39638
readdir[0] from 0
   unique: 8, success, outsize: 200
unique: 10, opcode: READDIR (28), nodeid: 1, insize: 80, pid: 39638
   unique: 10, success, outsize: 16
unique: 12, opcode: RELEASEDIR (29), nodeid: 1, insize: 64, pid: 0
   unique: 12, success, outsize: 16
unique: 14, opcode: STATFS (17), nodeid: 1, insize: 40, pid: 39638
statfs /
   unique: 14, success, outsize: 96
FUSE library version: 2.9.9
nullpath_ok: 0
nopath: 0
utime_omit_ok: 0
unique: 2, opcode: INIT (26), nodeid: 0, insize: 56, pid: 0
INIT: 7.34
flags=0x33fffffb
max_readahead=0x00020000
   INIT: 7.19
   flags=0x00000011
   max_readahead=0x00020000
   max_write=0x00001000
   max_background=0
   congestion_threshold=0
   unique: 2, success, outsize: 40
unique: 4, opcode: GETATTR (3), nodeid: 1, insize: 56, pid: 5236
getattr /
   unique: 4, success, outsize: 120
unique: 6, opcode: OPENDIR (27), nodeid: 1, insize: 48, pid: 4690
   unique: 6, success, outsize: 32
unique: 8, opcode: READDIR (28), nodeid: 1, insize: 80, pid: 4690
readdir[0] from 0
   unique: 8, success, outsize: 200
unique: 10, opcode: READDIR (28), nodeid: 1, insize: 80, pid: 4690
   unique: 10, success, outsize: 16
unique: 12, opcode: RELEASEDIR (29), nodeid: 1, insize: 64, pid: 0
   unique: 12, success, outsize: 16
unique: 14, opcode: STATFS (17), nodeid: 1, insize: 40, pid: 4690
statfs /
   unique: 14, success, outsize: 96
FUSE library version: 2.9.9
nullpath_ok: 0
nopath: 0
utime_omit_ok: 0
unique: 2, opcode: INIT (26), nodeid: 0, insize: 56, pid: 0
INIT: 7.34
flags=0x33fffffb
max_readahead=0x00020000
   INIT: 7.19
   flags=0x00000011
   max_readahead=0x00020000
   max_write=0x00001000
   max_background=0
   congestion_threshold=0
   unique: 2, success, outsize: 40
unique: 4, opcode: GETATTR (3), nodeid: 1, insize: 56, pid: 14596
getattr /
   unique: 4, success, outsize: 120
unique: 6, opcode: OPENDIR (27), nodeid: 1, insize: 48, pid: 13666
   unique: 6, success, outsize: 32
unique: 8, opcode: READDIR (28), nodeid: 1, insize: 80, pid: 13666
readdir[0] from 0
   unique: 8, success, outsize: 200
unique: 10, opcode: READDIR (28), nodeid: 1, insize: 80, pid: 13666
   unique: 10, success, outsize: 16
unique: 12, opcode: RELEASEDIR (29), nodeid: 1, insize: 64, pid: 0
   unique: 12, success, outsize: 16
unique: 14, opcode: STATFS (17), nodeid: 1, insize: 40, pid: 13666
statfs /
   unique: 14, success, outsize: 96
FUSE library version: 2.9.9
nullpath_ok: 0
nopath: 0
utime_omit_ok: 0
unique: 2, opcode: INIT (26), nodeid: 0, insize: 56, pid: 0
INIT: 7.34
flags=0x33fffffb
max_readahead=0x00020000
   INIT: 7.19
   flags=0x00000011
   max_readahead=0x00020000
   max_write=0x00001000
   max_background=0
   congestion_threshold=0
   unique: 2, success, outsize: 40
unique: 4, opcode: GETATTR (3), nodeid: 1, insize: 56, pid: 20546
getattr /
   unique: 4, success, outsize: 120
unique: 6, opcode: OPENDIR (27), nodeid: 1, insize: 48, pid: 19552
   unique: 6, success, outsize: 32
unique: 8, opcode: READDIR (28), nodeid: 1, insize: 80, pid: 19552
readdir[0] from 0
   unique: 8, success, outsize: 200
unique: 10, opcode: READDIR (28), nodeid: 1, insize: 80, pid: 19552
   unique: 10, success, outsize: 16
unique: 12, opcode: RELEASEDIR (29), nodeid: 1, insize: 64, pid: 0
   unique: 12, success, outsize: 16
unique: 14, opcode: STATFS (17), nodeid: 1, insize: 40, pid: 19552
statfs /
   unique: 14, success, outsize: 96
FUSE library version: 2.9.9
nullpath_ok: 0
nopath: 0
utime_omit_ok: 0
unique: 2, opcode: INIT (26), nodeid: 0, insize: 56, pid: 0
INIT: 7.34
flags=0x33fffffb
max_readahead=0x00020000
   INIT: 7.19
   flags=0x00000011
   max_readahead=0x00020000
   max_write=0x00001000
   max_background=0
   congestion_threshold=0
   unique: 2, success, outsize: 40
unique: 4, opcode: GETATTR (3), nodeid: 1, insize: 56, pid: 15964
getattr /
   unique: 4, success, outsize: 120
unique: 6, opcode: OPENDIR (27), nodeid: 1, insize: 48, pid: 15450
   unique: 6, success, outsize: 32
unique: 8, opcode: READDIR (28), nodeid: 1, insize: 80, pid: 15450
readdir[0] from 0
   unique: 8, success, outsize: 200
unique: 10, opcode: READDIR (28), nodeid: 1, insize: 80, pid: 15450
   unique: 10, success, outsize: 16
unique: 12, opcode: RELEASEDIR (29), nodeid: 1, insize: 64, pid: 0
   unique: 12, success, outsize: 16
unique: 14, opcode: STATFS (17), nodeid: 1, insize: 40, pid: 15450
statfs /
   unique: 14, success, outsize: 96
FUSE library version: 2.9.9
nullpath_ok: 0
nopath: 0
utime_omit_ok: 0
unique: 2, opcode: INIT (26), nodeid: 0, insize: 56, pid: 0
INIT: 7.34
flags=0x33fffffb
max_readahead=0x00020000
   INIT: 7.19
   flags=0x00000011
   max_readahead=0x00020000
   max_write=0x00001000
   max_background=0
   congestion_threshold=0
   unique: 2, success, outsize: 40
unique: 4, opcode: GETATTR (3), nodeid: 1, insize: 56, pid: 33831
getattr /
   unique: 4, success, outsize: 120
unique: 6, opcode: OPENDIR (27), nodeid: 1, insize: 48, pid: 33258
   unique: 6, success, outsize: 32
unique: 8, opcode: READDIR (28), nodeid: 1, insize: 80, pid: 33258
readdir[0] from 0
   unique: 8, success, outsize: 200
unique: 10, opcode: READDIR (28), nodeid: 1, insize: 80, pid: 33258
   unique: 10, success, outsize: 16
unique: 12, opcode: RELEASEDIR (29), nodeid: 1, insize: 64, pid: 0
   unique: 12, success, outsize: 16
unique: 14, opcode: STATFS (17), nodeid: 1, insize: 40, pid: 33258
statfs /
   unique: 14, success, outsize: 96
FUSE library version: 2.9.9
nullpath_ok: 0
nopath: 0
utime_omit_ok: 0
unique: 2, opcode: INIT (26), nodeid: 0, insize: 56, pid: 0
INIT: 7.34
flags=0x33fffffb
max_readahead=0x00020000
   INIT: 7.19
   flags=0x00000011
   max_readahead=0x00020000
   max_write=0x00001000
   max_background=0
   congestion_threshold=0
   unique: 2, success, outsize: 40
unique: 4, opcode: GETATTR (3), nodeid: 1, insize: 56, pid: 58181
getattr /
   unique: 4, success, outsize: 120
unique: 6, opcode: OPENDIR (27), nodeid: 1, insize: 48, pid: 57345
   unique: 6, success, outsize: 32
unique: 8, opcode: READDIR (28), nodeid: 1, insize: 80, pid: 57345
readdir[0] from 0
   unique: 8, success, outsize: 200
unique: 10, opcode: READDIR (28), nodeid: 1, insize: 80, pid: 57345
   unique: 10, success, outsize: 16
unique: 12, opcode: RELEASEDIR (29), nodeid: 1, insize: 64, pid: 0
   unique: 12, success, outsize: 16
unique: 14, opcode: STATFS (17), nodeid: 1, insize: 40, pid: 57345
statfs /
   unique: 14, success, outsize: 96
FUSE library version: 2.9.9
nullpath_ok: 0
nopath: 0
utime_omit_ok: 0
unique: 2, opcode: INIT (26), nodeid: 0, insize: 56, pid: 0
INIT: 7.34
flags=0x33fffffb
max_readahead=0x00020000
   INIT: 7.19
   flags=0x00000011
   max_readahead=0x00020000
   max_write=0x00001000
   max_background=0
   congestion_threshold=0
   unique: 2, success, outsize: 40
unique: 4, opcode: GETATTR (3), nodeid: 1, insize: 56, pid: 14136
getattr /
   unique: 4, success, outsize: 120
unique: 6, opcode: OPENDIR (27), nodeid: 1, insize: 48, pid: 13624
   unique: 6, success, outsize: 32
unique: 8, opcode: READDIR (28), nodeid: 1, insize: 80, pid: 13624
readdir[0] from 0
   unique: 8, success, outsize: 200
unique: 10, opcode: READDIR (28), nodeid: 1, insize: 80, pid: 13624
   unique: 10, success, outsize: 16
unique: 12, opcode: RELEASEDIR (29), nodeid: 1, insize: 64, pid: 0
   unique: 12, success, outsize: 16
unique: 14, opcode: STATFS (17), nodeid: 1, insize: 40, pid: 13624
statfs /
   unique: 14, success, outsize: 96
FUSE library version: 2.9.9
nullpath_ok: 0
nopath: 0
utime_omit_ok: 0
unique: 2, opcode: INIT (26), nodeid: 0, insize: 56, pid: 0
INIT: 7.34
flags=0x33fffffb
max_readahead=0x00020000
   INIT: 7.19
   flags=0x00000011
   max_readahead=0x00020000
   max_write=0x00001000
   max_background=0
   congestion_threshold=0
   unique: 2, success, outsize: 40
unique: 4, opcode: GETATTR (3), nodeid: 1, insize: 56, pid: 36934
getattr /
   unique: 4, success, outsize: 120
unique: 6, opcode: OPENDIR (27), nodeid: 1, insize: 48, pid: 36145
   unique: 6, success, outsize: 32
unique: 8, opcode: READDIR (28), nodeid: 1, insize: 80, pid: 36145
readdir[0] from 0
   unique: 8, success, outsize: 200
unique: 10, opcode: READDIR (28), nodeid: 1, insize: 80, pid: 36145
   unique: 10, success, outsize: 16
unique: 12, opcode: RELEASEDIR (29), nodeid: 1, insize: 64, pid: 0
   unique: 12, success, outsize: 16
unique: 14, opcode: STATFS (17), nodeid: 1, insize: 40, pid: 36145
statfs /
   unique: 14, success, outsize: 96
FUSE library version: 2.9.9
nullpath_ok: 0
nopath: 0
utime_omit_ok: 0
unique: 2, opcode: INIT (26), nodeid: 0, insize: 56, pid: 0
INIT: 7.34
flags=0x33fffffb
max_readahead=0x00020000
   INIT: 7.19
   flags=0x00000011
   max_readahead=0x00020000
   max_write=0x00001000
   max_background=0
   congestion_threshold=0
   unique: 2, success, outsize: 40
unique: 4, opcode: GETATTR (3), nodeid: 1, insize: 56, pid: 2327
getattr /
   unique: 4, success, outsize: 120
unique: 6, opcode: OPENDIR (27), nodeid: 1, insize: 48, pid: 1824
   unique: 6, success, outsize: 32
unique: 8, opcode: READDIR (28), nodeid: 1, insize: 80, pid: 1824
readdir[0] from 0
   unique: 8, success, outsize: 200
unique: 10, opcode: READDIR (28), nodeid: 1, insize: 80, pid: 1824
   unique: 10, success, outsize: 16
unique: 12, opcode: RELEASEDIR (29), nodeid: 1, insize: 64, pid: 0
   unique: 12, success, outsize: 16
unique: 14, opcode: STATFS (17), nodeid: 1, insize: 40, pid: 1824
statfs /
   unique: 14, success, outsize: 96
FUSE library version: 2.9.9
nullpath_ok: 0
nopath: 0
utime_omit_ok: 0
unique: 2, opcode: INIT (26), nodeid: 0, insize: 56, pid: 0
INIT: 7.34
flags=0x33fffffb
max_readahead=0x00020000
   INIT: 7.19
   flags=0x00000011
   max_readahead=0x00020000
   max_write=0x00001000
   max_background=0
   congestion_threshold=0
   unique: 2, success, outsize: 40
unique: 4, opcode: GETATTR (3), nodeid: 1, insize: 56, pid: 3490
getattr /
   unique: 4, success, outsize: 120
unique: 6, opcode: OPENDIR (27), nodeid: 1, insize: 48, pid: 2994
   unique: 6, success, outsize: 32
unique: 8, opcode: READDIR (28), nodeid: 1, insize: 80, pid: 2994
readdir[0] from 0
   unique: 8, success, outsize: 200
unique: 10, opcode: READDIR (28), nodeid: 1, insize: 80, pid: 2994
   unique: 10, success, outsize: 16
unique: 12, opcode: RELEASEDIR (29), nodeid: 1, insize: 64, pid: 0
   unique: 12, success, outsize: 16
unique: 14, opcode: STATFS (17), nodeid: 1, insize: 40, pid: 2994
statfs /
   unique: 14, success, outsize: 96
