FUSE library version: 2.9.9
nullpath_ok: 0
nopath: 0
utime_omit_ok: 0
unique: 2, opcode: INIT (26), nodeid: 0, insize: 56, pid: 0
INIT: 7.34
flags=0x33fffffb
max_readahead=0x00020000
   INIT: 7.19
   flags=0x00000011
   max_readahead=0x00020000
   max_write=0x00001000
   max_background=0
   congestion_threshold=0
   unique: 2, success, outsize: 40
unique: 4, opcode: GETATTR (3), nodeid: 1, insize: 56, pid: 54040
getattr /
   unique: 4, success, outsize: 120
unique: 6, opcode: OPENDIR (27), nodeid: 1, insize: 48, pid: 53228
   unique: 6, success, outsize: 32
unique: 8, opcode: READDIR (28), nodeid: 1, insize: 80, pid: 53228
readdir[0] from 0
   unique: 8, success, outsize: 200
unique: 10, opcode: READDIR (28), nodeid: 1, insize: 80, pid: 53228
   unique: 10, success, outsize: 16
unique: 12, opcode: RELEASEDIR (29), nodeid: 1, insize: 64, pid: 0
   unique: 12, success, outsize: 16
unique: 14, opcode: STATFS (17), nodeid: 1, insize: 40, pid: 53228
statfs /
   unique: 14, success, outsize: 96
FUSE library version: 2.9.9
nullpath_ok: 0
nopath: 0
utime_omit_ok: 0
unique: 2, opcode: INIT (26), nodeid: 0, insize: 56, pid: 0
INIT: 7.34
flags=0x33fffffb
max_readahead=0x00020000
   INIT: 7.19
   flags=0x00000011
   max_readahead=0x00020000
   max_write=0x00001000
   max_background=0
   congestion_threshold=0
   unique: 2, success, outsize: 40
unique: 4, opcode: GETATTR (3), nodeid: 1, insize: 56, pid: 43315
getattr /
   unique: 4, success, outsize: 120
unique: 6, opcode: OPENDIR (27), nodeid: 1, insize: 48, pid: 42762
   unique: 6, success, outsize: 32
unique: 8, opcode: READDIR (28), nodeid: 1, insize: 80, pid: 42762
readdir[0] from 0
   unique: 8, success, outsize: 200
unique: 10, opcode: READDIR (28), nodeid: 1, insize: 80, pid: 42762
   unique: 10, success, outsize: 16
unique: 12, opcode: RELEASEDIR (29), nodeid: 1, insize: 64, pid: 0
   unique: 12, success, outsize: 16
unique: 14, opcode: STATFS (17), nodeid: 1, insize: 40, pid: 42762
statfs /
   unique: 14, success, outsize: 96
FUSE library version: 2.9.9
nullpath_ok: 0
nopath: 0
utime_omit_ok: 0
unique: 2, opcode: INIT (26), nodeid: 0, insize: 56, pid: 0
INIT: 7.34
flags=0x33fffffb
max_readahead=0x00020000
   INIT: 7.19
   flags=0x00000011
   max_readahead=0x00020000
   max_write=0x00001000
   max_background=0
   congestion_threshold=0
   unique: 2, success, outsize: 40
unique: 4, opcode: GETATTR (3), nodeid: 1, insize: 56, pid: 6420
getattr /
   unique: 4, success, outsize: 120
unique: 6, opcode: OPENDIR (27), nodeid: 1, insize: 48, pid: 5601
   unique: 6, success, outsize: 32
unique: 8, opcode: READDIR (28), nodeid: 1, insize: 80, pid: 5601
readdir[0] from 0
   unique: 8, success, outsize: 200
unique: 10, opcode: READDIR (28), nodeid: 1, insize: 80, pid: 5601
   unique: 10, success, outsize: 16
unique: 12, opcode: RELEASEDIR (29), nodeid: 1, insize: 64, pid: 0
   unique: 12, success, outsize: 16
unique: 14, opcode: STATFS (17), nodeid: 1, insize: 40, pid: 5601
statfs /
   unique: 14, success, outsize: 96
FUSE library version: 2.9.9
nullpath_ok: 0
nopath: 0
utime_omit_ok: 0
unique: 2, opcode: INIT (26), nodeid: 0, insize: 56, pid: 0
INIT: 7.34
flags=0x33fffffb
max_readahead=0x00020000
   INIT: 7.19
   flags=0x00000011
   max_readahead=0x00020000
   max_write=0x00001000
   max_background=0
   congestion_threshold=0
   unique: 2, success, outsize: 40
unique: 4, opcode: GETATTR (3), nodeid: 1, insize: 56, pid: 34543
getattr /
   unique: 4, success, outsize: 120
unique: 6, opcode: OPENDIR (27), nodeid: 1, insize: 48, pid: 33556
   unique: 6, success, outsize: 32
unique: 8, opcode: READDIR (28), nodeid: 1, insize: 80, pid: 33556
readdir[0] from 0
   unique: 8, success, outsize: 200
unique: 10, opcode: READDIR (28), nodeid: 1, insize: 80, pid: 33556
   unique: 10, success, outsize: 16
unique: 12, opcode: RELEASEDIR (29), nodeid: 1, insize: 64, pid: 0
   unique: 12, success, outsize: 16
unique: 14, opcode: STATFS (17), nodeid: 1, insize: 40, pid: 33556
statfs /
   unique: 14, success, outsize: 96
FUSE library version: 2.9.9
nullpath_ok: 0
nopath: 0
utime_omit_ok: 0
unique: 2, opcode: INIT (26), nodeid: 0, insize: 56, pid: 0
INIT: 7.34
flags=0x33fffffb
max_readahead=0x00020000
   INIT: 7.19
   flags=0x00000011
   max_readahead=0x00020000
   max_write=0x00001000
   max_background=0
   congestion_threshold=0
   unique: 2, success, outsize: 40
unique: 4, opcode: GETATTR (3), nodeid: 1, insize: 56, pid: 26150
getattr /
   unique: 4, success, outsize: 120
unique: 6, opcode: OPENDIR (27), nodeid: 1, insize: 48, pid: 25620
   unique: 6, success, outsize: 32
unique: 8, opcode: READDIR (28), nodeid: 1, insize: 80, pid: 25620
readdir[0] from 0
   unique: 8, success, outsize: 200
unique: 10, opcode: READDIR (28), nodeid: 1, insize: 80, pid: 25620
   unique: 10, success, outsize: 16
unique: 12, opcode: RELEASEDIR (29), nodeid: 1, insize: 64, pid: 0
   unique: 12, success, outsize: 16
unique: 14, opcode: STATFS (17), nodeid: 1, insize: 40, pid: 25620
statfs /
   unique: 14, success, outsize: 96
FUSE library version: 2.9.9
nullpath_ok: 0
nopath: 0
utime_omit_ok: 0
unique: 2, opcode: INIT (26), nodeid: 0, insize: 56, pid: 0
INIT: 7.34
flags=0x33fffffb
max_readahead=0x00020000
   INIT: 7.19
   flags=0x00000011
   max_readahead=0x00020000
   max_write=0x00001000
   max_background=0
   congestion_threshold=0
   unique: 2, success, outsize: 40
unique: 4, opcode: GETATTR (3), nodeid: 1, insize: 56, pid: 2807
getattr /
   unique: 4, success, outsize: 120
unique: 6, opcode: OPENDIR (27), nodeid: 1, insize: 48, pid: 1726
   unique: 6, success, outsize: 32
unique: 8, opcode: READDIR (28), nodeid: 1, insize: 80, pid: 1726
readdir[0] from 0
   unique: 8, success, outsize: 200
unique: 10, opcode: READDIR (28), nodeid: 1, insize: 80, pid: 1726
   unique: 10, success, outsize: 16
unique: 12, opcode: RELEASEDIR (29), nodeid: 1, insize: 64, pid: 0
   unique: 12, success, outsize: 16
unique: 14, opcode: STATFS (17), nodeid: 1, insize: 40, pid: 1726
statfs /
   unique: 14, success, outsize: 96
FUSE library version: 2.9.9
nullpath_ok: 0
nopath: 0
utime_omit_ok: 0
unique: 2, opcode: INIT (26), nodeid: 0, insize: 56, pid: 0
INIT: 7.34
flags=0x33fffffb
max_readahead=0x00020000
   INIT: 7.19
   flags=0x00000011
   max_readahead=0x00020000
   max_write=0x00001000
   max_background=0
   congestion_threshold=0
   unique: 2, success, outsize: 40
unique: 4, opcode: GETATTR (3), nodeid: 1, insize: 56, pid: 25425
getattr /
   unique: 4, success, outsize: 120
unique: 6, opcode: OPENDIR (27), nodeid: 1, insize: 48, pid: 24199
   unique: 6, success, outsize: 32
unique: 8, opcode: READDIR (28), nodeid: 1, insize: 80, pid: 24199
readdir[0] from 0
   unique: 8, success, outsize: 200
unique: 10, opcode: READDIR (28), nodeid: 1, insize: 80, pid: 24199
   unique: 10, success, outsize: 16
unique: 12, opcode: RELEASEDIR (29), nodeid: 1, insize: 64, pid: 0
   unique: 12, success, outsize: 16
unique: 14, opcode: STATFS (17), nodeid: 1, insize: 40, pid: 24199
statfs /
   unique: 14, success, outsize: 96
FUSE library version: 2.9.9
nullpath_ok: 0
nopath: 0
utime_omit_ok: 0
unique: 2, opcode: INIT (26), nodeid: 0, insize: 56, pid: 0
INIT: 7.34
flags=0x33fffffb
max_readahead=0x00020000
   INIT: 7.19
   flags=0x00000011
   max_readahead=0x00020000
   max_write=0x00001000
   max_background=0
   congestion_threshold=0
   unique: 2, success, outsize: 40
unique: 4, opcode: GETATTR (3), nodeid: 1, insize: 56, pid: 36159
getattr /
   unique: 4, success, outsize: 120
unique: 6, opcode: OPENDIR (27), nodeid: 1, insize: 48, pid: 35529
   unique: 6, success, outsize: 32
unique: 8, opcode: READDIR (28), nodeid: 1, insize: 80, pid: 35529
readdir[0] from 0
   unique: 8, success, outsize: 200
unique: 10, opcode: READDIR (28), nodeid: 1, insize: 80, pid: 35529
   unique: 10, success, outsize: 16
unique: 12, opcode: RELEASEDIR (29), nodeid: 1, insize: 64, pid: 0
   unique: 12, success, outsize: 16
unique: 14, opcode: STATFS (17), nodeid: 1, insize: 40, pid: 35529
statfs /
   unique: 14, success, outsize: 96
FUSE library version: 2.9.9
nullpath_ok: 0
nopath: 0
utime_omit_ok: 0
unique: 2, opcode: INIT (26), nodeid: 0, insize: 56, pid: 0
INIT: 7.34
flags=0x33fffffb
max_readahead=0x00020000
   INIT: 7.19
   flags=0x00000011
   max_readahead=0x00020000
   max_write=0x00001000
   max_background=0
   congestion_threshold=0
   unique: 2, success, outsize: 40
unique: 4, opcode: GETATTR (3), nodeid: 1, insize: 56, pid: 41788
getattr /
   unique: 4, success, outsize: 120
unique: 6, opcode: OPENDIR (27), nodeid: 1, insize: 48, pid: 40899
   unique: 6, success, outsize: 32
unique: 8, opcode: READDIR (28), nodeid: 1, insize: 80, pid: 40899
readdir[0] from 0
   unique: 8, success, outsize: 200
unique: 10, opcode: READDIR (28), nodeid: 1, insize: 80, pid: 40899
   unique: 10, success, outsize: 16
unique: 12, opcode: RELEASEDIR (29), nodeid: 1, insize: 64, pid: 0
   unique: 12, success, outsize: 16
unique: 14, opcode: STATFS (17), nodeid: 1, insize: 40, pid: 40899
statfs /
   unique: 14, success, outsize: 96
FUSE library version: 2.9.9
nullpath_ok: 0
nopath: 0
utime_omit_ok: 0
unique: 2, opcode: INIT (26), nodeid: 0, insize: 56, pid: 0
INIT: 7.34
flags=0x33fffffb
max_readahead=0x00020000
   INIT: 7.19
   flags=0x00000011
   max_readahead=0x00020000
   max_write=0x00001000
   max_background=0
   congestion_threshold=0
   unique: 2, success, outsize: 40
unique: 4, opcode: GETATTR (3), nodeid: 1, insize: 56, pid: 50350
getattr /
   unique: 4, success, outsize: 120
unique: 6, opcode: OPENDIR (27), nodeid: 1, insize: 48, pid: 49785
   unique: 6, success, outsize: 32
unique: 8, opcode: READDIR (28), nodeid: 1, insize: 80, pid: 49785
readdir[0] from 0
   unique: 8, success, outsize: 200
unique: 10, opcode: READDIR (28), nodeid: 1, insize: 80, pid: 49785
   unique: 10, success, outsize: 16
unique: 12, opcode: RELEASEDIR (29), nodeid: 1, insize: 64, pid: 0
   unique: 12, success, outsize: 16
unique: 14, opcode: STATFS (17), nodeid: 1, insize: 40, pid: 49785
statfs /
   unique: 14, success, outsize: 96
FUSE library version: 2.9.9
nullpath_ok: 0
nopath: 0
utime_omit_ok: 0
unique: 2, opcode: INIT (26), nodeid: 0, insize: 56, pid: 0
INIT: 7.34
flags=0x33fffffb
max_readahead=0x00020000
   INIT: 7.19
   flags=0x00000011
   max_readahead=0x00020000
   max_write=0x00001000
   max_background=0
   congestion_threshold=0
   unique: 2, success, outsize: 40
unique: 4, opcode: GETATTR (3), nodeid: 1, insize: 56, pid: 54106
getattr /
   unique: 4, success, outsize: 120
unique: 6, opcode: OPENDIR (27), nodeid: 1, insize: 48, pid: 53528
   unique: 6, success, outsize: 32
unique: 8, opcode: READDIR (28), nodeid: 1, insize: 80, pid: 53528
readdir[0] from 0
   unique: 8, success, outsize: 200
unique: 10, opcode: READDIR (28), nodeid: 1, insize: 80, pid: 53528
   unique: 10, success, outsize: 16
unique: 12, opcode: RELEASEDIR (29), nodeid: 1, insize: 64, pid: 0
   unique: 12, success, outsize: 16
unique: 14, opcode: STATFS (17), nodeid: 1, insize: 40, pid: 53528
statfs /
   unique: 14, success, outsize: 96
FUSE library version: 2.9.9
nullpath_ok: 0
nopath: 0
utime_omit_ok: 0
unique: 2, opcode: INIT (26), nodeid: 0, insize: 56, pid: 0
INIT: 7.34
flags=0x33fffffb
max_readahead=0x00020000
   INIT: 7.19
   flags=0x00000011
   max_readahead=0x00020000
   max_write=0x00001000
   max_background=0
   congestion_threshold=0
   unique: 2, success, outsize: 40
unique: 4, opcode: GETATTR (3), nodeid: 1, insize: 56, pid: 64146
getattr /
   unique: 4, success, outsize: 120
unique: 6, opcode: OPENDIR (27), nodeid: 1, insize: 48, pid: 63576
   unique: 6, success, outsize: 32
unique: 8, opcode: READDIR (28), nodeid: 1, insize: 80, pid: 63576
readdir[0] from 0
   unique: 8, success, outsize: 200
unique: 10, opcode: READDIR (28), nodeid: 1, insize: 80, pid: 63576
   unique: 10, success, outsize: 16
unique: 12, opcode: RELEASEDIR (29), nodeid: 1, insize: 64, pid: 0
   unique: 12, success, outsize: 16
unique: 14, opcode: STATFS (17), nodeid: 1, insize: 40, pid: 63576
statfs /
   unique: 14, success, outsize: 96
FUSE library version: 2.9.9
nullpath_ok: 0
nopath: 0
utime_omit_ok: 0
unique: 2, opcode: INIT (26), nodeid: 0, insize: 56, pid: 0
INIT: 7.34
flags=0x33fffffb
max_readahead=0x00020000
   INIT: 7.19
   flags=0x00000011
   max_readahead=0x00020000
   max_write=0x00001000
   max_background=0
   congestion_threshold=0
   unique: 2, success, outsize: 40
unique: 4, opcode: GETATTR (3), nodeid: 1, insize: 56, pid: 33550
getattr /
   unique: 4, success, outsize: 120
unique: 6, opcode: OPENDIR (27), nodeid: 1, insize: 48, pid: 31951
   unique: 6, success, outsize: 32
unique: 8, opcode: READDIR (28), nodeid: 1, insize: 80, pid: 31951
readdir[0] from 0
   unique: 8, success, outsize: 200
unique: 10, opcode: READDIR (28), nodeid: 1, insize: 80, pid: 31951
   unique: 10, success, outsize: 16
unique: 12, opcode: RELEASEDIR (29), nodeid: 1, insize: 64, pid: 0
   unique: 12, success, outsize: 16
unique: 14, opcode: STATFS (17), nodeid: 1, insize: 40, pid: 31951
statfs /
   unique: 14, success, outsize: 96
FUSE library version: 2.9.9
nullpath_ok: 0
nopath: 0
utime_omit_ok: 0
unique: 2, opcode: INIT (26), nodeid: 0, insize: 56, pid: 0
INIT: 7.34
flags=0x33fffffb
max_readahead=0x00020000
   INIT: 7.19
   flags=0x00000011
   max_readahead=0x00020000
   max_write=0x00001000
   max_background=0
   congestion_threshold=0
   unique: 2, success, outsize: 40
unique: 4, opcode: GETATTR (3), nodeid: 1, insize: 56, pid: 32024
getattr /
   unique: 4, success, outsize: 120
unique: 6, opcode: OPENDIR (27), nodeid: 1, insize: 48, pid: 31357
   unique: 6, success, outsize: 32
unique: 8, opcode: READDIR (28), nodeid: 1, insize: 80, pid: 31357
readdir[0] from 0
   unique: 8, success, outsize: 200
unique: 10, opcode: READDIR (28), nodeid: 1, insize: 80, pid: 31357
   unique: 10, success, outsize: 16
unique: 12, opcode: RELEASEDIR (29), nodeid: 1, insize: 64, pid: 0
   unique: 12, success, outsize: 16
unique: 14, opcode: STATFS (17), nodeid: 1, insize: 40, pid: 31357
statfs /
   unique: 14, success, outsize: 96
FUSE library version: 2.9.9
nullpath_ok: 0
nopath: 0
utime_omit_ok: 0
unique: 2, opcode: INIT (26), nodeid: 0, insize: 56, pid: 0
INIT: 7.34
flags=0x33fffffb
max_readahead=0x00020000
   INIT: 7.19
   flags=0x00000011
   max_readahead=0x00020000
   max_write=0x00001000
   max_background=0
   congestion_threshold=0
   unique: 2, success, outsize: 40
unique: 4, opcode: GETATTR (3), nodeid: 1, insize: 56, pid: 30877
getattr /
   unique: 4, success, outsize: 120
unique: 6, opcode: OPENDIR (27), nodeid: 1, insize: 48, pid: 30261
   unique: 6, success, outsize: 32
unique: 8, opcode: READDIR (28), nodeid: 1, insize: 80, pid: 30261
readdir[0] from 0
   unique: 8, success, outsize: 200
unique: 10, opcode: READDIR (28), nodeid: 1, insize: 80, pid: 30261
   unique: 10, success, outsize: 16
unique: 12, opcode: RELEASEDIR (29), nodeid: 1, insize: 64, pid: 0
   unique: 12, success, outsize: 16
unique: 14, opcode: STATFS (17), nodeid: 1, insize: 40, pid: 30261
statfs /
   unique: 14, success, outsize: 96
FUSE library version: 2.9.9
nullpath_ok: 0
nopath: 0
utime_omit_ok: 0
unique: 2, opcode: INIT (26), nodeid: 0, insize: 56, pid: 0
INIT: 7.34
flags=0x33fffffb
max_readahead=0x00020000
   INIT: 7.19
   flags=0x00000011
   max_readahead=0x00020000
   max_write=0x00001000
   max_background=0
   congestion_threshold=0
   unique: 2, success, outsize: 40
unique: 4, opcode: GETATTR (3), nodeid: 1, insize: 56, pid: 60127
getattr /
   unique: 4, success, outsize: 120
unique: 6, opcode: OPENDIR (27), nodeid: 1, insize: 48, pid: 59312
   unique: 6, success, outsize: 32
unique: 8, opcode: READDIR (28), nodeid: 1, insize: 80, pid: 59312
readdir[0] from 0
   unique: 8, success, outsize: 200
unique: 10, opcode: READDIR (28), nodeid: 1, insize: 80, pid: 59312
   unique: 10, success, outsize: 16
unique: 12, opcode: RELEASEDIR (29), nodeid: 1, insize: 64, pid: 0
   unique: 12, success, outsize: 16
unique: 14, opcode: STATFS (17), nodeid: 1, insize: 40, pid: 59312
statfs /
   unique: 14, success, outsize: 96
FUSE library version: 2.9.9
nullpath_ok: 0
nopath: 0
utime_omit_ok: 0
unique: 2, opcode: INIT (26), nodeid: 0, insize: 56, pid: 0
INIT: 7.34
flags=0x33fffffb
max_readahead=0x00020000
   INIT: 7.19
   flags=0x00000011
   max_readahead=0x00020000
   max_write=0x00001000
   max_background=0
   congestion_threshold=0
   unique: 2, success, outsize: 40
unique: 4, opcode: GETATTR (3), nodeid: 1, insize: 56, pid: 21843
getattr /
   unique: 4, success, outsize: 120
unique: 6, opcode: OPENDIR (27), nodeid: 1, insize: 48, pid: 20962
   unique: 6, success, outsize: 32
unique: 8, opcode: READDIR (28), nodeid: 1, insize: 80, pid: 20962
readdir[0] from 0
   unique: 8, success, outsize: 200
unique: 10, opcode: READDIR (28), nodeid: 1, insize: 80, pid: 20962
   unique: 10, success, outsize: 16
unique: 12, opcode: RELEASEDIR (29), nodeid: 1, insize: 64, pid: 0
   unique: 12, success, outsize: 16
unique: 14, opcode: STATFS (17), nodeid: 1, insize: 40, pid: 20962
statfs /
   unique: 14, success, outsize: 96
FUSE library version: 2.9.9
nullpath_ok: 0
nopath: 0
utime_omit_ok: 0
unique: 2, opcode: INIT (26), nodeid: 0, insize: 56, pid: 0
INIT: 7.34
flags=0x33fffffb
max_readahead=0x00020000
   INIT: 7.19
   flags=0x00000011
   max_readahead=0x00020000
   max_write=0x00001000
   max_background=0
   congestion_threshold=0
   unique: 2, success, outsize: 40
unique: 4, opcode: GETATTR (3), nodeid: 1, insize: 56, pid: 31584
getattr /
   unique: 4, success, outsize: 120
unique: 6, opcode: OPENDIR (27), nodeid: 1, insize: 48, pid: 30711
   unique: 6, success, outsize: 32
unique: 8, opcode: READDIR (28), nodeid: 1, insize: 80, pid: 30711
readdir[0] from 0
   unique: 8, success, outsize: 240
unique: 10, opcode: READDIR (28), nodeid: 1, insize: 80, pid: 30711
   unique: 10, success, outsize: 16
unique: 12, opcode: RELEASEDIR (29), nodeid: 1, insize: 64, pid: 0
   unique: 12, success, outsize: 16
unique: 14, opcode: STATFS (17), nodeid: 1, insize: 40, pid: 30711
statfs /
   unique: 14, success, outsize: 96
FUSE library version: 2.9.9
nullpath_ok: 0
nopath: 0
utime_omit_ok: 0
unique: 2, opcode: INIT (26), nodeid: 0, insize: 56, pid: 0
INIT: 7.34
flags=0x33fffffb
max_readahead=0x00020000
   INIT: 7.19
   flags=0x00000011
   max_readahead=0x00020000
   max_write=0x00001000
   max_background=0
   congestion_threshold=0
   unique: 2, success, outsize: 40
unique: 4, opcode: GETATTR (3), nodeid: 1, insize: 56, pid: 34880
getattr /
   unique: 4, success, outsize: 120
unique: 6, opcode: OPENDIR (27), nodeid: 1, insize: 48, pid: 33447
   unique: 6, success, outsize: 32
unique: 8, opcode: READDIR (28), nodeid: 1, insize: 80, pid: 33447
readdir[0] from 0
   unique: 8, success, outsize: 200
unique: 10, opcode: READDIR (28), nodeid: 1, insize: 80, pid: 33447
   unique: 10, success, outsize: 16
unique: 12, opcode: RELEASEDIR (29), nodeid: 1, insize: 64, pid: 0
   unique: 12, success, outsize: 16
unique: 14, opcode: STATFS (17), nodeid: 1, insize: 40, pid: 33447
statfs /
   unique: 14, success, outsize: 96
FUSE library version: 2.9.9
nullpath_ok: 0
nopath: 0
utime_omit_ok: 0
unique: 2, opcode: INIT (26), nodeid: 0, insize: 56, pid: 0
INIT: 7.34
flags=0x33fffffb
max_readahead=0x00020000
   INIT: 7.19
   flags=0x00000011
   max_readahead=0x00020000
   max_write=0x00001000
   max_background=0
   congestion_threshold=0
   unique: 2, success, outsize: 40
unique: 4, opcode: GETATTR (3), nodeid: 1, insize: 56, pid: 13017
getattr /
   unique: 4, success, outsize: 120
unique: 6, opcode: OPENDIR (27), nodeid: 1, insize: 48, pid: 12081
   unique: 6, success, outsize: 32
unique: 8, opcode: READDIR (28), nodeid: 1, insize: 80, pid: 12081
readdir[0] from 0
   unique: 8, success, outsize: 200
unique: 10, opcode: READDIR (28), nodeid: 1, insize: 80, pid: 12081
   unique: 10, success, outsize: 16
unique: 12, opcode: RELEASEDIR (29), nodeid: 1, insize: 64, pid: 0
   unique: 12, success, outsize: 16
unique: 14, opcode: STATFS (17), nodeid: 1, insize: 40, pid: 12081
statfs /
   unique: 14, success, outsize: 96
FUSE library version: 2.9.9
nullpath_ok: 0
nopath: 0
utime_omit_ok: 0
unique: 2, opcode: INIT (26), nodeid: 0, insize: 56, pid: 0
INIT: 7.34
flags=0x33fffffb
max_readahead=0x00020000
   INIT: 7.19
   flags=0x00000011
   max_readahead=0x00020000
   max_write=0x00001000
   max_background=0
   congestion_threshold=0
   unique: 2, success, outsize: 40
unique: 4, opcode: GETATTR (3), nodeid: 1, insize: 56, pid: 12542
getattr /
   unique: 4, success, outsize: 120
unique: 6, opcode: OPENDIR (27), nodeid: 1, insize: 48, pid: 11887
   unique: 6, success, outsize: 32
unique: 8, opcode: READDIR (28), nodeid: 1, insize: 80, pid: 11887
readdir[0] from 0
   unique: 8, success, outsize: 200
unique: 10, opcode: READDIR (28), nodeid: 1, insize: 80, pid: 11887
   unique: 10, success, outsize: 16
unique: 12, opcode: RELEASEDIR (29), nodeid: 1, insize: 64, pid: 0
   unique: 12, success, outsize: 16
unique: 14, opcode: STATFS (17), nodeid: 1, insize: 40, pid: 11887
statfs /
   unique: 14, success, outsize: 96
